-- The C compiler identification is GNU 11.4.0
-- The CXX compiler identification is GNU 11.4.0
-- Detecting C compiler ABI info
-- Detecting C compiler ABI info - done
-- Check for working C compiler: /usr/bin/cc - skipped
-- Detecting C compile features
-- Detecting C compile features - done
-- Detecting CXX compiler ABI info
-- Detecting CXX compiler ABI info - done
-- Check for working CXX compiler: /usr/bin/c++ - skipped
-- Detecting CXX compile features
-- Detecting CXX compile features - done
-- Found ament_cmake: 1.3.9 (/opt/ros/humble/share/ament_cmake/cmake)
-- Found Python3: /usr/bin/python3 (found version "3.10.12") found components: Interpreter 
-- Found rosidl_default_generators: 1.2.0 (/opt/ros/humble/share/rosidl_default_generators/cmake)
-- Using all available rosidl_typesupport_c: rosidl_typesupport_fastrtps_c;rosidl_typesupport_introspection_c
-- Found rosidl_adapter: 3.1.5 (/opt/ros/humble/share/rosidl_adapter/cmake)
-- Using all available rosidl_typesupport_cpp: rosidl_typesupport_fastrtps_cpp;rosidl_typesupport_introspection_cpp
-- Found ament_cmake_ros: 0.10.0 (/opt/ros/humble/share/ament_cmake_ros/cmake)
-- Using all available rosidl_typesupport_c: rosidl_typesupport_fastrtps_c;rosidl_typesupport_introspection_c
-- Using all available rosidl_typesupport_cpp: rosidl_typesupport_fastrtps_cpp;rosidl_typesupport_introspection_cpp
-- Found PythonInterp: /usr/bin/python3 (found suitable version "3.10.12", minimum required is "3.6") 
-- Found python_cmake_module: 0.10.0 (/opt/ros/humble/share/python_cmake_module/cmake)
-- Found PythonLibs: /usr/lib/x86_64-linux-gnu/libpython3.10.so (found suitable version "3.10.12", minimum required is "3.5") 
-- Using PYTHON_EXECUTABLE: /usr/bin/python3
-- Using PYTHON_INCLUDE_DIRS: /usr/include/python3.10
-- Using PYTHON_LIBRARIES: /usr/lib/x86_64-linux-gnu/libpython3.10.so
-- Found PythonExtra: .so  
-- Found ament_lint_auto: 0.12.11 (/opt/ros/humble/share/ament_lint_auto/cmake)
-- Added test 'lint_cmake' to check CMake code style
-- Added test 'xmllint' to check XML markup files
-- Configuring done
-- Generating done
-- Build files have been written to: /home/zzq/Desktop/ros2_ws/build/srv_msg_creating
[  2%] [34m[1mGenerating C code for ROS interfaces[0m
[  4%] [34m[1mGenerating C++ code for ROS interfaces[0m
[  4%] Built target ament_cmake_python_copy_srv_msg_creating
running egg_info
creating srv_msg_creating.egg-info
writing srv_msg_creating.egg-info/PKG-INFO
writing dependency_links to srv_msg_creating.egg-info/dependency_links.txt
writing top-level names to srv_msg_creating.egg-info/top_level.txt
writing manifest file 'srv_msg_creating.egg-info/SOURCES.txt'
reading manifest file 'srv_msg_creating.egg-info/SOURCES.txt'
writing manifest file 'srv_msg_creating.egg-info/SOURCES.txt'
[  4%] Built target ament_cmake_python_build_srv_msg_creating_egg
[  4%] Built target srv_msg_creating__cpp
[  8%] [34m[1mGenerating C++ type support dispatch for ROS interfaces[0m
[ 10%] [32mBuilding C object CMakeFiles/srv_msg_creating__rosidl_generator_c.dir/rosidl_generator_c/srv_msg_creating/msg/detail/num__functions.c.o[0m
[ 10%] [32mBuilding C object CMakeFiles/srv_msg_creating__rosidl_generator_c.dir/rosidl_generator_c/srv_msg_creating/srv/detail/add_three_ints__functions.c.o[0m
[ 12%] [34m[1mGenerating C++ type support for eProsima Fast-RTPS[0m
[ 14%] [32mBuilding C object CMakeFiles/srv_msg_creating__rosidl_generator_c.dir/rosidl_generator_c/srv_msg_creating/action/detail/move_circle__functions.c.o[0m
[ 17%] [34m[1mGenerating C++ introspection for ROS interfaces[0m
[ 19%] [32m[1mLinking C shared library libsrv_msg_creating__rosidl_generator_c.so[0m
[ 19%] Built target srv_msg_creating__rosidl_generator_c
[ 21%] [34m[1mGenerating C introspection for ROS interfaces[0m
[ 23%] [34m[1mGenerating C type support dispatch for ROS interfaces[0m
[ 25%] [34m[1mGenerating C type support for eProsima Fast-RTPS[0m
[ 27%] [32mBuilding CXX object CMakeFiles/srv_msg_creating__rosidl_typesupport_cpp.dir/rosidl_typesupport_cpp/srv_msg_creating/msg/num__type_support.cpp.o[0m
[ 29%] [32mBuilding CXX object CMakeFiles/srv_msg_creating__rosidl_typesupport_cpp.dir/rosidl_typesupport_cpp/srv_msg_creating/srv/add_three_ints__type_support.cpp.o[0m
[ 31%] [32mBuilding CXX object CMakeFiles/srv_msg_creating__rosidl_typesupport_cpp.dir/rosidl_typesupport_cpp/srv_msg_creating/action/move_circle__type_support.cpp.o[0m
[ 36%] [32mBuilding CXX object CMakeFiles/srv_msg_creating__rosidl_typesupport_introspection_cpp.dir/rosidl_typesupport_introspection_cpp/srv_msg_creating/action/detail/move_circle__type_support.cpp.o[0m
[ 36%] [32mBuilding CXX object CMakeFiles/srv_msg_creating__rosidl_typesupport_introspection_cpp.dir/rosidl_typesupport_introspection_cpp/srv_msg_creating/srv/detail/add_three_ints__type_support.cpp.o[0m
[ 38%] [32mBuilding CXX object CMakeFiles/srv_msg_creating__rosidl_typesupport_introspection_cpp.dir/rosidl_typesupport_introspection_cpp/srv_msg_creating/msg/detail/num__type_support.cpp.o[0m
[ 40%] [32mBuilding CXX object CMakeFiles/srv_msg_creating__rosidl_typesupport_fastrtps_cpp.dir/rosidl_typesupport_fastrtps_cpp/srv_msg_creating/msg/detail/dds_fastrtps/num__type_support.cpp.o[0m
[ 44%] [32mBuilding CXX object CMakeFiles/srv_msg_creating__rosidl_typesupport_fastrtps_cpp.dir/rosidl_typesupport_fastrtps_cpp/srv_msg_creating/srv/detail/dds_fastrtps/add_three_ints__type_support.cpp.o[0m
[ 44%] [32mBuilding CXX object CMakeFiles/srv_msg_creating__rosidl_typesupport_fastrtps_cpp.dir/rosidl_typesupport_fastrtps_cpp/srv_msg_creating/action/detail/dds_fastrtps/move_circle__type_support.cpp.o[0m
[ 46%] [32mBuilding CXX object CMakeFiles/srv_msg_creating__rosidl_typesupport_c.dir/rosidl_typesupport_c/srv_msg_creating/action/move_circle__type_support.cpp.o[0m
[ 51%] [32mBuilding CXX object CMakeFiles/srv_msg_creating__rosidl_typesupport_c.dir/rosidl_typesupport_c/srv_msg_creating/msg/num__type_support.cpp.o[0m
[ 51%] [32mBuilding CXX object CMakeFiles/srv_msg_creating__rosidl_typesupport_c.dir/rosidl_typesupport_c/srv_msg_creating/srv/add_three_ints__type_support.cpp.o[0m
[ 55%] [32mBuilding C object CMakeFiles/srv_msg_creating__rosidl_typesupport_introspection_c.dir/rosidl_typesupport_introspection_c/srv_msg_creating/msg/detail/num__type_support.c.o[0m
[ 57%] [32mBuilding C object CMakeFiles/srv_msg_creating__rosidl_typesupport_introspection_c.dir/rosidl_typesupport_introspection_c/srv_msg_creating/srv/detail/add_three_ints__type_support.c.o[0m
[ 57%] [32mBuilding C object CMakeFiles/srv_msg_creating__rosidl_typesupport_introspection_c.dir/rosidl_typesupport_introspection_c/srv_msg_creating/action/detail/move_circle__type_support.c.o[0m
[ 59%] [32m[1mLinking CXX shared library libsrv_msg_creating__rosidl_typesupport_c.so[0m
[ 63%] [32mBuilding CXX object CMakeFiles/srv_msg_creating__rosidl_typesupport_fastrtps_c.dir/rosidl_typesupport_fastrtps_c/srv_msg_creating/srv/detail/add_three_ints__type_support_c.cpp.o[0m
[ 63%] [32mBuilding CXX object CMakeFiles/srv_msg_creating__rosidl_typesupport_fastrtps_c.dir/rosidl_typesupport_fastrtps_c/srv_msg_creating/msg/detail/num__type_support_c.cpp.o[0m
[ 65%] [32mBuilding CXX object CMakeFiles/srv_msg_creating__rosidl_typesupport_fastrtps_c.dir/rosidl_typesupport_fastrtps_c/srv_msg_creating/action/detail/move_circle__type_support_c.cpp.o[0m
[ 68%] [32m[1mLinking C shared library libsrv_msg_creating__rosidl_typesupport_introspection_c.so[0m
[ 68%] Built target srv_msg_creating__rosidl_typesupport_c
[ 68%] Built target srv_msg_creating__rosidl_typesupport_introspection_c
[ 70%] [32m[1mLinking CXX shared library libsrv_msg_creating__rosidl_typesupport_cpp.so[0m
[ 70%] Built target srv_msg_creating__rosidl_typesupport_cpp
[ 72%] [32m[1mLinking CXX shared library libsrv_msg_creating__rosidl_typesupport_introspection_cpp.so[0m
[ 72%] Built target srv_msg_creating__rosidl_typesupport_introspection_cpp
[ 74%] [32m[1mLinking CXX shared library libsrv_msg_creating__rosidl_typesupport_fastrtps_c.so[0m
[ 74%] Built target srv_msg_creating__rosidl_typesupport_fastrtps_c
[ 76%] [32m[1mLinking CXX shared library libsrv_msg_creating__rosidl_typesupport_fastrtps_cpp.so[0m
[ 76%] Built target srv_msg_creating__rosidl_typesupport_fastrtps_cpp
[ 76%] Built target srv_msg_creating
[ 78%] [34m[1mGenerating Python code for ROS interfaces[0m
[ 78%] Built target srv_msg_creating__py
[ 80%] [32mBuilding C object CMakeFiles/srv_msg_creating__rosidl_generator_py.dir/rosidl_generator_py/srv_msg_creating/msg/_num_s.c.o[0m
[ 82%] [32mBuilding C object CMakeFiles/srv_msg_creating__rosidl_generator_py.dir/rosidl_generator_py/srv_msg_creating/srv/_add_three_ints_s.c.o[0m
[ 85%] [32mBuilding C object CMakeFiles/srv_msg_creating__rosidl_generator_py.dir/rosidl_generator_py/srv_msg_creating/action/_move_circle_s.c.o[0m
[ 87%] [32m[1mLinking C shared library rosidl_generator_py/srv_msg_creating/libsrv_msg_creating__rosidl_generator_py.so[0m
[ 87%] Built target srv_msg_creating__rosidl_generator_py
[ 89%] [32mBuilding C object CMakeFiles/srv_msg_creating__rosidl_typesupport_fastrtps_c__pyext.dir/rosidl_generator_py/srv_msg_creating/_srv_msg_creating_s.ep.rosidl_typesupport_fastrtps_c.c.o[0m
[ 93%] [32mBuilding C object CMakeFiles/srv_msg_creating__rosidl_typesupport_introspection_c__pyext.dir/rosidl_generator_py/srv_msg_creating/_srv_msg_creating_s.ep.rosidl_typesupport_introspection_c.c.o[0m
[ 93%] [32mBuilding C object CMakeFiles/srv_msg_creating__rosidl_typesupport_c__pyext.dir/rosidl_generator_py/srv_msg_creating/_srv_msg_creating_s.ep.rosidl_typesupport_c.c.o[0m
[ 97%] [32m[1mLinking C shared library rosidl_generator_py/srv_msg_creating/srv_msg_creating_s__rosidl_typesupport_introspection_c.cpython-310-x86_64-linux-gnu.so[0m
[ 97%] [32m[1mLinking C shared library rosidl_generator_py/srv_msg_creating/srv_msg_creating_s__rosidl_typesupport_fastrtps_c.cpython-310-x86_64-linux-gnu.so[0m
[100%] [32m[1mLinking C shared library rosidl_generator_py/srv_msg_creating/srv_msg_creating_s__rosidl_typesupport_c.cpython-310-x86_64-linux-gnu.so[0m
[100%] Built target srv_msg_creating__rosidl_typesupport_fastrtps_c__pyext
[100%] Built target srv_msg_creating__rosidl_typesupport_introspection_c__pyext
[100%] Built target srv_msg_creating__rosidl_typesupport_c__pyext
