[0.717s] Invoking command in '/home/zzq/Desktop/ros2_ws/build/srv_msg_creating': CMAKE_PREFIX_PATH=${CMAKE_PREFIX_PATH}:/home/zzq/Desktop/ros2_ws/install/srv_msg_creating_py:/home/zzq/Desktop/ros2_ws/install/service_client_py:/home/zzq/Desktop/ros2_ws/install/beitong_joy:/home/zzq/Desktop/ros2_ws/install/beginner_py:/home/zzq/Desktop/ros2_ws/install/HTW_imu:/home/zzq/Desktop/ros2_ws/install/Action_turtle:/home/zzq/Desktop/GYH_ws/install/learning_urdf:/home/zzq/Desktop/GYH_ws/install/learning_topic:/home/zzq/Desktop/GYH_ws/install/learning_tf:/home/zzq/Desktop/GYH_ws/install/learning_service:/home/zzq/Desktop/GYH_ws/install/learning_qos:/home/zzq/Desktop/GYH_ws/install/learning_pkg_python:/home/zzq/Desktop/GYH_ws/install/learning_parameter:/home/zzq/Desktop/GYH_ws/install/learning_node:/home/zzq/Desktop/GYH_ws/install/learning_launch:/home/zzq/Desktop/GYH_ws/install/learning_action:/home/zzq/Desktop/GYH_ws/install/learning_gazebo:/home/zzq/Desktop/GYH_ws/install/learning_cv:/opt/ros/humble /usr/bin/cmake /home/zzq/Desktop/ros2_ws/src/srv_msg_creating -DCMAKE_INSTALL_PREFIX=/home/zzq/Desktop/ros2_ws/install/srv_msg_creating
[0.760s] -- The C compiler identification is GNU 11.4.0
[0.794s] -- The CXX compiler identification is GNU 11.4.0
[0.799s] -- Detecting C compiler ABI info
[0.839s] -- Detecting C compiler ABI info - done
[0.844s] -- Check for working C compiler: /usr/bin/cc - skipped
[0.844s] -- Detecting C compile features
[0.844s] -- Detecting C compile features - done
[0.846s] -- Detecting CXX compiler ABI info
[0.890s] -- Detecting CXX compiler ABI info - done
[0.894s] -- Check for working CXX compiler: /usr/bin/c++ - skipped
[0.894s] -- Detecting CXX compile features
[0.894s] -- Detecting CXX compile features - done
[0.898s] -- Found ament_cmake: 1.3.9 (/opt/ros/humble/share/ament_cmake/cmake)
[1.004s] -- Found Python3: /usr/bin/python3 (found version "3.10.12") found components: Interpreter 
[1.077s] -- Found rosidl_default_generators: 1.2.0 (/opt/ros/humble/share/rosidl_default_generators/cmake)
[1.081s] -- Using all available rosidl_typesupport_c: rosidl_typesupport_fastrtps_c;rosidl_typesupport_introspection_c
[1.088s] -- Found rosidl_adapter: 3.1.5 (/opt/ros/humble/share/rosidl_adapter/cmake)
[1.123s] -- Using all available rosidl_typesupport_cpp: rosidl_typesupport_fastrtps_cpp;rosidl_typesupport_introspection_cpp
[1.355s] -- Found ament_cmake_ros: 0.10.0 (/opt/ros/humble/share/ament_cmake_ros/cmake)
[1.468s] -- Using all available rosidl_typesupport_c: rosidl_typesupport_fastrtps_c;rosidl_typesupport_introspection_c
[1.619s] -- Using all available rosidl_typesupport_cpp: rosidl_typesupport_fastrtps_cpp;rosidl_typesupport_introspection_cpp
[1.634s] -- Found PythonInterp: /usr/bin/python3 (found suitable version "3.10.12", minimum required is "3.6") 
[1.636s] -- Found python_cmake_module: 0.10.0 (/opt/ros/humble/share/python_cmake_module/cmake)
[1.652s] -- Found PythonLibs: /usr/lib/x86_64-linux-gnu/libpython3.10.so (found suitable version "3.10.12", minimum required is "3.5") 
[1.652s] -- Using PYTHON_EXECUTABLE: /usr/bin/python3
[1.652s] -- Using PYTHON_INCLUDE_DIRS: /usr/include/python3.10
[1.652s] -- Using PYTHON_LIBRARIES: /usr/lib/x86_64-linux-gnu/libpython3.10.so
[1.665s] -- Found PythonExtra: .so  
[1.697s] -- Found ament_lint_auto: 0.12.11 (/opt/ros/humble/share/ament_lint_auto/cmake)
[1.712s] -- Added test 'lint_cmake' to check CMake code style
[1.713s] -- Added test 'xmllint' to check XML markup files
[1.714s] -- Configuring done
[1.729s] -- Generating done
[1.730s] -- Build files have been written to: /home/zzq/Desktop/ros2_ws/build/srv_msg_creating
[1.734s] Invoked command in '/home/zzq/Desktop/ros2_ws/build/srv_msg_creating' returned '0': CMAKE_PREFIX_PATH=${CMAKE_PREFIX_PATH}:/home/zzq/Desktop/ros2_ws/install/srv_msg_creating_py:/home/zzq/Desktop/ros2_ws/install/service_client_py:/home/zzq/Desktop/ros2_ws/install/beitong_joy:/home/zzq/Desktop/ros2_ws/install/beginner_py:/home/zzq/Desktop/ros2_ws/install/HTW_imu:/home/zzq/Desktop/ros2_ws/install/Action_turtle:/home/zzq/Desktop/GYH_ws/install/learning_urdf:/home/zzq/Desktop/GYH_ws/install/learning_topic:/home/zzq/Desktop/GYH_ws/install/learning_tf:/home/zzq/Desktop/GYH_ws/install/learning_service:/home/zzq/Desktop/GYH_ws/install/learning_qos:/home/zzq/Desktop/GYH_ws/install/learning_pkg_python:/home/zzq/Desktop/GYH_ws/install/learning_parameter:/home/zzq/Desktop/GYH_ws/install/learning_node:/home/zzq/Desktop/GYH_ws/install/learning_launch:/home/zzq/Desktop/GYH_ws/install/learning_action:/home/zzq/Desktop/GYH_ws/install/learning_gazebo:/home/zzq/Desktop/GYH_ws/install/learning_cv:/opt/ros/humble /usr/bin/cmake /home/zzq/Desktop/ros2_ws/src/srv_msg_creating -DCMAKE_INSTALL_PREFIX=/home/zzq/Desktop/ros2_ws/install/srv_msg_creating
[1.735s] Invoking command in '/home/zzq/Desktop/ros2_ws/build/srv_msg_creating': CMAKE_PREFIX_PATH=${CMAKE_PREFIX_PATH}:/home/zzq/Desktop/ros2_ws/install/srv_msg_creating_py:/home/zzq/Desktop/ros2_ws/install/service_client_py:/home/zzq/Desktop/ros2_ws/install/beitong_joy:/home/zzq/Desktop/ros2_ws/install/beginner_py:/home/zzq/Desktop/ros2_ws/install/HTW_imu:/home/zzq/Desktop/ros2_ws/install/Action_turtle:/home/zzq/Desktop/GYH_ws/install/learning_urdf:/home/zzq/Desktop/GYH_ws/install/learning_topic:/home/zzq/Desktop/GYH_ws/install/learning_tf:/home/zzq/Desktop/GYH_ws/install/learning_service:/home/zzq/Desktop/GYH_ws/install/learning_qos:/home/zzq/Desktop/GYH_ws/install/learning_pkg_python:/home/zzq/Desktop/GYH_ws/install/learning_parameter:/home/zzq/Desktop/GYH_ws/install/learning_node:/home/zzq/Desktop/GYH_ws/install/learning_launch:/home/zzq/Desktop/GYH_ws/install/learning_action:/home/zzq/Desktop/GYH_ws/install/learning_gazebo:/home/zzq/Desktop/GYH_ws/install/learning_cv:/opt/ros/humble /usr/bin/cmake --build /home/zzq/Desktop/ros2_ws/build/srv_msg_creating -- -j32 -l32
[1.755s] [  2%] [34m[1mGenerating C code for ROS interfaces[0m
[1.760s] [  4%] [34m[1mGenerating C++ code for ROS interfaces[0m
[1.764s] [  4%] Built target ament_cmake_python_copy_srv_msg_creating
[1.906s] running egg_info
[1.907s] creating srv_msg_creating.egg-info
[1.907s] writing srv_msg_creating.egg-info/PKG-INFO
[1.907s] writing dependency_links to srv_msg_creating.egg-info/dependency_links.txt
[1.907s] writing top-level names to srv_msg_creating.egg-info/top_level.txt
[1.907s] writing manifest file 'srv_msg_creating.egg-info/SOURCES.txt'
[1.908s] reading manifest file 'srv_msg_creating.egg-info/SOURCES.txt'
[1.908s] writing manifest file 'srv_msg_creating.egg-info/SOURCES.txt'
[1.922s] [  4%] Built target ament_cmake_python_build_srv_msg_creating_egg
[2.010s] [  4%] Built target srv_msg_creating__cpp
[2.015s] [  8%] [34m[1mGenerating C++ type support dispatch for ROS interfaces[0m
[2.015s] [ 10%] [32mBuilding C object CMakeFiles/srv_msg_creating__rosidl_generator_c.dir/rosidl_generator_c/srv_msg_creating/msg/detail/num__functions.c.o[0m
[2.015s] [ 10%] [32mBuilding C object CMakeFiles/srv_msg_creating__rosidl_generator_c.dir/rosidl_generator_c/srv_msg_creating/srv/detail/add_three_ints__functions.c.o[0m
[2.015s] [ 12%] [34m[1mGenerating C++ type support for eProsima Fast-RTPS[0m
[2.015s] [ 14%] [32mBuilding C object CMakeFiles/srv_msg_creating__rosidl_generator_c.dir/rosidl_generator_c/srv_msg_creating/action/detail/move_circle__functions.c.o[0m
[2.015s] [ 17%] [34m[1mGenerating C++ introspection for ROS interfaces[0m
[2.078s] [ 19%] [32m[1mLinking C shared library libsrv_msg_creating__rosidl_generator_c.so[0m
[2.098s] [ 19%] Built target srv_msg_creating__rosidl_generator_c
[2.103s] [ 21%] [34m[1mGenerating C introspection for ROS interfaces[0m
[2.103s] [ 23%] [34m[1mGenerating C type support dispatch for ROS interfaces[0m
[2.104s] [ 25%] [34m[1mGenerating C type support for eProsima Fast-RTPS[0m
[2.190s] [ 27%] [32mBuilding CXX object CMakeFiles/srv_msg_creating__rosidl_typesupport_cpp.dir/rosidl_typesupport_cpp/srv_msg_creating/msg/num__type_support.cpp.o[0m
[2.190s] [ 29%] [32mBuilding CXX object CMakeFiles/srv_msg_creating__rosidl_typesupport_cpp.dir/rosidl_typesupport_cpp/srv_msg_creating/srv/add_three_ints__type_support.cpp.o[0m
[2.192s] [ 31%] [32mBuilding CXX object CMakeFiles/srv_msg_creating__rosidl_typesupport_cpp.dir/rosidl_typesupport_cpp/srv_msg_creating/action/move_circle__type_support.cpp.o[0m
[2.222s] [ 36%] [32mBuilding CXX object CMakeFiles/srv_msg_creating__rosidl_typesupport_introspection_cpp.dir/rosidl_typesupport_introspection_cpp/srv_msg_creating/action/detail/move_circle__type_support.cpp.o[0m
[2.222s] [ 36%] [32mBuilding CXX object CMakeFiles/srv_msg_creating__rosidl_typesupport_introspection_cpp.dir/rosidl_typesupport_introspection_cpp/srv_msg_creating/srv/detail/add_three_ints__type_support.cpp.o[0m
[2.224s] [ 38%] [32mBuilding CXX object CMakeFiles/srv_msg_creating__rosidl_typesupport_introspection_cpp.dir/rosidl_typesupport_introspection_cpp/srv_msg_creating/msg/detail/num__type_support.cpp.o[0m
[2.261s] [ 40%] [32mBuilding CXX object CMakeFiles/srv_msg_creating__rosidl_typesupport_fastrtps_cpp.dir/rosidl_typesupport_fastrtps_cpp/srv_msg_creating/msg/detail/dds_fastrtps/num__type_support.cpp.o[0m
[2.263s] [ 44%] [32mBuilding CXX object CMakeFiles/srv_msg_creating__rosidl_typesupport_fastrtps_cpp.dir/rosidl_typesupport_fastrtps_cpp/srv_msg_creating/srv/detail/dds_fastrtps/add_three_ints__type_support.cpp.o[0m
[2.263s] [ 44%] [32mBuilding CXX object CMakeFiles/srv_msg_creating__rosidl_typesupport_fastrtps_cpp.dir/rosidl_typesupport_fastrtps_cpp/srv_msg_creating/action/detail/dds_fastrtps/move_circle__type_support.cpp.o[0m
[2.339s] [ 46%] [32mBuilding CXX object CMakeFiles/srv_msg_creating__rosidl_typesupport_c.dir/rosidl_typesupport_c/srv_msg_creating/action/move_circle__type_support.cpp.o[0m
[2.341s] [ 51%] [32mBuilding CXX object CMakeFiles/srv_msg_creating__rosidl_typesupport_c.dir/rosidl_typesupport_c/srv_msg_creating/msg/num__type_support.cpp.o[0m
[2.341s] [ 51%] [32mBuilding CXX object CMakeFiles/srv_msg_creating__rosidl_typesupport_c.dir/rosidl_typesupport_c/srv_msg_creating/srv/add_three_ints__type_support.cpp.o[0m
[2.359s] [ 55%] [32mBuilding C object CMakeFiles/srv_msg_creating__rosidl_typesupport_introspection_c.dir/rosidl_typesupport_introspection_c/srv_msg_creating/msg/detail/num__type_support.c.o[0m
[2.359s] [ 57%] [32mBuilding C object CMakeFiles/srv_msg_creating__rosidl_typesupport_introspection_c.dir/rosidl_typesupport_introspection_c/srv_msg_creating/srv/detail/add_three_ints__type_support.c.o[0m
[2.359s] [ 57%] [32mBuilding C object CMakeFiles/srv_msg_creating__rosidl_typesupport_introspection_c.dir/rosidl_typesupport_introspection_c/srv_msg_creating/action/detail/move_circle__type_support.c.o[0m
[2.367s] [ 59%] [32m[1mLinking CXX shared library libsrv_msg_creating__rosidl_typesupport_c.so[0m
[2.372s] [ 63%] [32mBuilding CXX object CMakeFiles/srv_msg_creating__rosidl_typesupport_fastrtps_c.dir/rosidl_typesupport_fastrtps_c/srv_msg_creating/srv/detail/add_three_ints__type_support_c.cpp.o[0m
[2.372s] [ 63%] [32mBuilding CXX object CMakeFiles/srv_msg_creating__rosidl_typesupport_fastrtps_c.dir/rosidl_typesupport_fastrtps_c/srv_msg_creating/msg/detail/num__type_support_c.cpp.o[0m
[2.372s] [ 65%] [32mBuilding CXX object CMakeFiles/srv_msg_creating__rosidl_typesupport_fastrtps_c.dir/rosidl_typesupport_fastrtps_c/srv_msg_creating/action/detail/move_circle__type_support_c.cpp.o[0m
[2.402s] [ 68%] [32m[1mLinking C shared library libsrv_msg_creating__rosidl_typesupport_introspection_c.so[0m
[2.405s] [ 68%] Built target srv_msg_creating__rosidl_typesupport_c
[2.430s] [ 68%] Built target srv_msg_creating__rosidl_typesupport_introspection_c
[2.434s] [ 70%] [32m[1mLinking CXX shared library libsrv_msg_creating__rosidl_typesupport_cpp.so[0m
[2.458s] [ 70%] Built target srv_msg_creating__rosidl_typesupport_cpp
[2.529s] [ 72%] [32m[1mLinking CXX shared library libsrv_msg_creating__rosidl_typesupport_introspection_cpp.so[0m
[2.568s] [ 72%] Built target srv_msg_creating__rosidl_typesupport_introspection_cpp
[2.573s] [ 74%] [32m[1mLinking CXX shared library libsrv_msg_creating__rosidl_typesupport_fastrtps_c.so[0m
[2.611s] [ 74%] Built target srv_msg_creating__rosidl_typesupport_fastrtps_c
[2.616s] [ 76%] [32m[1mLinking CXX shared library libsrv_msg_creating__rosidl_typesupport_fastrtps_cpp.so[0m
[2.653s] [ 76%] Built target srv_msg_creating__rosidl_typesupport_fastrtps_cpp
[2.663s] [ 76%] Built target srv_msg_creating
[2.672s] [ 78%] [34m[1mGenerating Python code for ROS interfaces[0m
[3.079s] [ 78%] Built target srv_msg_creating__py
[3.089s] [ 80%] [32mBuilding C object CMakeFiles/srv_msg_creating__rosidl_generator_py.dir/rosidl_generator_py/srv_msg_creating/msg/_num_s.c.o[0m
[3.089s] [ 82%] [32mBuilding C object CMakeFiles/srv_msg_creating__rosidl_generator_py.dir/rosidl_generator_py/srv_msg_creating/srv/_add_three_ints_s.c.o[0m
[3.089s] [ 85%] [32mBuilding C object CMakeFiles/srv_msg_creating__rosidl_generator_py.dir/rosidl_generator_py/srv_msg_creating/action/_move_circle_s.c.o[0m
[3.153s] [ 87%] [32m[1mLinking C shared library rosidl_generator_py/srv_msg_creating/libsrv_msg_creating__rosidl_generator_py.so[0m
[3.174s] [ 87%] Built target srv_msg_creating__rosidl_generator_py
[3.184s] [ 89%] [32mBuilding C object CMakeFiles/srv_msg_creating__rosidl_typesupport_fastrtps_c__pyext.dir/rosidl_generator_py/srv_msg_creating/_srv_msg_creating_s.ep.rosidl_typesupport_fastrtps_c.c.o[0m
[3.184s] [ 93%] [32mBuilding C object CMakeFiles/srv_msg_creating__rosidl_typesupport_introspection_c__pyext.dir/rosidl_generator_py/srv_msg_creating/_srv_msg_creating_s.ep.rosidl_typesupport_introspection_c.c.o[0m
[3.184s] [ 93%] [32mBuilding C object CMakeFiles/srv_msg_creating__rosidl_typesupport_c__pyext.dir/rosidl_generator_py/srv_msg_creating/_srv_msg_creating_s.ep.rosidl_typesupport_c.c.o[0m
[3.243s] [ 97%] [32m[1mLinking C shared library rosidl_generator_py/srv_msg_creating/srv_msg_creating_s__rosidl_typesupport_introspection_c.cpython-310-x86_64-linux-gnu.so[0m
[3.243s] [ 97%] [32m[1mLinking C shared library rosidl_generator_py/srv_msg_creating/srv_msg_creating_s__rosidl_typesupport_fastrtps_c.cpython-310-x86_64-linux-gnu.so[0m
[3.244s] [100%] [32m[1mLinking C shared library rosidl_generator_py/srv_msg_creating/srv_msg_creating_s__rosidl_typesupport_c.cpython-310-x86_64-linux-gnu.so[0m
[3.262s] [100%] Built target srv_msg_creating__rosidl_typesupport_fastrtps_c__pyext
[3.262s] [100%] Built target srv_msg_creating__rosidl_typesupport_introspection_c__pyext
[3.263s] [100%] Built target srv_msg_creating__rosidl_typesupport_c__pyext
