[0.316s] Invoking command in '/home/zzq/Desktop/ros2_ws/src/beginner_py': PYTHONPATH=/home/zzq/Desktop/ros2_ws/build/beginner_py/prefix_override:/usr/lib/python3/dist-packages/colcon_core/task/python/colcon_distutils_commands:/home/zzq/Desktop/ros2_ws/install/beginner_py/lib/python3.10/site-packages:${PYTHONPATH} /usr/bin/python3 -W ignore:setup.py install is deprecated setup.py egg_info --egg-base ../../build/beginner_py build --build-base /home/zzq/Desktop/ros2_ws/build/beginner_py/build install --record /home/zzq/Desktop/ros2_ws/build/beginner_py/install.log --single-version-externally-managed install_data
[0.434s] running egg_info
[0.434s] writing ../../build/beginner_py/beginner_py.egg-info/PKG-INFO
[0.434s] writing dependency_links to ../../build/beginner_py/beginner_py.egg-info/dependency_links.txt
[0.434s] writing entry points to ../../build/beginner_py/beginner_py.egg-info/entry_points.txt
[0.434s] writing requirements to ../../build/beginner_py/beginner_py.egg-info/requires.txt
[0.434s] writing top-level names to ../../build/beginner_py/beginner_py.egg-info/top_level.txt
[0.435s] reading manifest file '../../build/beginner_py/beginner_py.egg-info/SOURCES.txt'
[0.435s] writing manifest file '../../build/beginner_py/beginner_py.egg-info/SOURCES.txt'
[0.435s] running build
[0.435s] running build_py
[0.435s] copying beginner_py/sub.py -> /home/zzq/Desktop/ros2_ws/build/beginner_py/build/lib/beginner_py
[0.435s] copying beginner_py/pub.py -> /home/zzq/Desktop/ros2_ws/build/beginner_py/build/lib/beginner_py
[0.435s] running install
[0.436s] running install_lib
[0.436s] copying /home/zzq/Desktop/ros2_ws/build/beginner_py/build/lib/beginner_py/sub.py -> /home/zzq/Desktop/ros2_ws/install/beginner_py/lib/python3.10/site-packages/beginner_py
[0.436s] copying /home/zzq/Desktop/ros2_ws/build/beginner_py/build/lib/beginner_py/pub.py -> /home/zzq/Desktop/ros2_ws/install/beginner_py/lib/python3.10/site-packages/beginner_py
[0.436s] byte-compiling /home/zzq/Desktop/ros2_ws/install/beginner_py/lib/python3.10/site-packages/beginner_py/sub.py to sub.cpython-310.pyc
[0.436s] byte-compiling /home/zzq/Desktop/ros2_ws/install/beginner_py/lib/python3.10/site-packages/beginner_py/pub.py to pub.cpython-310.pyc
[0.437s] running install_data
[0.437s] running install_egg_info
[0.438s] removing '/home/zzq/Desktop/ros2_ws/install/beginner_py/lib/python3.10/site-packages/beginner_py-0.0.0-py3.10.egg-info' (and everything under it)
[0.438s] Copying ../../build/beginner_py/beginner_py.egg-info to /home/zzq/Desktop/ros2_ws/install/beginner_py/lib/python3.10/site-packages/beginner_py-0.0.0-py3.10.egg-info
[0.438s] running install_scripts
[0.448s] Installing listener script to /home/zzq/Desktop/ros2_ws/install/beginner_py/lib/beginner_py
[0.448s] Installing talker script to /home/zzq/Desktop/ros2_ws/install/beginner_py/lib/beginner_py
[0.448s] writing list of installed files to '/home/zzq/Desktop/ros2_ws/build/beginner_py/install.log'
[0.459s] Invoked command in '/home/zzq/Desktop/ros2_ws/src/beginner_py' returned '0': PYTHONPATH=/home/zzq/Desktop/ros2_ws/build/beginner_py/prefix_override:/usr/lib/python3/dist-packages/colcon_core/task/python/colcon_distutils_commands:/home/zzq/Desktop/ros2_ws/install/beginner_py/lib/python3.10/site-packages:${PYTHONPATH} /usr/bin/python3 -W ignore:setup.py install is deprecated setup.py egg_info --egg-base ../../build/beginner_py build --build-base /home/zzq/Desktop/ros2_ws/build/beginner_py/build install --record /home/zzq/Desktop/ros2_ws/build/beginner_py/install.log --single-version-externally-managed install_data
