[0.976s] Invoking command in '/home/zzq/Desktop/ros2_ws/build/beitong_joy': PYTHONPATH=/home/zzq/Desktop/ros2_ws/build/beitong_joy/prefix_override:/usr/lib/python3/dist-packages/colcon_core/task/python/colcon_distutils_commands:/home/zzq/Desktop/ros2_ws/install/beitong_joy/lib/python3.10/site-packages:${PYTHONPATH} /usr/bin/python3 -W ignore:setup.py install is deprecated setup.py develop --uninstall --editable --build-directory /home/zzq/Desktop/ros2_ws/build/beitong_joy/build
[1.141s] running develop
[1.142s] /usr/lib/python3/dist-packages/setuptools/command/easy_install.py:158: EasyInstallDeprecationWarning: easy_install command is deprecated. Use build and pip and other standards-based tools.
[1.142s]   warnings.warn(
[1.253s] Removing /home/zzq/Desktop/ros2_ws/install/beitong_joy/lib/python3.10/site-packages/beitong-joy.egg-link (link to .)
[1.274s] Invoked command in '/home/zzq/Desktop/ros2_ws/build/beitong_joy' returned '0': PYTHONPATH=/home/zzq/Desktop/ros2_ws/build/beitong_joy/prefix_override:/usr/lib/python3/dist-packages/colcon_core/task/python/colcon_distutils_commands:/home/zzq/Desktop/ros2_ws/install/beitong_joy/lib/python3.10/site-packages:${PYTHONPATH} /usr/bin/python3 -W ignore:setup.py install is deprecated setup.py develop --uninstall --editable --build-directory /home/zzq/Desktop/ros2_ws/build/beitong_joy/build
[1.274s] Invoking command in '/home/zzq/Desktop/ros2_ws/src/beitong_joy': PYTHONPATH=/home/zzq/Desktop/ros2_ws/build/beitong_joy/prefix_override:/usr/lib/python3/dist-packages/colcon_core/task/python/colcon_distutils_commands:/home/zzq/Desktop/ros2_ws/install/beitong_joy/lib/python3.10/site-packages:${PYTHONPATH} /usr/bin/python3 -W ignore:setup.py install is deprecated setup.py egg_info --egg-base ../../build/beitong_joy build --build-base /home/zzq/Desktop/ros2_ws/build/beitong_joy/build install --record /home/zzq/Desktop/ros2_ws/build/beitong_joy/install.log --single-version-externally-managed install_data --force
[1.445s] running egg_info
[1.445s] writing ../../build/beitong_joy/beitong_joy.egg-info/PKG-INFO
[1.446s] writing dependency_links to ../../build/beitong_joy/beitong_joy.egg-info/dependency_links.txt
[1.446s] writing entry points to ../../build/beitong_joy/beitong_joy.egg-info/entry_points.txt
[1.446s] writing requirements to ../../build/beitong_joy/beitong_joy.egg-info/requires.txt
[1.446s] writing top-level names to ../../build/beitong_joy/beitong_joy.egg-info/top_level.txt
[1.447s] reading manifest file '../../build/beitong_joy/beitong_joy.egg-info/SOURCES.txt'
[1.447s] writing manifest file '../../build/beitong_joy/beitong_joy.egg-info/SOURCES.txt'
[1.447s] running build
[1.447s] running build_py
[1.448s] running install
[1.448s] running install_lib
[1.448s] creating /home/zzq/Desktop/ros2_ws/install/beitong_joy/lib/python3.10/site-packages/beitong_joy
[1.448s] copying /home/zzq/Desktop/ros2_ws/build/beitong_joy/build/lib/beitong_joy/__init__.py -> /home/zzq/Desktop/ros2_ws/install/beitong_joy/lib/python3.10/site-packages/beitong_joy
[1.448s] copying /home/zzq/Desktop/ros2_ws/build/beitong_joy/build/lib/beitong_joy/joy_subscribe.py -> /home/zzq/Desktop/ros2_ws/install/beitong_joy/lib/python3.10/site-packages/beitong_joy
[1.449s] byte-compiling /home/zzq/Desktop/ros2_ws/install/beitong_joy/lib/python3.10/site-packages/beitong_joy/__init__.py to __init__.cpython-310.pyc
[1.449s] byte-compiling /home/zzq/Desktop/ros2_ws/install/beitong_joy/lib/python3.10/site-packages/beitong_joy/joy_subscribe.py to joy_subscribe.cpython-310.pyc
[1.449s] running install_data
[1.449s] copying resource/beitong_joy -> /home/zzq/Desktop/ros2_ws/install/beitong_joy/share/ament_index/resource_index/packages
[1.449s] copying package.xml -> /home/zzq/Desktop/ros2_ws/install/beitong_joy/share/beitong_joy
[1.449s] running install_egg_info
[1.450s] Copying ../../build/beitong_joy/beitong_joy.egg-info to /home/zzq/Desktop/ros2_ws/install/beitong_joy/lib/python3.10/site-packages/beitong_joy-0.0.0-py3.10.egg-info
[1.451s] running install_scripts
[1.464s] Installing joy_sub_demo script to /home/zzq/Desktop/ros2_ws/install/beitong_joy/lib/beitong_joy
[1.464s] writing list of installed files to '/home/zzq/Desktop/ros2_ws/build/beitong_joy/install.log'
[1.478s] Invoked command in '/home/zzq/Desktop/ros2_ws/src/beitong_joy' returned '0': PYTHONPATH=/home/zzq/Desktop/ros2_ws/build/beitong_joy/prefix_override:/usr/lib/python3/dist-packages/colcon_core/task/python/colcon_distutils_commands:/home/zzq/Desktop/ros2_ws/install/beitong_joy/lib/python3.10/site-packages:${PYTHONPATH} /usr/bin/python3 -W ignore:setup.py install is deprecated setup.py egg_info --egg-base ../../build/beitong_joy build --build-base /home/zzq/Desktop/ros2_ws/build/beitong_joy/build install --record /home/zzq/Desktop/ros2_ws/build/beitong_joy/install.log --single-version-externally-managed install_data --force
