[0.571s] Invoking command in '/home/zzq/Desktop/ros2_ws/build/srv_msg_creating': CMAKE_PREFIX_PATH=${CMAKE_PREFIX_PATH}:/home/zzq/Desktop/ros2_ws/install/HTW_imu:/home/zzq/Desktop/ros2_ws/install/srv_msg_creating_py:/home/zzq/Desktop/ros2_ws/install/service_client_py:/home/zzq/Desktop/ros2_ws/install/beginner_py:/home/zzq/Desktop/ros2_ws/install/Action_turtle:/home/zzq/Desktop/GYH_ws/install/learning_urdf:/home/zzq/Desktop/GYH_ws/install/learning_topic:/home/zzq/Desktop/GYH_ws/install/learning_tf:/home/zzq/Desktop/GYH_ws/install/learning_service:/home/zzq/Desktop/GYH_ws/install/learning_qos:/home/zzq/Desktop/GYH_ws/install/learning_pkg_python:/home/zzq/Desktop/GYH_ws/install/learning_parameter:/home/zzq/Desktop/GYH_ws/install/learning_node:/home/zzq/Desktop/GYH_ws/install/learning_launch:/home/zzq/Desktop/GYH_ws/install/learning_action:/home/zzq/Desktop/GYH_ws/install/learning_gazebo:/home/zzq/Desktop/GYH_ws/install/learning_cv:/opt/ros/humble /usr/bin/cmake --build /home/zzq/Desktop/ros2_ws/build/srv_msg_creating -- -j32 -l32
[0.596s] [  2%] Built target srv_msg_creating__cpp
[0.600s] [ 12%] Built target srv_msg_creating__rosidl_generator_c
[0.601s] [ 12%] Built target ament_cmake_python_copy_srv_msg_creating
[0.609s] [ 23%] Built target srv_msg_creating__rosidl_typesupport_cpp
[0.609s] [ 34%] Built target srv_msg_creating__rosidl_typesupport_fastrtps_cpp
[0.609s] [ 44%] Built target srv_msg_creating__rosidl_typesupport_introspection_cpp
[0.612s] [ 55%] Built target srv_msg_creating__rosidl_typesupport_introspection_c
[0.613s] [ 65%] Built target srv_msg_creating__rosidl_typesupport_c
[0.613s] [ 76%] Built target srv_msg_creating__rosidl_typesupport_fastrtps_c
[0.624s] [ 76%] Built target srv_msg_creating
[0.635s] [ 78%] Built target srv_msg_creating__py
[0.647s] [ 87%] Built target srv_msg_creating__rosidl_generator_py
[0.660s] [ 91%] Built target srv_msg_creating__rosidl_typesupport_fastrtps_c__pyext
[0.663s] [ 95%] Built target srv_msg_creating__rosidl_typesupport_introspection_c__pyext
[0.664s] [100%] Built target srv_msg_creating__rosidl_typesupport_c__pyext
[0.748s] running egg_info
[0.749s] writing srv_msg_creating.egg-info/PKG-INFO
[0.749s] writing dependency_links to srv_msg_creating.egg-info/dependency_links.txt
[0.749s] writing top-level names to srv_msg_creating.egg-info/top_level.txt
[0.750s] reading manifest file 'srv_msg_creating.egg-info/SOURCES.txt'
[0.751s] writing manifest file 'srv_msg_creating.egg-info/SOURCES.txt'
[0.765s] [100%] Built target ament_cmake_python_build_srv_msg_creating_egg
[0.772s] Invoked command in '/home/zzq/Desktop/ros2_ws/build/srv_msg_creating' returned '0': CMAKE_PREFIX_PATH=${CMAKE_PREFIX_PATH}:/home/zzq/Desktop/ros2_ws/install/HTW_imu:/home/zzq/Desktop/ros2_ws/install/srv_msg_creating_py:/home/zzq/Desktop/ros2_ws/install/service_client_py:/home/zzq/Desktop/ros2_ws/install/beginner_py:/home/zzq/Desktop/ros2_ws/install/Action_turtle:/home/zzq/Desktop/GYH_ws/install/learning_urdf:/home/zzq/Desktop/GYH_ws/install/learning_topic:/home/zzq/Desktop/GYH_ws/install/learning_tf:/home/zzq/Desktop/GYH_ws/install/learning_service:/home/zzq/Desktop/GYH_ws/install/learning_qos:/home/zzq/Desktop/GYH_ws/install/learning_pkg_python:/home/zzq/Desktop/GYH_ws/install/learning_parameter:/home/zzq/Desktop/GYH_ws/install/learning_node:/home/zzq/Desktop/GYH_ws/install/learning_launch:/home/zzq/Desktop/GYH_ws/install/learning_action:/home/zzq/Desktop/GYH_ws/install/learning_gazebo:/home/zzq/Desktop/GYH_ws/install/learning_cv:/opt/ros/humble /usr/bin/cmake --build /home/zzq/Desktop/ros2_ws/build/srv_msg_creating -- -j32 -l32
[0.816s] Invoking command in '/home/zzq/Desktop/ros2_ws/build/srv_msg_creating': CMAKE_PREFIX_PATH=${CMAKE_PREFIX_PATH}:/home/zzq/Desktop/ros2_ws/install/HTW_imu:/home/zzq/Desktop/ros2_ws/install/srv_msg_creating_py:/home/zzq/Desktop/ros2_ws/install/service_client_py:/home/zzq/Desktop/ros2_ws/install/beginner_py:/home/zzq/Desktop/ros2_ws/install/Action_turtle:/home/zzq/Desktop/GYH_ws/install/learning_urdf:/home/zzq/Desktop/GYH_ws/install/learning_topic:/home/zzq/Desktop/GYH_ws/install/learning_tf:/home/zzq/Desktop/GYH_ws/install/learning_service:/home/zzq/Desktop/GYH_ws/install/learning_qos:/home/zzq/Desktop/GYH_ws/install/learning_pkg_python:/home/zzq/Desktop/GYH_ws/install/learning_parameter:/home/zzq/Desktop/GYH_ws/install/learning_node:/home/zzq/Desktop/GYH_ws/install/learning_launch:/home/zzq/Desktop/GYH_ws/install/learning_action:/home/zzq/Desktop/GYH_ws/install/learning_gazebo:/home/zzq/Desktop/GYH_ws/install/learning_cv:/opt/ros/humble /usr/bin/cmake --install /home/zzq/Desktop/ros2_ws/build/srv_msg_creating
[0.820s] -- Install configuration: ""
[0.821s] -- Up-to-date: /home/zzq/Desktop/ros2_ws/install/srv_msg_creating/share/ament_index/resource_index/rosidl_interfaces/srv_msg_creating
[0.821s] -- Up-to-date: /home/zzq/Desktop/ros2_ws/install/srv_msg_creating/include/srv_msg_creating/srv_msg_creating
[0.821s] -- Up-to-date: /home/zzq/Desktop/ros2_ws/install/srv_msg_creating/include/srv_msg_creating/srv_msg_creating/action
[0.821s] -- Up-to-date: /home/zzq/Desktop/ros2_ws/install/srv_msg_creating/include/srv_msg_creating/srv_msg_creating/action/move_circle.h
[0.821s] -- Up-to-date: /home/zzq/Desktop/ros2_ws/install/srv_msg_creating/include/srv_msg_creating/srv_msg_creating/action/detail
[0.821s] -- Up-to-date: /home/zzq/Desktop/ros2_ws/install/srv_msg_creating/include/srv_msg_creating/srv_msg_creating/action/detail/move_circle__functions.h
[0.821s] -- Up-to-date: /home/zzq/Desktop/ros2_ws/install/srv_msg_creating/include/srv_msg_creating/srv_msg_creating/action/detail/move_circle__functions.c
[0.822s] -- Up-to-date: /home/zzq/Desktop/ros2_ws/install/srv_msg_creating/include/srv_msg_creating/srv_msg_creating/action/detail/move_circle__struct.h
[0.822s] -- Up-to-date: /home/zzq/Desktop/ros2_ws/install/srv_msg_creating/include/srv_msg_creating/srv_msg_creating/action/detail/move_circle__type_support.h
[0.822s] -- Up-to-date: /home/zzq/Desktop/ros2_ws/install/srv_msg_creating/include/srv_msg_creating/srv_msg_creating/msg
[0.822s] -- Up-to-date: /home/zzq/Desktop/ros2_ws/install/srv_msg_creating/include/srv_msg_creating/srv_msg_creating/msg/rosidl_generator_c__visibility_control.h
[0.822s] -- Up-to-date: /home/zzq/Desktop/ros2_ws/install/srv_msg_creating/include/srv_msg_creating/srv_msg_creating/msg/num.h
[0.822s] -- Up-to-date: /home/zzq/Desktop/ros2_ws/install/srv_msg_creating/include/srv_msg_creating/srv_msg_creating/msg/detail
[0.822s] -- Up-to-date: /home/zzq/Desktop/ros2_ws/install/srv_msg_creating/include/srv_msg_creating/srv_msg_creating/msg/detail/num__type_support.h
[0.822s] -- Up-to-date: /home/zzq/Desktop/ros2_ws/install/srv_msg_creating/include/srv_msg_creating/srv_msg_creating/msg/detail/num__struct.h
[0.822s] -- Up-to-date: /home/zzq/Desktop/ros2_ws/install/srv_msg_creating/include/srv_msg_creating/srv_msg_creating/msg/detail/num__functions.h
[0.822s] -- Up-to-date: /home/zzq/Desktop/ros2_ws/install/srv_msg_creating/include/srv_msg_creating/srv_msg_creating/msg/detail/num__functions.c
[0.822s] -- Up-to-date: /home/zzq/Desktop/ros2_ws/install/srv_msg_creating/include/srv_msg_creating/srv_msg_creating/srv
[0.822s] -- Up-to-date: /home/zzq/Desktop/ros2_ws/install/srv_msg_creating/include/srv_msg_creating/srv_msg_creating/srv/add_three_ints.h
[0.822s] -- Up-to-date: /home/zzq/Desktop/ros2_ws/install/srv_msg_creating/include/srv_msg_creating/srv_msg_creating/srv/detail
[0.822s] -- Up-to-date: /home/zzq/Desktop/ros2_ws/install/srv_msg_creating/include/srv_msg_creating/srv_msg_creating/srv/detail/add_three_ints__functions.h
[0.823s] -- Up-to-date: /home/zzq/Desktop/ros2_ws/install/srv_msg_creating/include/srv_msg_creating/srv_msg_creating/srv/detail/add_three_ints__functions.c
[0.823s] -- Up-to-date: /home/zzq/Desktop/ros2_ws/install/srv_msg_creating/include/srv_msg_creating/srv_msg_creating/srv/detail/add_three_ints__struct.h
[0.823s] -- Up-to-date: /home/zzq/Desktop/ros2_ws/install/srv_msg_creating/include/srv_msg_creating/srv_msg_creating/srv/detail/add_three_ints__type_support.h
[0.823s] -- Up-to-date: /home/zzq/Desktop/ros2_ws/install/srv_msg_creating/share/srv_msg_creating/environment/library_path.sh
[0.823s] -- Up-to-date: /home/zzq/Desktop/ros2_ws/install/srv_msg_creating/share/srv_msg_creating/environment/library_path.dsv
[0.823s] -- Up-to-date: /home/zzq/Desktop/ros2_ws/install/srv_msg_creating/lib/libsrv_msg_creating__rosidl_generator_c.so
[0.823s] -- Up-to-date: /home/zzq/Desktop/ros2_ws/install/srv_msg_creating/include/srv_msg_creating/srv_msg_creating
[0.823s] -- Up-to-date: /home/zzq/Desktop/ros2_ws/install/srv_msg_creating/include/srv_msg_creating/srv_msg_creating/action
[0.823s] -- Up-to-date: /home/zzq/Desktop/ros2_ws/install/srv_msg_creating/include/srv_msg_creating/srv_msg_creating/action/detail
[0.823s] -- Up-to-date: /home/zzq/Desktop/ros2_ws/install/srv_msg_creating/include/srv_msg_creating/srv_msg_creating/action/detail/move_circle__rosidl_typesupport_fastrtps_c.h
[0.823s] -- Up-to-date: /home/zzq/Desktop/ros2_ws/install/srv_msg_creating/include/srv_msg_creating/srv_msg_creating/msg
[0.823s] -- Up-to-date: /home/zzq/Desktop/ros2_ws/install/srv_msg_creating/include/srv_msg_creating/srv_msg_creating/msg/rosidl_typesupport_fastrtps_c__visibility_control.h
[0.823s] -- Up-to-date: /home/zzq/Desktop/ros2_ws/install/srv_msg_creating/include/srv_msg_creating/srv_msg_creating/msg/detail
[0.823s] -- Up-to-date: /home/zzq/Desktop/ros2_ws/install/srv_msg_creating/include/srv_msg_creating/srv_msg_creating/msg/detail/num__rosidl_typesupport_fastrtps_c.h
[0.823s] -- Up-to-date: /home/zzq/Desktop/ros2_ws/install/srv_msg_creating/include/srv_msg_creating/srv_msg_creating/srv
[0.823s] -- Up-to-date: /home/zzq/Desktop/ros2_ws/install/srv_msg_creating/include/srv_msg_creating/srv_msg_creating/srv/detail
[0.823s] -- Up-to-date: /home/zzq/Desktop/ros2_ws/install/srv_msg_creating/include/srv_msg_creating/srv_msg_creating/srv/detail/add_three_ints__rosidl_typesupport_fastrtps_c.h
[0.823s] -- Up-to-date: /home/zzq/Desktop/ros2_ws/install/srv_msg_creating/lib/libsrv_msg_creating__rosidl_typesupport_fastrtps_c.so
[0.823s] -- Up-to-date: /home/zzq/Desktop/ros2_ws/install/srv_msg_creating/include/srv_msg_creating/srv_msg_creating
[0.824s] -- Up-to-date: /home/zzq/Desktop/ros2_ws/install/srv_msg_creating/include/srv_msg_creating/srv_msg_creating/action
[0.824s] -- Up-to-date: /home/zzq/Desktop/ros2_ws/install/srv_msg_creating/include/srv_msg_creating/srv_msg_creating/action/detail
[0.824s] -- Up-to-date: /home/zzq/Desktop/ros2_ws/install/srv_msg_creating/include/srv_msg_creating/srv_msg_creating/action/detail/move_circle__type_support.c
[0.824s] -- Up-to-date: /home/zzq/Desktop/ros2_ws/install/srv_msg_creating/include/srv_msg_creating/srv_msg_creating/action/detail/move_circle__rosidl_typesupport_introspection_c.h
[0.824s] -- Up-to-date: /home/zzq/Desktop/ros2_ws/install/srv_msg_creating/include/srv_msg_creating/srv_msg_creating/msg
[0.824s] -- Up-to-date: /home/zzq/Desktop/ros2_ws/install/srv_msg_creating/include/srv_msg_creating/srv_msg_creating/msg/rosidl_typesupport_introspection_c__visibility_control.h
[0.824s] -- Up-to-date: /home/zzq/Desktop/ros2_ws/install/srv_msg_creating/include/srv_msg_creating/srv_msg_creating/msg/detail
[0.824s] -- Up-to-date: /home/zzq/Desktop/ros2_ws/install/srv_msg_creating/include/srv_msg_creating/srv_msg_creating/msg/detail/num__type_support.c
[0.824s] -- Up-to-date: /home/zzq/Desktop/ros2_ws/install/srv_msg_creating/include/srv_msg_creating/srv_msg_creating/msg/detail/num__rosidl_typesupport_introspection_c.h
[0.824s] -- Up-to-date: /home/zzq/Desktop/ros2_ws/install/srv_msg_creating/include/srv_msg_creating/srv_msg_creating/srv
[0.824s] -- Up-to-date: /home/zzq/Desktop/ros2_ws/install/srv_msg_creating/include/srv_msg_creating/srv_msg_creating/srv/detail
[0.824s] -- Up-to-date: /home/zzq/Desktop/ros2_ws/install/srv_msg_creating/include/srv_msg_creating/srv_msg_creating/srv/detail/add_three_ints__type_support.c
[0.824s] -- Up-to-date: /home/zzq/Desktop/ros2_ws/install/srv_msg_creating/include/srv_msg_creating/srv_msg_creating/srv/detail/add_three_ints__rosidl_typesupport_introspection_c.h
[0.824s] -- Up-to-date: /home/zzq/Desktop/ros2_ws/install/srv_msg_creating/lib/libsrv_msg_creating__rosidl_typesupport_introspection_c.so
[0.824s] -- Up-to-date: /home/zzq/Desktop/ros2_ws/install/srv_msg_creating/lib/libsrv_msg_creating__rosidl_typesupport_c.so
[0.824s] -- Up-to-date: /home/zzq/Desktop/ros2_ws/install/srv_msg_creating/include/srv_msg_creating/srv_msg_creating
[0.824s] -- Up-to-date: /home/zzq/Desktop/ros2_ws/install/srv_msg_creating/include/srv_msg_creating/srv_msg_creating/action
[0.824s] -- Up-to-date: /home/zzq/Desktop/ros2_ws/install/srv_msg_creating/include/srv_msg_creating/srv_msg_creating/action/detail
[0.824s] -- Up-to-date: /home/zzq/Desktop/ros2_ws/install/srv_msg_creating/include/srv_msg_creating/srv_msg_creating/action/detail/move_circle__traits.hpp
[0.825s] -- Up-to-date: /home/zzq/Desktop/ros2_ws/install/srv_msg_creating/include/srv_msg_creating/srv_msg_creating/action/detail/move_circle__builder.hpp
[0.825s] -- Up-to-date: /home/zzq/Desktop/ros2_ws/install/srv_msg_creating/include/srv_msg_creating/srv_msg_creating/action/detail/move_circle__struct.hpp
[0.825s] -- Up-to-date: /home/zzq/Desktop/ros2_ws/install/srv_msg_creating/include/srv_msg_creating/srv_msg_creating/action/move_circle.hpp
[0.825s] -- Up-to-date: /home/zzq/Desktop/ros2_ws/install/srv_msg_creating/include/srv_msg_creating/srv_msg_creating/msg
[0.825s] -- Up-to-date: /home/zzq/Desktop/ros2_ws/install/srv_msg_creating/include/srv_msg_creating/srv_msg_creating/msg/detail
[0.825s] -- Up-to-date: /home/zzq/Desktop/ros2_ws/install/srv_msg_creating/include/srv_msg_creating/srv_msg_creating/msg/detail/num__traits.hpp
[0.825s] -- Up-to-date: /home/zzq/Desktop/ros2_ws/install/srv_msg_creating/include/srv_msg_creating/srv_msg_creating/msg/detail/num__builder.hpp
[0.825s] -- Up-to-date: /home/zzq/Desktop/ros2_ws/install/srv_msg_creating/include/srv_msg_creating/srv_msg_creating/msg/detail/num__struct.hpp
[0.825s] -- Up-to-date: /home/zzq/Desktop/ros2_ws/install/srv_msg_creating/include/srv_msg_creating/srv_msg_creating/msg/num.hpp
[0.825s] -- Up-to-date: /home/zzq/Desktop/ros2_ws/install/srv_msg_creating/include/srv_msg_creating/srv_msg_creating/srv
[0.825s] -- Up-to-date: /home/zzq/Desktop/ros2_ws/install/srv_msg_creating/include/srv_msg_creating/srv_msg_creating/srv/detail
[0.825s] -- Up-to-date: /home/zzq/Desktop/ros2_ws/install/srv_msg_creating/include/srv_msg_creating/srv_msg_creating/srv/detail/add_three_ints__traits.hpp
[0.825s] -- Up-to-date: /home/zzq/Desktop/ros2_ws/install/srv_msg_creating/include/srv_msg_creating/srv_msg_creating/srv/detail/add_three_ints__struct.hpp
[0.825s] -- Up-to-date: /home/zzq/Desktop/ros2_ws/install/srv_msg_creating/include/srv_msg_creating/srv_msg_creating/srv/detail/add_three_ints__builder.hpp
[0.825s] -- Up-to-date: /home/zzq/Desktop/ros2_ws/install/srv_msg_creating/include/srv_msg_creating/srv_msg_creating/srv/add_three_ints.hpp
[0.825s] -- Up-to-date: /home/zzq/Desktop/ros2_ws/install/srv_msg_creating/include/srv_msg_creating/srv_msg_creating
[0.825s] -- Up-to-date: /home/zzq/Desktop/ros2_ws/install/srv_msg_creating/include/srv_msg_creating/srv_msg_creating/action
[0.825s] -- Up-to-date: /home/zzq/Desktop/ros2_ws/install/srv_msg_creating/include/srv_msg_creating/srv_msg_creating/action/detail
[0.825s] -- Up-to-date: /home/zzq/Desktop/ros2_ws/install/srv_msg_creating/include/srv_msg_creating/srv_msg_creating/action/detail/dds_fastrtps
[0.826s] -- Up-to-date: /home/zzq/Desktop/ros2_ws/install/srv_msg_creating/include/srv_msg_creating/srv_msg_creating/action/detail/move_circle__rosidl_typesupport_fastrtps_cpp.hpp
[0.826s] -- Up-to-date: /home/zzq/Desktop/ros2_ws/install/srv_msg_creating/include/srv_msg_creating/srv_msg_creating/msg
[0.826s] -- Up-to-date: /home/zzq/Desktop/ros2_ws/install/srv_msg_creating/include/srv_msg_creating/srv_msg_creating/msg/rosidl_typesupport_fastrtps_cpp__visibility_control.h
[0.826s] -- Up-to-date: /home/zzq/Desktop/ros2_ws/install/srv_msg_creating/include/srv_msg_creating/srv_msg_creating/msg/detail
[0.826s] -- Up-to-date: /home/zzq/Desktop/ros2_ws/install/srv_msg_creating/include/srv_msg_creating/srv_msg_creating/msg/detail/dds_fastrtps
[0.826s] -- Up-to-date: /home/zzq/Desktop/ros2_ws/install/srv_msg_creating/include/srv_msg_creating/srv_msg_creating/msg/detail/num__rosidl_typesupport_fastrtps_cpp.hpp
[0.826s] -- Up-to-date: /home/zzq/Desktop/ros2_ws/install/srv_msg_creating/include/srv_msg_creating/srv_msg_creating/srv
[0.826s] -- Up-to-date: /home/zzq/Desktop/ros2_ws/install/srv_msg_creating/include/srv_msg_creating/srv_msg_creating/srv/detail
[0.826s] -- Up-to-date: /home/zzq/Desktop/ros2_ws/install/srv_msg_creating/include/srv_msg_creating/srv_msg_creating/srv/detail/dds_fastrtps
[0.826s] -- Up-to-date: /home/zzq/Desktop/ros2_ws/install/srv_msg_creating/include/srv_msg_creating/srv_msg_creating/srv/detail/add_three_ints__rosidl_typesupport_fastrtps_cpp.hpp
[0.826s] -- Up-to-date: /home/zzq/Desktop/ros2_ws/install/srv_msg_creating/lib/libsrv_msg_creating__rosidl_typesupport_fastrtps_cpp.so
[0.826s] -- Up-to-date: /home/zzq/Desktop/ros2_ws/install/srv_msg_creating/include/srv_msg_creating/srv_msg_creating
[0.826s] -- Up-to-date: /home/zzq/Desktop/ros2_ws/install/srv_msg_creating/include/srv_msg_creating/srv_msg_creating/action
[0.826s] -- Up-to-date: /home/zzq/Desktop/ros2_ws/install/srv_msg_creating/include/srv_msg_creating/srv_msg_creating/action/detail
[0.826s] -- Up-to-date: /home/zzq/Desktop/ros2_ws/install/srv_msg_creating/include/srv_msg_creating/srv_msg_creating/action/detail/move_circle__rosidl_typesupport_introspection_cpp.hpp
[0.826s] -- Up-to-date: /home/zzq/Desktop/ros2_ws/install/srv_msg_creating/include/srv_msg_creating/srv_msg_creating/action/detail/move_circle__type_support.cpp
[0.826s] -- Up-to-date: /home/zzq/Desktop/ros2_ws/install/srv_msg_creating/include/srv_msg_creating/srv_msg_creating/msg
[0.826s] -- Up-to-date: /home/zzq/Desktop/ros2_ws/install/srv_msg_creating/include/srv_msg_creating/srv_msg_creating/msg/detail
[0.826s] -- Up-to-date: /home/zzq/Desktop/ros2_ws/install/srv_msg_creating/include/srv_msg_creating/srv_msg_creating/msg/detail/num__type_support.cpp
[0.827s] -- Up-to-date: /home/zzq/Desktop/ros2_ws/install/srv_msg_creating/include/srv_msg_creating/srv_msg_creating/msg/detail/num__rosidl_typesupport_introspection_cpp.hpp
[0.827s] -- Up-to-date: /home/zzq/Desktop/ros2_ws/install/srv_msg_creating/include/srv_msg_creating/srv_msg_creating/srv
[0.827s] -- Up-to-date: /home/zzq/Desktop/ros2_ws/install/srv_msg_creating/include/srv_msg_creating/srv_msg_creating/srv/detail
[0.827s] -- Up-to-date: /home/zzq/Desktop/ros2_ws/install/srv_msg_creating/include/srv_msg_creating/srv_msg_creating/srv/detail/add_three_ints__rosidl_typesupport_introspection_cpp.hpp
[0.827s] -- Up-to-date: /home/zzq/Desktop/ros2_ws/install/srv_msg_creating/include/srv_msg_creating/srv_msg_creating/srv/detail/add_three_ints__type_support.cpp
[0.827s] -- Up-to-date: /home/zzq/Desktop/ros2_ws/install/srv_msg_creating/lib/libsrv_msg_creating__rosidl_typesupport_introspection_cpp.so
[0.827s] -- Up-to-date: /home/zzq/Desktop/ros2_ws/install/srv_msg_creating/lib/libsrv_msg_creating__rosidl_typesupport_cpp.so
[0.827s] -- Up-to-date: /home/zzq/Desktop/ros2_ws/install/srv_msg_creating/share/srv_msg_creating/environment/pythonpath.sh
[0.827s] -- Up-to-date: /home/zzq/Desktop/ros2_ws/install/srv_msg_creating/share/srv_msg_creating/environment/pythonpath.dsv
[0.827s] -- Up-to-date: /home/zzq/Desktop/ros2_ws/install/srv_msg_creating/local/lib/python3.10/dist-packages/srv_msg_creating-0.0.0-py3.10.egg-info
[0.827s] -- Installing: /home/zzq/Desktop/ros2_ws/install/srv_msg_creating/local/lib/python3.10/dist-packages/srv_msg_creating-0.0.0-py3.10.egg-info/dependency_links.txt
[0.827s] -- Installing: /home/zzq/Desktop/ros2_ws/install/srv_msg_creating/local/lib/python3.10/dist-packages/srv_msg_creating-0.0.0-py3.10.egg-info/top_level.txt
[0.827s] -- Installing: /home/zzq/Desktop/ros2_ws/install/srv_msg_creating/local/lib/python3.10/dist-packages/srv_msg_creating-0.0.0-py3.10.egg-info/PKG-INFO
[0.827s] -- Installing: /home/zzq/Desktop/ros2_ws/install/srv_msg_creating/local/lib/python3.10/dist-packages/srv_msg_creating-0.0.0-py3.10.egg-info/SOURCES.txt
[0.827s] -- Up-to-date: /home/zzq/Desktop/ros2_ws/install/srv_msg_creating/local/lib/python3.10/dist-packages/srv_msg_creating
[0.827s] -- Up-to-date: /home/zzq/Desktop/ros2_ws/install/srv_msg_creating/local/lib/python3.10/dist-packages/srv_msg_creating/srv_msg_creating_s__rosidl_typesupport_c.cpython-310-x86_64-linux-gnu.so
[0.827s] -- Up-to-date: /home/zzq/Desktop/ros2_ws/install/srv_msg_creating/local/lib/python3.10/dist-packages/srv_msg_creating/_srv_msg_creating_s.ep.rosidl_typesupport_c.c
[0.827s] -- Up-to-date: /home/zzq/Desktop/ros2_ws/install/srv_msg_creating/local/lib/python3.10/dist-packages/srv_msg_creating/action
[0.827s] -- Up-to-date: /home/zzq/Desktop/ros2_ws/install/srv_msg_creating/local/lib/python3.10/dist-packages/srv_msg_creating/action/__init__.py
[0.828s] -- Up-to-date: /home/zzq/Desktop/ros2_ws/install/srv_msg_creating/local/lib/python3.10/dist-packages/srv_msg_creating/action/_move_circle.py
[0.828s] -- Up-to-date: /home/zzq/Desktop/ros2_ws/install/srv_msg_creating/local/lib/python3.10/dist-packages/srv_msg_creating/action/_move_circle_s.c
[0.828s] -- Up-to-date: /home/zzq/Desktop/ros2_ws/install/srv_msg_creating/local/lib/python3.10/dist-packages/srv_msg_creating/_srv_msg_creating_s.ep.rosidl_typesupport_fastrtps_c.c
[0.828s] -- Up-to-date: /home/zzq/Desktop/ros2_ws/install/srv_msg_creating/local/lib/python3.10/dist-packages/srv_msg_creating/msg
[0.828s] -- Up-to-date: /home/zzq/Desktop/ros2_ws/install/srv_msg_creating/local/lib/python3.10/dist-packages/srv_msg_creating/msg/__init__.py
[0.828s] -- Up-to-date: /home/zzq/Desktop/ros2_ws/install/srv_msg_creating/local/lib/python3.10/dist-packages/srv_msg_creating/msg/_num.py
[0.828s] -- Up-to-date: /home/zzq/Desktop/ros2_ws/install/srv_msg_creating/local/lib/python3.10/dist-packages/srv_msg_creating/msg/_num_s.c
[0.828s] -- Up-to-date: /home/zzq/Desktop/ros2_ws/install/srv_msg_creating/local/lib/python3.10/dist-packages/srv_msg_creating/srv
[0.828s] -- Up-to-date: /home/zzq/Desktop/ros2_ws/install/srv_msg_creating/local/lib/python3.10/dist-packages/srv_msg_creating/srv/_add_three_ints_s.c
[0.828s] -- Up-to-date: /home/zzq/Desktop/ros2_ws/install/srv_msg_creating/local/lib/python3.10/dist-packages/srv_msg_creating/srv/_add_three_ints.py
[0.828s] -- Up-to-date: /home/zzq/Desktop/ros2_ws/install/srv_msg_creating/local/lib/python3.10/dist-packages/srv_msg_creating/srv/__init__.py
[0.828s] -- Up-to-date: /home/zzq/Desktop/ros2_ws/install/srv_msg_creating/local/lib/python3.10/dist-packages/srv_msg_creating/__init__.py
[0.828s] -- Up-to-date: /home/zzq/Desktop/ros2_ws/install/srv_msg_creating/local/lib/python3.10/dist-packages/srv_msg_creating/srv_msg_creating_s__rosidl_typesupport_introspection_c.cpython-310-x86_64-linux-gnu.so
[0.828s] -- Up-to-date: /home/zzq/Desktop/ros2_ws/install/srv_msg_creating/local/lib/python3.10/dist-packages/srv_msg_creating/_srv_msg_creating_s.ep.rosidl_typesupport_introspection_c.c
[0.828s] -- Up-to-date: /home/zzq/Desktop/ros2_ws/install/srv_msg_creating/local/lib/python3.10/dist-packages/srv_msg_creating/libsrv_msg_creating__rosidl_generator_py.so
[0.828s] -- Up-to-date: /home/zzq/Desktop/ros2_ws/install/srv_msg_creating/local/lib/python3.10/dist-packages/srv_msg_creating/srv_msg_creating_s__rosidl_typesupport_fastrtps_c.cpython-310-x86_64-linux-gnu.so
[0.844s] Listing '/home/zzq/Desktop/ros2_ws/install/srv_msg_creating/local/lib/python3.10/dist-packages/srv_msg_creating'...
[0.844s] Listing '/home/zzq/Desktop/ros2_ws/install/srv_msg_creating/local/lib/python3.10/dist-packages/srv_msg_creating/action'...
[0.844s] Listing '/home/zzq/Desktop/ros2_ws/install/srv_msg_creating/local/lib/python3.10/dist-packages/srv_msg_creating/msg'...
[0.844s] Listing '/home/zzq/Desktop/ros2_ws/install/srv_msg_creating/local/lib/python3.10/dist-packages/srv_msg_creating/srv'...
[0.846s] -- Up-to-date: /home/zzq/Desktop/ros2_ws/install/srv_msg_creating/local/lib/python3.10/dist-packages/srv_msg_creating/srv_msg_creating_s__rosidl_typesupport_fastrtps_c.cpython-310-x86_64-linux-gnu.so
[0.846s] -- Up-to-date: /home/zzq/Desktop/ros2_ws/install/srv_msg_creating/local/lib/python3.10/dist-packages/srv_msg_creating/srv_msg_creating_s__rosidl_typesupport_introspection_c.cpython-310-x86_64-linux-gnu.so
[0.846s] -- Up-to-date: /home/zzq/Desktop/ros2_ws/install/srv_msg_creating/local/lib/python3.10/dist-packages/srv_msg_creating/srv_msg_creating_s__rosidl_typesupport_c.cpython-310-x86_64-linux-gnu.so
[0.847s] -- Up-to-date: /home/zzq/Desktop/ros2_ws/install/srv_msg_creating/lib/libsrv_msg_creating__rosidl_generator_py.so
[0.847s] -- Up-to-date: /home/zzq/Desktop/ros2_ws/install/srv_msg_creating/share/srv_msg_creating/msg/Num.idl
[0.847s] -- Up-to-date: /home/zzq/Desktop/ros2_ws/install/srv_msg_creating/share/srv_msg_creating/srv/AddThreeInts.idl
[0.847s] -- Up-to-date: /home/zzq/Desktop/ros2_ws/install/srv_msg_creating/share/srv_msg_creating/action/MoveCircle.idl
[0.847s] -- Up-to-date: /home/zzq/Desktop/ros2_ws/install/srv_msg_creating/share/srv_msg_creating/msg/Num.msg
[0.847s] -- Up-to-date: /home/zzq/Desktop/ros2_ws/install/srv_msg_creating/share/srv_msg_creating/srv/AddThreeInts.srv
[0.847s] -- Up-to-date: /home/zzq/Desktop/ros2_ws/install/srv_msg_creating/share/srv_msg_creating/srv/AddThreeInts_Request.msg
[0.847s] -- Up-to-date: /home/zzq/Desktop/ros2_ws/install/srv_msg_creating/share/srv_msg_creating/srv/AddThreeInts_Response.msg
[0.847s] -- Up-to-date: /home/zzq/Desktop/ros2_ws/install/srv_msg_creating/share/srv_msg_creating/action/MoveCircle.action
[0.847s] -- Up-to-date: /home/zzq/Desktop/ros2_ws/install/srv_msg_creating/share/ament_index/resource_index/package_run_dependencies/srv_msg_creating
[0.847s] -- Up-to-date: /home/zzq/Desktop/ros2_ws/install/srv_msg_creating/share/ament_index/resource_index/parent_prefix_path/srv_msg_creating
[0.847s] -- Up-to-date: /home/zzq/Desktop/ros2_ws/install/srv_msg_creating/share/srv_msg_creating/environment/ament_prefix_path.sh
[0.847s] -- Up-to-date: /home/zzq/Desktop/ros2_ws/install/srv_msg_creating/share/srv_msg_creating/environment/ament_prefix_path.dsv
[0.848s] -- Up-to-date: /home/zzq/Desktop/ros2_ws/install/srv_msg_creating/share/srv_msg_creating/environment/path.sh
[0.848s] -- Up-to-date: /home/zzq/Desktop/ros2_ws/install/srv_msg_creating/share/srv_msg_creating/environment/path.dsv
[0.848s] -- Up-to-date: /home/zzq/Desktop/ros2_ws/install/srv_msg_creating/share/srv_msg_creating/local_setup.bash
[0.848s] -- Up-to-date: /home/zzq/Desktop/ros2_ws/install/srv_msg_creating/share/srv_msg_creating/local_setup.sh
[0.848s] -- Up-to-date: /home/zzq/Desktop/ros2_ws/install/srv_msg_creating/share/srv_msg_creating/local_setup.zsh
[0.848s] -- Up-to-date: /home/zzq/Desktop/ros2_ws/install/srv_msg_creating/share/srv_msg_creating/local_setup.dsv
[0.848s] -- Installing: /home/zzq/Desktop/ros2_ws/install/srv_msg_creating/share/srv_msg_creating/package.dsv
[0.848s] -- Up-to-date: /home/zzq/Desktop/ros2_ws/install/srv_msg_creating/share/ament_index/resource_index/packages/srv_msg_creating
[0.848s] -- Up-to-date: /home/zzq/Desktop/ros2_ws/install/srv_msg_creating/share/srv_msg_creating/cmake/export_srv_msg_creating__rosidl_generator_cExport.cmake
[0.848s] -- Up-to-date: /home/zzq/Desktop/ros2_ws/install/srv_msg_creating/share/srv_msg_creating/cmake/export_srv_msg_creating__rosidl_generator_cExport-noconfig.cmake
[0.848s] -- Up-to-date: /home/zzq/Desktop/ros2_ws/install/srv_msg_creating/share/srv_msg_creating/cmake/export_srv_msg_creating__rosidl_typesupport_fastrtps_cExport.cmake
[0.848s] -- Up-to-date: /home/zzq/Desktop/ros2_ws/install/srv_msg_creating/share/srv_msg_creating/cmake/export_srv_msg_creating__rosidl_typesupport_fastrtps_cExport-noconfig.cmake
[0.848s] -- Up-to-date: /home/zzq/Desktop/ros2_ws/install/srv_msg_creating/share/srv_msg_creating/cmake/srv_msg_creating__rosidl_typesupport_introspection_cExport.cmake
[0.848s] -- Up-to-date: /home/zzq/Desktop/ros2_ws/install/srv_msg_creating/share/srv_msg_creating/cmake/srv_msg_creating__rosidl_typesupport_introspection_cExport-noconfig.cmake
[0.848s] -- Up-to-date: /home/zzq/Desktop/ros2_ws/install/srv_msg_creating/share/srv_msg_creating/cmake/srv_msg_creating__rosidl_typesupport_cExport.cmake
[0.848s] -- Up-to-date: /home/zzq/Desktop/ros2_ws/install/srv_msg_creating/share/srv_msg_creating/cmake/srv_msg_creating__rosidl_typesupport_cExport-noconfig.cmake
[0.848s] -- Up-to-date: /home/zzq/Desktop/ros2_ws/install/srv_msg_creating/share/srv_msg_creating/cmake/export_srv_msg_creating__rosidl_generator_cppExport.cmake
[0.848s] -- Up-to-date: /home/zzq/Desktop/ros2_ws/install/srv_msg_creating/share/srv_msg_creating/cmake/export_srv_msg_creating__rosidl_typesupport_fastrtps_cppExport.cmake
[0.848s] -- Up-to-date: /home/zzq/Desktop/ros2_ws/install/srv_msg_creating/share/srv_msg_creating/cmake/export_srv_msg_creating__rosidl_typesupport_fastrtps_cppExport-noconfig.cmake
[0.848s] -- Up-to-date: /home/zzq/Desktop/ros2_ws/install/srv_msg_creating/share/srv_msg_creating/cmake/srv_msg_creating__rosidl_typesupport_introspection_cppExport.cmake
[0.849s] -- Up-to-date: /home/zzq/Desktop/ros2_ws/install/srv_msg_creating/share/srv_msg_creating/cmake/srv_msg_creating__rosidl_typesupport_introspection_cppExport-noconfig.cmake
[0.849s] -- Up-to-date: /home/zzq/Desktop/ros2_ws/install/srv_msg_creating/share/srv_msg_creating/cmake/srv_msg_creating__rosidl_typesupport_cppExport.cmake
[0.849s] -- Up-to-date: /home/zzq/Desktop/ros2_ws/install/srv_msg_creating/share/srv_msg_creating/cmake/srv_msg_creating__rosidl_typesupport_cppExport-noconfig.cmake
[0.849s] -- Up-to-date: /home/zzq/Desktop/ros2_ws/install/srv_msg_creating/share/srv_msg_creating/cmake/export_srv_msg_creating__rosidl_generator_pyExport.cmake
[0.849s] -- Up-to-date: /home/zzq/Desktop/ros2_ws/install/srv_msg_creating/share/srv_msg_creating/cmake/export_srv_msg_creating__rosidl_generator_pyExport-noconfig.cmake
[0.849s] -- Up-to-date: /home/zzq/Desktop/ros2_ws/install/srv_msg_creating/share/srv_msg_creating/cmake/rosidl_cmake-extras.cmake
[0.849s] -- Up-to-date: /home/zzq/Desktop/ros2_ws/install/srv_msg_creating/share/srv_msg_creating/cmake/ament_cmake_export_dependencies-extras.cmake
[0.849s] -- Up-to-date: /home/zzq/Desktop/ros2_ws/install/srv_msg_creating/share/srv_msg_creating/cmake/ament_cmake_export_include_directories-extras.cmake
[0.849s] -- Up-to-date: /home/zzq/Desktop/ros2_ws/install/srv_msg_creating/share/srv_msg_creating/cmake/ament_cmake_export_libraries-extras.cmake
[0.849s] -- Up-to-date: /home/zzq/Desktop/ros2_ws/install/srv_msg_creating/share/srv_msg_creating/cmake/ament_cmake_export_targets-extras.cmake
[0.849s] -- Up-to-date: /home/zzq/Desktop/ros2_ws/install/srv_msg_creating/share/srv_msg_creating/cmake/rosidl_cmake_export_typesupport_targets-extras.cmake
[0.849s] -- Up-to-date: /home/zzq/Desktop/ros2_ws/install/srv_msg_creating/share/srv_msg_creating/cmake/rosidl_cmake_export_typesupport_libraries-extras.cmake
[0.849s] -- Up-to-date: /home/zzq/Desktop/ros2_ws/install/srv_msg_creating/share/srv_msg_creating/cmake/srv_msg_creatingConfig.cmake
[0.849s] -- Up-to-date: /home/zzq/Desktop/ros2_ws/install/srv_msg_creating/share/srv_msg_creating/cmake/srv_msg_creatingConfig-version.cmake
[0.849s] -- Up-to-date: /home/zzq/Desktop/ros2_ws/install/srv_msg_creating/share/srv_msg_creating/package.xml
[0.851s] Invoked command in '/home/zzq/Desktop/ros2_ws/build/srv_msg_creating' returned '0': CMAKE_PREFIX_PATH=${CMAKE_PREFIX_PATH}:/home/zzq/Desktop/ros2_ws/install/HTW_imu:/home/zzq/Desktop/ros2_ws/install/srv_msg_creating_py:/home/zzq/Desktop/ros2_ws/install/service_client_py:/home/zzq/Desktop/ros2_ws/install/beginner_py:/home/zzq/Desktop/ros2_ws/install/Action_turtle:/home/zzq/Desktop/GYH_ws/install/learning_urdf:/home/zzq/Desktop/GYH_ws/install/learning_topic:/home/zzq/Desktop/GYH_ws/install/learning_tf:/home/zzq/Desktop/GYH_ws/install/learning_service:/home/zzq/Desktop/GYH_ws/install/learning_qos:/home/zzq/Desktop/GYH_ws/install/learning_pkg_python:/home/zzq/Desktop/GYH_ws/install/learning_parameter:/home/zzq/Desktop/GYH_ws/install/learning_node:/home/zzq/Desktop/GYH_ws/install/learning_launch:/home/zzq/Desktop/GYH_ws/install/learning_action:/home/zzq/Desktop/GYH_ws/install/learning_gazebo:/home/zzq/Desktop/GYH_ws/install/learning_cv:/opt/ros/humble /usr/bin/cmake --install /home/zzq/Desktop/ros2_ws/build/srv_msg_creating
