[0.051s] DEBUG:colcon:Command line arguments: ['/usr/bin/colcon', 'build', '--symlink-install', '--event-handlers', 'console_cohesion+', '--base-paths', '/home/zzq/Desktop/ros2_ws', '--cmake-args', '-DCMAKE_BUILD_TYPE=RelWithDebInfo']
[0.051s] DEBUG:colcon:Parsed command line arguments: Namespace(log_base=None, log_level=None, verb_name='build', build_base='build', install_base='install', merge_install=False, symlink_install=True, test_result_base=None, continue_on_error=False, executor='parallel', parallel_workers=32, event_handlers=['console_cohesion+'], ignore_user_meta=False, metas=['./colcon.meta'], base_paths=['/home/zzq/Desktop/ros2_ws'], packages_ignore=None, packages_ignore_regex=None, paths=None, packages_up_to=None, packages_up_to_regex=None, packages_above=None, packages_above_and_dependencies=None, packages_above_depth=None, packages_select_by_dep=None, packages_skip_by_dep=None, packages_skip_up_to=None, packages_select_build_failed=False, packages_skip_build_finished=False, packages_select_test_failures=False, packages_skip_test_passed=False, packages_select=None, packages_skip=None, packages_select_regex=None, packages_skip_regex=None, packages_start=None, packages_end=None, allow_overriding=[], cmake_args=['-DCMAKE_BUILD_TYPE=RelWithDebInfo'], cmake_target=None, cmake_target_skip_unavailable=False, cmake_clean_cache=False, cmake_clean_first=False, cmake_force_configure=False, ament_cmake_args=None, catkin_cmake_args=None, catkin_skip_building_tests=False, verb_parser=<colcon_defaults.argument_parser.defaults.DefaultArgumentsDecorator object at 0x72d56d0de620>, verb_extension=<colcon_core.verb.build.BuildVerb object at 0x72d56d257160>, main=<bound method BuildVerb.main of <colcon_core.verb.build.BuildVerb object at 0x72d56d257160>>)
[0.137s] Level 1:colcon.colcon_core.package_discovery:discover_packages(colcon_meta) check parameters
[0.137s] Level 1:colcon.colcon_core.package_discovery:discover_packages(recursive) check parameters
[0.137s] Level 1:colcon.colcon_core.package_discovery:discover_packages(ignore) check parameters
[0.137s] Level 1:colcon.colcon_core.package_discovery:discover_packages(path) check parameters
[0.137s] Level 1:colcon.colcon_core.package_discovery:discover_packages(recursive) discover
[0.137s] INFO:colcon.colcon_core.package_discovery:Crawling recursively for packages in '/home/zzq/Desktop/ros2_ws'
[0.137s] Level 1:colcon.colcon_core.package_identification:_identify(/home/zzq/Desktop/ros2_ws) by extensions ['ignore', 'ignore_ament_install']
[0.137s] Level 1:colcon.colcon_core.package_identification:_identify(/home/zzq/Desktop/ros2_ws) by extension 'ignore'
[0.137s] Level 1:colcon.colcon_core.package_identification:_identify(/home/zzq/Desktop/ros2_ws) by extension 'ignore_ament_install'
[0.137s] Level 1:colcon.colcon_core.package_identification:_identify(/home/zzq/Desktop/ros2_ws) by extensions ['colcon_pkg']
[0.137s] Level 1:colcon.colcon_core.package_identification:_identify(/home/zzq/Desktop/ros2_ws) by extension 'colcon_pkg'
[0.137s] Level 1:colcon.colcon_core.package_identification:_identify(/home/zzq/Desktop/ros2_ws) by extensions ['colcon_meta']
[0.137s] Level 1:colcon.colcon_core.package_identification:_identify(/home/zzq/Desktop/ros2_ws) by extension 'colcon_meta'
[0.137s] Level 1:colcon.colcon_core.package_identification:_identify(/home/zzq/Desktop/ros2_ws) by extensions ['ros']
[0.137s] Level 1:colcon.colcon_core.package_identification:_identify(/home/zzq/Desktop/ros2_ws) by extension 'ros'
[0.152s] Level 1:colcon.colcon_core.package_identification:_identify(/home/zzq/Desktop/ros2_ws) by extensions ['cmake', 'python']
[0.152s] Level 1:colcon.colcon_core.package_identification:_identify(/home/zzq/Desktop/ros2_ws) by extension 'cmake'
[0.152s] Level 1:colcon.colcon_core.package_identification:_identify(/home/zzq/Desktop/ros2_ws) by extension 'python'
[0.152s] Level 1:colcon.colcon_core.package_identification:_identify(/home/zzq/Desktop/ros2_ws) by extensions ['python_setup_py']
[0.152s] Level 1:colcon.colcon_core.package_identification:_identify(/home/zzq/Desktop/ros2_ws) by extension 'python_setup_py'
[0.152s] Level 1:colcon.colcon_core.package_identification:_identify(/home/zzq/Desktop/ros2_ws/build) by extensions ['ignore', 'ignore_ament_install']
[0.152s] Level 1:colcon.colcon_core.package_identification:_identify(/home/zzq/Desktop/ros2_ws/build) by extension 'ignore'
[0.152s] Level 1:colcon.colcon_core.package_identification:_identify(/home/zzq/Desktop/ros2_ws/build) ignored
[0.152s] Level 1:colcon.colcon_core.package_identification:_identify(/home/zzq/Desktop/ros2_ws/images) by extensions ['ignore', 'ignore_ament_install']
[0.152s] Level 1:colcon.colcon_core.package_identification:_identify(/home/zzq/Desktop/ros2_ws/images) by extension 'ignore'
[0.152s] Level 1:colcon.colcon_core.package_identification:_identify(/home/zzq/Desktop/ros2_ws/images) by extension 'ignore_ament_install'
[0.152s] Level 1:colcon.colcon_core.package_identification:_identify(/home/zzq/Desktop/ros2_ws/images) by extensions ['colcon_pkg']
[0.152s] Level 1:colcon.colcon_core.package_identification:_identify(/home/zzq/Desktop/ros2_ws/images) by extension 'colcon_pkg'
[0.152s] Level 1:colcon.colcon_core.package_identification:_identify(/home/zzq/Desktop/ros2_ws/images) by extensions ['colcon_meta']
[0.152s] Level 1:colcon.colcon_core.package_identification:_identify(/home/zzq/Desktop/ros2_ws/images) by extension 'colcon_meta'
[0.152s] Level 1:colcon.colcon_core.package_identification:_identify(/home/zzq/Desktop/ros2_ws/images) by extensions ['ros']
[0.152s] Level 1:colcon.colcon_core.package_identification:_identify(/home/zzq/Desktop/ros2_ws/images) by extension 'ros'
[0.152s] Level 1:colcon.colcon_core.package_identification:_identify(/home/zzq/Desktop/ros2_ws/images) by extensions ['cmake', 'python']
[0.152s] Level 1:colcon.colcon_core.package_identification:_identify(/home/zzq/Desktop/ros2_ws/images) by extension 'cmake'
[0.152s] Level 1:colcon.colcon_core.package_identification:_identify(/home/zzq/Desktop/ros2_ws/images) by extension 'python'
[0.152s] Level 1:colcon.colcon_core.package_identification:_identify(/home/zzq/Desktop/ros2_ws/images) by extensions ['python_setup_py']
[0.152s] Level 1:colcon.colcon_core.package_identification:_identify(/home/zzq/Desktop/ros2_ws/images) by extension 'python_setup_py'
[0.153s] Level 1:colcon.colcon_core.package_identification:_identify(/home/zzq/Desktop/ros2_ws/install) by extensions ['ignore', 'ignore_ament_install']
[0.153s] Level 1:colcon.colcon_core.package_identification:_identify(/home/zzq/Desktop/ros2_ws/install) by extension 'ignore'
[0.153s] Level 1:colcon.colcon_core.package_identification:_identify(/home/zzq/Desktop/ros2_ws/install) ignored
[0.153s] Level 1:colcon.colcon_core.package_identification:_identify(/home/zzq/Desktop/ros2_ws/log) by extensions ['ignore', 'ignore_ament_install']
[0.153s] Level 1:colcon.colcon_core.package_identification:_identify(/home/zzq/Desktop/ros2_ws/log) by extension 'ignore'
[0.153s] Level 1:colcon.colcon_core.package_identification:_identify(/home/zzq/Desktop/ros2_ws/log) ignored
[0.153s] Level 1:colcon.colcon_core.package_identification:_identify(/home/zzq/Desktop/ros2_ws/src) by extensions ['ignore', 'ignore_ament_install']
[0.153s] Level 1:colcon.colcon_core.package_identification:_identify(/home/zzq/Desktop/ros2_ws/src) by extension 'ignore'
[0.153s] Level 1:colcon.colcon_core.package_identification:_identify(/home/zzq/Desktop/ros2_ws/src) by extension 'ignore_ament_install'
[0.153s] Level 1:colcon.colcon_core.package_identification:_identify(/home/zzq/Desktop/ros2_ws/src) by extensions ['colcon_pkg']
[0.153s] Level 1:colcon.colcon_core.package_identification:_identify(/home/zzq/Desktop/ros2_ws/src) by extension 'colcon_pkg'
[0.153s] Level 1:colcon.colcon_core.package_identification:_identify(/home/zzq/Desktop/ros2_ws/src) by extensions ['colcon_meta']
[0.153s] Level 1:colcon.colcon_core.package_identification:_identify(/home/zzq/Desktop/ros2_ws/src) by extension 'colcon_meta'
[0.153s] Level 1:colcon.colcon_core.package_identification:_identify(/home/zzq/Desktop/ros2_ws/src) by extensions ['ros']
[0.153s] Level 1:colcon.colcon_core.package_identification:_identify(/home/zzq/Desktop/ros2_ws/src) by extension 'ros'
[0.153s] Level 1:colcon.colcon_core.package_identification:_identify(/home/zzq/Desktop/ros2_ws/src) by extensions ['cmake', 'python']
[0.153s] Level 1:colcon.colcon_core.package_identification:_identify(/home/zzq/Desktop/ros2_ws/src) by extension 'cmake'
[0.153s] Level 1:colcon.colcon_core.package_identification:_identify(/home/zzq/Desktop/ros2_ws/src) by extension 'python'
[0.153s] Level 1:colcon.colcon_core.package_identification:_identify(/home/zzq/Desktop/ros2_ws/src) by extensions ['python_setup_py']
[0.153s] Level 1:colcon.colcon_core.package_identification:_identify(/home/zzq/Desktop/ros2_ws/src) by extension 'python_setup_py'
[0.153s] Level 1:colcon.colcon_core.package_identification:_identify(/home/zzq/Desktop/ros2_ws/src/Action_turtle) by extensions ['ignore', 'ignore_ament_install']
[0.153s] Level 1:colcon.colcon_core.package_identification:_identify(/home/zzq/Desktop/ros2_ws/src/Action_turtle) by extension 'ignore'
[0.153s] Level 1:colcon.colcon_core.package_identification:_identify(/home/zzq/Desktop/ros2_ws/src/Action_turtle) by extension 'ignore_ament_install'
[0.153s] Level 1:colcon.colcon_core.package_identification:_identify(/home/zzq/Desktop/ros2_ws/src/Action_turtle) by extensions ['colcon_pkg']
[0.153s] Level 1:colcon.colcon_core.package_identification:_identify(/home/zzq/Desktop/ros2_ws/src/Action_turtle) by extension 'colcon_pkg'
[0.153s] Level 1:colcon.colcon_core.package_identification:_identify(/home/zzq/Desktop/ros2_ws/src/Action_turtle) by extensions ['colcon_meta']
[0.153s] Level 1:colcon.colcon_core.package_identification:_identify(/home/zzq/Desktop/ros2_ws/src/Action_turtle) by extension 'colcon_meta'
[0.153s] Level 1:colcon.colcon_core.package_identification:_identify(/home/zzq/Desktop/ros2_ws/src/Action_turtle) by extensions ['ros']
[0.153s] Level 1:colcon.colcon_core.package_identification:_identify(/home/zzq/Desktop/ros2_ws/src/Action_turtle) by extension 'ros'
[0.154s] DEBUG:colcon.colcon_core.package_identification:Package '/home/zzq/Desktop/ros2_ws/src/Action_turtle' with type 'ros.ament_python' and name 'Action_turtle'
[0.154s] Level 1:colcon.colcon_core.package_identification:_identify(/home/zzq/Desktop/ros2_ws/src/HWT_imu) by extensions ['ignore', 'ignore_ament_install']
[0.155s] Level 1:colcon.colcon_core.package_identification:_identify(/home/zzq/Desktop/ros2_ws/src/HWT_imu) by extension 'ignore'
[0.155s] Level 1:colcon.colcon_core.package_identification:_identify(/home/zzq/Desktop/ros2_ws/src/HWT_imu) by extension 'ignore_ament_install'
[0.155s] Level 1:colcon.colcon_core.package_identification:_identify(/home/zzq/Desktop/ros2_ws/src/HWT_imu) by extensions ['colcon_pkg']
[0.155s] Level 1:colcon.colcon_core.package_identification:_identify(/home/zzq/Desktop/ros2_ws/src/HWT_imu) by extension 'colcon_pkg'
[0.155s] Level 1:colcon.colcon_core.package_identification:_identify(/home/zzq/Desktop/ros2_ws/src/HWT_imu) by extensions ['colcon_meta']
[0.155s] Level 1:colcon.colcon_core.package_identification:_identify(/home/zzq/Desktop/ros2_ws/src/HWT_imu) by extension 'colcon_meta'
[0.155s] Level 1:colcon.colcon_core.package_identification:_identify(/home/zzq/Desktop/ros2_ws/src/HWT_imu) by extensions ['ros']
[0.155s] Level 1:colcon.colcon_core.package_identification:_identify(/home/zzq/Desktop/ros2_ws/src/HWT_imu) by extension 'ros'
[0.155s] DEBUG:colcon.colcon_core.package_identification:Package '/home/zzq/Desktop/ros2_ws/src/HWT_imu' with type 'ros.ament_python' and name 'HTW_imu'
[0.155s] Level 1:colcon.colcon_core.package_identification:_identify(/home/zzq/Desktop/ros2_ws/src/beginner) by extensions ['ignore', 'ignore_ament_install']
[0.155s] Level 1:colcon.colcon_core.package_identification:_identify(/home/zzq/Desktop/ros2_ws/src/beginner) by extension 'ignore'
[0.155s] Level 1:colcon.colcon_core.package_identification:_identify(/home/zzq/Desktop/ros2_ws/src/beginner) by extension 'ignore_ament_install'
[0.155s] Level 1:colcon.colcon_core.package_identification:_identify(/home/zzq/Desktop/ros2_ws/src/beginner) by extensions ['colcon_pkg']
[0.155s] Level 1:colcon.colcon_core.package_identification:_identify(/home/zzq/Desktop/ros2_ws/src/beginner) by extension 'colcon_pkg'
[0.155s] Level 1:colcon.colcon_core.package_identification:_identify(/home/zzq/Desktop/ros2_ws/src/beginner) by extensions ['colcon_meta']
[0.155s] Level 1:colcon.colcon_core.package_identification:_identify(/home/zzq/Desktop/ros2_ws/src/beginner) by extension 'colcon_meta'
[0.155s] Level 1:colcon.colcon_core.package_identification:_identify(/home/zzq/Desktop/ros2_ws/src/beginner) by extensions ['ros']
[0.155s] Level 1:colcon.colcon_core.package_identification:_identify(/home/zzq/Desktop/ros2_ws/src/beginner) by extension 'ros'
[0.155s] DEBUG:colcon.colcon_core.package_identification:Package '/home/zzq/Desktop/ros2_ws/src/beginner' with type 'ros.ament_cmake' and name 'beginner'
[0.155s] Level 1:colcon.colcon_core.package_identification:_identify(/home/zzq/Desktop/ros2_ws/src/beginner_py) by extensions ['ignore', 'ignore_ament_install']
[0.155s] Level 1:colcon.colcon_core.package_identification:_identify(/home/zzq/Desktop/ros2_ws/src/beginner_py) by extension 'ignore'
[0.156s] Level 1:colcon.colcon_core.package_identification:_identify(/home/zzq/Desktop/ros2_ws/src/beginner_py) by extension 'ignore_ament_install'
[0.156s] Level 1:colcon.colcon_core.package_identification:_identify(/home/zzq/Desktop/ros2_ws/src/beginner_py) by extensions ['colcon_pkg']
[0.156s] Level 1:colcon.colcon_core.package_identification:_identify(/home/zzq/Desktop/ros2_ws/src/beginner_py) by extension 'colcon_pkg'
[0.156s] Level 1:colcon.colcon_core.package_identification:_identify(/home/zzq/Desktop/ros2_ws/src/beginner_py) by extensions ['colcon_meta']
[0.156s] Level 1:colcon.colcon_core.package_identification:_identify(/home/zzq/Desktop/ros2_ws/src/beginner_py) by extension 'colcon_meta'
[0.156s] Level 1:colcon.colcon_core.package_identification:_identify(/home/zzq/Desktop/ros2_ws/src/beginner_py) by extensions ['ros']
[0.156s] Level 1:colcon.colcon_core.package_identification:_identify(/home/zzq/Desktop/ros2_ws/src/beginner_py) by extension 'ros'
[0.156s] DEBUG:colcon.colcon_core.package_identification:Package '/home/zzq/Desktop/ros2_ws/src/beginner_py' with type 'ros.ament_python' and name 'beginner_py'
[0.156s] Level 1:colcon.colcon_core.package_identification:_identify(/home/zzq/Desktop/ros2_ws/src/beitong_joy) by extensions ['ignore', 'ignore_ament_install']
[0.156s] Level 1:colcon.colcon_core.package_identification:_identify(/home/zzq/Desktop/ros2_ws/src/beitong_joy) by extension 'ignore'
[0.156s] Level 1:colcon.colcon_core.package_identification:_identify(/home/zzq/Desktop/ros2_ws/src/beitong_joy) by extension 'ignore_ament_install'
[0.156s] Level 1:colcon.colcon_core.package_identification:_identify(/home/zzq/Desktop/ros2_ws/src/beitong_joy) by extensions ['colcon_pkg']
[0.156s] Level 1:colcon.colcon_core.package_identification:_identify(/home/zzq/Desktop/ros2_ws/src/beitong_joy) by extension 'colcon_pkg'
[0.156s] Level 1:colcon.colcon_core.package_identification:_identify(/home/zzq/Desktop/ros2_ws/src/beitong_joy) by extensions ['colcon_meta']
[0.156s] Level 1:colcon.colcon_core.package_identification:_identify(/home/zzq/Desktop/ros2_ws/src/beitong_joy) by extension 'colcon_meta'
[0.156s] Level 1:colcon.colcon_core.package_identification:_identify(/home/zzq/Desktop/ros2_ws/src/beitong_joy) by extensions ['ros']
[0.156s] Level 1:colcon.colcon_core.package_identification:_identify(/home/zzq/Desktop/ros2_ws/src/beitong_joy) by extension 'ros'
[0.156s] DEBUG:colcon.colcon_core.package_identification:Package '/home/zzq/Desktop/ros2_ws/src/beitong_joy' with type 'ros.ament_python' and name 'beitong_joy'
[0.156s] Level 1:colcon.colcon_core.package_identification:_identify(/home/zzq/Desktop/ros2_ws/src/pavo_lidar) by extensions ['ignore', 'ignore_ament_install']
[0.156s] Level 1:colcon.colcon_core.package_identification:_identify(/home/zzq/Desktop/ros2_ws/src/pavo_lidar) by extension 'ignore'
[0.156s] Level 1:colcon.colcon_core.package_identification:_identify(/home/zzq/Desktop/ros2_ws/src/pavo_lidar) by extension 'ignore_ament_install'
[0.156s] Level 1:colcon.colcon_core.package_identification:_identify(/home/zzq/Desktop/ros2_ws/src/pavo_lidar) by extensions ['colcon_pkg']
[0.156s] Level 1:colcon.colcon_core.package_identification:_identify(/home/zzq/Desktop/ros2_ws/src/pavo_lidar) by extension 'colcon_pkg'
[0.156s] Level 1:colcon.colcon_core.package_identification:_identify(/home/zzq/Desktop/ros2_ws/src/pavo_lidar) by extensions ['colcon_meta']
[0.156s] Level 1:colcon.colcon_core.package_identification:_identify(/home/zzq/Desktop/ros2_ws/src/pavo_lidar) by extension 'colcon_meta'
[0.157s] Level 1:colcon.colcon_core.package_identification:_identify(/home/zzq/Desktop/ros2_ws/src/pavo_lidar) by extensions ['ros']
[0.157s] Level 1:colcon.colcon_core.package_identification:_identify(/home/zzq/Desktop/ros2_ws/src/pavo_lidar) by extension 'ros'
[0.157s] DEBUG:colcon.colcon_core.package_identification:Package '/home/zzq/Desktop/ros2_ws/src/pavo_lidar' with type 'ros.ament_cmake' and name 'pavo_lidar'
[0.157s] Level 1:colcon.colcon_core.package_identification:_identify(/home/zzq/Desktop/ros2_ws/src/service_client_py) by extensions ['ignore', 'ignore_ament_install']
[0.157s] Level 1:colcon.colcon_core.package_identification:_identify(/home/zzq/Desktop/ros2_ws/src/service_client_py) by extension 'ignore'
[0.157s] Level 1:colcon.colcon_core.package_identification:_identify(/home/zzq/Desktop/ros2_ws/src/service_client_py) by extension 'ignore_ament_install'
[0.157s] Level 1:colcon.colcon_core.package_identification:_identify(/home/zzq/Desktop/ros2_ws/src/service_client_py) by extensions ['colcon_pkg']
[0.157s] Level 1:colcon.colcon_core.package_identification:_identify(/home/zzq/Desktop/ros2_ws/src/service_client_py) by extension 'colcon_pkg'
[0.157s] Level 1:colcon.colcon_core.package_identification:_identify(/home/zzq/Desktop/ros2_ws/src/service_client_py) by extensions ['colcon_meta']
[0.157s] Level 1:colcon.colcon_core.package_identification:_identify(/home/zzq/Desktop/ros2_ws/src/service_client_py) by extension 'colcon_meta'
[0.157s] Level 1:colcon.colcon_core.package_identification:_identify(/home/zzq/Desktop/ros2_ws/src/service_client_py) by extensions ['ros']
[0.157s] Level 1:colcon.colcon_core.package_identification:_identify(/home/zzq/Desktop/ros2_ws/src/service_client_py) by extension 'ros'
[0.157s] DEBUG:colcon.colcon_core.package_identification:Package '/home/zzq/Desktop/ros2_ws/src/service_client_py' with type 'ros.ament_python' and name 'service_client_py'
[0.157s] Level 1:colcon.colcon_core.package_identification:_identify(/home/zzq/Desktop/ros2_ws/src/srv_msg_creating) by extensions ['ignore', 'ignore_ament_install']
[0.157s] Level 1:colcon.colcon_core.package_identification:_identify(/home/zzq/Desktop/ros2_ws/src/srv_msg_creating) by extension 'ignore'
[0.157s] Level 1:colcon.colcon_core.package_identification:_identify(/home/zzq/Desktop/ros2_ws/src/srv_msg_creating) by extension 'ignore_ament_install'
[0.157s] Level 1:colcon.colcon_core.package_identification:_identify(/home/zzq/Desktop/ros2_ws/src/srv_msg_creating) by extensions ['colcon_pkg']
[0.157s] Level 1:colcon.colcon_core.package_identification:_identify(/home/zzq/Desktop/ros2_ws/src/srv_msg_creating) by extension 'colcon_pkg'
[0.157s] Level 1:colcon.colcon_core.package_identification:_identify(/home/zzq/Desktop/ros2_ws/src/srv_msg_creating) by extensions ['colcon_meta']
[0.157s] Level 1:colcon.colcon_core.package_identification:_identify(/home/zzq/Desktop/ros2_ws/src/srv_msg_creating) by extension 'colcon_meta'
[0.157s] Level 1:colcon.colcon_core.package_identification:_identify(/home/zzq/Desktop/ros2_ws/src/srv_msg_creating) by extensions ['ros']
[0.158s] Level 1:colcon.colcon_core.package_identification:_identify(/home/zzq/Desktop/ros2_ws/src/srv_msg_creating) by extension 'ros'
[0.158s] DEBUG:colcon.colcon_core.package_identification:Package '/home/zzq/Desktop/ros2_ws/src/srv_msg_creating' with type 'ros.ament_cmake' and name 'srv_msg_creating'
[0.158s] Level 1:colcon.colcon_core.package_discovery:discover_packages(recursive) using defaults
[0.167s] Level 1:colcon.colcon_core.package_discovery:discover_packages(prefix_path) check parameters
[0.167s] Level 1:colcon.colcon_core.package_discovery:discover_packages(prefix_path) discover
[0.169s] DEBUG:colcon.colcon_installed_package_information.package_discovery:Found 9 installed packages in /home/zzq/Desktop/ros2_ws/install
[0.169s] DEBUG:colcon.colcon_installed_package_information.package_discovery:Found 19 installed packages in /home/zzq/Desktop/GYH_ws/install
[0.169s] DEBUG:colcon.colcon_installed_package_information.package_discovery:Found 317 installed packages in /opt/ros/humble
[0.170s] Level 1:colcon.colcon_core.package_discovery:discover_packages(prefix_path) using defaults
[0.188s] Level 5:colcon.colcon_core.verb:set package 'Action_turtle' build argument 'cmake_args' from command line to '['-DCMAKE_BUILD_TYPE=RelWithDebInfo']'
[0.188s] Level 5:colcon.colcon_core.verb:set package 'Action_turtle' build argument 'cmake_target' from command line to 'None'
[0.188s] Level 5:colcon.colcon_core.verb:set package 'Action_turtle' build argument 'cmake_target_skip_unavailable' from command line to 'False'
[0.188s] Level 5:colcon.colcon_core.verb:set package 'Action_turtle' build argument 'cmake_clean_cache' from command line to 'False'
[0.188s] Level 5:colcon.colcon_core.verb:set package 'Action_turtle' build argument 'cmake_clean_first' from command line to 'False'
[0.188s] Level 5:colcon.colcon_core.verb:set package 'Action_turtle' build argument 'cmake_force_configure' from command line to 'False'
[0.188s] Level 5:colcon.colcon_core.verb:set package 'Action_turtle' build argument 'ament_cmake_args' from command line to 'None'
[0.188s] Level 5:colcon.colcon_core.verb:set package 'Action_turtle' build argument 'catkin_cmake_args' from command line to 'None'
[0.188s] Level 5:colcon.colcon_core.verb:set package 'Action_turtle' build argument 'catkin_skip_building_tests' from command line to 'False'
[0.188s] DEBUG:colcon.colcon_core.verb:Building package 'Action_turtle' with the following arguments: {'ament_cmake_args': None, 'build_base': '/home/zzq/Desktop/ros2_ws/build/Action_turtle', 'catkin_cmake_args': None, 'catkin_skip_building_tests': False, 'cmake_args': ['-DCMAKE_BUILD_TYPE=RelWithDebInfo'], 'cmake_clean_cache': False, 'cmake_clean_first': False, 'cmake_force_configure': False, 'cmake_target': None, 'cmake_target_skip_unavailable': False, 'install_base': '/home/zzq/Desktop/ros2_ws/install/Action_turtle', 'merge_install': False, 'path': '/home/zzq/Desktop/ros2_ws/src/Action_turtle', 'symlink_install': True, 'test_result_base': None}
[0.188s] Level 5:colcon.colcon_core.verb:set package 'HTW_imu' build argument 'cmake_args' from command line to '['-DCMAKE_BUILD_TYPE=RelWithDebInfo']'
[0.188s] Level 5:colcon.colcon_core.verb:set package 'HTW_imu' build argument 'cmake_target' from command line to 'None'
[0.188s] Level 5:colcon.colcon_core.verb:set package 'HTW_imu' build argument 'cmake_target_skip_unavailable' from command line to 'False'
[0.188s] Level 5:colcon.colcon_core.verb:set package 'HTW_imu' build argument 'cmake_clean_cache' from command line to 'False'
[0.188s] Level 5:colcon.colcon_core.verb:set package 'HTW_imu' build argument 'cmake_clean_first' from command line to 'False'
[0.188s] Level 5:colcon.colcon_core.verb:set package 'HTW_imu' build argument 'cmake_force_configure' from command line to 'False'
[0.188s] Level 5:colcon.colcon_core.verb:set package 'HTW_imu' build argument 'ament_cmake_args' from command line to 'None'
[0.188s] Level 5:colcon.colcon_core.verb:set package 'HTW_imu' build argument 'catkin_cmake_args' from command line to 'None'
[0.188s] Level 5:colcon.colcon_core.verb:set package 'HTW_imu' build argument 'catkin_skip_building_tests' from command line to 'False'
[0.189s] DEBUG:colcon.colcon_core.verb:Building package 'HTW_imu' with the following arguments: {'ament_cmake_args': None, 'build_base': '/home/zzq/Desktop/ros2_ws/build/HTW_imu', 'catkin_cmake_args': None, 'catkin_skip_building_tests': False, 'cmake_args': ['-DCMAKE_BUILD_TYPE=RelWithDebInfo'], 'cmake_clean_cache': False, 'cmake_clean_first': False, 'cmake_force_configure': False, 'cmake_target': None, 'cmake_target_skip_unavailable': False, 'install_base': '/home/zzq/Desktop/ros2_ws/install/HTW_imu', 'merge_install': False, 'path': '/home/zzq/Desktop/ros2_ws/src/HWT_imu', 'symlink_install': True, 'test_result_base': None}
[0.189s] Level 5:colcon.colcon_core.verb:set package 'beginner' build argument 'cmake_args' from command line to '['-DCMAKE_BUILD_TYPE=RelWithDebInfo']'
[0.189s] Level 5:colcon.colcon_core.verb:set package 'beginner' build argument 'cmake_target' from command line to 'None'
[0.189s] Level 5:colcon.colcon_core.verb:set package 'beginner' build argument 'cmake_target_skip_unavailable' from command line to 'False'
[0.189s] Level 5:colcon.colcon_core.verb:set package 'beginner' build argument 'cmake_clean_cache' from command line to 'False'
[0.189s] Level 5:colcon.colcon_core.verb:set package 'beginner' build argument 'cmake_clean_first' from command line to 'False'
[0.189s] Level 5:colcon.colcon_core.verb:set package 'beginner' build argument 'cmake_force_configure' from command line to 'False'
[0.189s] Level 5:colcon.colcon_core.verb:set package 'beginner' build argument 'ament_cmake_args' from command line to 'None'
[0.189s] Level 5:colcon.colcon_core.verb:set package 'beginner' build argument 'catkin_cmake_args' from command line to 'None'
[0.189s] Level 5:colcon.colcon_core.verb:set package 'beginner' build argument 'catkin_skip_building_tests' from command line to 'False'
[0.189s] DEBUG:colcon.colcon_core.verb:Building package 'beginner' with the following arguments: {'ament_cmake_args': None, 'build_base': '/home/zzq/Desktop/ros2_ws/build/beginner', 'catkin_cmake_args': None, 'catkin_skip_building_tests': False, 'cmake_args': ['-DCMAKE_BUILD_TYPE=RelWithDebInfo'], 'cmake_clean_cache': False, 'cmake_clean_first': False, 'cmake_force_configure': False, 'cmake_target': None, 'cmake_target_skip_unavailable': False, 'install_base': '/home/zzq/Desktop/ros2_ws/install/beginner', 'merge_install': False, 'path': '/home/zzq/Desktop/ros2_ws/src/beginner', 'symlink_install': True, 'test_result_base': None}
[0.189s] Level 5:colcon.colcon_core.verb:set package 'beginner_py' build argument 'cmake_args' from command line to '['-DCMAKE_BUILD_TYPE=RelWithDebInfo']'
[0.189s] Level 5:colcon.colcon_core.verb:set package 'beginner_py' build argument 'cmake_target' from command line to 'None'
[0.189s] Level 5:colcon.colcon_core.verb:set package 'beginner_py' build argument 'cmake_target_skip_unavailable' from command line to 'False'
[0.189s] Level 5:colcon.colcon_core.verb:set package 'beginner_py' build argument 'cmake_clean_cache' from command line to 'False'
[0.189s] Level 5:colcon.colcon_core.verb:set package 'beginner_py' build argument 'cmake_clean_first' from command line to 'False'
[0.189s] Level 5:colcon.colcon_core.verb:set package 'beginner_py' build argument 'cmake_force_configure' from command line to 'False'
[0.189s] Level 5:colcon.colcon_core.verb:set package 'beginner_py' build argument 'ament_cmake_args' from command line to 'None'
[0.189s] Level 5:colcon.colcon_core.verb:set package 'beginner_py' build argument 'catkin_cmake_args' from command line to 'None'
[0.189s] Level 5:colcon.colcon_core.verb:set package 'beginner_py' build argument 'catkin_skip_building_tests' from command line to 'False'
[0.189s] DEBUG:colcon.colcon_core.verb:Building package 'beginner_py' with the following arguments: {'ament_cmake_args': None, 'build_base': '/home/zzq/Desktop/ros2_ws/build/beginner_py', 'catkin_cmake_args': None, 'catkin_skip_building_tests': False, 'cmake_args': ['-DCMAKE_BUILD_TYPE=RelWithDebInfo'], 'cmake_clean_cache': False, 'cmake_clean_first': False, 'cmake_force_configure': False, 'cmake_target': None, 'cmake_target_skip_unavailable': False, 'install_base': '/home/zzq/Desktop/ros2_ws/install/beginner_py', 'merge_install': False, 'path': '/home/zzq/Desktop/ros2_ws/src/beginner_py', 'symlink_install': True, 'test_result_base': None}
[0.189s] Level 5:colcon.colcon_core.verb:set package 'beitong_joy' build argument 'cmake_args' from command line to '['-DCMAKE_BUILD_TYPE=RelWithDebInfo']'
[0.189s] Level 5:colcon.colcon_core.verb:set package 'beitong_joy' build argument 'cmake_target' from command line to 'None'
[0.189s] Level 5:colcon.colcon_core.verb:set package 'beitong_joy' build argument 'cmake_target_skip_unavailable' from command line to 'False'
[0.189s] Level 5:colcon.colcon_core.verb:set package 'beitong_joy' build argument 'cmake_clean_cache' from command line to 'False'
[0.189s] Level 5:colcon.colcon_core.verb:set package 'beitong_joy' build argument 'cmake_clean_first' from command line to 'False'
[0.189s] Level 5:colcon.colcon_core.verb:set package 'beitong_joy' build argument 'cmake_force_configure' from command line to 'False'
[0.189s] Level 5:colcon.colcon_core.verb:set package 'beitong_joy' build argument 'ament_cmake_args' from command line to 'None'
[0.189s] Level 5:colcon.colcon_core.verb:set package 'beitong_joy' build argument 'catkin_cmake_args' from command line to 'None'
[0.189s] Level 5:colcon.colcon_core.verb:set package 'beitong_joy' build argument 'catkin_skip_building_tests' from command line to 'False'
[0.189s] DEBUG:colcon.colcon_core.verb:Building package 'beitong_joy' with the following arguments: {'ament_cmake_args': None, 'build_base': '/home/zzq/Desktop/ros2_ws/build/beitong_joy', 'catkin_cmake_args': None, 'catkin_skip_building_tests': False, 'cmake_args': ['-DCMAKE_BUILD_TYPE=RelWithDebInfo'], 'cmake_clean_cache': False, 'cmake_clean_first': False, 'cmake_force_configure': False, 'cmake_target': None, 'cmake_target_skip_unavailable': False, 'install_base': '/home/zzq/Desktop/ros2_ws/install/beitong_joy', 'merge_install': False, 'path': '/home/zzq/Desktop/ros2_ws/src/beitong_joy', 'symlink_install': True, 'test_result_base': None}
[0.189s] Level 5:colcon.colcon_core.verb:set package 'pavo_lidar' build argument 'cmake_args' from command line to '['-DCMAKE_BUILD_TYPE=RelWithDebInfo']'
[0.189s] Level 5:colcon.colcon_core.verb:set package 'pavo_lidar' build argument 'cmake_target' from command line to 'None'
[0.189s] Level 5:colcon.colcon_core.verb:set package 'pavo_lidar' build argument 'cmake_target_skip_unavailable' from command line to 'False'
[0.189s] Level 5:colcon.colcon_core.verb:set package 'pavo_lidar' build argument 'cmake_clean_cache' from command line to 'False'
[0.189s] Level 5:colcon.colcon_core.verb:set package 'pavo_lidar' build argument 'cmake_clean_first' from command line to 'False'
[0.189s] Level 5:colcon.colcon_core.verb:set package 'pavo_lidar' build argument 'cmake_force_configure' from command line to 'False'
[0.189s] Level 5:colcon.colcon_core.verb:set package 'pavo_lidar' build argument 'ament_cmake_args' from command line to 'None'
[0.189s] Level 5:colcon.colcon_core.verb:set package 'pavo_lidar' build argument 'catkin_cmake_args' from command line to 'None'
[0.189s] Level 5:colcon.colcon_core.verb:set package 'pavo_lidar' build argument 'catkin_skip_building_tests' from command line to 'False'
[0.189s] DEBUG:colcon.colcon_core.verb:Building package 'pavo_lidar' with the following arguments: {'ament_cmake_args': None, 'build_base': '/home/zzq/Desktop/ros2_ws/build/pavo_lidar', 'catkin_cmake_args': None, 'catkin_skip_building_tests': False, 'cmake_args': ['-DCMAKE_BUILD_TYPE=RelWithDebInfo'], 'cmake_clean_cache': False, 'cmake_clean_first': False, 'cmake_force_configure': False, 'cmake_target': None, 'cmake_target_skip_unavailable': False, 'install_base': '/home/zzq/Desktop/ros2_ws/install/pavo_lidar', 'merge_install': False, 'path': '/home/zzq/Desktop/ros2_ws/src/pavo_lidar', 'symlink_install': True, 'test_result_base': None}
[0.190s] Level 5:colcon.colcon_core.verb:set package 'service_client_py' build argument 'cmake_args' from command line to '['-DCMAKE_BUILD_TYPE=RelWithDebInfo']'
[0.190s] Level 5:colcon.colcon_core.verb:set package 'service_client_py' build argument 'cmake_target' from command line to 'None'
[0.190s] Level 5:colcon.colcon_core.verb:set package 'service_client_py' build argument 'cmake_target_skip_unavailable' from command line to 'False'
[0.190s] Level 5:colcon.colcon_core.verb:set package 'service_client_py' build argument 'cmake_clean_cache' from command line to 'False'
[0.190s] Level 5:colcon.colcon_core.verb:set package 'service_client_py' build argument 'cmake_clean_first' from command line to 'False'
[0.190s] Level 5:colcon.colcon_core.verb:set package 'service_client_py' build argument 'cmake_force_configure' from command line to 'False'
[0.190s] Level 5:colcon.colcon_core.verb:set package 'service_client_py' build argument 'ament_cmake_args' from command line to 'None'
[0.190s] Level 5:colcon.colcon_core.verb:set package 'service_client_py' build argument 'catkin_cmake_args' from command line to 'None'
[0.190s] Level 5:colcon.colcon_core.verb:set package 'service_client_py' build argument 'catkin_skip_building_tests' from command line to 'False'
[0.190s] DEBUG:colcon.colcon_core.verb:Building package 'service_client_py' with the following arguments: {'ament_cmake_args': None, 'build_base': '/home/zzq/Desktop/ros2_ws/build/service_client_py', 'catkin_cmake_args': None, 'catkin_skip_building_tests': False, 'cmake_args': ['-DCMAKE_BUILD_TYPE=RelWithDebInfo'], 'cmake_clean_cache': False, 'cmake_clean_first': False, 'cmake_force_configure': False, 'cmake_target': None, 'cmake_target_skip_unavailable': False, 'install_base': '/home/zzq/Desktop/ros2_ws/install/service_client_py', 'merge_install': False, 'path': '/home/zzq/Desktop/ros2_ws/src/service_client_py', 'symlink_install': True, 'test_result_base': None}
[0.190s] Level 5:colcon.colcon_core.verb:set package 'srv_msg_creating' build argument 'cmake_args' from command line to '['-DCMAKE_BUILD_TYPE=RelWithDebInfo']'
[0.190s] Level 5:colcon.colcon_core.verb:set package 'srv_msg_creating' build argument 'cmake_target' from command line to 'None'
[0.190s] Level 5:colcon.colcon_core.verb:set package 'srv_msg_creating' build argument 'cmake_target_skip_unavailable' from command line to 'False'
[0.190s] Level 5:colcon.colcon_core.verb:set package 'srv_msg_creating' build argument 'cmake_clean_cache' from command line to 'False'
[0.190s] Level 5:colcon.colcon_core.verb:set package 'srv_msg_creating' build argument 'cmake_clean_first' from command line to 'False'
[0.190s] Level 5:colcon.colcon_core.verb:set package 'srv_msg_creating' build argument 'cmake_force_configure' from command line to 'False'
[0.190s] Level 5:colcon.colcon_core.verb:set package 'srv_msg_creating' build argument 'ament_cmake_args' from command line to 'None'
[0.190s] Level 5:colcon.colcon_core.verb:set package 'srv_msg_creating' build argument 'catkin_cmake_args' from command line to 'None'
[0.190s] Level 5:colcon.colcon_core.verb:set package 'srv_msg_creating' build argument 'catkin_skip_building_tests' from command line to 'False'
[0.190s] DEBUG:colcon.colcon_core.verb:Building package 'srv_msg_creating' with the following arguments: {'ament_cmake_args': None, 'build_base': '/home/zzq/Desktop/ros2_ws/build/srv_msg_creating', 'catkin_cmake_args': None, 'catkin_skip_building_tests': False, 'cmake_args': ['-DCMAKE_BUILD_TYPE=RelWithDebInfo'], 'cmake_clean_cache': False, 'cmake_clean_first': False, 'cmake_force_configure': False, 'cmake_target': None, 'cmake_target_skip_unavailable': False, 'install_base': '/home/zzq/Desktop/ros2_ws/install/srv_msg_creating', 'merge_install': False, 'path': '/home/zzq/Desktop/ros2_ws/src/srv_msg_creating', 'symlink_install': True, 'test_result_base': None}
[0.190s] INFO:colcon.colcon_core.executor:Executing jobs using 'parallel' executor
[0.191s] DEBUG:colcon.colcon_parallel_executor.executor.parallel:run_until_complete
[0.191s] INFO:colcon.colcon_ros.task.ament_python.build:Building ROS package in '/home/zzq/Desktop/ros2_ws/src/Action_turtle' with build type 'ament_python'
[0.191s] Level 1:colcon.colcon_core.shell:create_environment_hook('Action_turtle', 'ament_prefix_path')
[0.192s] INFO:colcon.colcon_core.plugin_system:Skipping extension 'colcon_core.shell.bat': Not used on non-Windows systems
[0.192s] INFO:colcon.colcon_core.shell:Creating environment hook '/home/zzq/Desktop/ros2_ws/install/Action_turtle/share/Action_turtle/hook/ament_prefix_path.ps1'
[0.192s] INFO:colcon.colcon_core.shell:Creating environment descriptor '/home/zzq/Desktop/ros2_ws/install/Action_turtle/share/Action_turtle/hook/ament_prefix_path.dsv'
[0.192s] INFO:colcon.colcon_core.shell:Creating environment hook '/home/zzq/Desktop/ros2_ws/install/Action_turtle/share/Action_turtle/hook/ament_prefix_path.sh'
[0.193s] INFO:colcon.colcon_core.shell:Skip shell extension 'powershell' for command environment: Not usable outside of PowerShell
[0.193s] DEBUG:colcon.colcon_core.shell:Skip shell extension 'dsv' for command environment
[0.195s] INFO:colcon.colcon_ros.task.ament_python.build:Building ROS package in '/home/zzq/Desktop/ros2_ws/src/HWT_imu' with build type 'ament_python'
[0.195s] Level 1:colcon.colcon_core.shell:create_environment_hook('HTW_imu', 'ament_prefix_path')
[0.195s] INFO:colcon.colcon_core.shell:Creating environment hook '/home/zzq/Desktop/ros2_ws/install/HTW_imu/share/HTW_imu/hook/ament_prefix_path.ps1'
[0.196s] INFO:colcon.colcon_core.shell:Creating environment descriptor '/home/zzq/Desktop/ros2_ws/install/HTW_imu/share/HTW_imu/hook/ament_prefix_path.dsv'
[0.196s] INFO:colcon.colcon_core.shell:Creating environment hook '/home/zzq/Desktop/ros2_ws/install/HTW_imu/share/HTW_imu/hook/ament_prefix_path.sh'
[0.196s] INFO:colcon.colcon_core.shell:Skip shell extension 'powershell' for command environment: Not usable outside of PowerShell
[0.196s] DEBUG:colcon.colcon_core.shell:Skip shell extension 'dsv' for command environment
[0.200s] INFO:colcon.colcon_ros.task.ament_cmake.build:Building ROS package in '/home/zzq/Desktop/ros2_ws/src/beginner' with build type 'ament_cmake'
[0.200s] INFO:colcon.colcon_cmake.task.cmake.build:Building CMake package in '/home/zzq/Desktop/ros2_ws/src/beginner'
[0.200s] INFO:colcon.colcon_core.shell:Skip shell extension 'powershell' for command environment: Not usable outside of PowerShell
[0.200s] DEBUG:colcon.colcon_core.shell:Skip shell extension 'dsv' for command environment
[0.202s] INFO:colcon.colcon_ros.task.ament_python.build:Building ROS package in '/home/zzq/Desktop/ros2_ws/src/beginner_py' with build type 'ament_python'
[0.202s] Level 1:colcon.colcon_core.shell:create_environment_hook('beginner_py', 'ament_prefix_path')
[0.202s] INFO:colcon.colcon_core.shell:Creating environment hook '/home/zzq/Desktop/ros2_ws/install/beginner_py/share/beginner_py/hook/ament_prefix_path.ps1'
[0.203s] INFO:colcon.colcon_core.shell:Creating environment descriptor '/home/zzq/Desktop/ros2_ws/install/beginner_py/share/beginner_py/hook/ament_prefix_path.dsv'
[0.203s] INFO:colcon.colcon_core.shell:Creating environment hook '/home/zzq/Desktop/ros2_ws/install/beginner_py/share/beginner_py/hook/ament_prefix_path.sh'
[0.203s] INFO:colcon.colcon_core.shell:Skip shell extension 'powershell' for command environment: Not usable outside of PowerShell
[0.203s] DEBUG:colcon.colcon_core.shell:Skip shell extension 'dsv' for command environment
[0.205s] INFO:colcon.colcon_ros.task.ament_python.build:Building ROS package in '/home/zzq/Desktop/ros2_ws/src/beitong_joy' with build type 'ament_python'
[0.205s] Level 1:colcon.colcon_core.shell:create_environment_hook('beitong_joy', 'ament_prefix_path')
[0.206s] INFO:colcon.colcon_core.shell:Creating environment hook '/home/zzq/Desktop/ros2_ws/install/beitong_joy/share/beitong_joy/hook/ament_prefix_path.ps1'
[0.206s] INFO:colcon.colcon_core.shell:Creating environment descriptor '/home/zzq/Desktop/ros2_ws/install/beitong_joy/share/beitong_joy/hook/ament_prefix_path.dsv'
[0.206s] INFO:colcon.colcon_core.shell:Creating environment hook '/home/zzq/Desktop/ros2_ws/install/beitong_joy/share/beitong_joy/hook/ament_prefix_path.sh'
[0.206s] INFO:colcon.colcon_core.shell:Skip shell extension 'powershell' for command environment: Not usable outside of PowerShell
[0.206s] DEBUG:colcon.colcon_core.shell:Skip shell extension 'dsv' for command environment
[0.209s] INFO:colcon.colcon_ros.task.ament_cmake.build:Building ROS package in '/home/zzq/Desktop/ros2_ws/src/pavo_lidar' with build type 'ament_cmake'
[0.209s] INFO:colcon.colcon_cmake.task.cmake.build:Building CMake package in '/home/zzq/Desktop/ros2_ws/src/pavo_lidar'
[0.209s] INFO:colcon.colcon_core.shell:Skip shell extension 'powershell' for command environment: Not usable outside of PowerShell
[0.209s] DEBUG:colcon.colcon_core.shell:Skip shell extension 'dsv' for command environment
[0.211s] INFO:colcon.colcon_ros.task.ament_python.build:Building ROS package in '/home/zzq/Desktop/ros2_ws/src/service_client_py' with build type 'ament_python'
[0.211s] Level 1:colcon.colcon_core.shell:create_environment_hook('service_client_py', 'ament_prefix_path')
[0.211s] INFO:colcon.colcon_core.shell:Creating environment hook '/home/zzq/Desktop/ros2_ws/install/service_client_py/share/service_client_py/hook/ament_prefix_path.ps1'
[0.211s] INFO:colcon.colcon_core.shell:Creating environment descriptor '/home/zzq/Desktop/ros2_ws/install/service_client_py/share/service_client_py/hook/ament_prefix_path.dsv'
[0.211s] INFO:colcon.colcon_core.shell:Creating environment hook '/home/zzq/Desktop/ros2_ws/install/service_client_py/share/service_client_py/hook/ament_prefix_path.sh'
[0.212s] INFO:colcon.colcon_core.shell:Skip shell extension 'powershell' for command environment: Not usable outside of PowerShell
[0.212s] DEBUG:colcon.colcon_core.shell:Skip shell extension 'dsv' for command environment
[0.213s] INFO:colcon.colcon_ros.task.ament_cmake.build:Building ROS package in '/home/zzq/Desktop/ros2_ws/src/srv_msg_creating' with build type 'ament_cmake'
[0.214s] INFO:colcon.colcon_cmake.task.cmake.build:Building CMake package in '/home/zzq/Desktop/ros2_ws/src/srv_msg_creating'
[0.214s] INFO:colcon.colcon_core.shell:Skip shell extension 'powershell' for command environment: Not usable outside of PowerShell
[0.214s] DEBUG:colcon.colcon_core.shell:Skip shell extension 'dsv' for command environment
[0.355s] INFO:colcon.colcon_core.task.python.build:Building Python package in '/home/zzq/Desktop/ros2_ws/src/Action_turtle'
[0.356s] INFO:colcon.colcon_core.shell:Skip shell extension 'powershell' for command environment: Not usable outside of PowerShell
[0.356s] DEBUG:colcon.colcon_core.shell:Skip shell extension 'dsv' for command environment
[0.496s] INFO:colcon.colcon_core.task.python.build:Building Python package in '/home/zzq/Desktop/ros2_ws/src/HWT_imu'
[0.496s] INFO:colcon.colcon_core.shell:Skip shell extension 'powershell' for command environment: Not usable outside of PowerShell
[0.496s] DEBUG:colcon.colcon_core.shell:Skip shell extension 'dsv' for command environment
[0.499s] DEBUG:colcon.colcon_core.event_handler.log_command:Invoking command in '/home/zzq/Desktop/ros2_ws/build/beginner': CMAKE_PREFIX_PATH=${CMAKE_PREFIX_PATH}:/home/zzq/Desktop/ros2_ws/install/srv_msg_creating_py:/home/zzq/Desktop/ros2_ws/install/service_client_py:/home/zzq/Desktop/ros2_ws/install/beitong_joy:/home/zzq/Desktop/ros2_ws/install/beginner_py:/home/zzq/Desktop/ros2_ws/install/HTW_imu:/home/zzq/Desktop/ros2_ws/install/Action_turtle:/home/zzq/Desktop/GYH_ws/install/learning_urdf:/home/zzq/Desktop/GYH_ws/install/learning_topic:/home/zzq/Desktop/GYH_ws/install/learning_tf:/home/zzq/Desktop/GYH_ws/install/learning_service:/home/zzq/Desktop/GYH_ws/install/learning_qos:/home/zzq/Desktop/GYH_ws/install/learning_pkg_python:/home/zzq/Desktop/GYH_ws/install/learning_parameter:/home/zzq/Desktop/GYH_ws/install/learning_node:/home/zzq/Desktop/GYH_ws/install/learning_launch:/home/zzq/Desktop/GYH_ws/install/learning_action:/home/zzq/Desktop/GYH_ws/install/learning_gazebo:/home/zzq/Desktop/GYH_ws/install/learning_cv:/opt/ros/humble /usr/bin/cmake /home/zzq/Desktop/ros2_ws/src/beginner -DCMAKE_BUILD_TYPE=RelWithDebInfo -DAMENT_CMAKE_SYMLINK_INSTALL=1 -DCMAKE_INSTALL_PREFIX=/home/zzq/Desktop/ros2_ws/install/beginner
[0.639s] INFO:colcon.colcon_core.task.python.build:Building Python package in '/home/zzq/Desktop/ros2_ws/src/beginner_py'
[0.639s] INFO:colcon.colcon_core.shell:Skip shell extension 'powershell' for command environment: Not usable outside of PowerShell
[0.639s] DEBUG:colcon.colcon_core.shell:Skip shell extension 'dsv' for command environment
[0.780s] INFO:colcon.colcon_core.task.python.build:Building Python package in '/home/zzq/Desktop/ros2_ws/src/beitong_joy'
[0.781s] INFO:colcon.colcon_core.shell:Skip shell extension 'powershell' for command environment: Not usable outside of PowerShell
[0.781s] DEBUG:colcon.colcon_core.shell:Skip shell extension 'dsv' for command environment
[0.785s] DEBUG:colcon.colcon_core.event_handler.log_command:Invoking command in '/home/zzq/Desktop/ros2_ws/build/pavo_lidar': CMAKE_PREFIX_PATH=${CMAKE_PREFIX_PATH}:/home/zzq/Desktop/ros2_ws/install/srv_msg_creating_py:/home/zzq/Desktop/ros2_ws/install/service_client_py:/home/zzq/Desktop/ros2_ws/install/beitong_joy:/home/zzq/Desktop/ros2_ws/install/beginner_py:/home/zzq/Desktop/ros2_ws/install/HTW_imu:/home/zzq/Desktop/ros2_ws/install/Action_turtle:/home/zzq/Desktop/GYH_ws/install/learning_urdf:/home/zzq/Desktop/GYH_ws/install/learning_topic:/home/zzq/Desktop/GYH_ws/install/learning_tf:/home/zzq/Desktop/GYH_ws/install/learning_service:/home/zzq/Desktop/GYH_ws/install/learning_qos:/home/zzq/Desktop/GYH_ws/install/learning_pkg_python:/home/zzq/Desktop/GYH_ws/install/learning_parameter:/home/zzq/Desktop/GYH_ws/install/learning_node:/home/zzq/Desktop/GYH_ws/install/learning_launch:/home/zzq/Desktop/GYH_ws/install/learning_action:/home/zzq/Desktop/GYH_ws/install/learning_gazebo:/home/zzq/Desktop/GYH_ws/install/learning_cv:/opt/ros/humble /usr/bin/cmake /home/zzq/Desktop/ros2_ws/src/pavo_lidar -DCMAKE_BUILD_TYPE=RelWithDebInfo -DAMENT_CMAKE_SYMLINK_INSTALL=1 -DCMAKE_INSTALL_PREFIX=/home/zzq/Desktop/ros2_ws/install/pavo_lidar
[0.926s] INFO:colcon.colcon_core.task.python.build:Building Python package in '/home/zzq/Desktop/ros2_ws/src/service_client_py'
[0.927s] INFO:colcon.colcon_core.shell:Skip shell extension 'powershell' for command environment: Not usable outside of PowerShell
[0.927s] DEBUG:colcon.colcon_core.shell:Skip shell extension 'dsv' for command environment
[0.938s] DEBUG:colcon.colcon_core.event_handler.log_command:Invoking command in '/home/zzq/Desktop/ros2_ws/build/srv_msg_creating': CMAKE_PREFIX_PATH=${CMAKE_PREFIX_PATH}:/home/zzq/Desktop/ros2_ws/install/srv_msg_creating_py:/home/zzq/Desktop/ros2_ws/install/service_client_py:/home/zzq/Desktop/ros2_ws/install/beitong_joy:/home/zzq/Desktop/ros2_ws/install/beginner_py:/home/zzq/Desktop/ros2_ws/install/HTW_imu:/home/zzq/Desktop/ros2_ws/install/Action_turtle:/home/zzq/Desktop/GYH_ws/install/learning_urdf:/home/zzq/Desktop/GYH_ws/install/learning_topic:/home/zzq/Desktop/GYH_ws/install/learning_tf:/home/zzq/Desktop/GYH_ws/install/learning_service:/home/zzq/Desktop/GYH_ws/install/learning_qos:/home/zzq/Desktop/GYH_ws/install/learning_pkg_python:/home/zzq/Desktop/GYH_ws/install/learning_parameter:/home/zzq/Desktop/GYH_ws/install/learning_node:/home/zzq/Desktop/GYH_ws/install/learning_launch:/home/zzq/Desktop/GYH_ws/install/learning_action:/home/zzq/Desktop/GYH_ws/install/learning_gazebo:/home/zzq/Desktop/GYH_ws/install/learning_cv:/opt/ros/humble /usr/bin/cmake /home/zzq/Desktop/ros2_ws/src/srv_msg_creating -DCMAKE_BUILD_TYPE=RelWithDebInfo -DAMENT_CMAKE_SYMLINK_INSTALL=1 -DCMAKE_INSTALL_PREFIX=/home/zzq/Desktop/ros2_ws/install/srv_msg_creating
[0.938s] DEBUG:colcon.colcon_core.event_handler.log_command:Invoked command in '/home/zzq/Desktop/ros2_ws/build/beginner' returned '0': CMAKE_PREFIX_PATH=${CMAKE_PREFIX_PATH}:/home/zzq/Desktop/ros2_ws/install/srv_msg_creating_py:/home/zzq/Desktop/ros2_ws/install/service_client_py:/home/zzq/Desktop/ros2_ws/install/beitong_joy:/home/zzq/Desktop/ros2_ws/install/beginner_py:/home/zzq/Desktop/ros2_ws/install/HTW_imu:/home/zzq/Desktop/ros2_ws/install/Action_turtle:/home/zzq/Desktop/GYH_ws/install/learning_urdf:/home/zzq/Desktop/GYH_ws/install/learning_topic:/home/zzq/Desktop/GYH_ws/install/learning_tf:/home/zzq/Desktop/GYH_ws/install/learning_service:/home/zzq/Desktop/GYH_ws/install/learning_qos:/home/zzq/Desktop/GYH_ws/install/learning_pkg_python:/home/zzq/Desktop/GYH_ws/install/learning_parameter:/home/zzq/Desktop/GYH_ws/install/learning_node:/home/zzq/Desktop/GYH_ws/install/learning_launch:/home/zzq/Desktop/GYH_ws/install/learning_action:/home/zzq/Desktop/GYH_ws/install/learning_gazebo:/home/zzq/Desktop/GYH_ws/install/learning_cv:/opt/ros/humble /usr/bin/cmake /home/zzq/Desktop/ros2_ws/src/beginner -DCMAKE_BUILD_TYPE=RelWithDebInfo -DAMENT_CMAKE_SYMLINK_INSTALL=1 -DCMAKE_INSTALL_PREFIX=/home/zzq/Desktop/ros2_ws/install/beginner
[0.939s] DEBUG:colcon.colcon_core.event_handler.log_command:Invoking command in '/home/zzq/Desktop/ros2_ws/build/beginner': CMAKE_PREFIX_PATH=${CMAKE_PREFIX_PATH}:/home/zzq/Desktop/ros2_ws/install/srv_msg_creating_py:/home/zzq/Desktop/ros2_ws/install/service_client_py:/home/zzq/Desktop/ros2_ws/install/beitong_joy:/home/zzq/Desktop/ros2_ws/install/beginner_py:/home/zzq/Desktop/ros2_ws/install/HTW_imu:/home/zzq/Desktop/ros2_ws/install/Action_turtle:/home/zzq/Desktop/GYH_ws/install/learning_urdf:/home/zzq/Desktop/GYH_ws/install/learning_topic:/home/zzq/Desktop/GYH_ws/install/learning_tf:/home/zzq/Desktop/GYH_ws/install/learning_service:/home/zzq/Desktop/GYH_ws/install/learning_qos:/home/zzq/Desktop/GYH_ws/install/learning_pkg_python:/home/zzq/Desktop/GYH_ws/install/learning_parameter:/home/zzq/Desktop/GYH_ws/install/learning_node:/home/zzq/Desktop/GYH_ws/install/learning_launch:/home/zzq/Desktop/GYH_ws/install/learning_action:/home/zzq/Desktop/GYH_ws/install/learning_gazebo:/home/zzq/Desktop/GYH_ws/install/learning_cv:/opt/ros/humble /usr/bin/cmake --build /home/zzq/Desktop/ros2_ws/build/beginner -- -j32 -l32
[1.174s] DEBUG:colcon.colcon_core.task.python.build:While undoing a previous installation files outside the Python library path are being ignored: /home/zzq/Desktop/ros2_ws/install/beitong_joy/share/ament_index/resource_index/packages/beitong_joy
[1.174s] DEBUG:colcon.colcon_core.task.python.build:While undoing a previous installation files outside the Python library path are being ignored: /home/zzq/Desktop/ros2_ws/install/beitong_joy/share/beitong_joy/package.xml
[1.174s] DEBUG:colcon.colcon_core.task.python.build:While undoing a previous installation files outside the Python library path are being ignored: /home/zzq/Desktop/ros2_ws/install/beitong_joy/lib/beitong_joy/joy_sub_demo
[1.176s] DEBUG:colcon.colcon_core.event_handler.log_command:Invoking command in '/home/zzq/Desktop/ros2_ws/build/beitong_joy': PYTHONPATH=/home/zzq/Desktop/ros2_ws/build/beitong_joy/prefix_override:/usr/lib/python3/dist-packages/colcon_core/task/python/colcon_distutils_commands:/home/zzq/Desktop/ros2_ws/install/beitong_joy/lib/python3.10/site-packages:${PYTHONPATH} /usr/bin/python3 -W ignore:setup.py install is deprecated setup.py develop --editable --build-directory /home/zzq/Desktop/ros2_ws/build/beitong_joy/build --no-deps symlink_data --force
[1.177s] DEBUG:colcon.colcon_core.task.python.build:While undoing a previous installation files outside the Python library path are being ignored: /home/zzq/Desktop/ros2_ws/install/service_client_py/share/ament_index/resource_index/packages/service_client_py
[1.177s] DEBUG:colcon.colcon_core.task.python.build:While undoing a previous installation files outside the Python library path are being ignored: /home/zzq/Desktop/ros2_ws/install/service_client_py/share/service_client_py/package.xml
[1.177s] DEBUG:colcon.colcon_core.task.python.build:While undoing a previous installation files outside the Python library path are being ignored: /home/zzq/Desktop/ros2_ws/install/service_client_py/lib/service_client_py/client
[1.177s] DEBUG:colcon.colcon_core.task.python.build:While undoing a previous installation files outside the Python library path are being ignored: /home/zzq/Desktop/ros2_ws/install/service_client_py/lib/service_client_py/service
[1.178s] DEBUG:colcon.colcon_core.event_handler.log_command:Invoking command in '/home/zzq/Desktop/ros2_ws/build/service_client_py': PYTHONPATH=/home/zzq/Desktop/ros2_ws/build/service_client_py/prefix_override:/usr/lib/python3/dist-packages/colcon_core/task/python/colcon_distutils_commands:/home/zzq/Desktop/ros2_ws/install/service_client_py/lib/python3.10/site-packages:${PYTHONPATH} /usr/bin/python3 -W ignore:setup.py install is deprecated setup.py develop --editable --build-directory /home/zzq/Desktop/ros2_ws/build/service_client_py/build --no-deps symlink_data --force
[1.178s] DEBUG:colcon.colcon_core.task.python.build:While undoing a previous installation files outside the Python library path are being ignored: /home/zzq/Desktop/ros2_ws/install/HTW_imu/share/ament_index/resource_index/packages/HTW_imu
[1.178s] DEBUG:colcon.colcon_core.task.python.build:While undoing a previous installation files outside the Python library path are being ignored: /home/zzq/Desktop/ros2_ws/install/HTW_imu/share/HTW_imu/package.xml
[1.179s] DEBUG:colcon.colcon_core.task.python.build:While undoing a previous installation files outside the Python library path are being ignored: /home/zzq/Desktop/ros2_ws/install/HTW_imu/lib/HTW_imu/get_imu_rpy
[1.179s] DEBUG:colcon.colcon_core.task.python.build:While undoing a previous installation files outside the Python library path are being ignored: /home/zzq/Desktop/ros2_ws/install/HTW_imu/lib/HTW_imu/wit_imu_ctrl
[1.179s] DEBUG:colcon.colcon_core.task.python.build:While undoing a previous installation files outside the Python library path are being ignored: /home/zzq/Desktop/ros2_ws/install/HTW_imu/lib/HTW_imu/wit_modbus_ros
[1.180s] DEBUG:colcon.colcon_core.event_handler.log_command:Invoking command in '/home/zzq/Desktop/ros2_ws/build/HTW_imu': PYTHONPATH=/home/zzq/Desktop/ros2_ws/build/HTW_imu/prefix_override:/usr/lib/python3/dist-packages/colcon_core/task/python/colcon_distutils_commands:/home/zzq/Desktop/ros2_ws/install/HTW_imu/lib/python3.10/site-packages:${PYTHONPATH} /usr/bin/python3 -W ignore:setup.py install is deprecated setup.py develop --editable --build-directory /home/zzq/Desktop/ros2_ws/build/HTW_imu/build --no-deps symlink_data --force
[1.183s] DEBUG:colcon.colcon_core.task.python.build:While undoing a previous installation files outside the Python library path are being ignored: /home/zzq/Desktop/ros2_ws/install/beginner_py/share/ament_index/resource_index/packages/beginner_py
[1.183s] DEBUG:colcon.colcon_core.task.python.build:While undoing a previous installation files outside the Python library path are being ignored: /home/zzq/Desktop/ros2_ws/install/beginner_py/share/beginner_py/package.xml
[1.183s] DEBUG:colcon.colcon_core.task.python.build:While undoing a previous installation files outside the Python library path are being ignored: /home/zzq/Desktop/ros2_ws/install/beginner_py/lib/beginner_py/listener
[1.183s] DEBUG:colcon.colcon_core.task.python.build:While undoing a previous installation files outside the Python library path are being ignored: /home/zzq/Desktop/ros2_ws/install/beginner_py/lib/beginner_py/talker
[1.183s] DEBUG:colcon.colcon_core.task.python.build:While undoing a previous installation files outside the Python library path are being ignored: /home/zzq/Desktop/ros2_ws/install/beginner_py/lib/beginner_py/talkercv2
[1.183s] DEBUG:colcon.colcon_core.task.python.build:While undoing a previous installation files outside the Python library path are being ignored: /home/zzq/Desktop/ros2_ws/install/beginner_py/lib/beginner_py/talkerpc2
[1.185s] DEBUG:colcon.colcon_core.event_handler.log_command:Invoking command in '/home/zzq/Desktop/ros2_ws/build/beginner_py': PYTHONPATH=/home/zzq/Desktop/ros2_ws/build/beginner_py/prefix_override:/usr/lib/python3/dist-packages/colcon_core/task/python/colcon_distutils_commands:/home/zzq/Desktop/ros2_ws/install/beginner_py/lib/python3.10/site-packages:${PYTHONPATH} /usr/bin/python3 -W ignore:setup.py install is deprecated setup.py develop --editable --build-directory /home/zzq/Desktop/ros2_ws/build/beginner_py/build --no-deps symlink_data --force
[1.186s] DEBUG:colcon.colcon_core.task.python.build:While undoing a previous installation files outside the Python library path are being ignored: /home/zzq/Desktop/ros2_ws/install/Action_turtle/share/ament_index/resource_index/packages/Action_turtle
[1.186s] DEBUG:colcon.colcon_core.task.python.build:While undoing a previous installation files outside the Python library path are being ignored: /home/zzq/Desktop/ros2_ws/install/Action_turtle/share/Action_turtle/package.xml
[1.186s] DEBUG:colcon.colcon_core.task.python.build:While undoing a previous installation files outside the Python library path are being ignored: /home/zzq/Desktop/ros2_ws/install/Action_turtle/lib/Action_turtle/Action_turtle_client
[1.186s] DEBUG:colcon.colcon_core.task.python.build:While undoing a previous installation files outside the Python library path are being ignored: /home/zzq/Desktop/ros2_ws/install/Action_turtle/lib/Action_turtle/Action_turtle_server
[1.188s] DEBUG:colcon.colcon_core.event_handler.log_command:Invoking command in '/home/zzq/Desktop/ros2_ws/build/Action_turtle': PYTHONPATH=/home/zzq/Desktop/ros2_ws/build/Action_turtle/prefix_override:/usr/lib/python3/dist-packages/colcon_core/task/python/colcon_distutils_commands:/home/zzq/Desktop/ros2_ws/install/Action_turtle/lib/python3.10/site-packages:${PYTHONPATH} /usr/bin/python3 -W ignore:setup.py install is deprecated setup.py develop --editable --build-directory /home/zzq/Desktop/ros2_ws/build/Action_turtle/build --no-deps symlink_data --force
[1.256s] DEBUG:colcon.colcon_core.event_handler.log_command:Invoked command in '/home/zzq/Desktop/ros2_ws/build/pavo_lidar' returned '0': CMAKE_PREFIX_PATH=${CMAKE_PREFIX_PATH}:/home/zzq/Desktop/ros2_ws/install/srv_msg_creating_py:/home/zzq/Desktop/ros2_ws/install/service_client_py:/home/zzq/Desktop/ros2_ws/install/beitong_joy:/home/zzq/Desktop/ros2_ws/install/beginner_py:/home/zzq/Desktop/ros2_ws/install/HTW_imu:/home/zzq/Desktop/ros2_ws/install/Action_turtle:/home/zzq/Desktop/GYH_ws/install/learning_urdf:/home/zzq/Desktop/GYH_ws/install/learning_topic:/home/zzq/Desktop/GYH_ws/install/learning_tf:/home/zzq/Desktop/GYH_ws/install/learning_service:/home/zzq/Desktop/GYH_ws/install/learning_qos:/home/zzq/Desktop/GYH_ws/install/learning_pkg_python:/home/zzq/Desktop/GYH_ws/install/learning_parameter:/home/zzq/Desktop/GYH_ws/install/learning_node:/home/zzq/Desktop/GYH_ws/install/learning_launch:/home/zzq/Desktop/GYH_ws/install/learning_action:/home/zzq/Desktop/GYH_ws/install/learning_gazebo:/home/zzq/Desktop/GYH_ws/install/learning_cv:/opt/ros/humble /usr/bin/cmake /home/zzq/Desktop/ros2_ws/src/pavo_lidar -DCMAKE_BUILD_TYPE=RelWithDebInfo -DAMENT_CMAKE_SYMLINK_INSTALL=1 -DCMAKE_INSTALL_PREFIX=/home/zzq/Desktop/ros2_ws/install/pavo_lidar
[1.257s] DEBUG:colcon.colcon_core.event_handler.log_command:Invoking command in '/home/zzq/Desktop/ros2_ws/build/pavo_lidar': CMAKE_PREFIX_PATH=${CMAKE_PREFIX_PATH}:/home/zzq/Desktop/ros2_ws/install/srv_msg_creating_py:/home/zzq/Desktop/ros2_ws/install/service_client_py:/home/zzq/Desktop/ros2_ws/install/beitong_joy:/home/zzq/Desktop/ros2_ws/install/beginner_py:/home/zzq/Desktop/ros2_ws/install/HTW_imu:/home/zzq/Desktop/ros2_ws/install/Action_turtle:/home/zzq/Desktop/GYH_ws/install/learning_urdf:/home/zzq/Desktop/GYH_ws/install/learning_topic:/home/zzq/Desktop/GYH_ws/install/learning_tf:/home/zzq/Desktop/GYH_ws/install/learning_service:/home/zzq/Desktop/GYH_ws/install/learning_qos:/home/zzq/Desktop/GYH_ws/install/learning_pkg_python:/home/zzq/Desktop/GYH_ws/install/learning_parameter:/home/zzq/Desktop/GYH_ws/install/learning_node:/home/zzq/Desktop/GYH_ws/install/learning_launch:/home/zzq/Desktop/GYH_ws/install/learning_action:/home/zzq/Desktop/GYH_ws/install/learning_gazebo:/home/zzq/Desktop/GYH_ws/install/learning_cv:/opt/ros/humble /usr/bin/cmake --build /home/zzq/Desktop/ros2_ws/build/pavo_lidar -- -j32 -l32
[1.489s] Level 1:colcon.colcon_core.shell:create_environment_hook('HTW_imu', 'pythonpath_develop')
[1.489s] DEBUG:colcon.colcon_core.event_handler.log_command:Invoked command in '/home/zzq/Desktop/ros2_ws/build/HTW_imu' returned '0': PYTHONPATH=/home/zzq/Desktop/ros2_ws/build/HTW_imu/prefix_override:/usr/lib/python3/dist-packages/colcon_core/task/python/colcon_distutils_commands:/home/zzq/Desktop/ros2_ws/install/HTW_imu/lib/python3.10/site-packages:${PYTHONPATH} /usr/bin/python3 -W ignore:setup.py install is deprecated setup.py develop --editable --build-directory /home/zzq/Desktop/ros2_ws/build/HTW_imu/build --no-deps symlink_data --force
[1.490s] INFO:colcon.colcon_core.shell:Creating environment hook '/home/zzq/Desktop/ros2_ws/build/HTW_imu/share/HTW_imu/hook/pythonpath_develop.ps1'
[1.490s] INFO:colcon.colcon_core.shell:Creating environment descriptor '/home/zzq/Desktop/ros2_ws/build/HTW_imu/share/HTW_imu/hook/pythonpath_develop.dsv'
[1.490s] INFO:colcon.colcon_core.shell:Creating environment hook '/home/zzq/Desktop/ros2_ws/build/HTW_imu/share/HTW_imu/hook/pythonpath_develop.sh'
[1.494s] Level 1:colcon.colcon_core.environment:checking '/home/zzq/Desktop/ros2_ws/install/HTW_imu' for CMake module files
[1.494s] Level 1:colcon.colcon_core.environment:checking '/home/zzq/Desktop/ros2_ws/install/HTW_imu' for CMake config files
[1.495s] Level 1:colcon.colcon_core.environment:checking '/home/zzq/Desktop/ros2_ws/install/HTW_imu/lib'
[1.496s] Level 1:colcon.colcon_core.environment:checking '/home/zzq/Desktop/ros2_ws/install/HTW_imu/bin'
[1.496s] Level 1:colcon.colcon_core.environment:checking '/home/zzq/Desktop/ros2_ws/install/HTW_imu/lib/pkgconfig/HTW_imu.pc'
[1.496s] Level 1:colcon.colcon_core.environment:checking '/home/zzq/Desktop/ros2_ws/install/HTW_imu/lib/python3.10/site-packages'
[1.496s] Level 1:colcon.colcon_core.shell:create_environment_hook('HTW_imu', 'pythonpath')
[1.496s] INFO:colcon.colcon_core.shell:Creating environment hook '/home/zzq/Desktop/ros2_ws/install/HTW_imu/share/HTW_imu/hook/pythonpath.ps1'
[1.497s] INFO:colcon.colcon_core.shell:Creating environment descriptor '/home/zzq/Desktop/ros2_ws/install/HTW_imu/share/HTW_imu/hook/pythonpath.dsv'
[1.497s] INFO:colcon.colcon_core.shell:Creating environment hook '/home/zzq/Desktop/ros2_ws/install/HTW_imu/share/HTW_imu/hook/pythonpath.sh'
[1.497s] Level 1:colcon.colcon_core.environment:checking '/home/zzq/Desktop/ros2_ws/install/HTW_imu/bin'
[1.497s] Level 1:colcon.colcon_core.environment:create_environment_scripts_only(HTW_imu)
[1.498s] INFO:colcon.colcon_core.shell:Creating package script '/home/zzq/Desktop/ros2_ws/install/HTW_imu/share/HTW_imu/package.ps1'
[1.499s] INFO:colcon.colcon_core.shell:Creating package descriptor '/home/zzq/Desktop/ros2_ws/install/HTW_imu/share/HTW_imu/package.dsv'
[1.499s] INFO:colcon.colcon_core.shell:Creating package script '/home/zzq/Desktop/ros2_ws/install/HTW_imu/share/HTW_imu/package.sh'
[1.500s] INFO:colcon.colcon_core.shell:Creating package script '/home/zzq/Desktop/ros2_ws/install/HTW_imu/share/HTW_imu/package.bash'
[1.500s] INFO:colcon.colcon_core.shell:Creating package script '/home/zzq/Desktop/ros2_ws/install/HTW_imu/share/HTW_imu/package.zsh'
[1.500s] Level 1:colcon.colcon_core.environment:create_file_with_runtime_dependencies(/home/zzq/Desktop/ros2_ws/install/HTW_imu/share/colcon-core/packages/HTW_imu)
[1.501s] Level 1:colcon.colcon_core.shell:create_environment_hook('beitong_joy', 'pythonpath_develop')
[1.502s] INFO:colcon.colcon_core.shell:Creating environment hook '/home/zzq/Desktop/ros2_ws/build/beitong_joy/share/beitong_joy/hook/pythonpath_develop.ps1'
[1.502s] INFO:colcon.colcon_core.shell:Creating environment descriptor '/home/zzq/Desktop/ros2_ws/build/beitong_joy/share/beitong_joy/hook/pythonpath_develop.dsv'
[1.502s] DEBUG:colcon.colcon_core.event_handler.log_command:Invoked command in '/home/zzq/Desktop/ros2_ws/build/beitong_joy' returned '0': PYTHONPATH=/home/zzq/Desktop/ros2_ws/build/beitong_joy/prefix_override:/usr/lib/python3/dist-packages/colcon_core/task/python/colcon_distutils_commands:/home/zzq/Desktop/ros2_ws/install/beitong_joy/lib/python3.10/site-packages:${PYTHONPATH} /usr/bin/python3 -W ignore:setup.py install is deprecated setup.py develop --editable --build-directory /home/zzq/Desktop/ros2_ws/build/beitong_joy/build --no-deps symlink_data --force
[1.503s] INFO:colcon.colcon_core.shell:Creating environment hook '/home/zzq/Desktop/ros2_ws/build/beitong_joy/share/beitong_joy/hook/pythonpath_develop.sh'
[1.503s] Level 1:colcon.colcon_core.environment:checking '/home/zzq/Desktop/ros2_ws/install/beitong_joy' for CMake module files
[1.504s] Level 1:colcon.colcon_core.environment:checking '/home/zzq/Desktop/ros2_ws/install/beitong_joy' for CMake config files
[1.504s] Level 1:colcon.colcon_core.environment:checking '/home/zzq/Desktop/ros2_ws/install/beitong_joy/lib'
[1.504s] Level 1:colcon.colcon_core.environment:checking '/home/zzq/Desktop/ros2_ws/install/beitong_joy/bin'
[1.504s] Level 1:colcon.colcon_core.environment:checking '/home/zzq/Desktop/ros2_ws/install/beitong_joy/lib/pkgconfig/beitong_joy.pc'
[1.504s] Level 1:colcon.colcon_core.environment:checking '/home/zzq/Desktop/ros2_ws/install/beitong_joy/lib/python3.10/site-packages'
[1.505s] Level 1:colcon.colcon_core.shell:create_environment_hook('beitong_joy', 'pythonpath')
[1.505s] INFO:colcon.colcon_core.shell:Creating environment hook '/home/zzq/Desktop/ros2_ws/install/beitong_joy/share/beitong_joy/hook/pythonpath.ps1'
[1.505s] INFO:colcon.colcon_core.shell:Creating environment descriptor '/home/zzq/Desktop/ros2_ws/install/beitong_joy/share/beitong_joy/hook/pythonpath.dsv'
[1.505s] INFO:colcon.colcon_core.shell:Creating environment hook '/home/zzq/Desktop/ros2_ws/install/beitong_joy/share/beitong_joy/hook/pythonpath.sh'
[1.506s] Level 1:colcon.colcon_core.environment:checking '/home/zzq/Desktop/ros2_ws/install/beitong_joy/bin'
[1.506s] Level 1:colcon.colcon_core.environment:create_environment_scripts_only(beitong_joy)
[1.506s] INFO:colcon.colcon_core.shell:Creating package script '/home/zzq/Desktop/ros2_ws/install/beitong_joy/share/beitong_joy/package.ps1'
[1.507s] INFO:colcon.colcon_core.shell:Creating package descriptor '/home/zzq/Desktop/ros2_ws/install/beitong_joy/share/beitong_joy/package.dsv'
[1.507s] INFO:colcon.colcon_core.shell:Creating package script '/home/zzq/Desktop/ros2_ws/install/beitong_joy/share/beitong_joy/package.sh'
[1.507s] INFO:colcon.colcon_core.shell:Creating package script '/home/zzq/Desktop/ros2_ws/install/beitong_joy/share/beitong_joy/package.bash'
[1.508s] INFO:colcon.colcon_core.shell:Creating package script '/home/zzq/Desktop/ros2_ws/install/beitong_joy/share/beitong_joy/package.zsh'
[1.508s] Level 1:colcon.colcon_core.environment:create_file_with_runtime_dependencies(/home/zzq/Desktop/ros2_ws/install/beitong_joy/share/colcon-core/packages/beitong_joy)
[1.509s] Level 1:colcon.colcon_core.shell:create_environment_hook('beginner_py', 'pythonpath_develop')
[1.509s] INFO:colcon.colcon_core.shell:Creating environment hook '/home/zzq/Desktop/ros2_ws/build/beginner_py/share/beginner_py/hook/pythonpath_develop.ps1'
[1.510s] DEBUG:colcon.colcon_core.event_handler.log_command:Invoked command in '/home/zzq/Desktop/ros2_ws/build/beginner_py' returned '0': PYTHONPATH=/home/zzq/Desktop/ros2_ws/build/beginner_py/prefix_override:/usr/lib/python3/dist-packages/colcon_core/task/python/colcon_distutils_commands:/home/zzq/Desktop/ros2_ws/install/beginner_py/lib/python3.10/site-packages:${PYTHONPATH} /usr/bin/python3 -W ignore:setup.py install is deprecated setup.py develop --editable --build-directory /home/zzq/Desktop/ros2_ws/build/beginner_py/build --no-deps symlink_data --force
[1.510s] INFO:colcon.colcon_core.shell:Creating environment descriptor '/home/zzq/Desktop/ros2_ws/build/beginner_py/share/beginner_py/hook/pythonpath_develop.dsv'
[1.510s] INFO:colcon.colcon_core.shell:Creating environment hook '/home/zzq/Desktop/ros2_ws/build/beginner_py/share/beginner_py/hook/pythonpath_develop.sh'
[1.510s] Level 1:colcon.colcon_core.environment:checking '/home/zzq/Desktop/ros2_ws/install/beginner_py' for CMake module files
[1.511s] Level 1:colcon.colcon_core.environment:checking '/home/zzq/Desktop/ros2_ws/install/beginner_py' for CMake config files
[1.511s] Level 1:colcon.colcon_core.environment:checking '/home/zzq/Desktop/ros2_ws/install/beginner_py/lib'
[1.511s] Level 1:colcon.colcon_core.environment:checking '/home/zzq/Desktop/ros2_ws/install/beginner_py/bin'
[1.511s] Level 1:colcon.colcon_core.environment:checking '/home/zzq/Desktop/ros2_ws/install/beginner_py/lib/pkgconfig/beginner_py.pc'
[1.512s] Level 1:colcon.colcon_core.environment:checking '/home/zzq/Desktop/ros2_ws/install/beginner_py/lib/python3.10/site-packages'
[1.512s] Level 1:colcon.colcon_core.shell:create_environment_hook('beginner_py', 'pythonpath')
[1.512s] INFO:colcon.colcon_core.shell:Creating environment hook '/home/zzq/Desktop/ros2_ws/install/beginner_py/share/beginner_py/hook/pythonpath.ps1'
[1.512s] INFO:colcon.colcon_core.shell:Creating environment descriptor '/home/zzq/Desktop/ros2_ws/install/beginner_py/share/beginner_py/hook/pythonpath.dsv'
[1.512s] INFO:colcon.colcon_core.shell:Creating environment hook '/home/zzq/Desktop/ros2_ws/install/beginner_py/share/beginner_py/hook/pythonpath.sh'
[1.513s] Level 1:colcon.colcon_core.environment:checking '/home/zzq/Desktop/ros2_ws/install/beginner_py/bin'
[1.513s] Level 1:colcon.colcon_core.environment:create_environment_scripts_only(beginner_py)
[1.513s] INFO:colcon.colcon_core.shell:Creating package script '/home/zzq/Desktop/ros2_ws/install/beginner_py/share/beginner_py/package.ps1'
[1.514s] INFO:colcon.colcon_core.shell:Creating package descriptor '/home/zzq/Desktop/ros2_ws/install/beginner_py/share/beginner_py/package.dsv'
[1.514s] INFO:colcon.colcon_core.shell:Creating package script '/home/zzq/Desktop/ros2_ws/install/beginner_py/share/beginner_py/package.sh'
[1.514s] INFO:colcon.colcon_core.shell:Creating package script '/home/zzq/Desktop/ros2_ws/install/beginner_py/share/beginner_py/package.bash'
[1.515s] INFO:colcon.colcon_core.shell:Creating package script '/home/zzq/Desktop/ros2_ws/install/beginner_py/share/beginner_py/package.zsh'
[1.515s] Level 1:colcon.colcon_core.environment:create_file_with_runtime_dependencies(/home/zzq/Desktop/ros2_ws/install/beginner_py/share/colcon-core/packages/beginner_py)
[1.516s] Level 1:colcon.colcon_core.shell:create_environment_hook('Action_turtle', 'pythonpath_develop')
[1.516s] INFO:colcon.colcon_core.shell:Creating environment hook '/home/zzq/Desktop/ros2_ws/build/Action_turtle/share/Action_turtle/hook/pythonpath_develop.ps1'
[1.516s] DEBUG:colcon.colcon_core.event_handler.log_command:Invoked command in '/home/zzq/Desktop/ros2_ws/build/Action_turtle' returned '0': PYTHONPATH=/home/zzq/Desktop/ros2_ws/build/Action_turtle/prefix_override:/usr/lib/python3/dist-packages/colcon_core/task/python/colcon_distutils_commands:/home/zzq/Desktop/ros2_ws/install/Action_turtle/lib/python3.10/site-packages:${PYTHONPATH} /usr/bin/python3 -W ignore:setup.py install is deprecated setup.py develop --editable --build-directory /home/zzq/Desktop/ros2_ws/build/Action_turtle/build --no-deps symlink_data --force
[1.517s] INFO:colcon.colcon_core.shell:Creating environment descriptor '/home/zzq/Desktop/ros2_ws/build/Action_turtle/share/Action_turtle/hook/pythonpath_develop.dsv'
[1.517s] INFO:colcon.colcon_core.shell:Creating environment hook '/home/zzq/Desktop/ros2_ws/build/Action_turtle/share/Action_turtle/hook/pythonpath_develop.sh'
[1.517s] Level 1:colcon.colcon_core.environment:checking '/home/zzq/Desktop/ros2_ws/install/Action_turtle' for CMake module files
[1.518s] Level 1:colcon.colcon_core.environment:checking '/home/zzq/Desktop/ros2_ws/install/Action_turtle' for CMake config files
[1.518s] Level 1:colcon.colcon_core.environment:checking '/home/zzq/Desktop/ros2_ws/install/Action_turtle/lib'
[1.518s] Level 1:colcon.colcon_core.environment:checking '/home/zzq/Desktop/ros2_ws/install/Action_turtle/bin'
[1.518s] Level 1:colcon.colcon_core.environment:checking '/home/zzq/Desktop/ros2_ws/install/Action_turtle/lib/pkgconfig/Action_turtle.pc'
[1.518s] Level 1:colcon.colcon_core.environment:checking '/home/zzq/Desktop/ros2_ws/install/Action_turtle/lib/python3.10/site-packages'
[1.518s] Level 1:colcon.colcon_core.shell:create_environment_hook('Action_turtle', 'pythonpath')
[1.519s] INFO:colcon.colcon_core.shell:Creating environment hook '/home/zzq/Desktop/ros2_ws/install/Action_turtle/share/Action_turtle/hook/pythonpath.ps1'
[1.519s] INFO:colcon.colcon_core.shell:Creating environment descriptor '/home/zzq/Desktop/ros2_ws/install/Action_turtle/share/Action_turtle/hook/pythonpath.dsv'
[1.519s] INFO:colcon.colcon_core.shell:Creating environment hook '/home/zzq/Desktop/ros2_ws/install/Action_turtle/share/Action_turtle/hook/pythonpath.sh'
[1.520s] Level 1:colcon.colcon_core.environment:checking '/home/zzq/Desktop/ros2_ws/install/Action_turtle/bin'
[1.520s] Level 1:colcon.colcon_core.environment:create_environment_scripts_only(Action_turtle)
[1.520s] INFO:colcon.colcon_core.shell:Creating package script '/home/zzq/Desktop/ros2_ws/install/Action_turtle/share/Action_turtle/package.ps1'
[1.520s] INFO:colcon.colcon_core.shell:Creating package descriptor '/home/zzq/Desktop/ros2_ws/install/Action_turtle/share/Action_turtle/package.dsv'
[1.521s] INFO:colcon.colcon_core.shell:Creating package script '/home/zzq/Desktop/ros2_ws/install/Action_turtle/share/Action_turtle/package.sh'
[1.521s] INFO:colcon.colcon_core.shell:Creating package script '/home/zzq/Desktop/ros2_ws/install/Action_turtle/share/Action_turtle/package.bash'
[1.521s] INFO:colcon.colcon_core.shell:Creating package script '/home/zzq/Desktop/ros2_ws/install/Action_turtle/share/Action_turtle/package.zsh'
[1.522s] Level 1:colcon.colcon_core.environment:create_file_with_runtime_dependencies(/home/zzq/Desktop/ros2_ws/install/Action_turtle/share/colcon-core/packages/Action_turtle)
[1.630s] Level 1:colcon.colcon_core.shell:create_environment_hook('service_client_py', 'pythonpath_develop')
[1.631s] INFO:colcon.colcon_core.shell:Creating environment hook '/home/zzq/Desktop/ros2_ws/build/service_client_py/share/service_client_py/hook/pythonpath_develop.ps1'
[1.631s] DEBUG:colcon.colcon_core.event_handler.log_command:Invoked command in '/home/zzq/Desktop/ros2_ws/build/service_client_py' returned '0': PYTHONPATH=/home/zzq/Desktop/ros2_ws/build/service_client_py/prefix_override:/usr/lib/python3/dist-packages/colcon_core/task/python/colcon_distutils_commands:/home/zzq/Desktop/ros2_ws/install/service_client_py/lib/python3.10/site-packages:${PYTHONPATH} /usr/bin/python3 -W ignore:setup.py install is deprecated setup.py develop --editable --build-directory /home/zzq/Desktop/ros2_ws/build/service_client_py/build --no-deps symlink_data --force
[1.632s] INFO:colcon.colcon_core.shell:Creating environment descriptor '/home/zzq/Desktop/ros2_ws/build/service_client_py/share/service_client_py/hook/pythonpath_develop.dsv'
[1.632s] INFO:colcon.colcon_core.shell:Creating environment hook '/home/zzq/Desktop/ros2_ws/build/service_client_py/share/service_client_py/hook/pythonpath_develop.sh'
[1.632s] Level 1:colcon.colcon_core.environment:checking '/home/zzq/Desktop/ros2_ws/install/service_client_py' for CMake module files
[1.632s] Level 1:colcon.colcon_core.environment:checking '/home/zzq/Desktop/ros2_ws/install/service_client_py' for CMake config files
[1.632s] Level 1:colcon.colcon_core.environment:checking '/home/zzq/Desktop/ros2_ws/install/service_client_py/lib'
[1.633s] Level 1:colcon.colcon_core.environment:checking '/home/zzq/Desktop/ros2_ws/install/service_client_py/bin'
[1.633s] Level 1:colcon.colcon_core.environment:checking '/home/zzq/Desktop/ros2_ws/install/service_client_py/lib/pkgconfig/service_client_py.pc'
[1.633s] Level 1:colcon.colcon_core.environment:checking '/home/zzq/Desktop/ros2_ws/install/service_client_py/lib/python3.10/site-packages'
[1.633s] Level 1:colcon.colcon_core.shell:create_environment_hook('service_client_py', 'pythonpath')
[1.633s] INFO:colcon.colcon_core.shell:Creating environment hook '/home/zzq/Desktop/ros2_ws/install/service_client_py/share/service_client_py/hook/pythonpath.ps1'
[1.633s] INFO:colcon.colcon_core.shell:Creating environment descriptor '/home/zzq/Desktop/ros2_ws/install/service_client_py/share/service_client_py/hook/pythonpath.dsv'
[1.633s] INFO:colcon.colcon_core.shell:Creating environment hook '/home/zzq/Desktop/ros2_ws/install/service_client_py/share/service_client_py/hook/pythonpath.sh'
[1.633s] Level 1:colcon.colcon_core.environment:checking '/home/zzq/Desktop/ros2_ws/install/service_client_py/bin'
[1.633s] Level 1:colcon.colcon_core.environment:create_environment_scripts_only(service_client_py)
[1.634s] INFO:colcon.colcon_core.shell:Creating package script '/home/zzq/Desktop/ros2_ws/install/service_client_py/share/service_client_py/package.ps1'
[1.634s] INFO:colcon.colcon_core.shell:Creating package descriptor '/home/zzq/Desktop/ros2_ws/install/service_client_py/share/service_client_py/package.dsv'
[1.634s] INFO:colcon.colcon_core.shell:Creating package script '/home/zzq/Desktop/ros2_ws/install/service_client_py/share/service_client_py/package.sh'
[1.634s] INFO:colcon.colcon_core.shell:Creating package script '/home/zzq/Desktop/ros2_ws/install/service_client_py/share/service_client_py/package.bash'
[1.634s] INFO:colcon.colcon_core.shell:Creating package script '/home/zzq/Desktop/ros2_ws/install/service_client_py/share/service_client_py/package.zsh'
[1.634s] Level 1:colcon.colcon_core.environment:create_file_with_runtime_dependencies(/home/zzq/Desktop/ros2_ws/install/service_client_py/share/colcon-core/packages/service_client_py)
[1.788s] DEBUG:colcon.colcon_core.event_handler.log_command:Invoked command in '/home/zzq/Desktop/ros2_ws/build/srv_msg_creating' returned '0': CMAKE_PREFIX_PATH=${CMAKE_PREFIX_PATH}:/home/zzq/Desktop/ros2_ws/install/srv_msg_creating_py:/home/zzq/Desktop/ros2_ws/install/service_client_py:/home/zzq/Desktop/ros2_ws/install/beitong_joy:/home/zzq/Desktop/ros2_ws/install/beginner_py:/home/zzq/Desktop/ros2_ws/install/HTW_imu:/home/zzq/Desktop/ros2_ws/install/Action_turtle:/home/zzq/Desktop/GYH_ws/install/learning_urdf:/home/zzq/Desktop/GYH_ws/install/learning_topic:/home/zzq/Desktop/GYH_ws/install/learning_tf:/home/zzq/Desktop/GYH_ws/install/learning_service:/home/zzq/Desktop/GYH_ws/install/learning_qos:/home/zzq/Desktop/GYH_ws/install/learning_pkg_python:/home/zzq/Desktop/GYH_ws/install/learning_parameter:/home/zzq/Desktop/GYH_ws/install/learning_node:/home/zzq/Desktop/GYH_ws/install/learning_launch:/home/zzq/Desktop/GYH_ws/install/learning_action:/home/zzq/Desktop/GYH_ws/install/learning_gazebo:/home/zzq/Desktop/GYH_ws/install/learning_cv:/opt/ros/humble /usr/bin/cmake /home/zzq/Desktop/ros2_ws/src/srv_msg_creating -DCMAKE_BUILD_TYPE=RelWithDebInfo -DAMENT_CMAKE_SYMLINK_INSTALL=1 -DCMAKE_INSTALL_PREFIX=/home/zzq/Desktop/ros2_ws/install/srv_msg_creating
[1.788s] DEBUG:colcon.colcon_core.event_handler.log_command:Invoking command in '/home/zzq/Desktop/ros2_ws/build/srv_msg_creating': CMAKE_PREFIX_PATH=${CMAKE_PREFIX_PATH}:/home/zzq/Desktop/ros2_ws/install/srv_msg_creating_py:/home/zzq/Desktop/ros2_ws/install/service_client_py:/home/zzq/Desktop/ros2_ws/install/beitong_joy:/home/zzq/Desktop/ros2_ws/install/beginner_py:/home/zzq/Desktop/ros2_ws/install/HTW_imu:/home/zzq/Desktop/ros2_ws/install/Action_turtle:/home/zzq/Desktop/GYH_ws/install/learning_urdf:/home/zzq/Desktop/GYH_ws/install/learning_topic:/home/zzq/Desktop/GYH_ws/install/learning_tf:/home/zzq/Desktop/GYH_ws/install/learning_service:/home/zzq/Desktop/GYH_ws/install/learning_qos:/home/zzq/Desktop/GYH_ws/install/learning_pkg_python:/home/zzq/Desktop/GYH_ws/install/learning_parameter:/home/zzq/Desktop/GYH_ws/install/learning_node:/home/zzq/Desktop/GYH_ws/install/learning_launch:/home/zzq/Desktop/GYH_ws/install/learning_action:/home/zzq/Desktop/GYH_ws/install/learning_gazebo:/home/zzq/Desktop/GYH_ws/install/learning_cv:/opt/ros/humble /usr/bin/cmake --build /home/zzq/Desktop/ros2_ws/build/srv_msg_creating -- -j32 -l32
[2.147s] DEBUG:colcon.colcon_core.event_handler.log_command:Invoked command in '/home/zzq/Desktop/ros2_ws/build/srv_msg_creating' returned '2': CMAKE_PREFIX_PATH=${CMAKE_PREFIX_PATH}:/home/zzq/Desktop/ros2_ws/install/srv_msg_creating_py:/home/zzq/Desktop/ros2_ws/install/service_client_py:/home/zzq/Desktop/ros2_ws/install/beitong_joy:/home/zzq/Desktop/ros2_ws/install/beginner_py:/home/zzq/Desktop/ros2_ws/install/HTW_imu:/home/zzq/Desktop/ros2_ws/install/Action_turtle:/home/zzq/Desktop/GYH_ws/install/learning_urdf:/home/zzq/Desktop/GYH_ws/install/learning_topic:/home/zzq/Desktop/GYH_ws/install/learning_tf:/home/zzq/Desktop/GYH_ws/install/learning_service:/home/zzq/Desktop/GYH_ws/install/learning_qos:/home/zzq/Desktop/GYH_ws/install/learning_pkg_python:/home/zzq/Desktop/GYH_ws/install/learning_parameter:/home/zzq/Desktop/GYH_ws/install/learning_node:/home/zzq/Desktop/GYH_ws/install/learning_launch:/home/zzq/Desktop/GYH_ws/install/learning_action:/home/zzq/Desktop/GYH_ws/install/learning_gazebo:/home/zzq/Desktop/GYH_ws/install/learning_cv:/opt/ros/humble /usr/bin/cmake --build /home/zzq/Desktop/ros2_ws/build/srv_msg_creating -- -j32 -l32
[2.192s] Level 1:colcon.colcon_core.environment:create_environment_scripts_only(srv_msg_creating)
[2.192s] Level 1:colcon.colcon_core.environment:checking '/home/zzq/Desktop/ros2_ws/install/srv_msg_creating' for CMake module files
[2.193s] Level 1:colcon.colcon_core.environment:checking '/home/zzq/Desktop/ros2_ws/install/srv_msg_creating' for CMake config files
[2.193s] Level 1:colcon.colcon_core.shell:create_environment_hook('srv_msg_creating', 'cmake_prefix_path')
[2.193s] INFO:colcon.colcon_core.shell:Creating environment hook '/home/zzq/Desktop/ros2_ws/install/srv_msg_creating/share/srv_msg_creating/hook/cmake_prefix_path.ps1'
[2.193s] INFO:colcon.colcon_core.shell:Creating environment descriptor '/home/zzq/Desktop/ros2_ws/install/srv_msg_creating/share/srv_msg_creating/hook/cmake_prefix_path.dsv'
[2.193s] INFO:colcon.colcon_core.shell:Creating environment hook '/home/zzq/Desktop/ros2_ws/install/srv_msg_creating/share/srv_msg_creating/hook/cmake_prefix_path.sh'
[2.193s] Level 1:colcon.colcon_core.environment:checking '/home/zzq/Desktop/ros2_ws/install/srv_msg_creating/lib'
[2.194s] Level 1:colcon.colcon_core.shell:create_environment_hook('srv_msg_creating', 'ld_library_path_lib')
[2.194s] INFO:colcon.colcon_core.shell:Creating environment hook '/home/zzq/Desktop/ros2_ws/install/srv_msg_creating/share/srv_msg_creating/hook/ld_library_path_lib.ps1'
[2.194s] INFO:colcon.colcon_core.shell:Creating environment descriptor '/home/zzq/Desktop/ros2_ws/install/srv_msg_creating/share/srv_msg_creating/hook/ld_library_path_lib.dsv'
[2.194s] INFO:colcon.colcon_core.shell:Creating environment hook '/home/zzq/Desktop/ros2_ws/install/srv_msg_creating/share/srv_msg_creating/hook/ld_library_path_lib.sh'
[2.194s] Level 1:colcon.colcon_core.environment:checking '/home/zzq/Desktop/ros2_ws/install/srv_msg_creating/bin'
[2.194s] Level 1:colcon.colcon_core.environment:checking '/home/zzq/Desktop/ros2_ws/install/srv_msg_creating/lib/pkgconfig/srv_msg_creating.pc'
[2.194s] Level 1:colcon.colcon_core.environment:checking '/home/zzq/Desktop/ros2_ws/install/srv_msg_creating/lib/python3.10/site-packages'
[2.194s] Level 1:colcon.colcon_core.environment:checking '/home/zzq/Desktop/ros2_ws/install/srv_msg_creating/bin'
[2.194s] INFO:colcon.colcon_core.shell:Creating package script '/home/zzq/Desktop/ros2_ws/install/srv_msg_creating/share/srv_msg_creating/package.ps1'
[2.195s] INFO:colcon.colcon_core.shell:Creating package descriptor '/home/zzq/Desktop/ros2_ws/install/srv_msg_creating/share/srv_msg_creating/package.dsv'
[2.195s] INFO:colcon.colcon_core.shell:Creating package script '/home/zzq/Desktop/ros2_ws/install/srv_msg_creating/share/srv_msg_creating/package.sh'
[2.195s] INFO:colcon.colcon_core.shell:Creating package script '/home/zzq/Desktop/ros2_ws/install/srv_msg_creating/share/srv_msg_creating/package.bash'
[2.195s] INFO:colcon.colcon_core.shell:Creating package script '/home/zzq/Desktop/ros2_ws/install/srv_msg_creating/share/srv_msg_creating/package.zsh'
[2.195s] Level 1:colcon.colcon_core.environment:create_file_with_runtime_dependencies(/home/zzq/Desktop/ros2_ws/install/srv_msg_creating/share/colcon-core/packages/srv_msg_creating)
[6.386s] DEBUG:colcon.colcon_parallel_executor.executor.parallel:closing loop
[6.386s] DEBUG:colcon.colcon_parallel_executor.executor.parallel:loop closed
[6.386s] DEBUG:colcon.colcon_parallel_executor.executor.parallel:run_until_complete finished with '2'
[6.386s] DEBUG:colcon.colcon_core.event_reactor:joining thread
[6.396s] INFO:colcon.colcon_core.plugin_system:Skipping extension 'colcon_notification.desktop_notification.terminal_notifier': Not used on non-Darwin systems
[6.396s] INFO:colcon.colcon_core.plugin_system:Skipping extension 'colcon_notification.desktop_notification.win32': Not used on non-Windows systems
[6.396s] INFO:colcon.colcon_notification.desktop_notification:Sending desktop notification using 'notify2'
[6.414s] DEBUG:colcon.colcon_core.event_reactor:joined thread
[6.414s] INFO:colcon.colcon_core.shell:Creating prefix script '/home/zzq/Desktop/ros2_ws/install/local_setup.ps1'
[6.416s] INFO:colcon.colcon_core.shell:Creating prefix util module '/home/zzq/Desktop/ros2_ws/install/_local_setup_util_ps1.py'
[6.418s] INFO:colcon.colcon_core.shell:Creating prefix chain script '/home/zzq/Desktop/ros2_ws/install/setup.ps1'
[6.421s] INFO:colcon.colcon_core.shell:Creating prefix script '/home/zzq/Desktop/ros2_ws/install/local_setup.sh'
[6.422s] INFO:colcon.colcon_core.shell:Creating prefix util module '/home/zzq/Desktop/ros2_ws/install/_local_setup_util_sh.py'
[6.423s] INFO:colcon.colcon_core.shell:Creating prefix chain script '/home/zzq/Desktop/ros2_ws/install/setup.sh'
[6.424s] INFO:colcon.colcon_core.shell:Creating prefix script '/home/zzq/Desktop/ros2_ws/install/local_setup.bash'
[6.424s] INFO:colcon.colcon_core.shell:Creating prefix chain script '/home/zzq/Desktop/ros2_ws/install/setup.bash'
[6.425s] INFO:colcon.colcon_core.shell:Creating prefix script '/home/zzq/Desktop/ros2_ws/install/local_setup.zsh'
[6.425s] INFO:colcon.colcon_core.shell:Creating prefix chain script '/home/zzq/Desktop/ros2_ws/install/setup.zsh'
