[0.724s] Invoking command in '/home/zzq/Desktop/ros2_ws/build/srv_msg_creating': CMAKE_PREFIX_PATH=${CMAKE_PREFIX_PATH}:/home/zzq/Desktop/ros2_ws/install/srv_msg_creating_py:/home/zzq/Desktop/ros2_ws/install/service_client_py:/home/zzq/Desktop/ros2_ws/install/beitong_joy:/home/zzq/Desktop/ros2_ws/install/beginner_py:/home/zzq/Desktop/ros2_ws/install/HTW_imu:/home/zzq/Desktop/ros2_ws/install/Action_turtle:/home/zzq/Desktop/GYH_ws/install/learning_urdf:/home/zzq/Desktop/GYH_ws/install/learning_topic:/home/zzq/Desktop/GYH_ws/install/learning_tf:/home/zzq/Desktop/GYH_ws/install/learning_service:/home/zzq/Desktop/GYH_ws/install/learning_qos:/home/zzq/Desktop/GYH_ws/install/learning_pkg_python:/home/zzq/Desktop/GYH_ws/install/learning_parameter:/home/zzq/Desktop/GYH_ws/install/learning_node:/home/zzq/Desktop/GYH_ws/install/learning_launch:/home/zzq/Desktop/GYH_ws/install/learning_action:/home/zzq/Desktop/GYH_ws/install/learning_gazebo:/home/zzq/Desktop/GYH_ws/install/learning_cv:/opt/ros/humble /usr/bin/cmake /home/zzq/Desktop/ros2_ws/src/srv_msg_creating -DCMAKE_BUILD_TYPE=RelWithDebInfo -DAMENT_CMAKE_SYMLINK_INSTALL=1 -DCMAKE_INSTALL_PREFIX=/home/zzq/Desktop/ros2_ws/install/srv_msg_creating
[0.731s] -- Found ament_cmake: 1.3.9 (/opt/ros/humble/share/ament_cmake/cmake)
[0.805s] -- Override CMake install command with custom implementation using symlinks instead of copying resources
[0.809s] -- Found rosidl_default_generators: 1.2.0 (/opt/ros/humble/share/rosidl_default_generators/cmake)
[0.812s] -- Using all available rosidl_typesupport_c: rosidl_typesupport_fastrtps_c;rosidl_typesupport_introspection_c
[0.814s] -- Found rosidl_adapter: 3.1.5 (/opt/ros/humble/share/rosidl_adapter/cmake)
[0.832s] -- Using all available rosidl_typesupport_cpp: rosidl_typesupport_fastrtps_cpp;rosidl_typesupport_introspection_cpp
[1.104s] -- Found ament_cmake_ros: 0.10.0 (/opt/ros/humble/share/ament_cmake_ros/cmake)
[1.272s] -- Using all available rosidl_typesupport_c: rosidl_typesupport_fastrtps_c;rosidl_typesupport_introspection_c
[1.456s] -- Using all available rosidl_typesupport_cpp: rosidl_typesupport_fastrtps_cpp;rosidl_typesupport_introspection_cpp
[1.473s] -- Found python_cmake_module: 0.10.0 (/opt/ros/humble/share/python_cmake_module/cmake)
[1.491s] -- Using PYTHON_EXECUTABLE: /usr/bin/python3
[1.491s] -- Using PYTHON_INCLUDE_DIRS: /usr/include/python3.10
[1.491s] -- Using PYTHON_LIBRARIES: /usr/lib/x86_64-linux-gnu/libpython3.10.so
[1.516s] -- Found ament_lint_auto: 0.12.11 (/opt/ros/humble/share/ament_lint_auto/cmake)
[1.529s] -- Added test 'lint_cmake' to check CMake code style
[1.530s] -- Added test 'xmllint' to check XML markup files
[1.534s] -- Configuring done
[1.567s] -- Generating done
[1.568s] -- Build files have been written to: /home/zzq/Desktop/ros2_ws/build/srv_msg_creating
[1.574s] Invoked command in '/home/zzq/Desktop/ros2_ws/build/srv_msg_creating' returned '0': CMAKE_PREFIX_PATH=${CMAKE_PREFIX_PATH}:/home/zzq/Desktop/ros2_ws/install/srv_msg_creating_py:/home/zzq/Desktop/ros2_ws/install/service_client_py:/home/zzq/Desktop/ros2_ws/install/beitong_joy:/home/zzq/Desktop/ros2_ws/install/beginner_py:/home/zzq/Desktop/ros2_ws/install/HTW_imu:/home/zzq/Desktop/ros2_ws/install/Action_turtle:/home/zzq/Desktop/GYH_ws/install/learning_urdf:/home/zzq/Desktop/GYH_ws/install/learning_topic:/home/zzq/Desktop/GYH_ws/install/learning_tf:/home/zzq/Desktop/GYH_ws/install/learning_service:/home/zzq/Desktop/GYH_ws/install/learning_qos:/home/zzq/Desktop/GYH_ws/install/learning_pkg_python:/home/zzq/Desktop/GYH_ws/install/learning_parameter:/home/zzq/Desktop/GYH_ws/install/learning_node:/home/zzq/Desktop/GYH_ws/install/learning_launch:/home/zzq/Desktop/GYH_ws/install/learning_action:/home/zzq/Desktop/GYH_ws/install/learning_gazebo:/home/zzq/Desktop/GYH_ws/install/learning_cv:/opt/ros/humble /usr/bin/cmake /home/zzq/Desktop/ros2_ws/src/srv_msg_creating -DCMAKE_BUILD_TYPE=RelWithDebInfo -DAMENT_CMAKE_SYMLINK_INSTALL=1 -DCMAKE_INSTALL_PREFIX=/home/zzq/Desktop/ros2_ws/install/srv_msg_creating
[1.574s] Invoking command in '/home/zzq/Desktop/ros2_ws/build/srv_msg_creating': CMAKE_PREFIX_PATH=${CMAKE_PREFIX_PATH}:/home/zzq/Desktop/ros2_ws/install/srv_msg_creating_py:/home/zzq/Desktop/ros2_ws/install/service_client_py:/home/zzq/Desktop/ros2_ws/install/beitong_joy:/home/zzq/Desktop/ros2_ws/install/beginner_py:/home/zzq/Desktop/ros2_ws/install/HTW_imu:/home/zzq/Desktop/ros2_ws/install/Action_turtle:/home/zzq/Desktop/GYH_ws/install/learning_urdf:/home/zzq/Desktop/GYH_ws/install/learning_topic:/home/zzq/Desktop/GYH_ws/install/learning_tf:/home/zzq/Desktop/GYH_ws/install/learning_service:/home/zzq/Desktop/GYH_ws/install/learning_qos:/home/zzq/Desktop/GYH_ws/install/learning_pkg_python:/home/zzq/Desktop/GYH_ws/install/learning_parameter:/home/zzq/Desktop/GYH_ws/install/learning_node:/home/zzq/Desktop/GYH_ws/install/learning_launch:/home/zzq/Desktop/GYH_ws/install/learning_action:/home/zzq/Desktop/GYH_ws/install/learning_gazebo:/home/zzq/Desktop/GYH_ws/install/learning_cv:/opt/ros/humble /usr/bin/cmake --build /home/zzq/Desktop/ros2_ws/build/srv_msg_creating -- -j32 -l32
[1.596s] [35m[1mConsolidate compiler generated dependencies of target srv_msg_creating__rosidl_generator_c[0m
[1.601s] failed to create symbolic link '/home/zzq/Desktop/ros2_ws/build/srv_msg_creating/ament_cmake_python/srv_msg_creating/srv_msg_creating' because existing path cannot be removed: Is a directory
[1.601s] [  2%] Built target srv_msg_creating__cpp
[1.602s] gmake[2]: *** [CMakeFiles/ament_cmake_python_symlink_srv_msg_creating.dir/build.make:70：CMakeFiles/ament_cmake_python_symlink_srv_msg_creating] 错误 1
[1.602s] gmake[1]: *** [CMakeFiles/Makefile2:421：CMakeFiles/ament_cmake_python_symlink_srv_msg_creating.dir/all] 错误 2
[1.602s] gmake[1]: *** 正在等待未完成的任务....
[1.602s] [  6%] [32mBuilding C object CMakeFiles/srv_msg_creating__rosidl_generator_c.dir/rosidl_generator_c/srv_msg_creating/msg/detail/num__functions.c.o[0m
[1.602s] [  6%] [32mBuilding C object CMakeFiles/srv_msg_creating__rosidl_generator_c.dir/rosidl_generator_c/srv_msg_creating/srv/detail/add_three_ints__functions.c.o[0m
[1.604s] [  8%] [32mBuilding C object CMakeFiles/srv_msg_creating__rosidl_generator_c.dir/rosidl_generator_c/srv_msg_creating/action/detail/move_circle__functions.c.o[0m
[1.607s] [35m[1mConsolidate compiler generated dependencies of target srv_msg_creating__rosidl_typesupport_cpp[0m
[1.615s] [ 10%] [32mBuilding CXX object CMakeFiles/srv_msg_creating__rosidl_typesupport_cpp.dir/rosidl_typesupport_cpp/srv_msg_creating/action/move_circle__type_support.cpp.o[0m
[1.616s] [ 12%] [32mBuilding CXX object CMakeFiles/srv_msg_creating__rosidl_typesupport_cpp.dir/rosidl_typesupport_cpp/srv_msg_creating/srv/add_three_ints__type_support.cpp.o[0m
[1.616s] [ 14%] [32mBuilding CXX object CMakeFiles/srv_msg_creating__rosidl_typesupport_cpp.dir/rosidl_typesupport_cpp/srv_msg_creating/msg/num__type_support.cpp.o[0m
[1.906s] [ 17%] [32m[1mLinking CXX shared library libsrv_msg_creating__rosidl_typesupport_cpp.so[0m
[1.910s] [ 19%] [32m[1mLinking C shared library libsrv_msg_creating__rosidl_generator_c.so[0m
[1.929s] [ 21%] Built target srv_msg_creating__rosidl_typesupport_cpp
[1.930s] [ 23%] Built target srv_msg_creating__rosidl_generator_c
[1.931s] gmake: *** [Makefile:146：all] 错误 2
[1.934s] Invoked command in '/home/zzq/Desktop/ros2_ws/build/srv_msg_creating' returned '2': CMAKE_PREFIX_PATH=${CMAKE_PREFIX_PATH}:/home/zzq/Desktop/ros2_ws/install/srv_msg_creating_py:/home/zzq/Desktop/ros2_ws/install/service_client_py:/home/zzq/Desktop/ros2_ws/install/beitong_joy:/home/zzq/Desktop/ros2_ws/install/beginner_py:/home/zzq/Desktop/ros2_ws/install/HTW_imu:/home/zzq/Desktop/ros2_ws/install/Action_turtle:/home/zzq/Desktop/GYH_ws/install/learning_urdf:/home/zzq/Desktop/GYH_ws/install/learning_topic:/home/zzq/Desktop/GYH_ws/install/learning_tf:/home/zzq/Desktop/GYH_ws/install/learning_service:/home/zzq/Desktop/GYH_ws/install/learning_qos:/home/zzq/Desktop/GYH_ws/install/learning_pkg_python:/home/zzq/Desktop/GYH_ws/install/learning_parameter:/home/zzq/Desktop/GYH_ws/install/learning_node:/home/zzq/Desktop/GYH_ws/install/learning_launch:/home/zzq/Desktop/GYH_ws/install/learning_action:/home/zzq/Desktop/GYH_ws/install/learning_gazebo:/home/zzq/Desktop/GYH_ws/install/learning_cv:/opt/ros/humble /usr/bin/cmake --build /home/zzq/Desktop/ros2_ws/build/srv_msg_creating -- -j32 -l32
