[0.009s] Invoking command in '/home/zzq/Desktop/ros2_ws/build/beginner': CMAKE_PREFIX_PATH=${CMAKE_PREFIX_PATH}:/home/zzq/Desktop/ros2_ws/install/service_client_py:/home/zzq/Desktop/ros2_ws/install/beginner_py:/opt/ros/humble /usr/bin/cmake --build /home/zzq/Desktop/ros2_ws/build/beginner -- -j32 -l32
[0.135s] [100%] Built target talker
[0.261s] Invoked command in '/home/zzq/Desktop/ros2_ws/build/beginner' returned '0': CMAKE_PREFIX_PATH=${CMAKE_PREFIX_PATH}:/home/zzq/Desktop/ros2_ws/install/service_client_py:/home/zzq/Desktop/ros2_ws/install/beginner_py:/opt/ros/humble /usr/bin/cmake --build /home/zzq/Desktop/ros2_ws/build/beginner -- -j32 -l32
[0.278s] Invoking command in '/home/zzq/Desktop/ros2_ws/build/beginner': CMAKE_PREFIX_PATH=${CMAKE_PREFIX_PATH}:/home/zzq/Desktop/ros2_ws/install/service_client_py:/home/zzq/Desktop/ros2_ws/install/beginner_py:/opt/ros/humble /usr/bin/cmake --install /home/zzq/Desktop/ros2_ws/build/beginner
[0.281s] -- Install configuration: ""
[0.281s] -- Up-to-date: /home/zzq/Desktop/ros2_ws/install/beginner/share/ament_index/resource_index/package_run_dependencies/beginner
[0.281s] -- Up-to-date: /home/zzq/Desktop/ros2_ws/install/beginner/share/ament_index/resource_index/parent_prefix_path/beginner
[0.281s] -- Up-to-date: /home/zzq/Desktop/ros2_ws/install/beginner/share/beginner/environment/ament_prefix_path.sh
[0.281s] -- Up-to-date: /home/zzq/Desktop/ros2_ws/install/beginner/share/beginner/environment/ament_prefix_path.dsv
[0.281s] -- Up-to-date: /home/zzq/Desktop/ros2_ws/install/beginner/share/beginner/environment/path.sh
[0.281s] -- Up-to-date: /home/zzq/Desktop/ros2_ws/install/beginner/share/beginner/environment/path.dsv
[0.281s] -- Up-to-date: /home/zzq/Desktop/ros2_ws/install/beginner/share/beginner/local_setup.bash
[0.281s] -- Up-to-date: /home/zzq/Desktop/ros2_ws/install/beginner/share/beginner/local_setup.sh
[0.281s] -- Up-to-date: /home/zzq/Desktop/ros2_ws/install/beginner/share/beginner/local_setup.zsh
[0.281s] -- Up-to-date: /home/zzq/Desktop/ros2_ws/install/beginner/share/beginner/local_setup.dsv
[0.281s] -- Installing: /home/zzq/Desktop/ros2_ws/install/beginner/share/beginner/package.dsv
[0.281s] -- Up-to-date: /home/zzq/Desktop/ros2_ws/install/beginner/share/ament_index/resource_index/packages/beginner
[0.281s] -- Up-to-date: /home/zzq/Desktop/ros2_ws/install/beginner/share/beginner/cmake/beginnerConfig.cmake
[0.281s] -- Up-to-date: /home/zzq/Desktop/ros2_ws/install/beginner/share/beginner/cmake/beginnerConfig-version.cmake
[0.281s] -- Up-to-date: /home/zzq/Desktop/ros2_ws/install/beginner/share/beginner/package.xml
[0.282s] -- Up-to-date: /home/zzq/Desktop/ros2_ws/install/beginner/lib/beginner/talker
[0.283s] Invoked command in '/home/zzq/Desktop/ros2_ws/build/beginner' returned '0': CMAKE_PREFIX_PATH=${CMAKE_PREFIX_PATH}:/home/zzq/Desktop/ros2_ws/install/service_client_py:/home/zzq/Desktop/ros2_ws/install/beginner_py:/opt/ros/humble /usr/bin/cmake --install /home/zzq/Desktop/ros2_ws/build/beginner
