[0.006s] Invoking command in '/home/zzq/Desktop/ros2_ws/build/pavo_lidar': CMAKE_PREFIX_PATH=${CMAKE_PREFIX_PATH}:/home/zzq/Desktop/ros2_ws/install/srv_msg_creating_py:/home/zzq/Desktop/ros2_ws/install/service_client_py:/home/zzq/Desktop/ros2_ws/install/beitong_joy:/home/zzq/Desktop/ros2_ws/install/beginner_py:/home/zzq/Desktop/ros2_ws/install/HTW_imu:/home/zzq/Desktop/ros2_ws/install/Action_turtle:/home/zzq/Desktop/GYH_ws/install/learning_urdf:/home/zzq/Desktop/GYH_ws/install/learning_topic:/home/zzq/Desktop/GYH_ws/install/learning_tf:/home/zzq/Desktop/GYH_ws/install/learning_service:/home/zzq/Desktop/GYH_ws/install/learning_qos:/home/zzq/Desktop/GYH_ws/install/learning_pkg_python:/home/zzq/Desktop/GYH_ws/install/learning_parameter:/home/zzq/Desktop/GYH_ws/install/learning_node:/home/zzq/Desktop/GYH_ws/install/learning_launch:/home/zzq/Desktop/GYH_ws/install/learning_action:/home/zzq/Desktop/GYH_ws/install/learning_gazebo:/home/zzq/Desktop/GYH_ws/install/learning_cv:/opt/ros/humble /usr/bin/cmake --build /home/zzq/Desktop/ros2_ws/build/pavo_lidar -- -j32 -l32
[0.032s] [35m[1mConsolidate compiler generated dependencies of target pavo_pcd_pub[0m
[0.054s] [ 20%] [32m[1mLinking CXX executable pavo_pcd_pub[0m
[0.158s] /usr/bin/ld: CMakeFiles/pavo_pcd_pub.dir/sdk/src/pavo_driver.cpp.o: warning: relocation against `_ZTVN5boost6detail16thread_data_baseE' in read-only section `.text._ZN5boost6detail16thread_data_baseC2Ev[_ZN5boost6detail16thread_data_baseC5Ev]'
[0.168s] /usr/bin/ld: CMakeFiles/pavo_pcd_pub.dir/sdk/src/pavo_driver.cpp.o: in function `boost::detail::thread_data_base::thread_data_base()':
[0.168s] pavo_driver.cpp:(.text._ZN5boost6detail16thread_data_baseC2Ev[_ZN5boost6detail16thread_data_baseC5Ev]+0x24): undefined reference to `vtable for boost::detail::thread_data_base'
[0.168s] /usr/bin/ld: CMakeFiles/pavo_pcd_pub.dir/sdk/src/pavo_driver.cpp.o: in function `boost::detail::interruption_checker::interruption_checker(pthread_mutex_t*, pthread_cond_t*)':
[0.168s] pavo_driver.cpp:(.text._ZN5boost6detail20interruption_checkerC2EP15pthread_mutex_tP14pthread_cond_t[_ZN5boost6detail20interruption_checkerC5EP15pthread_mutex_tP14pthread_cond_t]+0x29): undefined reference to `boost::detail::get_current_thread_data()'
[0.168s] /usr/bin/ld: CMakeFiles/pavo_pcd_pub.dir/sdk/src/pavo_driver.cpp.o: in function `boost::thread::start_thread()':
[0.168s] pavo_driver.cpp:(.text._ZN5boost6thread12start_threadEv[_ZN5boost6thread12start_threadEv]+0x28): undefined reference to `boost::thread::start_thread_noexcept()'
[0.168s] /usr/bin/ld: CMakeFiles/pavo_pcd_pub.dir/sdk/src/pavo_driver.cpp.o: in function `boost::thread::~thread()':
[0.168s] pavo_driver.cpp:(.text._ZN5boost6threadD2Ev[_ZN5boost6threadD5Ev]+0x18): undefined reference to `boost::thread::detach()'
[0.168s] /usr/bin/ld: CMakeFiles/pavo_pcd_pub.dir/sdk/src/pavo_driver.cpp.o: in function `boost::thread::get_id() const':
[0.168s] pavo_driver.cpp:(.text._ZNK5boost6thread6get_idEv[_ZNK5boost6thread6get_idEv]+0x27): undefined reference to `boost::thread::native_handle()'
[0.168s] /usr/bin/ld: CMakeFiles/pavo_pcd_pub.dir/sdk/src/pavo_driver.cpp.o: in function `boost::thread::join()':
[0.168s] pavo_driver.cpp:(.text._ZN5boost6thread4joinEv[_ZN5boost6thread4joinEv]+0x7c): undefined reference to `boost::thread::join_noexcept()'
[0.168s] /usr/bin/ld: CMakeFiles/pavo_pcd_pub.dir/sdk/src/pavo_driver.cpp.o: in function `boost::condition_variable::wait(boost::unique_lock<boost::mutex>&)':
[0.168s] pavo_driver.cpp:(.text._ZN5boost18condition_variable4waitERNS_11unique_lockINS_5mutexEEE[_ZN5boost18condition_variable4waitERNS_11unique_lockINS_5mutexEEE]+0x119): undefined reference to `boost::this_thread::interruption_point()'
[0.168s] /usr/bin/ld: CMakeFiles/pavo_pcd_pub.dir/sdk/src/pavo_driver.cpp.o: in function `boost::condition_variable::do_wait_until(boost::unique_lock<boost::mutex>&, boost::detail::mono_platform_timepoint const&)':
[0.168s] pavo_driver.cpp:(.text._ZN5boost18condition_variable13do_wait_untilERNS_11unique_lockINS_5mutexEEERKNS_6detail23mono_platform_timepointE[_ZN5boost18condition_variable13do_wait_untilERNS_11unique_lockINS_5mutexEEERKNS_6detail23mono_platform_timepointE]+0x133): undefined reference to `boost::this_thread::interruption_point()'
[0.169s] /usr/bin/ld: CMakeFiles/pavo_pcd_pub.dir/sdk/src/pavo_driver.cpp.o: in function `boost::detail::thread_data<boost::_bi::bind_t<unsigned long, boost::_mfi::mf0<unsigned long, boost::asio::io_context>, boost::_bi::list1<boost::_bi::value<boost::asio::io_context*> > > >::~thread_data()':
[0.169s] pavo_driver.cpp:(.text._ZN5boost6detail11thread_dataINS_3_bi6bind_tImNS_4_mfi3mf0ImNS_4asio10io_contextEEENS2_5list1INS2_5valueIPS7_EEEEEEED2Ev[_ZN5boost6detail11thread_dataINS_3_bi6bind_tImNS_4_mfi3mf0ImNS_4asio10io_contextEEENS2_5list1INS2_5valueIPS7_EEEEEEED5Ev]+0x26): undefined reference to `boost::detail::thread_data_base::~thread_data_base()'
[0.169s] /usr/bin/ld: CMakeFiles/pavo_pcd_pub.dir/sdk/src/pavo_driver.cpp.o:(.data.rel.ro._ZTIN5boost6detail11thread_dataINS_3_bi6bind_tImNS_4_mfi3mf0ImNS_4asio10io_contextEEENS2_5list1INS2_5valueIPS7_EEEEEEEE[_ZTIN5boost6detail11thread_dataINS_3_bi6bind_tImNS_4_mfi3mf0ImNS_4asio10io_contextEEENS2_5list1INS2_5valueIPS7_EEEEEEEE]+0x10): undefined reference to `typeinfo for boost::detail::thread_data_base'
[0.175s] /usr/bin/ld: warning: creating DT_TEXTREL in a PIE
[0.177s] collect2: error: ld returned 1 exit status
[0.178s] gmake[2]: *** [CMakeFiles/pavo_pcd_pub.dir/build.make:223：pavo_pcd_pub] 错误 1
[0.178s] gmake[1]: *** [CMakeFiles/Makefile2:137：CMakeFiles/pavo_pcd_pub.dir/all] 错误 2
[0.178s] gmake: *** [Makefile:146：all] 错误 2
[0.180s] Invoked command in '/home/zzq/Desktop/ros2_ws/build/pavo_lidar' returned '2': CMAKE_PREFIX_PATH=${CMAKE_PREFIX_PATH}:/home/zzq/Desktop/ros2_ws/install/srv_msg_creating_py:/home/zzq/Desktop/ros2_ws/install/service_client_py:/home/zzq/Desktop/ros2_ws/install/beitong_joy:/home/zzq/Desktop/ros2_ws/install/beginner_py:/home/zzq/Desktop/ros2_ws/install/HTW_imu:/home/zzq/Desktop/ros2_ws/install/Action_turtle:/home/zzq/Desktop/GYH_ws/install/learning_urdf:/home/zzq/Desktop/GYH_ws/install/learning_topic:/home/zzq/Desktop/GYH_ws/install/learning_tf:/home/zzq/Desktop/GYH_ws/install/learning_service:/home/zzq/Desktop/GYH_ws/install/learning_qos:/home/zzq/Desktop/GYH_ws/install/learning_pkg_python:/home/zzq/Desktop/GYH_ws/install/learning_parameter:/home/zzq/Desktop/GYH_ws/install/learning_node:/home/zzq/Desktop/GYH_ws/install/learning_launch:/home/zzq/Desktop/GYH_ws/install/learning_action:/home/zzq/Desktop/GYH_ws/install/learning_gazebo:/home/zzq/Desktop/GYH_ws/install/learning_cv:/opt/ros/humble /usr/bin/cmake --build /home/zzq/Desktop/ros2_ws/build/pavo_lidar -- -j32 -l32
