-- Found ament_cmake: 1.3.9 (/opt/ros/humble/share/ament_cmake/cmake)
-- Found rosidl_default_generators: 1.2.0 (/opt/ros/humble/share/rosidl_default_generators/cmake)
-- Using all available rosidl_typesupport_c: rosidl_typesupport_fastrtps_c;rosidl_typesupport_introspection_c
-- Found rosidl_adapter: 3.1.5 (/opt/ros/humble/share/rosidl_adapter/cmake)
-- Using all available rosidl_typesupport_cpp: rosidl_typesupport_fastrtps_cpp;rosidl_typesupport_introspection_cpp
-- Found ament_cmake_ros: 0.10.0 (/opt/ros/humble/share/ament_cmake_ros/cmake)
-- Using all available rosidl_typesupport_c: rosidl_typesupport_fastrtps_c;rosidl_typesupport_introspection_c
-- Using all available rosidl_typesupport_cpp: rosidl_typesupport_fastrtps_cpp;rosidl_typesupport_introspection_cpp
-- Found python_cmake_module: 0.10.0 (/opt/ros/humble/share/python_cmake_module/cmake)
-- Using PYTHON_EXECUTABLE: /usr/bin/python3
-- Using PYTHON_INCLUDE_DIRS: /usr/include/python3.10
-- Using PYTHON_LIBRARIES: /usr/lib/x86_64-linux-gnu/libpython3.10.so
-- Found ament_lint_auto: 0.12.11 (/opt/ros/humble/share/ament_lint_auto/cmake)
-- Added test 'lint_cmake' to check CMake code style
-- Added test 'xmllint' to check XML markup files
-- Configuring done
-- Generating done
-- Build files have been written to: /home/zzq/Desktop/ros2_ws/build/srv_msg_creating
[35m[1mConsolidate compiler generated dependencies of target srv_msg_creating__rosidl_generator_c[0m
[  2%] Built target srv_msg_creating__cpp
[  5%] [32mBuilding C object CMakeFiles/srv_msg_creating__rosidl_generator_c.dir/rosidl_generator_c/srv_msg_creating/msg/detail/num__functions.c.o[0m
[  7%] [32mBuilding C object CMakeFiles/srv_msg_creating__rosidl_generator_c.dir/rosidl_generator_c/srv_msg_creating/srv/detail/add_three_ints__functions.c.o[0m
[  7%] Built target ament_cmake_python_copy_srv_msg_creating
[35m[1mConsolidate compiler generated dependencies of target srv_msg_creating__rosidl_typesupport_fastrtps_cpp[0m
[35m[1mConsolidate compiler generated dependencies of target srv_msg_creating__rosidl_typesupport_introspection_cpp[0m
[35m[1mConsolidate compiler generated dependencies of target srv_msg_creating__rosidl_typesupport_cpp[0m
[ 17%] [32mBuilding CXX object CMakeFiles/srv_msg_creating__rosidl_typesupport_fastrtps_cpp.dir/rosidl_typesupport_fastrtps_cpp/srv_msg_creating/msg/detail/dds_fastrtps/num__type_support.cpp.o[0m
[ 17%] [32mBuilding CXX object CMakeFiles/srv_msg_creating__rosidl_typesupport_cpp.dir/rosidl_typesupport_cpp/srv_msg_creating/srv/add_three_ints__type_support.cpp.o[0m
[ 17%] [32mBuilding CXX object CMakeFiles/srv_msg_creating__rosidl_typesupport_cpp.dir/rosidl_typesupport_cpp/srv_msg_creating/msg/num__type_support.cpp.o[0m
[ 15%] [32mBuilding CXX object CMakeFiles/srv_msg_creating__rosidl_typesupport_introspection_cpp.dir/rosidl_typesupport_introspection_cpp/srv_msg_creating/msg/detail/num__type_support.cpp.o[0m
[ 20%] [32mBuilding CXX object CMakeFiles/srv_msg_creating__rosidl_typesupport_fastrtps_cpp.dir/rosidl_typesupport_fastrtps_cpp/srv_msg_creating/srv/detail/dds_fastrtps/add_three_ints__type_support.cpp.o[0m
[ 23%] [32mBuilding CXX object CMakeFiles/srv_msg_creating__rosidl_typesupport_introspection_cpp.dir/rosidl_typesupport_introspection_cpp/srv_msg_creating/srv/detail/add_three_ints__type_support.cpp.o[0m
[ 25%] [32m[1mLinking C shared library libsrv_msg_creating__rosidl_generator_c.so[0m
[ 28%] Built target srv_msg_creating__rosidl_generator_c
[35m[1mConsolidate compiler generated dependencies of target srv_msg_creating__rosidl_typesupport_fastrtps_c[0m
[35m[1mConsolidate compiler generated dependencies of target srv_msg_creating__rosidl_typesupport_c[0m
[35m[1mConsolidate compiler generated dependencies of target srv_msg_creating__rosidl_typesupport_introspection_c[0m
[ 30%] [32mBuilding CXX object CMakeFiles/srv_msg_creating__rosidl_typesupport_fastrtps_c.dir/rosidl_typesupport_fastrtps_c/srv_msg_creating/srv/detail/add_three_ints__type_support_c.cpp.o[0m
[ 33%] [32mBuilding CXX object CMakeFiles/srv_msg_creating__rosidl_typesupport_fastrtps_c.dir/rosidl_typesupport_fastrtps_c/srv_msg_creating/msg/detail/num__type_support_c.cpp.o[0m
[ 35%] [32mBuilding CXX object CMakeFiles/srv_msg_creating__rosidl_typesupport_c.dir/rosidl_typesupport_c/srv_msg_creating/msg/num__type_support.cpp.o[0m
[ 38%] [32mBuilding C object CMakeFiles/srv_msg_creating__rosidl_typesupport_introspection_c.dir/rosidl_typesupport_introspection_c/srv_msg_creating/msg/detail/num__type_support.c.o[0m
[ 41%] [32mBuilding CXX object CMakeFiles/srv_msg_creating__rosidl_typesupport_c.dir/rosidl_typesupport_c/srv_msg_creating/srv/add_three_ints__type_support.cpp.o[0m
[ 43%] [32mBuilding C object CMakeFiles/srv_msg_creating__rosidl_typesupport_introspection_c.dir/rosidl_typesupport_introspection_c/srv_msg_creating/srv/detail/add_three_ints__type_support.c.o[0m
[ 46%] [32m[1mLinking CXX shared library libsrv_msg_creating__rosidl_typesupport_c.so[0m
[ 48%] [32m[1mLinking C shared library libsrv_msg_creating__rosidl_typesupport_introspection_c.so[0m
[ 51%] Built target srv_msg_creating__rosidl_typesupport_c
[ 53%] Built target srv_msg_creating__rosidl_typesupport_introspection_c
[ 56%] [32m[1mLinking CXX shared library libsrv_msg_creating__rosidl_typesupport_cpp.so[0m
[ 58%] Built target srv_msg_creating__rosidl_typesupport_cpp
running egg_info
writing srv_msg_creating.egg-info/PKG-INFO
writing dependency_links to srv_msg_creating.egg-info/dependency_links.txt
writing top-level names to srv_msg_creating.egg-info/top_level.txt
reading manifest file 'srv_msg_creating.egg-info/SOURCES.txt'
writing manifest file 'srv_msg_creating.egg-info/SOURCES.txt'
[ 58%] Built target ament_cmake_python_build_srv_msg_creating_egg
[ 61%] [32m[1mLinking CXX shared library libsrv_msg_creating__rosidl_typesupport_introspection_cpp.so[0m
[ 64%] [32m[1mLinking CXX shared library libsrv_msg_creating__rosidl_typesupport_fastrtps_cpp.so[0m
[ 66%] [32m[1mLinking CXX shared library libsrv_msg_creating__rosidl_typesupport_fastrtps_c.so[0m
[ 69%] Built target srv_msg_creating__rosidl_typesupport_introspection_cpp
[ 74%] Built target srv_msg_creating__rosidl_typesupport_fastrtps_cpp
[ 74%] Built target srv_msg_creating__rosidl_typesupport_fastrtps_c
[ 74%] Built target srv_msg_creating
[ 76%] Built target srv_msg_creating__py
[35m[1mConsolidate compiler generated dependencies of target srv_msg_creating__rosidl_generator_py[0m
[ 79%] [32mBuilding C object CMakeFiles/srv_msg_creating__rosidl_generator_py.dir/rosidl_generator_py/srv_msg_creating/msg/_num_s.c.o[0m
[ 82%] [32mBuilding C object CMakeFiles/srv_msg_creating__rosidl_generator_py.dir/rosidl_generator_py/srv_msg_creating/srv/_add_three_ints_s.c.o[0m
[ 84%] [32m[1mLinking C shared library rosidl_generator_py/srv_msg_creating/libsrv_msg_creating__rosidl_generator_py.so[0m
[ 84%] Built target srv_msg_creating__rosidl_generator_py
[35m[1mConsolidate compiler generated dependencies of target srv_msg_creating__rosidl_typesupport_fastrtps_c__pyext[0m
[35m[1mConsolidate compiler generated dependencies of target srv_msg_creating__rosidl_typesupport_introspection_c__pyext[0m
[35m[1mConsolidate compiler generated dependencies of target srv_msg_creating__rosidl_typesupport_c__pyext[0m
[ 87%] [32mBuilding C object CMakeFiles/srv_msg_creating__rosidl_typesupport_fastrtps_c__pyext.dir/rosidl_generator_py/srv_msg_creating/_srv_msg_creating_s.ep.rosidl_typesupport_fastrtps_c.c.o[0m
[ 89%] [32mBuilding C object CMakeFiles/srv_msg_creating__rosidl_typesupport_introspection_c__pyext.dir/rosidl_generator_py/srv_msg_creating/_srv_msg_creating_s.ep.rosidl_typesupport_introspection_c.c.o[0m
[ 92%] [32mBuilding C object CMakeFiles/srv_msg_creating__rosidl_typesupport_c__pyext.dir/rosidl_generator_py/srv_msg_creating/_srv_msg_creating_s.ep.rosidl_typesupport_c.c.o[0m
[ 97%] [32m[1mLinking C shared library rosidl_generator_py/srv_msg_creating/srv_msg_creating_s__rosidl_typesupport_introspection_c.cpython-310-x86_64-linux-gnu.so[0m
[ 97%] [32m[1mLinking C shared library rosidl_generator_py/srv_msg_creating/srv_msg_creating_s__rosidl_typesupport_c.cpython-310-x86_64-linux-gnu.so[0m
[100%] [32m[1mLinking C shared library rosidl_generator_py/srv_msg_creating/srv_msg_creating_s__rosidl_typesupport_fastrtps_c.cpython-310-x86_64-linux-gnu.so[0m
[100%] Built target srv_msg_creating__rosidl_typesupport_c__pyext
[100%] Built target srv_msg_creating__rosidl_typesupport_fastrtps_c__pyext
[100%] Built target srv_msg_creating__rosidl_typesupport_introspection_c__pyext
-- Install configuration: ""
-- Up-to-date: /home/zzq/Desktop/ros2_ws/install/srv_msg_creating/share/ament_index/resource_index/rosidl_interfaces/srv_msg_creating
-- Up-to-date: /home/zzq/Desktop/ros2_ws/install/srv_msg_creating/include/srv_msg_creating/srv_msg_creating
-- Up-to-date: /home/zzq/Desktop/ros2_ws/install/srv_msg_creating/include/srv_msg_creating/srv_msg_creating/msg
-- Up-to-date: /home/zzq/Desktop/ros2_ws/install/srv_msg_creating/include/srv_msg_creating/srv_msg_creating/msg/rosidl_generator_c__visibility_control.h
-- Up-to-date: /home/zzq/Desktop/ros2_ws/install/srv_msg_creating/include/srv_msg_creating/srv_msg_creating/msg/num.h
-- Up-to-date: /home/zzq/Desktop/ros2_ws/install/srv_msg_creating/include/srv_msg_creating/srv_msg_creating/msg/detail
-- Up-to-date: /home/zzq/Desktop/ros2_ws/install/srv_msg_creating/include/srv_msg_creating/srv_msg_creating/msg/detail/num__type_support.h
-- Up-to-date: /home/zzq/Desktop/ros2_ws/install/srv_msg_creating/include/srv_msg_creating/srv_msg_creating/msg/detail/num__struct.h
-- Up-to-date: /home/zzq/Desktop/ros2_ws/install/srv_msg_creating/include/srv_msg_creating/srv_msg_creating/msg/detail/num__functions.h
-- Up-to-date: /home/zzq/Desktop/ros2_ws/install/srv_msg_creating/include/srv_msg_creating/srv_msg_creating/msg/detail/num__functions.c
-- Up-to-date: /home/zzq/Desktop/ros2_ws/install/srv_msg_creating/include/srv_msg_creating/srv_msg_creating/srv
-- Up-to-date: /home/zzq/Desktop/ros2_ws/install/srv_msg_creating/include/srv_msg_creating/srv_msg_creating/srv/add_three_ints.h
-- Up-to-date: /home/zzq/Desktop/ros2_ws/install/srv_msg_creating/include/srv_msg_creating/srv_msg_creating/srv/detail
-- Up-to-date: /home/zzq/Desktop/ros2_ws/install/srv_msg_creating/include/srv_msg_creating/srv_msg_creating/srv/detail/add_three_ints__functions.h
-- Up-to-date: /home/zzq/Desktop/ros2_ws/install/srv_msg_creating/include/srv_msg_creating/srv_msg_creating/srv/detail/add_three_ints__functions.c
-- Up-to-date: /home/zzq/Desktop/ros2_ws/install/srv_msg_creating/include/srv_msg_creating/srv_msg_creating/srv/detail/add_three_ints__struct.h
-- Up-to-date: /home/zzq/Desktop/ros2_ws/install/srv_msg_creating/include/srv_msg_creating/srv_msg_creating/srv/detail/add_three_ints__type_support.h
-- Up-to-date: /home/zzq/Desktop/ros2_ws/install/srv_msg_creating/share/srv_msg_creating/environment/library_path.sh
-- Installing: /home/zzq/Desktop/ros2_ws/install/srv_msg_creating/share/srv_msg_creating/environment/library_path.dsv
-- Installing: /home/zzq/Desktop/ros2_ws/install/srv_msg_creating/lib/libsrv_msg_creating__rosidl_generator_c.so
-- Set runtime path of "/home/zzq/Desktop/ros2_ws/install/srv_msg_creating/lib/libsrv_msg_creating__rosidl_generator_c.so" to ""
-- Up-to-date: /home/zzq/Desktop/ros2_ws/install/srv_msg_creating/include/srv_msg_creating/srv_msg_creating
-- Up-to-date: /home/zzq/Desktop/ros2_ws/install/srv_msg_creating/include/srv_msg_creating/srv_msg_creating/msg
-- Up-to-date: /home/zzq/Desktop/ros2_ws/install/srv_msg_creating/include/srv_msg_creating/srv_msg_creating/msg/rosidl_typesupport_fastrtps_c__visibility_control.h
-- Up-to-date: /home/zzq/Desktop/ros2_ws/install/srv_msg_creating/include/srv_msg_creating/srv_msg_creating/msg/detail
-- Up-to-date: /home/zzq/Desktop/ros2_ws/install/srv_msg_creating/include/srv_msg_creating/srv_msg_creating/msg/detail/num__rosidl_typesupport_fastrtps_c.h
-- Up-to-date: /home/zzq/Desktop/ros2_ws/install/srv_msg_creating/include/srv_msg_creating/srv_msg_creating/srv
-- Up-to-date: /home/zzq/Desktop/ros2_ws/install/srv_msg_creating/include/srv_msg_creating/srv_msg_creating/srv/detail
-- Up-to-date: /home/zzq/Desktop/ros2_ws/install/srv_msg_creating/include/srv_msg_creating/srv_msg_creating/srv/detail/add_three_ints__rosidl_typesupport_fastrtps_c.h
-- Installing: /home/zzq/Desktop/ros2_ws/install/srv_msg_creating/lib/libsrv_msg_creating__rosidl_typesupport_fastrtps_c.so
-- Set runtime path of "/home/zzq/Desktop/ros2_ws/install/srv_msg_creating/lib/libsrv_msg_creating__rosidl_typesupport_fastrtps_c.so" to ""
-- Up-to-date: /home/zzq/Desktop/ros2_ws/install/srv_msg_creating/include/srv_msg_creating/srv_msg_creating
-- Up-to-date: /home/zzq/Desktop/ros2_ws/install/srv_msg_creating/include/srv_msg_creating/srv_msg_creating/msg
-- Up-to-date: /home/zzq/Desktop/ros2_ws/install/srv_msg_creating/include/srv_msg_creating/srv_msg_creating/msg/rosidl_typesupport_introspection_c__visibility_control.h
-- Up-to-date: /home/zzq/Desktop/ros2_ws/install/srv_msg_creating/include/srv_msg_creating/srv_msg_creating/msg/detail
-- Up-to-date: /home/zzq/Desktop/ros2_ws/install/srv_msg_creating/include/srv_msg_creating/srv_msg_creating/msg/detail/num__type_support.c
-- Up-to-date: /home/zzq/Desktop/ros2_ws/install/srv_msg_creating/include/srv_msg_creating/srv_msg_creating/msg/detail/num__rosidl_typesupport_introspection_c.h
-- Up-to-date: /home/zzq/Desktop/ros2_ws/install/srv_msg_creating/include/srv_msg_creating/srv_msg_creating/srv
-- Up-to-date: /home/zzq/Desktop/ros2_ws/install/srv_msg_creating/include/srv_msg_creating/srv_msg_creating/srv/detail
-- Up-to-date: /home/zzq/Desktop/ros2_ws/install/srv_msg_creating/include/srv_msg_creating/srv_msg_creating/srv/detail/add_three_ints__type_support.c
-- Up-to-date: /home/zzq/Desktop/ros2_ws/install/srv_msg_creating/include/srv_msg_creating/srv_msg_creating/srv/detail/add_three_ints__rosidl_typesupport_introspection_c.h
-- Installing: /home/zzq/Desktop/ros2_ws/install/srv_msg_creating/lib/libsrv_msg_creating__rosidl_typesupport_introspection_c.so
-- Set runtime path of "/home/zzq/Desktop/ros2_ws/install/srv_msg_creating/lib/libsrv_msg_creating__rosidl_typesupport_introspection_c.so" to ""
-- Installing: /home/zzq/Desktop/ros2_ws/install/srv_msg_creating/lib/libsrv_msg_creating__rosidl_typesupport_c.so
-- Set runtime path of "/home/zzq/Desktop/ros2_ws/install/srv_msg_creating/lib/libsrv_msg_creating__rosidl_typesupport_c.so" to ""
-- Up-to-date: /home/zzq/Desktop/ros2_ws/install/srv_msg_creating/include/srv_msg_creating/srv_msg_creating
-- Up-to-date: /home/zzq/Desktop/ros2_ws/install/srv_msg_creating/include/srv_msg_creating/srv_msg_creating/msg
-- Up-to-date: /home/zzq/Desktop/ros2_ws/install/srv_msg_creating/include/srv_msg_creating/srv_msg_creating/msg/detail
-- Up-to-date: /home/zzq/Desktop/ros2_ws/install/srv_msg_creating/include/srv_msg_creating/srv_msg_creating/msg/detail/num__traits.hpp
-- Up-to-date: /home/zzq/Desktop/ros2_ws/install/srv_msg_creating/include/srv_msg_creating/srv_msg_creating/msg/detail/num__builder.hpp
-- Up-to-date: /home/zzq/Desktop/ros2_ws/install/srv_msg_creating/include/srv_msg_creating/srv_msg_creating/msg/detail/num__struct.hpp
-- Up-to-date: /home/zzq/Desktop/ros2_ws/install/srv_msg_creating/include/srv_msg_creating/srv_msg_creating/msg/num.hpp
-- Up-to-date: /home/zzq/Desktop/ros2_ws/install/srv_msg_creating/include/srv_msg_creating/srv_msg_creating/srv
-- Up-to-date: /home/zzq/Desktop/ros2_ws/install/srv_msg_creating/include/srv_msg_creating/srv_msg_creating/srv/detail
-- Up-to-date: /home/zzq/Desktop/ros2_ws/install/srv_msg_creating/include/srv_msg_creating/srv_msg_creating/srv/detail/add_three_ints__traits.hpp
-- Up-to-date: /home/zzq/Desktop/ros2_ws/install/srv_msg_creating/include/srv_msg_creating/srv_msg_creating/srv/detail/add_three_ints__struct.hpp
-- Up-to-date: /home/zzq/Desktop/ros2_ws/install/srv_msg_creating/include/srv_msg_creating/srv_msg_creating/srv/detail/add_three_ints__builder.hpp
-- Up-to-date: /home/zzq/Desktop/ros2_ws/install/srv_msg_creating/include/srv_msg_creating/srv_msg_creating/srv/add_three_ints.hpp
-- Up-to-date: /home/zzq/Desktop/ros2_ws/install/srv_msg_creating/include/srv_msg_creating/srv_msg_creating
-- Up-to-date: /home/zzq/Desktop/ros2_ws/install/srv_msg_creating/include/srv_msg_creating/srv_msg_creating/msg
-- Up-to-date: /home/zzq/Desktop/ros2_ws/install/srv_msg_creating/include/srv_msg_creating/srv_msg_creating/msg/rosidl_typesupport_fastrtps_cpp__visibility_control.h
-- Up-to-date: /home/zzq/Desktop/ros2_ws/install/srv_msg_creating/include/srv_msg_creating/srv_msg_creating/msg/detail
-- Up-to-date: /home/zzq/Desktop/ros2_ws/install/srv_msg_creating/include/srv_msg_creating/srv_msg_creating/msg/detail/dds_fastrtps
-- Up-to-date: /home/zzq/Desktop/ros2_ws/install/srv_msg_creating/include/srv_msg_creating/srv_msg_creating/msg/detail/num__rosidl_typesupport_fastrtps_cpp.hpp
-- Up-to-date: /home/zzq/Desktop/ros2_ws/install/srv_msg_creating/include/srv_msg_creating/srv_msg_creating/srv
-- Up-to-date: /home/zzq/Desktop/ros2_ws/install/srv_msg_creating/include/srv_msg_creating/srv_msg_creating/srv/detail
-- Up-to-date: /home/zzq/Desktop/ros2_ws/install/srv_msg_creating/include/srv_msg_creating/srv_msg_creating/srv/detail/dds_fastrtps
-- Up-to-date: /home/zzq/Desktop/ros2_ws/install/srv_msg_creating/include/srv_msg_creating/srv_msg_creating/srv/detail/add_three_ints__rosidl_typesupport_fastrtps_cpp.hpp
-- Installing: /home/zzq/Desktop/ros2_ws/install/srv_msg_creating/lib/libsrv_msg_creating__rosidl_typesupport_fastrtps_cpp.so
-- Set runtime path of "/home/zzq/Desktop/ros2_ws/install/srv_msg_creating/lib/libsrv_msg_creating__rosidl_typesupport_fastrtps_cpp.so" to ""
-- Up-to-date: /home/zzq/Desktop/ros2_ws/install/srv_msg_creating/include/srv_msg_creating/srv_msg_creating
-- Up-to-date: /home/zzq/Desktop/ros2_ws/install/srv_msg_creating/include/srv_msg_creating/srv_msg_creating/msg
-- Up-to-date: /home/zzq/Desktop/ros2_ws/install/srv_msg_creating/include/srv_msg_creating/srv_msg_creating/msg/detail
-- Up-to-date: /home/zzq/Desktop/ros2_ws/install/srv_msg_creating/include/srv_msg_creating/srv_msg_creating/msg/detail/num__type_support.cpp
-- Up-to-date: /home/zzq/Desktop/ros2_ws/install/srv_msg_creating/include/srv_msg_creating/srv_msg_creating/msg/detail/num__rosidl_typesupport_introspection_cpp.hpp
-- Up-to-date: /home/zzq/Desktop/ros2_ws/install/srv_msg_creating/include/srv_msg_creating/srv_msg_creating/srv
-- Up-to-date: /home/zzq/Desktop/ros2_ws/install/srv_msg_creating/include/srv_msg_creating/srv_msg_creating/srv/detail
-- Up-to-date: /home/zzq/Desktop/ros2_ws/install/srv_msg_creating/include/srv_msg_creating/srv_msg_creating/srv/detail/add_three_ints__rosidl_typesupport_introspection_cpp.hpp
-- Up-to-date: /home/zzq/Desktop/ros2_ws/install/srv_msg_creating/include/srv_msg_creating/srv_msg_creating/srv/detail/add_three_ints__type_support.cpp
-- Installing: /home/zzq/Desktop/ros2_ws/install/srv_msg_creating/lib/libsrv_msg_creating__rosidl_typesupport_introspection_cpp.so
-- Set runtime path of "/home/zzq/Desktop/ros2_ws/install/srv_msg_creating/lib/libsrv_msg_creating__rosidl_typesupport_introspection_cpp.so" to ""
-- Installing: /home/zzq/Desktop/ros2_ws/install/srv_msg_creating/lib/libsrv_msg_creating__rosidl_typesupport_cpp.so
-- Set runtime path of "/home/zzq/Desktop/ros2_ws/install/srv_msg_creating/lib/libsrv_msg_creating__rosidl_typesupport_cpp.so" to ""
-- Up-to-date: /home/zzq/Desktop/ros2_ws/install/srv_msg_creating/share/srv_msg_creating/environment/pythonpath.sh
-- Installing: /home/zzq/Desktop/ros2_ws/install/srv_msg_creating/share/srv_msg_creating/environment/pythonpath.dsv
-- Up-to-date: /home/zzq/Desktop/ros2_ws/install/srv_msg_creating/local/lib/python3.10/dist-packages/srv_msg_creating-0.0.0-py3.10.egg-info
-- Installing: /home/zzq/Desktop/ros2_ws/install/srv_msg_creating/local/lib/python3.10/dist-packages/srv_msg_creating-0.0.0-py3.10.egg-info/dependency_links.txt
-- Installing: /home/zzq/Desktop/ros2_ws/install/srv_msg_creating/local/lib/python3.10/dist-packages/srv_msg_creating-0.0.0-py3.10.egg-info/top_level.txt
-- Installing: /home/zzq/Desktop/ros2_ws/install/srv_msg_creating/local/lib/python3.10/dist-packages/srv_msg_creating-0.0.0-py3.10.egg-info/PKG-INFO
-- Installing: /home/zzq/Desktop/ros2_ws/install/srv_msg_creating/local/lib/python3.10/dist-packages/srv_msg_creating-0.0.0-py3.10.egg-info/SOURCES.txt
-- Up-to-date: /home/zzq/Desktop/ros2_ws/install/srv_msg_creating/local/lib/python3.10/dist-packages/srv_msg_creating
-- Installing: /home/zzq/Desktop/ros2_ws/install/srv_msg_creating/local/lib/python3.10/dist-packages/srv_msg_creating/srv_msg_creating_s__rosidl_typesupport_c.cpython-310-x86_64-linux-gnu.so
-- Up-to-date: /home/zzq/Desktop/ros2_ws/install/srv_msg_creating/local/lib/python3.10/dist-packages/srv_msg_creating/_srv_msg_creating_s.ep.rosidl_typesupport_c.c
-- Up-to-date: /home/zzq/Desktop/ros2_ws/install/srv_msg_creating/local/lib/python3.10/dist-packages/srv_msg_creating/_srv_msg_creating_s.ep.rosidl_typesupport_fastrtps_c.c
-- Up-to-date: /home/zzq/Desktop/ros2_ws/install/srv_msg_creating/local/lib/python3.10/dist-packages/srv_msg_creating/msg
-- Up-to-date: /home/zzq/Desktop/ros2_ws/install/srv_msg_creating/local/lib/python3.10/dist-packages/srv_msg_creating/msg/__init__.py
-- Up-to-date: /home/zzq/Desktop/ros2_ws/install/srv_msg_creating/local/lib/python3.10/dist-packages/srv_msg_creating/msg/_num.py
-- Up-to-date: /home/zzq/Desktop/ros2_ws/install/srv_msg_creating/local/lib/python3.10/dist-packages/srv_msg_creating/msg/_num_s.c
-- Up-to-date: /home/zzq/Desktop/ros2_ws/install/srv_msg_creating/local/lib/python3.10/dist-packages/srv_msg_creating/srv
-- Up-to-date: /home/zzq/Desktop/ros2_ws/install/srv_msg_creating/local/lib/python3.10/dist-packages/srv_msg_creating/srv/_add_three_ints_s.c
-- Up-to-date: /home/zzq/Desktop/ros2_ws/install/srv_msg_creating/local/lib/python3.10/dist-packages/srv_msg_creating/srv/_add_three_ints.py
-- Up-to-date: /home/zzq/Desktop/ros2_ws/install/srv_msg_creating/local/lib/python3.10/dist-packages/srv_msg_creating/srv/__init__.py
-- Installing: /home/zzq/Desktop/ros2_ws/install/srv_msg_creating/local/lib/python3.10/dist-packages/srv_msg_creating/__init__.py
-- Installing: /home/zzq/Desktop/ros2_ws/install/srv_msg_creating/local/lib/python3.10/dist-packages/srv_msg_creating/srv_msg_creating_s__rosidl_typesupport_introspection_c.cpython-310-x86_64-linux-gnu.so
-- Up-to-date: /home/zzq/Desktop/ros2_ws/install/srv_msg_creating/local/lib/python3.10/dist-packages/srv_msg_creating/_srv_msg_creating_s.ep.rosidl_typesupport_introspection_c.c
-- Installing: /home/zzq/Desktop/ros2_ws/install/srv_msg_creating/local/lib/python3.10/dist-packages/srv_msg_creating/libsrv_msg_creating__rosidl_generator_py.so
-- Installing: /home/zzq/Desktop/ros2_ws/install/srv_msg_creating/local/lib/python3.10/dist-packages/srv_msg_creating/srv_msg_creating_s__rosidl_typesupport_fastrtps_c.cpython-310-x86_64-linux-gnu.so
Listing '/home/zzq/Desktop/ros2_ws/install/srv_msg_creating/local/lib/python3.10/dist-packages/srv_msg_creating'...
Compiling '/home/zzq/Desktop/ros2_ws/install/srv_msg_creating/local/lib/python3.10/dist-packages/srv_msg_creating/__init__.py'...
Listing '/home/zzq/Desktop/ros2_ws/install/srv_msg_creating/local/lib/python3.10/dist-packages/srv_msg_creating/msg'...
Listing '/home/zzq/Desktop/ros2_ws/install/srv_msg_creating/local/lib/python3.10/dist-packages/srv_msg_creating/srv'...
-- Installing: /home/zzq/Desktop/ros2_ws/install/srv_msg_creating/local/lib/python3.10/dist-packages/srv_msg_creating/srv_msg_creating_s__rosidl_typesupport_fastrtps_c.cpython-310-x86_64-linux-gnu.so
-- Set runtime path of "/home/zzq/Desktop/ros2_ws/install/srv_msg_creating/local/lib/python3.10/dist-packages/srv_msg_creating/srv_msg_creating_s__rosidl_typesupport_fastrtps_c.cpython-310-x86_64-linux-gnu.so" to ""
-- Installing: /home/zzq/Desktop/ros2_ws/install/srv_msg_creating/local/lib/python3.10/dist-packages/srv_msg_creating/srv_msg_creating_s__rosidl_typesupport_introspection_c.cpython-310-x86_64-linux-gnu.so
-- Set runtime path of "/home/zzq/Desktop/ros2_ws/install/srv_msg_creating/local/lib/python3.10/dist-packages/srv_msg_creating/srv_msg_creating_s__rosidl_typesupport_introspection_c.cpython-310-x86_64-linux-gnu.so" to ""
-- Installing: /home/zzq/Desktop/ros2_ws/install/srv_msg_creating/local/lib/python3.10/dist-packages/srv_msg_creating/srv_msg_creating_s__rosidl_typesupport_c.cpython-310-x86_64-linux-gnu.so
-- Set runtime path of "/home/zzq/Desktop/ros2_ws/install/srv_msg_creating/local/lib/python3.10/dist-packages/srv_msg_creating/srv_msg_creating_s__rosidl_typesupport_c.cpython-310-x86_64-linux-gnu.so" to ""
-- Installing: /home/zzq/Desktop/ros2_ws/install/srv_msg_creating/lib/libsrv_msg_creating__rosidl_generator_py.so
-- Set runtime path of "/home/zzq/Desktop/ros2_ws/install/srv_msg_creating/lib/libsrv_msg_creating__rosidl_generator_py.so" to ""
-- Up-to-date: /home/zzq/Desktop/ros2_ws/install/srv_msg_creating/share/srv_msg_creating/msg/Num.idl
-- Up-to-date: /home/zzq/Desktop/ros2_ws/install/srv_msg_creating/share/srv_msg_creating/srv/AddThreeInts.idl
-- Up-to-date: /home/zzq/Desktop/ros2_ws/install/srv_msg_creating/share/srv_msg_creating/msg/Num.msg
-- Up-to-date: /home/zzq/Desktop/ros2_ws/install/srv_msg_creating/share/srv_msg_creating/srv/AddThreeInts.srv
-- Up-to-date: /home/zzq/Desktop/ros2_ws/install/srv_msg_creating/share/srv_msg_creating/srv/AddThreeInts_Request.msg
-- Up-to-date: /home/zzq/Desktop/ros2_ws/install/srv_msg_creating/share/srv_msg_creating/srv/AddThreeInts_Response.msg
-- Up-to-date: /home/zzq/Desktop/ros2_ws/install/srv_msg_creating/share/ament_index/resource_index/package_run_dependencies/srv_msg_creating
-- Up-to-date: /home/zzq/Desktop/ros2_ws/install/srv_msg_creating/share/ament_index/resource_index/parent_prefix_path/srv_msg_creating
-- Up-to-date: /home/zzq/Desktop/ros2_ws/install/srv_msg_creating/share/srv_msg_creating/environment/ament_prefix_path.sh
-- Installing: /home/zzq/Desktop/ros2_ws/install/srv_msg_creating/share/srv_msg_creating/environment/ament_prefix_path.dsv
-- Up-to-date: /home/zzq/Desktop/ros2_ws/install/srv_msg_creating/share/srv_msg_creating/environment/path.sh
-- Installing: /home/zzq/Desktop/ros2_ws/install/srv_msg_creating/share/srv_msg_creating/environment/path.dsv
-- Up-to-date: /home/zzq/Desktop/ros2_ws/install/srv_msg_creating/share/srv_msg_creating/local_setup.bash
-- Up-to-date: /home/zzq/Desktop/ros2_ws/install/srv_msg_creating/share/srv_msg_creating/local_setup.sh
-- Up-to-date: /home/zzq/Desktop/ros2_ws/install/srv_msg_creating/share/srv_msg_creating/local_setup.zsh
-- Installing: /home/zzq/Desktop/ros2_ws/install/srv_msg_creating/share/srv_msg_creating/local_setup.dsv
-- Installing: /home/zzq/Desktop/ros2_ws/install/srv_msg_creating/share/srv_msg_creating/package.dsv
-- Up-to-date: /home/zzq/Desktop/ros2_ws/install/srv_msg_creating/share/ament_index/resource_index/packages/srv_msg_creating
-- Old export file "/home/zzq/Desktop/ros2_ws/install/srv_msg_creating/share/srv_msg_creating/cmake/export_srv_msg_creating__rosidl_generator_cExport.cmake" will be replaced.  Removing files [/home/zzq/Desktop/ros2_ws/install/srv_msg_creating/share/srv_msg_creating/cmake/export_srv_msg_creating__rosidl_generator_cExport-noconfig.cmake].
-- Installing: /home/zzq/Desktop/ros2_ws/install/srv_msg_creating/share/srv_msg_creating/cmake/export_srv_msg_creating__rosidl_generator_cExport.cmake
-- Installing: /home/zzq/Desktop/ros2_ws/install/srv_msg_creating/share/srv_msg_creating/cmake/export_srv_msg_creating__rosidl_generator_cExport-noconfig.cmake
-- Old export file "/home/zzq/Desktop/ros2_ws/install/srv_msg_creating/share/srv_msg_creating/cmake/export_srv_msg_creating__rosidl_typesupport_fastrtps_cExport.cmake" will be replaced.  Removing files [/home/zzq/Desktop/ros2_ws/install/srv_msg_creating/share/srv_msg_creating/cmake/export_srv_msg_creating__rosidl_typesupport_fastrtps_cExport-noconfig.cmake].
-- Installing: /home/zzq/Desktop/ros2_ws/install/srv_msg_creating/share/srv_msg_creating/cmake/export_srv_msg_creating__rosidl_typesupport_fastrtps_cExport.cmake
-- Installing: /home/zzq/Desktop/ros2_ws/install/srv_msg_creating/share/srv_msg_creating/cmake/export_srv_msg_creating__rosidl_typesupport_fastrtps_cExport-noconfig.cmake
-- Old export file "/home/zzq/Desktop/ros2_ws/install/srv_msg_creating/share/srv_msg_creating/cmake/srv_msg_creating__rosidl_typesupport_introspection_cExport.cmake" will be replaced.  Removing files [/home/zzq/Desktop/ros2_ws/install/srv_msg_creating/share/srv_msg_creating/cmake/srv_msg_creating__rosidl_typesupport_introspection_cExport-noconfig.cmake].
-- Installing: /home/zzq/Desktop/ros2_ws/install/srv_msg_creating/share/srv_msg_creating/cmake/srv_msg_creating__rosidl_typesupport_introspection_cExport.cmake
-- Installing: /home/zzq/Desktop/ros2_ws/install/srv_msg_creating/share/srv_msg_creating/cmake/srv_msg_creating__rosidl_typesupport_introspection_cExport-noconfig.cmake
-- Old export file "/home/zzq/Desktop/ros2_ws/install/srv_msg_creating/share/srv_msg_creating/cmake/srv_msg_creating__rosidl_typesupport_cExport.cmake" will be replaced.  Removing files [/home/zzq/Desktop/ros2_ws/install/srv_msg_creating/share/srv_msg_creating/cmake/srv_msg_creating__rosidl_typesupport_cExport-noconfig.cmake].
-- Installing: /home/zzq/Desktop/ros2_ws/install/srv_msg_creating/share/srv_msg_creating/cmake/srv_msg_creating__rosidl_typesupport_cExport.cmake
-- Installing: /home/zzq/Desktop/ros2_ws/install/srv_msg_creating/share/srv_msg_creating/cmake/srv_msg_creating__rosidl_typesupport_cExport-noconfig.cmake
-- Installing: /home/zzq/Desktop/ros2_ws/install/srv_msg_creating/share/srv_msg_creating/cmake/export_srv_msg_creating__rosidl_generator_cppExport.cmake
-- Old export file "/home/zzq/Desktop/ros2_ws/install/srv_msg_creating/share/srv_msg_creating/cmake/export_srv_msg_creating__rosidl_typesupport_fastrtps_cppExport.cmake" will be replaced.  Removing files [/home/zzq/Desktop/ros2_ws/install/srv_msg_creating/share/srv_msg_creating/cmake/export_srv_msg_creating__rosidl_typesupport_fastrtps_cppExport-noconfig.cmake].
-- Installing: /home/zzq/Desktop/ros2_ws/install/srv_msg_creating/share/srv_msg_creating/cmake/export_srv_msg_creating__rosidl_typesupport_fastrtps_cppExport.cmake
-- Installing: /home/zzq/Desktop/ros2_ws/install/srv_msg_creating/share/srv_msg_creating/cmake/export_srv_msg_creating__rosidl_typesupport_fastrtps_cppExport-noconfig.cmake
-- Old export file "/home/zzq/Desktop/ros2_ws/install/srv_msg_creating/share/srv_msg_creating/cmake/srv_msg_creating__rosidl_typesupport_introspection_cppExport.cmake" will be replaced.  Removing files [/home/zzq/Desktop/ros2_ws/install/srv_msg_creating/share/srv_msg_creating/cmake/srv_msg_creating__rosidl_typesupport_introspection_cppExport-noconfig.cmake].
-- Installing: /home/zzq/Desktop/ros2_ws/install/srv_msg_creating/share/srv_msg_creating/cmake/srv_msg_creating__rosidl_typesupport_introspection_cppExport.cmake
-- Installing: /home/zzq/Desktop/ros2_ws/install/srv_msg_creating/share/srv_msg_creating/cmake/srv_msg_creating__rosidl_typesupport_introspection_cppExport-noconfig.cmake
-- Old export file "/home/zzq/Desktop/ros2_ws/install/srv_msg_creating/share/srv_msg_creating/cmake/srv_msg_creating__rosidl_typesupport_cppExport.cmake" will be replaced.  Removing files [/home/zzq/Desktop/ros2_ws/install/srv_msg_creating/share/srv_msg_creating/cmake/srv_msg_creating__rosidl_typesupport_cppExport-noconfig.cmake].
-- Installing: /home/zzq/Desktop/ros2_ws/install/srv_msg_creating/share/srv_msg_creating/cmake/srv_msg_creating__rosidl_typesupport_cppExport.cmake
-- Installing: /home/zzq/Desktop/ros2_ws/install/srv_msg_creating/share/srv_msg_creating/cmake/srv_msg_creating__rosidl_typesupport_cppExport-noconfig.cmake
-- Old export file "/home/zzq/Desktop/ros2_ws/install/srv_msg_creating/share/srv_msg_creating/cmake/export_srv_msg_creating__rosidl_generator_pyExport.cmake" will be replaced.  Removing files [/home/zzq/Desktop/ros2_ws/install/srv_msg_creating/share/srv_msg_creating/cmake/export_srv_msg_creating__rosidl_generator_pyExport-noconfig.cmake].
-- Installing: /home/zzq/Desktop/ros2_ws/install/srv_msg_creating/share/srv_msg_creating/cmake/export_srv_msg_creating__rosidl_generator_pyExport.cmake
-- Installing: /home/zzq/Desktop/ros2_ws/install/srv_msg_creating/share/srv_msg_creating/cmake/export_srv_msg_creating__rosidl_generator_pyExport-noconfig.cmake
-- Up-to-date: /home/zzq/Desktop/ros2_ws/install/srv_msg_creating/share/srv_msg_creating/cmake/rosidl_cmake-extras.cmake
-- Up-to-date: /home/zzq/Desktop/ros2_ws/install/srv_msg_creating/share/srv_msg_creating/cmake/ament_cmake_export_include_directories-extras.cmake
-- Up-to-date: /home/zzq/Desktop/ros2_ws/install/srv_msg_creating/share/srv_msg_creating/cmake/ament_cmake_export_libraries-extras.cmake
-- Up-to-date: /home/zzq/Desktop/ros2_ws/install/srv_msg_creating/share/srv_msg_creating/cmake/ament_cmake_export_targets-extras.cmake
-- Up-to-date: /home/zzq/Desktop/ros2_ws/install/srv_msg_creating/share/srv_msg_creating/cmake/rosidl_cmake_export_typesupport_targets-extras.cmake
-- Installing: /home/zzq/Desktop/ros2_ws/install/srv_msg_creating/share/srv_msg_creating/cmake/ament_cmake_export_dependencies-extras.cmake
-- Up-to-date: /home/zzq/Desktop/ros2_ws/install/srv_msg_creating/share/srv_msg_creating/cmake/rosidl_cmake_export_typesupport_libraries-extras.cmake
-- Installing: /home/zzq/Desktop/ros2_ws/install/srv_msg_creating/share/srv_msg_creating/cmake/srv_msg_creatingConfig.cmake
-- Up-to-date: /home/zzq/Desktop/ros2_ws/install/srv_msg_creating/share/srv_msg_creating/cmake/srv_msg_creatingConfig-version.cmake
-- Up-to-date: /home/zzq/Desktop/ros2_ws/install/srv_msg_creating/share/srv_msg_creating/package.xml
