[0.281s] Invoking command in '/home/zzq/Desktop/ros2_ws/build/srv_msg_creating': CMAKE_PREFIX_PATH=${CMAKE_PREFIX_PATH}:/home/zzq/Desktop/ros2_ws/install/srv_msg_creating_py:/home/zzq/Desktop/ros2_ws/install/service_client_py:/home/zzq/Desktop/ros2_ws/install/beginner_py:/home/zzq/Desktop/GYH_ws/install/learning_urdf:/home/zzq/Desktop/GYH_ws/install/learning_topic:/home/zzq/Desktop/GYH_ws/install/learning_tf:/home/zzq/Desktop/GYH_ws/install/learning_service:/home/zzq/Desktop/GYH_ws/install/learning_qos:/home/zzq/Desktop/GYH_ws/install/learning_pkg_python:/home/zzq/Desktop/GYH_ws/install/learning_parameter:/home/zzq/Desktop/GYH_ws/install/learning_node:/home/zzq/Desktop/GYH_ws/install/learning_launch:/home/zzq/Desktop/GYH_ws/install/learning_action:/home/zzq/Desktop/GYH_ws/install/learning_gazebo:/home/zzq/Desktop/GYH_ws/install/learning_cv:/opt/ros/humble /usr/bin/cmake --build /home/zzq/Desktop/ros2_ws/build/srv_msg_creating -- -j32 -l32
[0.292s] -- Found ament_cmake: 1.3.9 (/opt/ros/humble/share/ament_cmake/cmake)
[0.359s] -- Found rosidl_default_generators: 1.2.0 (/opt/ros/humble/share/rosidl_default_generators/cmake)
[0.361s] -- Using all available rosidl_typesupport_c: rosidl_typesupport_fastrtps_c;rosidl_typesupport_introspection_c
[0.363s] -- Found rosidl_adapter: 3.1.5 (/opt/ros/humble/share/rosidl_adapter/cmake)
[0.377s] -- Using all available rosidl_typesupport_cpp: rosidl_typesupport_fastrtps_cpp;rosidl_typesupport_introspection_cpp
[0.541s] -- Found ament_cmake_ros: 0.10.0 (/opt/ros/humble/share/ament_cmake_ros/cmake)
[0.645s] -- Using all available rosidl_typesupport_c: rosidl_typesupport_fastrtps_c;rosidl_typesupport_introspection_c
[0.778s] -- Using all available rosidl_typesupport_cpp: rosidl_typesupport_fastrtps_cpp;rosidl_typesupport_introspection_cpp
[0.791s] -- Found python_cmake_module: 0.10.0 (/opt/ros/humble/share/python_cmake_module/cmake)
[0.803s] -- Using PYTHON_EXECUTABLE: /usr/bin/python3
[0.803s] -- Using PYTHON_INCLUDE_DIRS: /usr/include/python3.10
[0.803s] -- Using PYTHON_LIBRARIES: /usr/lib/x86_64-linux-gnu/libpython3.10.so
[0.812s] -- Found ament_lint_auto: 0.12.11 (/opt/ros/humble/share/ament_lint_auto/cmake)
[0.816s] -- Added test 'lint_cmake' to check CMake code style
[0.816s] -- Added test 'xmllint' to check XML markup files
[0.817s] -- Configuring done
[0.828s] -- Generating done
[0.830s] -- Build files have been written to: /home/zzq/Desktop/ros2_ws/build/srv_msg_creating
[0.841s] [35m[1mConsolidate compiler generated dependencies of target srv_msg_creating__rosidl_generator_c[0m
[0.846s] [  2%] Built target srv_msg_creating__cpp
[0.846s] [  5%] [32mBuilding C object CMakeFiles/srv_msg_creating__rosidl_generator_c.dir/rosidl_generator_c/srv_msg_creating/msg/detail/num__functions.c.o[0m
[0.847s] [  7%] [32mBuilding C object CMakeFiles/srv_msg_creating__rosidl_generator_c.dir/rosidl_generator_c/srv_msg_creating/srv/detail/add_three_ints__functions.c.o[0m
[0.850s] [  7%] Built target ament_cmake_python_copy_srv_msg_creating
[0.851s] [35m[1mConsolidate compiler generated dependencies of target srv_msg_creating__rosidl_typesupport_fastrtps_cpp[0m
[0.851s] [35m[1mConsolidate compiler generated dependencies of target srv_msg_creating__rosidl_typesupport_introspection_cpp[0m
[0.852s] [35m[1mConsolidate compiler generated dependencies of target srv_msg_creating__rosidl_typesupport_cpp[0m
[0.858s] [ 17%] [32mBuilding CXX object CMakeFiles/srv_msg_creating__rosidl_typesupport_fastrtps_cpp.dir/rosidl_typesupport_fastrtps_cpp/srv_msg_creating/msg/detail/dds_fastrtps/num__type_support.cpp.o[0m
[0.858s] [ 17%] [32mBuilding CXX object CMakeFiles/srv_msg_creating__rosidl_typesupport_cpp.dir/rosidl_typesupport_cpp/srv_msg_creating/srv/add_three_ints__type_support.cpp.o[0m
[0.858s] [ 17%] [32mBuilding CXX object CMakeFiles/srv_msg_creating__rosidl_typesupport_cpp.dir/rosidl_typesupport_cpp/srv_msg_creating/msg/num__type_support.cpp.o[0m
[0.858s] [ 15%] [32mBuilding CXX object CMakeFiles/srv_msg_creating__rosidl_typesupport_introspection_cpp.dir/rosidl_typesupport_introspection_cpp/srv_msg_creating/msg/detail/num__type_support.cpp.o[0m
[0.858s] [ 20%] [32mBuilding CXX object CMakeFiles/srv_msg_creating__rosidl_typesupport_fastrtps_cpp.dir/rosidl_typesupport_fastrtps_cpp/srv_msg_creating/srv/detail/dds_fastrtps/add_three_ints__type_support.cpp.o[0m
[0.860s] [ 23%] [32mBuilding CXX object CMakeFiles/srv_msg_creating__rosidl_typesupport_introspection_cpp.dir/rosidl_typesupport_introspection_cpp/srv_msg_creating/srv/detail/add_three_ints__type_support.cpp.o[0m
[0.874s] [ 25%] [32m[1mLinking C shared library libsrv_msg_creating__rosidl_generator_c.so[0m
[0.893s] [ 28%] Built target srv_msg_creating__rosidl_generator_c
[0.898s] [35m[1mConsolidate compiler generated dependencies of target srv_msg_creating__rosidl_typesupport_fastrtps_c[0m
[0.901s] [35m[1mConsolidate compiler generated dependencies of target srv_msg_creating__rosidl_typesupport_c[0m
[0.901s] [35m[1mConsolidate compiler generated dependencies of target srv_msg_creating__rosidl_typesupport_introspection_c[0m
[0.906s] [ 30%] [32mBuilding CXX object CMakeFiles/srv_msg_creating__rosidl_typesupport_fastrtps_c.dir/rosidl_typesupport_fastrtps_c/srv_msg_creating/srv/detail/add_three_ints__type_support_c.cpp.o[0m
[0.908s] [ 33%] [32mBuilding CXX object CMakeFiles/srv_msg_creating__rosidl_typesupport_fastrtps_c.dir/rosidl_typesupport_fastrtps_c/srv_msg_creating/msg/detail/num__type_support_c.cpp.o[0m
[0.909s] [ 35%] [32mBuilding CXX object CMakeFiles/srv_msg_creating__rosidl_typesupport_c.dir/rosidl_typesupport_c/srv_msg_creating/msg/num__type_support.cpp.o[0m
[0.910s] [ 38%] [32mBuilding C object CMakeFiles/srv_msg_creating__rosidl_typesupport_introspection_c.dir/rosidl_typesupport_introspection_c/srv_msg_creating/msg/detail/num__type_support.c.o[0m
[0.910s] [ 41%] [32mBuilding CXX object CMakeFiles/srv_msg_creating__rosidl_typesupport_c.dir/rosidl_typesupport_c/srv_msg_creating/srv/add_three_ints__type_support.cpp.o[0m
[0.910s] [ 43%] [32mBuilding C object CMakeFiles/srv_msg_creating__rosidl_typesupport_introspection_c.dir/rosidl_typesupport_introspection_c/srv_msg_creating/srv/detail/add_three_ints__type_support.c.o[0m
[0.933s] [ 46%] [32m[1mLinking CXX shared library libsrv_msg_creating__rosidl_typesupport_c.so[0m
[0.939s] [ 48%] [32m[1mLinking C shared library libsrv_msg_creating__rosidl_typesupport_introspection_c.so[0m
[0.956s] [ 51%] Built target srv_msg_creating__rosidl_typesupport_c
[0.962s] [ 53%] Built target srv_msg_creating__rosidl_typesupport_introspection_c
[0.993s] [ 56%] [32m[1mLinking CXX shared library libsrv_msg_creating__rosidl_typesupport_cpp.so[0m
[1.015s] [ 58%] Built target srv_msg_creating__rosidl_typesupport_cpp
[1.019s] running egg_info
[1.019s] writing srv_msg_creating.egg-info/PKG-INFO
[1.020s] writing dependency_links to srv_msg_creating.egg-info/dependency_links.txt
[1.020s] writing top-level names to srv_msg_creating.egg-info/top_level.txt
[1.021s] reading manifest file 'srv_msg_creating.egg-info/SOURCES.txt'
[1.021s] writing manifest file 'srv_msg_creating.egg-info/SOURCES.txt'
[1.036s] [ 58%] Built target ament_cmake_python_build_srv_msg_creating_egg
[1.076s] [ 61%] [32m[1mLinking CXX shared library libsrv_msg_creating__rosidl_typesupport_introspection_cpp.so[0m
[1.092s] [ 64%] [32m[1mLinking CXX shared library libsrv_msg_creating__rosidl_typesupport_fastrtps_cpp.so[0m
[1.093s] [ 66%] [32m[1mLinking CXX shared library libsrv_msg_creating__rosidl_typesupport_fastrtps_c.so[0m
[1.095s] [ 69%] Built target srv_msg_creating__rosidl_typesupport_introspection_cpp
[1.127s] [ 74%] Built target srv_msg_creating__rosidl_typesupport_fastrtps_cpp
[1.127s] [ 74%] Built target srv_msg_creating__rosidl_typesupport_fastrtps_c
[1.136s] [ 74%] Built target srv_msg_creating
[1.146s] [ 76%] Built target srv_msg_creating__py
[1.153s] [35m[1mConsolidate compiler generated dependencies of target srv_msg_creating__rosidl_generator_py[0m
[1.161s] [ 79%] [32mBuilding C object CMakeFiles/srv_msg_creating__rosidl_generator_py.dir/rosidl_generator_py/srv_msg_creating/msg/_num_s.c.o[0m
[1.162s] [ 82%] [32mBuilding C object CMakeFiles/srv_msg_creating__rosidl_generator_py.dir/rosidl_generator_py/srv_msg_creating/srv/_add_three_ints_s.c.o[0m
[1.207s] [ 84%] [32m[1mLinking C shared library rosidl_generator_py/srv_msg_creating/libsrv_msg_creating__rosidl_generator_py.so[0m
[1.227s] [ 84%] Built target srv_msg_creating__rosidl_generator_py
[1.233s] [35m[1mConsolidate compiler generated dependencies of target srv_msg_creating__rosidl_typesupport_fastrtps_c__pyext[0m
[1.234s] [35m[1mConsolidate compiler generated dependencies of target srv_msg_creating__rosidl_typesupport_introspection_c__pyext[0m
[1.234s] [35m[1mConsolidate compiler generated dependencies of target srv_msg_creating__rosidl_typesupport_c__pyext[0m
[1.241s] [ 87%] [32mBuilding C object CMakeFiles/srv_msg_creating__rosidl_typesupport_fastrtps_c__pyext.dir/rosidl_generator_py/srv_msg_creating/_srv_msg_creating_s.ep.rosidl_typesupport_fastrtps_c.c.o[0m
[1.241s] [ 89%] [32mBuilding C object CMakeFiles/srv_msg_creating__rosidl_typesupport_introspection_c__pyext.dir/rosidl_generator_py/srv_msg_creating/_srv_msg_creating_s.ep.rosidl_typesupport_introspection_c.c.o[0m
[1.241s] [ 92%] [32mBuilding C object CMakeFiles/srv_msg_creating__rosidl_typesupport_c__pyext.dir/rosidl_generator_py/srv_msg_creating/_srv_msg_creating_s.ep.rosidl_typesupport_c.c.o[0m
[1.284s] [ 97%] [32m[1mLinking C shared library rosidl_generator_py/srv_msg_creating/srv_msg_creating_s__rosidl_typesupport_introspection_c.cpython-310-x86_64-linux-gnu.so[0m
[1.284s] [ 97%] [32m[1mLinking C shared library rosidl_generator_py/srv_msg_creating/srv_msg_creating_s__rosidl_typesupport_c.cpython-310-x86_64-linux-gnu.so[0m
[1.284s] [100%] [32m[1mLinking C shared library rosidl_generator_py/srv_msg_creating/srv_msg_creating_s__rosidl_typesupport_fastrtps_c.cpython-310-x86_64-linux-gnu.so[0m
[1.300s] [100%] Built target srv_msg_creating__rosidl_typesupport_c__pyext
[1.300s] [100%] Built target srv_msg_creating__rosidl_typesupport_fastrtps_c__pyext
[1.300s] [100%] Built target srv_msg_creating__rosidl_typesupport_introspection_c__pyext
[1.306s] Invoked command in '/home/zzq/Desktop/ros2_ws/build/srv_msg_creating' returned '0': CMAKE_PREFIX_PATH=${CMAKE_PREFIX_PATH}:/home/zzq/Desktop/ros2_ws/install/srv_msg_creating_py:/home/zzq/Desktop/ros2_ws/install/service_client_py:/home/zzq/Desktop/ros2_ws/install/beginner_py:/home/zzq/Desktop/GYH_ws/install/learning_urdf:/home/zzq/Desktop/GYH_ws/install/learning_topic:/home/zzq/Desktop/GYH_ws/install/learning_tf:/home/zzq/Desktop/GYH_ws/install/learning_service:/home/zzq/Desktop/GYH_ws/install/learning_qos:/home/zzq/Desktop/GYH_ws/install/learning_pkg_python:/home/zzq/Desktop/GYH_ws/install/learning_parameter:/home/zzq/Desktop/GYH_ws/install/learning_node:/home/zzq/Desktop/GYH_ws/install/learning_launch:/home/zzq/Desktop/GYH_ws/install/learning_action:/home/zzq/Desktop/GYH_ws/install/learning_gazebo:/home/zzq/Desktop/GYH_ws/install/learning_cv:/opt/ros/humble /usr/bin/cmake --build /home/zzq/Desktop/ros2_ws/build/srv_msg_creating -- -j32 -l32
[1.343s] Invoking command in '/home/zzq/Desktop/ros2_ws/build/srv_msg_creating': CMAKE_PREFIX_PATH=${CMAKE_PREFIX_PATH}:/home/zzq/Desktop/ros2_ws/install/srv_msg_creating_py:/home/zzq/Desktop/ros2_ws/install/service_client_py:/home/zzq/Desktop/ros2_ws/install/beginner_py:/home/zzq/Desktop/GYH_ws/install/learning_urdf:/home/zzq/Desktop/GYH_ws/install/learning_topic:/home/zzq/Desktop/GYH_ws/install/learning_tf:/home/zzq/Desktop/GYH_ws/install/learning_service:/home/zzq/Desktop/GYH_ws/install/learning_qos:/home/zzq/Desktop/GYH_ws/install/learning_pkg_python:/home/zzq/Desktop/GYH_ws/install/learning_parameter:/home/zzq/Desktop/GYH_ws/install/learning_node:/home/zzq/Desktop/GYH_ws/install/learning_launch:/home/zzq/Desktop/GYH_ws/install/learning_action:/home/zzq/Desktop/GYH_ws/install/learning_gazebo:/home/zzq/Desktop/GYH_ws/install/learning_cv:/opt/ros/humble /usr/bin/cmake --install /home/zzq/Desktop/ros2_ws/build/srv_msg_creating
[1.347s] -- Install configuration: ""
[1.347s] -- Up-to-date: /home/zzq/Desktop/ros2_ws/install/srv_msg_creating/share/ament_index/resource_index/rosidl_interfaces/srv_msg_creating
[1.347s] -- Up-to-date: /home/zzq/Desktop/ros2_ws/install/srv_msg_creating/include/srv_msg_creating/srv_msg_creating
[1.347s] -- Up-to-date: /home/zzq/Desktop/ros2_ws/install/srv_msg_creating/include/srv_msg_creating/srv_msg_creating/msg
[1.347s] -- Up-to-date: /home/zzq/Desktop/ros2_ws/install/srv_msg_creating/include/srv_msg_creating/srv_msg_creating/msg/rosidl_generator_c__visibility_control.h
[1.347s] -- Up-to-date: /home/zzq/Desktop/ros2_ws/install/srv_msg_creating/include/srv_msg_creating/srv_msg_creating/msg/num.h
[1.347s] -- Up-to-date: /home/zzq/Desktop/ros2_ws/install/srv_msg_creating/include/srv_msg_creating/srv_msg_creating/msg/detail
[1.347s] -- Up-to-date: /home/zzq/Desktop/ros2_ws/install/srv_msg_creating/include/srv_msg_creating/srv_msg_creating/msg/detail/num__type_support.h
[1.347s] -- Up-to-date: /home/zzq/Desktop/ros2_ws/install/srv_msg_creating/include/srv_msg_creating/srv_msg_creating/msg/detail/num__struct.h
[1.347s] -- Up-to-date: /home/zzq/Desktop/ros2_ws/install/srv_msg_creating/include/srv_msg_creating/srv_msg_creating/msg/detail/num__functions.h
[1.348s] -- Up-to-date: /home/zzq/Desktop/ros2_ws/install/srv_msg_creating/include/srv_msg_creating/srv_msg_creating/msg/detail/num__functions.c
[1.348s] -- Up-to-date: /home/zzq/Desktop/ros2_ws/install/srv_msg_creating/include/srv_msg_creating/srv_msg_creating/srv
[1.348s] -- Up-to-date: /home/zzq/Desktop/ros2_ws/install/srv_msg_creating/include/srv_msg_creating/srv_msg_creating/srv/add_three_ints.h
[1.348s] -- Up-to-date: /home/zzq/Desktop/ros2_ws/install/srv_msg_creating/include/srv_msg_creating/srv_msg_creating/srv/detail
[1.348s] -- Up-to-date: /home/zzq/Desktop/ros2_ws/install/srv_msg_creating/include/srv_msg_creating/srv_msg_creating/srv/detail/add_three_ints__functions.h
[1.348s] -- Up-to-date: /home/zzq/Desktop/ros2_ws/install/srv_msg_creating/include/srv_msg_creating/srv_msg_creating/srv/detail/add_three_ints__functions.c
[1.348s] -- Up-to-date: /home/zzq/Desktop/ros2_ws/install/srv_msg_creating/include/srv_msg_creating/srv_msg_creating/srv/detail/add_three_ints__struct.h
[1.348s] -- Up-to-date: /home/zzq/Desktop/ros2_ws/install/srv_msg_creating/include/srv_msg_creating/srv_msg_creating/srv/detail/add_three_ints__type_support.h
[1.348s] -- Up-to-date: /home/zzq/Desktop/ros2_ws/install/srv_msg_creating/share/srv_msg_creating/environment/library_path.sh
[1.348s] -- Installing: /home/zzq/Desktop/ros2_ws/install/srv_msg_creating/share/srv_msg_creating/environment/library_path.dsv
[1.348s] -- Installing: /home/zzq/Desktop/ros2_ws/install/srv_msg_creating/lib/libsrv_msg_creating__rosidl_generator_c.so
[1.348s] -- Set runtime path of "/home/zzq/Desktop/ros2_ws/install/srv_msg_creating/lib/libsrv_msg_creating__rosidl_generator_c.so" to ""
[1.348s] -- Up-to-date: /home/zzq/Desktop/ros2_ws/install/srv_msg_creating/include/srv_msg_creating/srv_msg_creating
[1.348s] -- Up-to-date: /home/zzq/Desktop/ros2_ws/install/srv_msg_creating/include/srv_msg_creating/srv_msg_creating/msg
[1.348s] -- Up-to-date: /home/zzq/Desktop/ros2_ws/install/srv_msg_creating/include/srv_msg_creating/srv_msg_creating/msg/rosidl_typesupport_fastrtps_c__visibility_control.h
[1.348s] -- Up-to-date: /home/zzq/Desktop/ros2_ws/install/srv_msg_creating/include/srv_msg_creating/srv_msg_creating/msg/detail
[1.349s] -- Up-to-date: /home/zzq/Desktop/ros2_ws/install/srv_msg_creating/include/srv_msg_creating/srv_msg_creating/msg/detail/num__rosidl_typesupport_fastrtps_c.h
[1.349s] -- Up-to-date: /home/zzq/Desktop/ros2_ws/install/srv_msg_creating/include/srv_msg_creating/srv_msg_creating/srv
[1.349s] -- Up-to-date: /home/zzq/Desktop/ros2_ws/install/srv_msg_creating/include/srv_msg_creating/srv_msg_creating/srv/detail
[1.349s] -- Up-to-date: /home/zzq/Desktop/ros2_ws/install/srv_msg_creating/include/srv_msg_creating/srv_msg_creating/srv/detail/add_three_ints__rosidl_typesupport_fastrtps_c.h
[1.349s] -- Installing: /home/zzq/Desktop/ros2_ws/install/srv_msg_creating/lib/libsrv_msg_creating__rosidl_typesupport_fastrtps_c.so
[1.349s] -- Set runtime path of "/home/zzq/Desktop/ros2_ws/install/srv_msg_creating/lib/libsrv_msg_creating__rosidl_typesupport_fastrtps_c.so" to ""
[1.349s] -- Up-to-date: /home/zzq/Desktop/ros2_ws/install/srv_msg_creating/include/srv_msg_creating/srv_msg_creating
[1.349s] -- Up-to-date: /home/zzq/Desktop/ros2_ws/install/srv_msg_creating/include/srv_msg_creating/srv_msg_creating/msg
[1.349s] -- Up-to-date: /home/zzq/Desktop/ros2_ws/install/srv_msg_creating/include/srv_msg_creating/srv_msg_creating/msg/rosidl_typesupport_introspection_c__visibility_control.h
[1.349s] -- Up-to-date: /home/zzq/Desktop/ros2_ws/install/srv_msg_creating/include/srv_msg_creating/srv_msg_creating/msg/detail
[1.349s] -- Up-to-date: /home/zzq/Desktop/ros2_ws/install/srv_msg_creating/include/srv_msg_creating/srv_msg_creating/msg/detail/num__type_support.c
[1.349s] -- Up-to-date: /home/zzq/Desktop/ros2_ws/install/srv_msg_creating/include/srv_msg_creating/srv_msg_creating/msg/detail/num__rosidl_typesupport_introspection_c.h
[1.349s] -- Up-to-date: /home/zzq/Desktop/ros2_ws/install/srv_msg_creating/include/srv_msg_creating/srv_msg_creating/srv
[1.349s] -- Up-to-date: /home/zzq/Desktop/ros2_ws/install/srv_msg_creating/include/srv_msg_creating/srv_msg_creating/srv/detail
[1.349s] -- Up-to-date: /home/zzq/Desktop/ros2_ws/install/srv_msg_creating/include/srv_msg_creating/srv_msg_creating/srv/detail/add_three_ints__type_support.c
[1.349s] -- Up-to-date: /home/zzq/Desktop/ros2_ws/install/srv_msg_creating/include/srv_msg_creating/srv_msg_creating/srv/detail/add_three_ints__rosidl_typesupport_introspection_c.h
[1.349s] -- Installing: /home/zzq/Desktop/ros2_ws/install/srv_msg_creating/lib/libsrv_msg_creating__rosidl_typesupport_introspection_c.so
[1.349s] -- Set runtime path of "/home/zzq/Desktop/ros2_ws/install/srv_msg_creating/lib/libsrv_msg_creating__rosidl_typesupport_introspection_c.so" to ""
[1.349s] -- Installing: /home/zzq/Desktop/ros2_ws/install/srv_msg_creating/lib/libsrv_msg_creating__rosidl_typesupport_c.so
[1.349s] -- Set runtime path of "/home/zzq/Desktop/ros2_ws/install/srv_msg_creating/lib/libsrv_msg_creating__rosidl_typesupport_c.so" to ""
[1.349s] -- Up-to-date: /home/zzq/Desktop/ros2_ws/install/srv_msg_creating/include/srv_msg_creating/srv_msg_creating
[1.349s] -- Up-to-date: /home/zzq/Desktop/ros2_ws/install/srv_msg_creating/include/srv_msg_creating/srv_msg_creating/msg
[1.349s] -- Up-to-date: /home/zzq/Desktop/ros2_ws/install/srv_msg_creating/include/srv_msg_creating/srv_msg_creating/msg/detail
[1.349s] -- Up-to-date: /home/zzq/Desktop/ros2_ws/install/srv_msg_creating/include/srv_msg_creating/srv_msg_creating/msg/detail/num__traits.hpp
[1.349s] -- Up-to-date: /home/zzq/Desktop/ros2_ws/install/srv_msg_creating/include/srv_msg_creating/srv_msg_creating/msg/detail/num__builder.hpp
[1.350s] -- Up-to-date: /home/zzq/Desktop/ros2_ws/install/srv_msg_creating/include/srv_msg_creating/srv_msg_creating/msg/detail/num__struct.hpp
[1.350s] -- Up-to-date: /home/zzq/Desktop/ros2_ws/install/srv_msg_creating/include/srv_msg_creating/srv_msg_creating/msg/num.hpp
[1.350s] -- Up-to-date: /home/zzq/Desktop/ros2_ws/install/srv_msg_creating/include/srv_msg_creating/srv_msg_creating/srv
[1.350s] -- Up-to-date: /home/zzq/Desktop/ros2_ws/install/srv_msg_creating/include/srv_msg_creating/srv_msg_creating/srv/detail
[1.350s] -- Up-to-date: /home/zzq/Desktop/ros2_ws/install/srv_msg_creating/include/srv_msg_creating/srv_msg_creating/srv/detail/add_three_ints__traits.hpp
[1.350s] -- Up-to-date: /home/zzq/Desktop/ros2_ws/install/srv_msg_creating/include/srv_msg_creating/srv_msg_creating/srv/detail/add_three_ints__struct.hpp
[1.350s] -- Up-to-date: /home/zzq/Desktop/ros2_ws/install/srv_msg_creating/include/srv_msg_creating/srv_msg_creating/srv/detail/add_three_ints__builder.hpp
[1.350s] -- Up-to-date: /home/zzq/Desktop/ros2_ws/install/srv_msg_creating/include/srv_msg_creating/srv_msg_creating/srv/add_three_ints.hpp
[1.350s] -- Up-to-date: /home/zzq/Desktop/ros2_ws/install/srv_msg_creating/include/srv_msg_creating/srv_msg_creating
[1.350s] -- Up-to-date: /home/zzq/Desktop/ros2_ws/install/srv_msg_creating/include/srv_msg_creating/srv_msg_creating/msg
[1.350s] -- Up-to-date: /home/zzq/Desktop/ros2_ws/install/srv_msg_creating/include/srv_msg_creating/srv_msg_creating/msg/rosidl_typesupport_fastrtps_cpp__visibility_control.h
[1.350s] -- Up-to-date: /home/zzq/Desktop/ros2_ws/install/srv_msg_creating/include/srv_msg_creating/srv_msg_creating/msg/detail
[1.350s] -- Up-to-date: /home/zzq/Desktop/ros2_ws/install/srv_msg_creating/include/srv_msg_creating/srv_msg_creating/msg/detail/dds_fastrtps
[1.350s] -- Up-to-date: /home/zzq/Desktop/ros2_ws/install/srv_msg_creating/include/srv_msg_creating/srv_msg_creating/msg/detail/num__rosidl_typesupport_fastrtps_cpp.hpp
[1.350s] -- Up-to-date: /home/zzq/Desktop/ros2_ws/install/srv_msg_creating/include/srv_msg_creating/srv_msg_creating/srv
[1.350s] -- Up-to-date: /home/zzq/Desktop/ros2_ws/install/srv_msg_creating/include/srv_msg_creating/srv_msg_creating/srv/detail
[1.350s] -- Up-to-date: /home/zzq/Desktop/ros2_ws/install/srv_msg_creating/include/srv_msg_creating/srv_msg_creating/srv/detail/dds_fastrtps
[1.350s] -- Up-to-date: /home/zzq/Desktop/ros2_ws/install/srv_msg_creating/include/srv_msg_creating/srv_msg_creating/srv/detail/add_three_ints__rosidl_typesupport_fastrtps_cpp.hpp
[1.350s] -- Installing: /home/zzq/Desktop/ros2_ws/install/srv_msg_creating/lib/libsrv_msg_creating__rosidl_typesupport_fastrtps_cpp.so
[1.350s] -- Set runtime path of "/home/zzq/Desktop/ros2_ws/install/srv_msg_creating/lib/libsrv_msg_creating__rosidl_typesupport_fastrtps_cpp.so" to ""
[1.350s] -- Up-to-date: /home/zzq/Desktop/ros2_ws/install/srv_msg_creating/include/srv_msg_creating/srv_msg_creating
[1.350s] -- Up-to-date: /home/zzq/Desktop/ros2_ws/install/srv_msg_creating/include/srv_msg_creating/srv_msg_creating/msg
[1.350s] -- Up-to-date: /home/zzq/Desktop/ros2_ws/install/srv_msg_creating/include/srv_msg_creating/srv_msg_creating/msg/detail
[1.350s] -- Up-to-date: /home/zzq/Desktop/ros2_ws/install/srv_msg_creating/include/srv_msg_creating/srv_msg_creating/msg/detail/num__type_support.cpp
[1.350s] -- Up-to-date: /home/zzq/Desktop/ros2_ws/install/srv_msg_creating/include/srv_msg_creating/srv_msg_creating/msg/detail/num__rosidl_typesupport_introspection_cpp.hpp
[1.350s] -- Up-to-date: /home/zzq/Desktop/ros2_ws/install/srv_msg_creating/include/srv_msg_creating/srv_msg_creating/srv
[1.350s] -- Up-to-date: /home/zzq/Desktop/ros2_ws/install/srv_msg_creating/include/srv_msg_creating/srv_msg_creating/srv/detail
[1.350s] -- Up-to-date: /home/zzq/Desktop/ros2_ws/install/srv_msg_creating/include/srv_msg_creating/srv_msg_creating/srv/detail/add_three_ints__rosidl_typesupport_introspection_cpp.hpp
[1.350s] -- Up-to-date: /home/zzq/Desktop/ros2_ws/install/srv_msg_creating/include/srv_msg_creating/srv_msg_creating/srv/detail/add_three_ints__type_support.cpp
[1.350s] -- Installing: /home/zzq/Desktop/ros2_ws/install/srv_msg_creating/lib/libsrv_msg_creating__rosidl_typesupport_introspection_cpp.so
[1.350s] -- Set runtime path of "/home/zzq/Desktop/ros2_ws/install/srv_msg_creating/lib/libsrv_msg_creating__rosidl_typesupport_introspection_cpp.so" to ""
[1.350s] -- Installing: /home/zzq/Desktop/ros2_ws/install/srv_msg_creating/lib/libsrv_msg_creating__rosidl_typesupport_cpp.so
[1.350s] -- Set runtime path of "/home/zzq/Desktop/ros2_ws/install/srv_msg_creating/lib/libsrv_msg_creating__rosidl_typesupport_cpp.so" to ""
[1.350s] -- Up-to-date: /home/zzq/Desktop/ros2_ws/install/srv_msg_creating/share/srv_msg_creating/environment/pythonpath.sh
[1.350s] -- Installing: /home/zzq/Desktop/ros2_ws/install/srv_msg_creating/share/srv_msg_creating/environment/pythonpath.dsv
[1.350s] -- Up-to-date: /home/zzq/Desktop/ros2_ws/install/srv_msg_creating/local/lib/python3.10/dist-packages/srv_msg_creating-0.0.0-py3.10.egg-info
[1.350s] -- Installing: /home/zzq/Desktop/ros2_ws/install/srv_msg_creating/local/lib/python3.10/dist-packages/srv_msg_creating-0.0.0-py3.10.egg-info/dependency_links.txt
[1.350s] -- Installing: /home/zzq/Desktop/ros2_ws/install/srv_msg_creating/local/lib/python3.10/dist-packages/srv_msg_creating-0.0.0-py3.10.egg-info/top_level.txt
[1.350s] -- Installing: /home/zzq/Desktop/ros2_ws/install/srv_msg_creating/local/lib/python3.10/dist-packages/srv_msg_creating-0.0.0-py3.10.egg-info/PKG-INFO
[1.350s] -- Installing: /home/zzq/Desktop/ros2_ws/install/srv_msg_creating/local/lib/python3.10/dist-packages/srv_msg_creating-0.0.0-py3.10.egg-info/SOURCES.txt
[1.350s] -- Up-to-date: /home/zzq/Desktop/ros2_ws/install/srv_msg_creating/local/lib/python3.10/dist-packages/srv_msg_creating
[1.350s] -- Installing: /home/zzq/Desktop/ros2_ws/install/srv_msg_creating/local/lib/python3.10/dist-packages/srv_msg_creating/srv_msg_creating_s__rosidl_typesupport_c.cpython-310-x86_64-linux-gnu.so
[1.350s] -- Up-to-date: /home/zzq/Desktop/ros2_ws/install/srv_msg_creating/local/lib/python3.10/dist-packages/srv_msg_creating/_srv_msg_creating_s.ep.rosidl_typesupport_c.c
[1.350s] -- Up-to-date: /home/zzq/Desktop/ros2_ws/install/srv_msg_creating/local/lib/python3.10/dist-packages/srv_msg_creating/_srv_msg_creating_s.ep.rosidl_typesupport_fastrtps_c.c
[1.350s] -- Up-to-date: /home/zzq/Desktop/ros2_ws/install/srv_msg_creating/local/lib/python3.10/dist-packages/srv_msg_creating/msg
[1.350s] -- Up-to-date: /home/zzq/Desktop/ros2_ws/install/srv_msg_creating/local/lib/python3.10/dist-packages/srv_msg_creating/msg/__init__.py
[1.350s] -- Up-to-date: /home/zzq/Desktop/ros2_ws/install/srv_msg_creating/local/lib/python3.10/dist-packages/srv_msg_creating/msg/_num.py
[1.350s] -- Up-to-date: /home/zzq/Desktop/ros2_ws/install/srv_msg_creating/local/lib/python3.10/dist-packages/srv_msg_creating/msg/_num_s.c
[1.350s] -- Up-to-date: /home/zzq/Desktop/ros2_ws/install/srv_msg_creating/local/lib/python3.10/dist-packages/srv_msg_creating/srv
[1.351s] -- Up-to-date: /home/zzq/Desktop/ros2_ws/install/srv_msg_creating/local/lib/python3.10/dist-packages/srv_msg_creating/srv/_add_three_ints_s.c
[1.351s] -- Up-to-date: /home/zzq/Desktop/ros2_ws/install/srv_msg_creating/local/lib/python3.10/dist-packages/srv_msg_creating/srv/_add_three_ints.py
[1.351s] -- Up-to-date: /home/zzq/Desktop/ros2_ws/install/srv_msg_creating/local/lib/python3.10/dist-packages/srv_msg_creating/srv/__init__.py
[1.351s] -- Installing: /home/zzq/Desktop/ros2_ws/install/srv_msg_creating/local/lib/python3.10/dist-packages/srv_msg_creating/__init__.py
[1.351s] -- Installing: /home/zzq/Desktop/ros2_ws/install/srv_msg_creating/local/lib/python3.10/dist-packages/srv_msg_creating/srv_msg_creating_s__rosidl_typesupport_introspection_c.cpython-310-x86_64-linux-gnu.so
[1.351s] -- Up-to-date: /home/zzq/Desktop/ros2_ws/install/srv_msg_creating/local/lib/python3.10/dist-packages/srv_msg_creating/_srv_msg_creating_s.ep.rosidl_typesupport_introspection_c.c
[1.351s] -- Installing: /home/zzq/Desktop/ros2_ws/install/srv_msg_creating/local/lib/python3.10/dist-packages/srv_msg_creating/libsrv_msg_creating__rosidl_generator_py.so
[1.351s] -- Installing: /home/zzq/Desktop/ros2_ws/install/srv_msg_creating/local/lib/python3.10/dist-packages/srv_msg_creating/srv_msg_creating_s__rosidl_typesupport_fastrtps_c.cpython-310-x86_64-linux-gnu.so
[1.368s] Listing '/home/zzq/Desktop/ros2_ws/install/srv_msg_creating/local/lib/python3.10/dist-packages/srv_msg_creating'...
[1.368s] Compiling '/home/zzq/Desktop/ros2_ws/install/srv_msg_creating/local/lib/python3.10/dist-packages/srv_msg_creating/__init__.py'...
[1.368s] Listing '/home/zzq/Desktop/ros2_ws/install/srv_msg_creating/local/lib/python3.10/dist-packages/srv_msg_creating/msg'...
[1.368s] Listing '/home/zzq/Desktop/ros2_ws/install/srv_msg_creating/local/lib/python3.10/dist-packages/srv_msg_creating/srv'...
[1.370s] -- Installing: /home/zzq/Desktop/ros2_ws/install/srv_msg_creating/local/lib/python3.10/dist-packages/srv_msg_creating/srv_msg_creating_s__rosidl_typesupport_fastrtps_c.cpython-310-x86_64-linux-gnu.so
[1.370s] -- Set runtime path of "/home/zzq/Desktop/ros2_ws/install/srv_msg_creating/local/lib/python3.10/dist-packages/srv_msg_creating/srv_msg_creating_s__rosidl_typesupport_fastrtps_c.cpython-310-x86_64-linux-gnu.so" to ""
[1.370s] -- Installing: /home/zzq/Desktop/ros2_ws/install/srv_msg_creating/local/lib/python3.10/dist-packages/srv_msg_creating/srv_msg_creating_s__rosidl_typesupport_introspection_c.cpython-310-x86_64-linux-gnu.so
[1.370s] -- Set runtime path of "/home/zzq/Desktop/ros2_ws/install/srv_msg_creating/local/lib/python3.10/dist-packages/srv_msg_creating/srv_msg_creating_s__rosidl_typesupport_introspection_c.cpython-310-x86_64-linux-gnu.so" to ""
[1.370s] -- Installing: /home/zzq/Desktop/ros2_ws/install/srv_msg_creating/local/lib/python3.10/dist-packages/srv_msg_creating/srv_msg_creating_s__rosidl_typesupport_c.cpython-310-x86_64-linux-gnu.so
[1.370s] -- Set runtime path of "/home/zzq/Desktop/ros2_ws/install/srv_msg_creating/local/lib/python3.10/dist-packages/srv_msg_creating/srv_msg_creating_s__rosidl_typesupport_c.cpython-310-x86_64-linux-gnu.so" to ""
[1.370s] -- Installing: /home/zzq/Desktop/ros2_ws/install/srv_msg_creating/lib/libsrv_msg_creating__rosidl_generator_py.so
[1.371s] -- Set runtime path of "/home/zzq/Desktop/ros2_ws/install/srv_msg_creating/lib/libsrv_msg_creating__rosidl_generator_py.so" to ""
[1.371s] -- Up-to-date: /home/zzq/Desktop/ros2_ws/install/srv_msg_creating/share/srv_msg_creating/msg/Num.idl
[1.371s] -- Up-to-date: /home/zzq/Desktop/ros2_ws/install/srv_msg_creating/share/srv_msg_creating/srv/AddThreeInts.idl
[1.371s] -- Up-to-date: /home/zzq/Desktop/ros2_ws/install/srv_msg_creating/share/srv_msg_creating/msg/Num.msg
[1.371s] -- Up-to-date: /home/zzq/Desktop/ros2_ws/install/srv_msg_creating/share/srv_msg_creating/srv/AddThreeInts.srv
[1.371s] -- Up-to-date: /home/zzq/Desktop/ros2_ws/install/srv_msg_creating/share/srv_msg_creating/srv/AddThreeInts_Request.msg
[1.371s] -- Up-to-date: /home/zzq/Desktop/ros2_ws/install/srv_msg_creating/share/srv_msg_creating/srv/AddThreeInts_Response.msg
[1.371s] -- Up-to-date: /home/zzq/Desktop/ros2_ws/install/srv_msg_creating/share/ament_index/resource_index/package_run_dependencies/srv_msg_creating
[1.371s] -- Up-to-date: /home/zzq/Desktop/ros2_ws/install/srv_msg_creating/share/ament_index/resource_index/parent_prefix_path/srv_msg_creating
[1.371s] -- Up-to-date: /home/zzq/Desktop/ros2_ws/install/srv_msg_creating/share/srv_msg_creating/environment/ament_prefix_path.sh
[1.371s] -- Installing: /home/zzq/Desktop/ros2_ws/install/srv_msg_creating/share/srv_msg_creating/environment/ament_prefix_path.dsv
[1.371s] -- Up-to-date: /home/zzq/Desktop/ros2_ws/install/srv_msg_creating/share/srv_msg_creating/environment/path.sh
[1.371s] -- Installing: /home/zzq/Desktop/ros2_ws/install/srv_msg_creating/share/srv_msg_creating/environment/path.dsv
[1.371s] -- Up-to-date: /home/zzq/Desktop/ros2_ws/install/srv_msg_creating/share/srv_msg_creating/local_setup.bash
[1.371s] -- Up-to-date: /home/zzq/Desktop/ros2_ws/install/srv_msg_creating/share/srv_msg_creating/local_setup.sh
[1.371s] -- Up-to-date: /home/zzq/Desktop/ros2_ws/install/srv_msg_creating/share/srv_msg_creating/local_setup.zsh
[1.371s] -- Installing: /home/zzq/Desktop/ros2_ws/install/srv_msg_creating/share/srv_msg_creating/local_setup.dsv
[1.371s] -- Installing: /home/zzq/Desktop/ros2_ws/install/srv_msg_creating/share/srv_msg_creating/package.dsv
[1.371s] -- Up-to-date: /home/zzq/Desktop/ros2_ws/install/srv_msg_creating/share/ament_index/resource_index/packages/srv_msg_creating
[1.371s] -- Old export file "/home/zzq/Desktop/ros2_ws/install/srv_msg_creating/share/srv_msg_creating/cmake/export_srv_msg_creating__rosidl_generator_cExport.cmake" will be replaced.  Removing files [/home/zzq/Desktop/ros2_ws/install/srv_msg_creating/share/srv_msg_creating/cmake/export_srv_msg_creating__rosidl_generator_cExport-noconfig.cmake].
[1.371s] -- Installing: /home/zzq/Desktop/ros2_ws/install/srv_msg_creating/share/srv_msg_creating/cmake/export_srv_msg_creating__rosidl_generator_cExport.cmake
[1.371s] -- Installing: /home/zzq/Desktop/ros2_ws/install/srv_msg_creating/share/srv_msg_creating/cmake/export_srv_msg_creating__rosidl_generator_cExport-noconfig.cmake
[1.371s] -- Old export file "/home/zzq/Desktop/ros2_ws/install/srv_msg_creating/share/srv_msg_creating/cmake/export_srv_msg_creating__rosidl_typesupport_fastrtps_cExport.cmake" will be replaced.  Removing files [/home/zzq/Desktop/ros2_ws/install/srv_msg_creating/share/srv_msg_creating/cmake/export_srv_msg_creating__rosidl_typesupport_fastrtps_cExport-noconfig.cmake].
[1.371s] -- Installing: /home/zzq/Desktop/ros2_ws/install/srv_msg_creating/share/srv_msg_creating/cmake/export_srv_msg_creating__rosidl_typesupport_fastrtps_cExport.cmake
[1.371s] -- Installing: /home/zzq/Desktop/ros2_ws/install/srv_msg_creating/share/srv_msg_creating/cmake/export_srv_msg_creating__rosidl_typesupport_fastrtps_cExport-noconfig.cmake
[1.371s] -- Old export file "/home/zzq/Desktop/ros2_ws/install/srv_msg_creating/share/srv_msg_creating/cmake/srv_msg_creating__rosidl_typesupport_introspection_cExport.cmake" will be replaced.  Removing files [/home/zzq/Desktop/ros2_ws/install/srv_msg_creating/share/srv_msg_creating/cmake/srv_msg_creating__rosidl_typesupport_introspection_cExport-noconfig.cmake].
[1.371s] -- Installing: /home/zzq/Desktop/ros2_ws/install/srv_msg_creating/share/srv_msg_creating/cmake/srv_msg_creating__rosidl_typesupport_introspection_cExport.cmake
[1.371s] -- Installing: /home/zzq/Desktop/ros2_ws/install/srv_msg_creating/share/srv_msg_creating/cmake/srv_msg_creating__rosidl_typesupport_introspection_cExport-noconfig.cmake
[1.371s] -- Old export file "/home/zzq/Desktop/ros2_ws/install/srv_msg_creating/share/srv_msg_creating/cmake/srv_msg_creating__rosidl_typesupport_cExport.cmake" will be replaced.  Removing files [/home/zzq/Desktop/ros2_ws/install/srv_msg_creating/share/srv_msg_creating/cmake/srv_msg_creating__rosidl_typesupport_cExport-noconfig.cmake].
[1.371s] -- Installing: /home/zzq/Desktop/ros2_ws/install/srv_msg_creating/share/srv_msg_creating/cmake/srv_msg_creating__rosidl_typesupport_cExport.cmake
[1.371s] -- Installing: /home/zzq/Desktop/ros2_ws/install/srv_msg_creating/share/srv_msg_creating/cmake/srv_msg_creating__rosidl_typesupport_cExport-noconfig.cmake
[1.371s] -- Installing: /home/zzq/Desktop/ros2_ws/install/srv_msg_creating/share/srv_msg_creating/cmake/export_srv_msg_creating__rosidl_generator_cppExport.cmake
[1.371s] -- Old export file "/home/zzq/Desktop/ros2_ws/install/srv_msg_creating/share/srv_msg_creating/cmake/export_srv_msg_creating__rosidl_typesupport_fastrtps_cppExport.cmake" will be replaced.  Removing files [/home/zzq/Desktop/ros2_ws/install/srv_msg_creating/share/srv_msg_creating/cmake/export_srv_msg_creating__rosidl_typesupport_fastrtps_cppExport-noconfig.cmake].
[1.372s] -- Installing: /home/zzq/Desktop/ros2_ws/install/srv_msg_creating/share/srv_msg_creating/cmake/export_srv_msg_creating__rosidl_typesupport_fastrtps_cppExport.cmake
[1.372s] -- Installing: /home/zzq/Desktop/ros2_ws/install/srv_msg_creating/share/srv_msg_creating/cmake/export_srv_msg_creating__rosidl_typesupport_fastrtps_cppExport-noconfig.cmake
[1.372s] -- Old export file "/home/zzq/Desktop/ros2_ws/install/srv_msg_creating/share/srv_msg_creating/cmake/srv_msg_creating__rosidl_typesupport_introspection_cppExport.cmake" will be replaced.  Removing files [/home/zzq/Desktop/ros2_ws/install/srv_msg_creating/share/srv_msg_creating/cmake/srv_msg_creating__rosidl_typesupport_introspection_cppExport-noconfig.cmake].
[1.372s] -- Installing: /home/zzq/Desktop/ros2_ws/install/srv_msg_creating/share/srv_msg_creating/cmake/srv_msg_creating__rosidl_typesupport_introspection_cppExport.cmake
[1.372s] -- Installing: /home/zzq/Desktop/ros2_ws/install/srv_msg_creating/share/srv_msg_creating/cmake/srv_msg_creating__rosidl_typesupport_introspection_cppExport-noconfig.cmake
[1.372s] -- Old export file "/home/zzq/Desktop/ros2_ws/install/srv_msg_creating/share/srv_msg_creating/cmake/srv_msg_creating__rosidl_typesupport_cppExport.cmake" will be replaced.  Removing files [/home/zzq/Desktop/ros2_ws/install/srv_msg_creating/share/srv_msg_creating/cmake/srv_msg_creating__rosidl_typesupport_cppExport-noconfig.cmake].
[1.372s] -- Installing: /home/zzq/Desktop/ros2_ws/install/srv_msg_creating/share/srv_msg_creating/cmake/srv_msg_creating__rosidl_typesupport_cppExport.cmake
[1.372s] -- Installing: /home/zzq/Desktop/ros2_ws/install/srv_msg_creating/share/srv_msg_creating/cmake/srv_msg_creating__rosidl_typesupport_cppExport-noconfig.cmake
[1.372s] -- Old export file "/home/zzq/Desktop/ros2_ws/install/srv_msg_creating/share/srv_msg_creating/cmake/export_srv_msg_creating__rosidl_generator_pyExport.cmake" will be replaced.  Removing files [/home/zzq/Desktop/ros2_ws/install/srv_msg_creating/share/srv_msg_creating/cmake/export_srv_msg_creating__rosidl_generator_pyExport-noconfig.cmake].
[1.372s] -- Installing: /home/zzq/Desktop/ros2_ws/install/srv_msg_creating/share/srv_msg_creating/cmake/export_srv_msg_creating__rosidl_generator_pyExport.cmake
[1.372s] -- Installing: /home/zzq/Desktop/ros2_ws/install/srv_msg_creating/share/srv_msg_creating/cmake/export_srv_msg_creating__rosidl_generator_pyExport-noconfig.cmake
[1.372s] -- Up-to-date: /home/zzq/Desktop/ros2_ws/install/srv_msg_creating/share/srv_msg_creating/cmake/rosidl_cmake-extras.cmake
[1.372s] -- Up-to-date: /home/zzq/Desktop/ros2_ws/install/srv_msg_creating/share/srv_msg_creating/cmake/ament_cmake_export_include_directories-extras.cmake
[1.372s] -- Up-to-date: /home/zzq/Desktop/ros2_ws/install/srv_msg_creating/share/srv_msg_creating/cmake/ament_cmake_export_libraries-extras.cmake
[1.372s] -- Up-to-date: /home/zzq/Desktop/ros2_ws/install/srv_msg_creating/share/srv_msg_creating/cmake/ament_cmake_export_targets-extras.cmake
[1.372s] -- Up-to-date: /home/zzq/Desktop/ros2_ws/install/srv_msg_creating/share/srv_msg_creating/cmake/rosidl_cmake_export_typesupport_targets-extras.cmake
[1.372s] -- Installing: /home/zzq/Desktop/ros2_ws/install/srv_msg_creating/share/srv_msg_creating/cmake/ament_cmake_export_dependencies-extras.cmake
[1.372s] -- Up-to-date: /home/zzq/Desktop/ros2_ws/install/srv_msg_creating/share/srv_msg_creating/cmake/rosidl_cmake_export_typesupport_libraries-extras.cmake
[1.372s] -- Installing: /home/zzq/Desktop/ros2_ws/install/srv_msg_creating/share/srv_msg_creating/cmake/srv_msg_creatingConfig.cmake
[1.372s] -- Up-to-date: /home/zzq/Desktop/ros2_ws/install/srv_msg_creating/share/srv_msg_creating/cmake/srv_msg_creatingConfig-version.cmake
[1.372s] -- Up-to-date: /home/zzq/Desktop/ros2_ws/install/srv_msg_creating/share/srv_msg_creating/package.xml
[1.373s] Invoked command in '/home/zzq/Desktop/ros2_ws/build/srv_msg_creating' returned '0': CMAKE_PREFIX_PATH=${CMAKE_PREFIX_PATH}:/home/zzq/Desktop/ros2_ws/install/srv_msg_creating_py:/home/zzq/Desktop/ros2_ws/install/service_client_py:/home/zzq/Desktop/ros2_ws/install/beginner_py:/home/zzq/Desktop/GYH_ws/install/learning_urdf:/home/zzq/Desktop/GYH_ws/install/learning_topic:/home/zzq/Desktop/GYH_ws/install/learning_tf:/home/zzq/Desktop/GYH_ws/install/learning_service:/home/zzq/Desktop/GYH_ws/install/learning_qos:/home/zzq/Desktop/GYH_ws/install/learning_pkg_python:/home/zzq/Desktop/GYH_ws/install/learning_parameter:/home/zzq/Desktop/GYH_ws/install/learning_node:/home/zzq/Desktop/GYH_ws/install/learning_launch:/home/zzq/Desktop/GYH_ws/install/learning_action:/home/zzq/Desktop/GYH_ws/install/learning_gazebo:/home/zzq/Desktop/GYH_ws/install/learning_cv:/opt/ros/humble /usr/bin/cmake --install /home/zzq/Desktop/ros2_ws/build/srv_msg_creating
