[0.997s] Invoking command in '/home/zzq/Desktop/ros2_ws/build/Action_turtle': PYTHONPATH=/home/zzq/Desktop/ros2_ws/build/Action_turtle/prefix_override:/usr/lib/python3/dist-packages/colcon_core/task/python/colcon_distutils_commands:/home/zzq/Desktop/ros2_ws/install/Action_turtle/lib/python3.10/site-packages:${PYTHONPATH} /usr/bin/python3 -W ignore:setup.py install is deprecated setup.py develop --editable --build-directory /home/zzq/Desktop/ros2_ws/build/Action_turtle/build --no-deps symlink_data --force
[1.181s] running develop
[1.181s] /usr/lib/python3/dist-packages/setuptools/command/easy_install.py:158: EasyInstallDeprecationWarning: easy_install command is deprecated. Use build and pip and other standards-based tools.
[1.181s]   warnings.warn(
[1.300s] running egg_info
[1.300s] writing Action_turtle.egg-info/PKG-INFO
[1.300s] writing dependency_links to Action_turtle.egg-info/dependency_links.txt
[1.300s] writing entry points to Action_turtle.egg-info/entry_points.txt
[1.300s] writing requirements to Action_turtle.egg-info/requires.txt
[1.301s] writing top-level names to Action_turtle.egg-info/top_level.txt
[1.302s] reading manifest file 'Action_turtle.egg-info/SOURCES.txt'
[1.302s] writing manifest file 'Action_turtle.egg-info/SOURCES.txt'
[1.303s] running build_ext
[1.303s] Creating /home/zzq/Desktop/ros2_ws/install/Action_turtle/lib/python3.10/site-packages/Action-turtle.egg-link (link to .)
[1.303s] Installing Action_turtle_client script to /home/zzq/Desktop/ros2_ws/install/Action_turtle/lib/Action_turtle
[1.304s] Installing Action_turtle_server script to /home/zzq/Desktop/ros2_ws/install/Action_turtle/lib/Action_turtle
[1.304s] 
[1.304s] Installed /home/zzq/Desktop/ros2_ws/build/Action_turtle
[1.304s] running symlink_data
[1.304s] symbolically linking /home/zzq/Desktop/ros2_ws/build/Action_turtle/resource/Action_turtle -> /home/zzq/Desktop/ros2_ws/install/Action_turtle/share/ament_index/resource_index/packages
[1.304s] symbolically linking /home/zzq/Desktop/ros2_ws/build/Action_turtle/package.xml -> /home/zzq/Desktop/ros2_ws/install/Action_turtle/share/Action_turtle
[1.325s] Invoked command in '/home/zzq/Desktop/ros2_ws/build/Action_turtle' returned '0': PYTHONPATH=/home/zzq/Desktop/ros2_ws/build/Action_turtle/prefix_override:/usr/lib/python3/dist-packages/colcon_core/task/python/colcon_distutils_commands:/home/zzq/Desktop/ros2_ws/install/Action_turtle/lib/python3.10/site-packages:${PYTHONPATH} /usr/bin/python3 -W ignore:setup.py install is deprecated setup.py develop --editable --build-directory /home/zzq/Desktop/ros2_ws/build/Action_turtle/build --no-deps symlink_data --force
