[0.436s] Invoking command in '/home/zzq/Desktop/ros2_ws/src/beginner_py': PYTHONPATH=/home/zzq/Desktop/ros2_ws/build/beginner_py/prefix_override:/usr/lib/python3/dist-packages/colcon_core/task/python/colcon_distutils_commands:/home/zzq/Desktop/ros2_ws/install/beginner_py/lib/python3.10/site-packages:${PYTHONPATH} /usr/bin/python3 -W ignore:setup.py install is deprecated setup.py egg_info --egg-base ../../build/beginner_py build --build-base /home/zzq/Desktop/ros2_ws/build/beginner_py/build install --record /home/zzq/Desktop/ros2_ws/build/beginner_py/install.log --single-version-externally-managed install_data
[0.553s] running egg_info
[0.553s] writing ../../build/beginner_py/beginner_py.egg-info/PKG-INFO
[0.553s] writing dependency_links to ../../build/beginner_py/beginner_py.egg-info/dependency_links.txt
[0.553s] writing entry points to ../../build/beginner_py/beginner_py.egg-info/entry_points.txt
[0.553s] writing requirements to ../../build/beginner_py/beginner_py.egg-info/requires.txt
[0.553s] writing top-level names to ../../build/beginner_py/beginner_py.egg-info/top_level.txt
[0.554s] reading manifest file '../../build/beginner_py/beginner_py.egg-info/SOURCES.txt'
[0.555s] writing manifest file '../../build/beginner_py/beginner_py.egg-info/SOURCES.txt'
[0.555s] running build
[0.555s] running build_py
[0.555s] copying beginner_py/sub.py -> /home/zzq/Desktop/ros2_ws/build/beginner_py/build/lib/beginner_py
[0.555s] copying beginner_py/pub.py -> /home/zzq/Desktop/ros2_ws/build/beginner_py/build/lib/beginner_py
[0.555s] copying beginner_py/pub_pointcloud.py -> /home/zzq/Desktop/ros2_ws/build/beginner_py/build/lib/beginner_py
[0.555s] running install
[0.555s] running install_lib
[0.556s] creating /home/zzq/Desktop/ros2_ws/install/beginner_py/lib/python3.10/site-packages/beginner_py
[0.556s] copying /home/zzq/Desktop/ros2_ws/build/beginner_py/build/lib/beginner_py/sub.py -> /home/zzq/Desktop/ros2_ws/install/beginner_py/lib/python3.10/site-packages/beginner_py
[0.556s] copying /home/zzq/Desktop/ros2_ws/build/beginner_py/build/lib/beginner_py/pub.py -> /home/zzq/Desktop/ros2_ws/install/beginner_py/lib/python3.10/site-packages/beginner_py
[0.556s] copying /home/zzq/Desktop/ros2_ws/build/beginner_py/build/lib/beginner_py/__init__.py -> /home/zzq/Desktop/ros2_ws/install/beginner_py/lib/python3.10/site-packages/beginner_py
[0.556s] copying /home/zzq/Desktop/ros2_ws/build/beginner_py/build/lib/beginner_py/pub_pointcloud.py -> /home/zzq/Desktop/ros2_ws/install/beginner_py/lib/python3.10/site-packages/beginner_py
[0.556s] byte-compiling /home/zzq/Desktop/ros2_ws/install/beginner_py/lib/python3.10/site-packages/beginner_py/sub.py to sub.cpython-310.pyc
[0.556s] byte-compiling /home/zzq/Desktop/ros2_ws/install/beginner_py/lib/python3.10/site-packages/beginner_py/pub.py to pub.cpython-310.pyc
[0.556s] byte-compiling /home/zzq/Desktop/ros2_ws/install/beginner_py/lib/python3.10/site-packages/beginner_py/__init__.py to __init__.cpython-310.pyc
[0.556s] byte-compiling /home/zzq/Desktop/ros2_ws/install/beginner_py/lib/python3.10/site-packages/beginner_py/pub_pointcloud.py to pub_pointcloud.cpython-310.pyc
[0.557s] running install_data
[0.557s] creating /home/zzq/Desktop/ros2_ws/install/beginner_py/share/ament_index
[0.557s] creating /home/zzq/Desktop/ros2_ws/install/beginner_py/share/ament_index/resource_index
[0.557s] creating /home/zzq/Desktop/ros2_ws/install/beginner_py/share/ament_index/resource_index/packages
[0.557s] copying resource/beginner_py -> /home/zzq/Desktop/ros2_ws/install/beginner_py/share/ament_index/resource_index/packages
[0.557s] copying package.xml -> /home/zzq/Desktop/ros2_ws/install/beginner_py/share/beginner_py
[0.557s] running install_egg_info
[0.558s] Copying ../../build/beginner_py/beginner_py.egg-info to /home/zzq/Desktop/ros2_ws/install/beginner_py/lib/python3.10/site-packages/beginner_py-0.0.0-py3.10.egg-info
[0.558s] running install_scripts
[0.568s] Installing listener script to /home/zzq/Desktop/ros2_ws/install/beginner_py/lib/beginner_py
[0.568s] Installing talker script to /home/zzq/Desktop/ros2_ws/install/beginner_py/lib/beginner_py
[0.568s] Installing talkerpc2 script to /home/zzq/Desktop/ros2_ws/install/beginner_py/lib/beginner_py
[0.568s] writing list of installed files to '/home/zzq/Desktop/ros2_ws/build/beginner_py/install.log'
[0.579s] Invoked command in '/home/zzq/Desktop/ros2_ws/src/beginner_py' returned '0': PYTHONPATH=/home/zzq/Desktop/ros2_ws/build/beginner_py/prefix_override:/usr/lib/python3/dist-packages/colcon_core/task/python/colcon_distutils_commands:/home/zzq/Desktop/ros2_ws/install/beginner_py/lib/python3.10/site-packages:${PYTHONPATH} /usr/bin/python3 -W ignore:setup.py install is deprecated setup.py egg_info --egg-base ../../build/beginner_py build --build-base /home/zzq/Desktop/ros2_ws/build/beginner_py/build install --record /home/zzq/Desktop/ros2_ws/build/beginner_py/install.log --single-version-externally-managed install_data
