[ 20%] [32mBuilding CXX object CMakeFiles/pavo_pcd_pub.dir/src/pavo_pcd_node.cpp.o[0m
[01m[K/home/zzq/Desktop/ros2_ws/src/pavo_lidar/src/pavo_pcd_node.cpp:111:55:[m[K [01;35m[Kwarning: [m[Kuse of ‘[01m[Kauto[m[K’ in parameter declaration only available with ‘[01m[K-std=c++20[m[K’ or ‘[01m[K-fconcepts[m[K’
  111 |         void get_param(const std::string &param_name, [01;35m[Kauto[m[K &param_var)
      |                                                       [01;35m[K^~~~[m[K
[01m[K/home/zzq/Desktop/ros2_ws/src/pavo_lidar/src/pavo_pcd_node.cpp:[m[K In member function ‘[01m[Kvoid PC_Pub_node::timer_callback()[m[K’:
[01m[K/home/zzq/Desktop/ros2_ws/src/pavo_lidar/src/pavo_pcd_node.cpp:121:17:[m[K [01;35m[Kwarning: [m[Kvariable ‘[01m[Knum_points[m[K’ set but not used [[01;35m[K]8;;https://gcc.gnu.org/onlinedocs/gcc/Warning-Options.html#index-Wunused-but-set-variable-Wunused-but-set-variable]8;;[m[K]
  121 |             int [01;35m[Knum_points[m[K;
      |                 [01;35m[K^~~~~~~~~~[m[K
[ 40%] [32m[1mLinking CXX executable pavo_pcd_pub[0m
[100%] Built target pavo_pcd_pub
-- Install configuration: ""
-- Up-to-date: /home/zzq/Desktop/ros2_ws/install/pavo_lidar/share/pavo_lidar/environment/library_path.sh
-- Up-to-date: /home/zzq/Desktop/ros2_ws/install/pavo_lidar/share/pavo_lidar/environment/library_path.dsv
-- Installing: /home/zzq/Desktop/ros2_ws/install/pavo_lidar/lib/pavo_lidar/pavo_pcd_pub
-- Set runtime path of "/home/zzq/Desktop/ros2_ws/install/pavo_lidar/lib/pavo_lidar/pavo_pcd_pub" to ""
-- Up-to-date: /home/zzq/Desktop/ros2_ws/install/pavo_lidar/share/ament_index/resource_index/package_run_dependencies/pavo_lidar
-- Up-to-date: /home/zzq/Desktop/ros2_ws/install/pavo_lidar/share/ament_index/resource_index/parent_prefix_path/pavo_lidar
-- Up-to-date: /home/zzq/Desktop/ros2_ws/install/pavo_lidar/share/pavo_lidar/environment/ament_prefix_path.sh
-- Up-to-date: /home/zzq/Desktop/ros2_ws/install/pavo_lidar/share/pavo_lidar/environment/ament_prefix_path.dsv
-- Up-to-date: /home/zzq/Desktop/ros2_ws/install/pavo_lidar/share/pavo_lidar/environment/path.sh
-- Up-to-date: /home/zzq/Desktop/ros2_ws/install/pavo_lidar/share/pavo_lidar/environment/path.dsv
-- Up-to-date: /home/zzq/Desktop/ros2_ws/install/pavo_lidar/share/pavo_lidar/local_setup.bash
-- Up-to-date: /home/zzq/Desktop/ros2_ws/install/pavo_lidar/share/pavo_lidar/local_setup.sh
-- Up-to-date: /home/zzq/Desktop/ros2_ws/install/pavo_lidar/share/pavo_lidar/local_setup.zsh
-- Up-to-date: /home/zzq/Desktop/ros2_ws/install/pavo_lidar/share/pavo_lidar/local_setup.dsv
-- Installing: /home/zzq/Desktop/ros2_ws/install/pavo_lidar/share/pavo_lidar/package.dsv
-- Up-to-date: /home/zzq/Desktop/ros2_ws/install/pavo_lidar/share/ament_index/resource_index/packages/pavo_lidar
-- Up-to-date: /home/zzq/Desktop/ros2_ws/install/pavo_lidar/share/pavo_lidar/cmake/ament_cmake_export_libraries-extras.cmake
-- Up-to-date: /home/zzq/Desktop/ros2_ws/install/pavo_lidar/share/pavo_lidar/cmake/pavo_lidarConfig.cmake
-- Up-to-date: /home/zzq/Desktop/ros2_ws/install/pavo_lidar/share/pavo_lidar/cmake/pavo_lidarConfig-version.cmake
-- Up-to-date: /home/zzq/Desktop/ros2_ws/install/pavo_lidar/share/pavo_lidar/package.xml
