[0.006s] Invoking command in '/home/zzq/Desktop/ros2_ws/build/pavo_lidar': CMAKE_PREFIX_PATH=${CMAKE_PREFIX_PATH}:/home/zzq/Desktop/ros2_ws/install/srv_msg_creating_py:/home/zzq/Desktop/ros2_ws/install/service_client_py:/home/zzq/Desktop/ros2_ws/install/beitong_joy:/home/zzq/Desktop/ros2_ws/install/beginner_py:/home/zzq/Desktop/ros2_ws/install/HTW_imu:/home/zzq/Desktop/ros2_ws/install/Action_turtle:/home/zzq/Desktop/GYH_ws/install/learning_urdf:/home/zzq/Desktop/GYH_ws/install/learning_topic:/home/zzq/Desktop/GYH_ws/install/learning_tf:/home/zzq/Desktop/GYH_ws/install/learning_service:/home/zzq/Desktop/GYH_ws/install/learning_qos:/home/zzq/Desktop/GYH_ws/install/learning_pkg_python:/home/zzq/Desktop/GYH_ws/install/learning_parameter:/home/zzq/Desktop/GYH_ws/install/learning_node:/home/zzq/Desktop/GYH_ws/install/learning_launch:/home/zzq/Desktop/GYH_ws/install/learning_action:/home/zzq/Desktop/GYH_ws/install/learning_gazebo:/home/zzq/Desktop/GYH_ws/install/learning_cv:/opt/ros/humble /usr/bin/cmake --build /home/zzq/Desktop/ros2_ws/build/pavo_lidar -- -j32 -l32
[0.051s] [ 20%] [32mBuilding CXX object CMakeFiles/pavo_pcd_pub.dir/src/pavo_pcd_node.cpp.o[0m
[1.684s] [01m[K/home/zzq/Desktop/ros2_ws/src/pavo_lidar/src/pavo_pcd_node.cpp:111:55:[m[K [01;35m[Kwarning: [m[Kuse of ‘[01m[Kauto[m[K’ in parameter declaration only available with ‘[01m[K-std=c++20[m[K’ or ‘[01m[K-fconcepts[m[K’
[1.684s]   111 |         void get_param(const std::string &param_name, [01;35m[Kauto[m[K &param_var)
[1.684s]       |                                                       [01;35m[K^~~~[m[K
[1.699s] [01m[K/home/zzq/Desktop/ros2_ws/src/pavo_lidar/src/pavo_pcd_node.cpp:[m[K In member function ‘[01m[Kvoid PC_Pub_node::timer_callback()[m[K’:
[1.699s] [01m[K/home/zzq/Desktop/ros2_ws/src/pavo_lidar/src/pavo_pcd_node.cpp:121:17:[m[K [01;35m[Kwarning: [m[Kvariable ‘[01m[Knum_points[m[K’ set but not used [[01;35m[K]8;;https://gcc.gnu.org/onlinedocs/gcc/Warning-Options.html#index-Wunused-but-set-variable-Wunused-but-set-variable]8;;[m[K]
[1.699s]   121 |             int [01;35m[Knum_points[m[K;
[1.699s]       |                 [01;35m[K^~~~~~~~~~[m[K
[2.644s] [ 40%] [32m[1mLinking CXX executable pavo_pcd_pub[0m
[2.766s] [100%] Built target pavo_pcd_pub
[2.772s] Invoked command in '/home/zzq/Desktop/ros2_ws/build/pavo_lidar' returned '0': CMAKE_PREFIX_PATH=${CMAKE_PREFIX_PATH}:/home/zzq/Desktop/ros2_ws/install/srv_msg_creating_py:/home/zzq/Desktop/ros2_ws/install/service_client_py:/home/zzq/Desktop/ros2_ws/install/beitong_joy:/home/zzq/Desktop/ros2_ws/install/beginner_py:/home/zzq/Desktop/ros2_ws/install/HTW_imu:/home/zzq/Desktop/ros2_ws/install/Action_turtle:/home/zzq/Desktop/GYH_ws/install/learning_urdf:/home/zzq/Desktop/GYH_ws/install/learning_topic:/home/zzq/Desktop/GYH_ws/install/learning_tf:/home/zzq/Desktop/GYH_ws/install/learning_service:/home/zzq/Desktop/GYH_ws/install/learning_qos:/home/zzq/Desktop/GYH_ws/install/learning_pkg_python:/home/zzq/Desktop/GYH_ws/install/learning_parameter:/home/zzq/Desktop/GYH_ws/install/learning_node:/home/zzq/Desktop/GYH_ws/install/learning_launch:/home/zzq/Desktop/GYH_ws/install/learning_action:/home/zzq/Desktop/GYH_ws/install/learning_gazebo:/home/zzq/Desktop/GYH_ws/install/learning_cv:/opt/ros/humble /usr/bin/cmake --build /home/zzq/Desktop/ros2_ws/build/pavo_lidar -- -j32 -l32
[2.801s] Invoking command in '/home/zzq/Desktop/ros2_ws/build/pavo_lidar': CMAKE_PREFIX_PATH=${CMAKE_PREFIX_PATH}:/home/zzq/Desktop/ros2_ws/install/srv_msg_creating_py:/home/zzq/Desktop/ros2_ws/install/service_client_py:/home/zzq/Desktop/ros2_ws/install/beitong_joy:/home/zzq/Desktop/ros2_ws/install/beginner_py:/home/zzq/Desktop/ros2_ws/install/HTW_imu:/home/zzq/Desktop/ros2_ws/install/Action_turtle:/home/zzq/Desktop/GYH_ws/install/learning_urdf:/home/zzq/Desktop/GYH_ws/install/learning_topic:/home/zzq/Desktop/GYH_ws/install/learning_tf:/home/zzq/Desktop/GYH_ws/install/learning_service:/home/zzq/Desktop/GYH_ws/install/learning_qos:/home/zzq/Desktop/GYH_ws/install/learning_pkg_python:/home/zzq/Desktop/GYH_ws/install/learning_parameter:/home/zzq/Desktop/GYH_ws/install/learning_node:/home/zzq/Desktop/GYH_ws/install/learning_launch:/home/zzq/Desktop/GYH_ws/install/learning_action:/home/zzq/Desktop/GYH_ws/install/learning_gazebo:/home/zzq/Desktop/GYH_ws/install/learning_cv:/opt/ros/humble /usr/bin/cmake --install /home/zzq/Desktop/ros2_ws/build/pavo_lidar
[2.808s] -- Install configuration: ""
[2.808s] -- Up-to-date: /home/zzq/Desktop/ros2_ws/install/pavo_lidar/share/pavo_lidar/environment/library_path.sh
[2.808s] -- Up-to-date: /home/zzq/Desktop/ros2_ws/install/pavo_lidar/share/pavo_lidar/environment/library_path.dsv
[2.809s] -- Installing: /home/zzq/Desktop/ros2_ws/install/pavo_lidar/lib/pavo_lidar/pavo_pcd_pub
[2.810s] -- Set runtime path of "/home/zzq/Desktop/ros2_ws/install/pavo_lidar/lib/pavo_lidar/pavo_pcd_pub" to ""
[2.810s] -- Up-to-date: /home/zzq/Desktop/ros2_ws/install/pavo_lidar/share/ament_index/resource_index/package_run_dependencies/pavo_lidar
[2.810s] -- Up-to-date: /home/zzq/Desktop/ros2_ws/install/pavo_lidar/share/ament_index/resource_index/parent_prefix_path/pavo_lidar
[2.810s] -- Up-to-date: /home/zzq/Desktop/ros2_ws/install/pavo_lidar/share/pavo_lidar/environment/ament_prefix_path.sh
[2.811s] -- Up-to-date: /home/zzq/Desktop/ros2_ws/install/pavo_lidar/share/pavo_lidar/environment/ament_prefix_path.dsv
[2.811s] -- Up-to-date: /home/zzq/Desktop/ros2_ws/install/pavo_lidar/share/pavo_lidar/environment/path.sh
[2.811s] -- Up-to-date: /home/zzq/Desktop/ros2_ws/install/pavo_lidar/share/pavo_lidar/environment/path.dsv
[2.811s] -- Up-to-date: /home/zzq/Desktop/ros2_ws/install/pavo_lidar/share/pavo_lidar/local_setup.bash
[2.811s] -- Up-to-date: /home/zzq/Desktop/ros2_ws/install/pavo_lidar/share/pavo_lidar/local_setup.sh
[2.811s] -- Up-to-date: /home/zzq/Desktop/ros2_ws/install/pavo_lidar/share/pavo_lidar/local_setup.zsh
[2.811s] -- Up-to-date: /home/zzq/Desktop/ros2_ws/install/pavo_lidar/share/pavo_lidar/local_setup.dsv
[2.811s] -- Installing: /home/zzq/Desktop/ros2_ws/install/pavo_lidar/share/pavo_lidar/package.dsv
[2.811s] -- Up-to-date: /home/zzq/Desktop/ros2_ws/install/pavo_lidar/share/ament_index/resource_index/packages/pavo_lidar
[2.811s] -- Up-to-date: /home/zzq/Desktop/ros2_ws/install/pavo_lidar/share/pavo_lidar/cmake/ament_cmake_export_libraries-extras.cmake
[2.811s] -- Up-to-date: /home/zzq/Desktop/ros2_ws/install/pavo_lidar/share/pavo_lidar/cmake/pavo_lidarConfig.cmake
[2.811s] -- Up-to-date: /home/zzq/Desktop/ros2_ws/install/pavo_lidar/share/pavo_lidar/cmake/pavo_lidarConfig-version.cmake
[2.811s] -- Up-to-date: /home/zzq/Desktop/ros2_ws/install/pavo_lidar/share/pavo_lidar/package.xml
[2.812s] Invoked command in '/home/zzq/Desktop/ros2_ws/build/pavo_lidar' returned '0': CMAKE_PREFIX_PATH=${CMAKE_PREFIX_PATH}:/home/zzq/Desktop/ros2_ws/install/srv_msg_creating_py:/home/zzq/Desktop/ros2_ws/install/service_client_py:/home/zzq/Desktop/ros2_ws/install/beitong_joy:/home/zzq/Desktop/ros2_ws/install/beginner_py:/home/zzq/Desktop/ros2_ws/install/HTW_imu:/home/zzq/Desktop/ros2_ws/install/Action_turtle:/home/zzq/Desktop/GYH_ws/install/learning_urdf:/home/zzq/Desktop/GYH_ws/install/learning_topic:/home/zzq/Desktop/GYH_ws/install/learning_tf:/home/zzq/Desktop/GYH_ws/install/learning_service:/home/zzq/Desktop/GYH_ws/install/learning_qos:/home/zzq/Desktop/GYH_ws/install/learning_pkg_python:/home/zzq/Desktop/GYH_ws/install/learning_parameter:/home/zzq/Desktop/GYH_ws/install/learning_node:/home/zzq/Desktop/GYH_ws/install/learning_launch:/home/zzq/Desktop/GYH_ws/install/learning_action:/home/zzq/Desktop/GYH_ws/install/learning_gazebo:/home/zzq/Desktop/GYH_ws/install/learning_cv:/opt/ros/humble /usr/bin/cmake --install /home/zzq/Desktop/ros2_ws/build/pavo_lidar
