-- The C compiler identification is GNU 11.4.0
-- The CXX compiler identification is GNU 11.4.0
-- Detecting C compiler ABI info
-- Detecting C compiler ABI info - done
-- Check for working C compiler: /usr/bin/cc - skipped
-- Detecting C compile features
-- Detecting C compile features - done
-- Detecting CXX compiler ABI info
-- Detecting CXX compiler ABI info - done
-- Check for working CXX compiler: /usr/bin/c++ - skipped
-- Detecting CXX compile features
-- Detecting CXX compile features - done
-- Found ament_cmake: 1.3.9 (/opt/ros/humble/share/ament_cmake/cmake)
-- Found Python3: /usr/bin/python3 (found version "3.10.12") found components: Interpreter 
-- Found ament_lint_auto: 0.12.11 (/opt/ros/humble/share/ament_lint_auto/cmake)
-- Added test 'lint_cmake' to check CMake code style
-- Added test 'xmllint' to check XML markup files
-- Configuring done
-- Generating done
-- Build files have been written to: /home/zzq/Desktop/ros2_ws/build/beginner
-- Install configuration: ""
-- Installing: /home/zzq/Desktop/ros2_ws/install/beginner/share/ament_index/resource_index/package_run_dependencies/beginner
-- Installing: /home/zzq/Desktop/ros2_ws/install/beginner/share/ament_index/resource_index/parent_prefix_path/beginner
-- Installing: /home/zzq/Desktop/ros2_ws/install/beginner/share/beginner/environment/ament_prefix_path.sh
-- Installing: /home/zzq/Desktop/ros2_ws/install/beginner/share/beginner/environment/ament_prefix_path.dsv
-- Installing: /home/zzq/Desktop/ros2_ws/install/beginner/share/beginner/environment/path.sh
-- Installing: /home/zzq/Desktop/ros2_ws/install/beginner/share/beginner/environment/path.dsv
-- Installing: /home/zzq/Desktop/ros2_ws/install/beginner/share/beginner/local_setup.bash
-- Installing: /home/zzq/Desktop/ros2_ws/install/beginner/share/beginner/local_setup.sh
-- Installing: /home/zzq/Desktop/ros2_ws/install/beginner/share/beginner/local_setup.zsh
-- Installing: /home/zzq/Desktop/ros2_ws/install/beginner/share/beginner/local_setup.dsv
-- Installing: /home/zzq/Desktop/ros2_ws/install/beginner/share/beginner/package.dsv
-- Installing: /home/zzq/Desktop/ros2_ws/install/beginner/share/ament_index/resource_index/packages/beginner
-- Installing: /home/zzq/Desktop/ros2_ws/install/beginner/share/beginner/cmake/beginnerConfig.cmake
-- Installing: /home/zzq/Desktop/ros2_ws/install/beginner/share/beginner/cmake/beginnerConfig-version.cmake
-- Installing: /home/zzq/Desktop/ros2_ws/install/beginner/share/beginner/package.xml
