[0.006s] Invoking command in '/home/zzq/Desktop/ros2_ws/build/beginner': CMAKE_PREFIX_PATH=/opt/ros/humble /usr/bin/cmake /home/zzq/Desktop/ros2_ws/src/beginner -DCMAKE_INSTALL_PREFIX=/home/zzq/Desktop/ros2_ws/install/beginner
[0.037s] -- The C compiler identification is GNU 11.4.0
[0.081s] -- The CXX compiler identification is GNU 11.4.0
[0.085s] -- Detecting C compiler ABI info
[0.145s] -- Detecting C compiler ABI info - done
[0.153s] -- Check for working C compiler: /usr/bin/cc - skipped
[0.154s] -- Detecting C compile features
[0.154s] -- Detecting C compile features - done
[0.157s] -- Detecting CXX compiler ABI info
[0.214s] -- Detecting CXX compiler ABI info - done
[0.217s] -- Check for working CXX compiler: /usr/bin/c++ - skipped
[0.217s] -- Detecting CXX compile features
[0.217s] -- Detecting CXX compile features - done
[0.218s] -- Found ament_cmake: 1.3.9 (/opt/ros/humble/share/ament_cmake/cmake)
[0.303s] -- Found Python3: /usr/bin/python3 (found version "3.10.12") found components: Interpreter 
[0.342s] -- Found ament_lint_auto: 0.12.11 (/opt/ros/humble/share/ament_lint_auto/cmake)
[0.384s] -- Added test 'lint_cmake' to check CMake code style
[0.384s] -- Added test 'xmllint' to check XML markup files
[0.385s] -- Configuring done
[0.386s] -- Generating done
[0.386s] -- Build files have been written to: /home/zzq/Desktop/ros2_ws/build/beginner
[0.389s] Invoked command in '/home/zzq/Desktop/ros2_ws/build/beginner' returned '0': CMAKE_PREFIX_PATH=/opt/ros/humble /usr/bin/cmake /home/zzq/Desktop/ros2_ws/src/beginner -DCMAKE_INSTALL_PREFIX=/home/zzq/Desktop/ros2_ws/install/beginner
[0.389s] Invoking command in '/home/zzq/Desktop/ros2_ws/build/beginner': CMAKE_PREFIX_PATH=/opt/ros/humble /usr/bin/cmake --build /home/zzq/Desktop/ros2_ws/build/beginner -- -j32 -l32
[0.407s] Invoked command in '/home/zzq/Desktop/ros2_ws/build/beginner' returned '0': CMAKE_PREFIX_PATH=/opt/ros/humble /usr/bin/cmake --build /home/zzq/Desktop/ros2_ws/build/beginner -- -j32 -l32
[0.423s] Invoking command in '/home/zzq/Desktop/ros2_ws/build/beginner': CMAKE_PREFIX_PATH=/opt/ros/humble /usr/bin/cmake --install /home/zzq/Desktop/ros2_ws/build/beginner
[0.428s] -- Install configuration: ""
[0.428s] -- Installing: /home/zzq/Desktop/ros2_ws/install/beginner/share/ament_index/resource_index/package_run_dependencies/beginner
[0.429s] -- Installing: /home/zzq/Desktop/ros2_ws/install/beginner/share/ament_index/resource_index/parent_prefix_path/beginner
[0.429s] -- Installing: /home/zzq/Desktop/ros2_ws/install/beginner/share/beginner/environment/ament_prefix_path.sh
[0.429s] -- Installing: /home/zzq/Desktop/ros2_ws/install/beginner/share/beginner/environment/ament_prefix_path.dsv
[0.429s] -- Installing: /home/zzq/Desktop/ros2_ws/install/beginner/share/beginner/environment/path.sh
[0.429s] -- Installing: /home/zzq/Desktop/ros2_ws/install/beginner/share/beginner/environment/path.dsv
[0.429s] -- Installing: /home/zzq/Desktop/ros2_ws/install/beginner/share/beginner/local_setup.bash
[0.429s] -- Installing: /home/zzq/Desktop/ros2_ws/install/beginner/share/beginner/local_setup.sh
[0.429s] -- Installing: /home/zzq/Desktop/ros2_ws/install/beginner/share/beginner/local_setup.zsh
[0.429s] -- Installing: /home/zzq/Desktop/ros2_ws/install/beginner/share/beginner/local_setup.dsv
[0.429s] -- Installing: /home/zzq/Desktop/ros2_ws/install/beginner/share/beginner/package.dsv
[0.429s] -- Installing: /home/zzq/Desktop/ros2_ws/install/beginner/share/ament_index/resource_index/packages/beginner
[0.430s] -- Installing: /home/zzq/Desktop/ros2_ws/install/beginner/share/beginner/cmake/beginnerConfig.cmake
[0.430s] -- Installing: /home/zzq/Desktop/ros2_ws/install/beginner/share/beginner/cmake/beginnerConfig-version.cmake
[0.430s] -- Installing: /home/zzq/Desktop/ros2_ws/install/beginner/share/beginner/package.xml
[0.431s] Invoked command in '/home/zzq/Desktop/ros2_ws/build/beginner' returned '0': CMAKE_PREFIX_PATH=/opt/ros/humble /usr/bin/cmake --install /home/zzq/Desktop/ros2_ws/build/beginner
