[0.985s] Invoking command in '/home/zzq/Desktop/ros2_ws/build/HTW_imu': PYTHONPATH=/home/zzq/Desktop/ros2_ws/build/HTW_imu/prefix_override:/usr/lib/python3/dist-packages/colcon_core/task/python/colcon_distutils_commands:/home/zzq/Desktop/ros2_ws/install/HTW_imu/lib/python3.10/site-packages:${PYTHONPATH} /usr/bin/python3 -W ignore:setup.py install is deprecated setup.py develop --editable --build-directory /home/zzq/Desktop/ros2_ws/build/HTW_imu/build --no-deps symlink_data --force
[1.153s] running develop
[1.153s] /usr/lib/python3/dist-packages/setuptools/command/easy_install.py:158: EasyInstallDeprecationWarning: easy_install command is deprecated. Use build and pip and other standards-based tools.
[1.153s]   warnings.warn(
[1.272s] running egg_info
[1.272s] writing HTW_imu.egg-info/PKG-INFO
[1.272s] writing dependency_links to HTW_imu.egg-info/dependency_links.txt
[1.272s] writing entry points to HTW_imu.egg-info/entry_points.txt
[1.272s] writing requirements to HTW_imu.egg-info/requires.txt
[1.273s] writing top-level names to HTW_imu.egg-info/top_level.txt
[1.273s] reading manifest file 'HTW_imu.egg-info/SOURCES.txt'
[1.274s] writing manifest file 'HTW_imu.egg-info/SOURCES.txt'
[1.275s] running build_ext
[1.275s] Creating /home/zzq/Desktop/ros2_ws/install/HTW_imu/lib/python3.10/site-packages/HTW-imu.egg-link (link to .)
[1.275s] Installing get_imu_rpy script to /home/zzq/Desktop/ros2_ws/install/HTW_imu/lib/HTW_imu
[1.276s] Installing wit_imu_ctrl script to /home/zzq/Desktop/ros2_ws/install/HTW_imu/lib/HTW_imu
[1.276s] Installing wit_modbus_ros script to /home/zzq/Desktop/ros2_ws/install/HTW_imu/lib/HTW_imu
[1.276s] 
[1.276s] Installed /home/zzq/Desktop/ros2_ws/build/HTW_imu
[1.276s] running symlink_data
[1.276s] symbolically linking /home/zzq/Desktop/ros2_ws/build/HTW_imu/resource/HTW_imu -> /home/zzq/Desktop/ros2_ws/install/HTW_imu/share/ament_index/resource_index/packages
[1.276s] symbolically linking /home/zzq/Desktop/ros2_ws/build/HTW_imu/package.xml -> /home/zzq/Desktop/ros2_ws/install/HTW_imu/share/HTW_imu
[1.294s] Invoked command in '/home/zzq/Desktop/ros2_ws/build/HTW_imu' returned '0': PYTHONPATH=/home/zzq/Desktop/ros2_ws/build/HTW_imu/prefix_override:/usr/lib/python3/dist-packages/colcon_core/task/python/colcon_distutils_commands:/home/zzq/Desktop/ros2_ws/install/HTW_imu/lib/python3.10/site-packages:${PYTHONPATH} /usr/bin/python3 -W ignore:setup.py install is deprecated setup.py develop --editable --build-directory /home/zzq/Desktop/ros2_ws/build/HTW_imu/build --no-deps symlink_data --force
