[0.593s] Invoking command in '/home/zzq/Desktop/ros2_ws/build/pavo_lidar': CMAKE_PREFIX_PATH=${CMAKE_PREFIX_PATH}:/home/zzq/Desktop/ros2_ws/install/srv_msg_creating_py:/home/zzq/Desktop/ros2_ws/install/service_client_py:/home/zzq/Desktop/ros2_ws/install/beitong_joy:/home/zzq/Desktop/ros2_ws/install/beginner_py:/home/zzq/Desktop/ros2_ws/install/HTW_imu:/home/zzq/Desktop/ros2_ws/install/Action_turtle:/home/zzq/Desktop/GYH_ws/install/learning_urdf:/home/zzq/Desktop/GYH_ws/install/learning_topic:/home/zzq/Desktop/GYH_ws/install/learning_tf:/home/zzq/Desktop/GYH_ws/install/learning_service:/home/zzq/Desktop/GYH_ws/install/learning_qos:/home/zzq/Desktop/GYH_ws/install/learning_pkg_python:/home/zzq/Desktop/GYH_ws/install/learning_parameter:/home/zzq/Desktop/GYH_ws/install/learning_node:/home/zzq/Desktop/GYH_ws/install/learning_launch:/home/zzq/Desktop/GYH_ws/install/learning_action:/home/zzq/Desktop/GYH_ws/install/learning_gazebo:/home/zzq/Desktop/GYH_ws/install/learning_cv:/opt/ros/humble /usr/bin/cmake --build /home/zzq/Desktop/ros2_ws/build/pavo_lidar -- -j32 -l32
[0.739s] [35m[1mConsolidate compiler generated dependencies of target pavo_pcd_pub[0m
[0.739s] [ 20%] [32mBuilding CXX object CMakeFiles/pavo_pcd_pub.dir/src/pavo_pcd_node.cpp.o[0m
[2.504s] [01m[K/home/zzq/Desktop/ros2_ws/src/pavo_lidar/src/pavo_pcd_node.cpp:116:55:[m[K [01;35m[Kwarning: [m[Kuse of ‘[01m[Kauto[m[K’ in parameter declaration only available with ‘[01m[K-std=c++20[m[K’ or ‘[01m[K-fconcepts[m[K’
[2.504s]   116 |         void get_param(const std::string &param_name, [01;35m[Kauto[m[K &param_var)
[2.504s]       |                                                       [01;35m[K^~~~[m[K
[5.102s] [ 40%] [32m[1mLinking CXX executable pavo_pcd_pub[0m
[5.205s] [100%] Built target pavo_pcd_pub
[5.211s] Invoked command in '/home/zzq/Desktop/ros2_ws/build/pavo_lidar' returned '0': CMAKE_PREFIX_PATH=${CMAKE_PREFIX_PATH}:/home/zzq/Desktop/ros2_ws/install/srv_msg_creating_py:/home/zzq/Desktop/ros2_ws/install/service_client_py:/home/zzq/Desktop/ros2_ws/install/beitong_joy:/home/zzq/Desktop/ros2_ws/install/beginner_py:/home/zzq/Desktop/ros2_ws/install/HTW_imu:/home/zzq/Desktop/ros2_ws/install/Action_turtle:/home/zzq/Desktop/GYH_ws/install/learning_urdf:/home/zzq/Desktop/GYH_ws/install/learning_topic:/home/zzq/Desktop/GYH_ws/install/learning_tf:/home/zzq/Desktop/GYH_ws/install/learning_service:/home/zzq/Desktop/GYH_ws/install/learning_qos:/home/zzq/Desktop/GYH_ws/install/learning_pkg_python:/home/zzq/Desktop/GYH_ws/install/learning_parameter:/home/zzq/Desktop/GYH_ws/install/learning_node:/home/zzq/Desktop/GYH_ws/install/learning_launch:/home/zzq/Desktop/GYH_ws/install/learning_action:/home/zzq/Desktop/GYH_ws/install/learning_gazebo:/home/zzq/Desktop/GYH_ws/install/learning_cv:/opt/ros/humble /usr/bin/cmake --build /home/zzq/Desktop/ros2_ws/build/pavo_lidar -- -j32 -l32
[5.229s] Invoking command in '/home/zzq/Desktop/ros2_ws/build/pavo_lidar': CMAKE_PREFIX_PATH=${CMAKE_PREFIX_PATH}:/home/zzq/Desktop/ros2_ws/install/srv_msg_creating_py:/home/zzq/Desktop/ros2_ws/install/service_client_py:/home/zzq/Desktop/ros2_ws/install/beitong_joy:/home/zzq/Desktop/ros2_ws/install/beginner_py:/home/zzq/Desktop/ros2_ws/install/HTW_imu:/home/zzq/Desktop/ros2_ws/install/Action_turtle:/home/zzq/Desktop/GYH_ws/install/learning_urdf:/home/zzq/Desktop/GYH_ws/install/learning_topic:/home/zzq/Desktop/GYH_ws/install/learning_tf:/home/zzq/Desktop/GYH_ws/install/learning_service:/home/zzq/Desktop/GYH_ws/install/learning_qos:/home/zzq/Desktop/GYH_ws/install/learning_pkg_python:/home/zzq/Desktop/GYH_ws/install/learning_parameter:/home/zzq/Desktop/GYH_ws/install/learning_node:/home/zzq/Desktop/GYH_ws/install/learning_launch:/home/zzq/Desktop/GYH_ws/install/learning_action:/home/zzq/Desktop/GYH_ws/install/learning_gazebo:/home/zzq/Desktop/GYH_ws/install/learning_cv:/opt/ros/humble /usr/bin/cmake --install /home/zzq/Desktop/ros2_ws/build/pavo_lidar
[5.232s] -- Install configuration: "RelWithDebInfo"
[5.233s] -- Execute custom install script
[5.233s] -- Up-to-date symlink: /home/zzq/Desktop/ros2_ws/install/pavo_lidar/share/pavo_lidar/environment/library_path.sh
[5.233s] -- Up-to-date symlink: /home/zzq/Desktop/ros2_ws/install/pavo_lidar/share/pavo_lidar/environment/library_path.dsv
[5.233s] -- Up-to-date symlink: /home/zzq/Desktop/ros2_ws/install/pavo_lidar/lib/pavo_lidar/pavo_pcd_pub
[5.234s] -- Up-to-date symlink: /home/zzq/Desktop/ros2_ws/install/pavo_lidar/share/ament_index/resource_index/package_run_dependencies/pavo_lidar
[5.234s] -- Up-to-date symlink: /home/zzq/Desktop/ros2_ws/install/pavo_lidar/share/ament_index/resource_index/parent_prefix_path/pavo_lidar
[5.234s] -- Up-to-date symlink: /home/zzq/Desktop/ros2_ws/install/pavo_lidar/share/pavo_lidar/environment/ament_prefix_path.sh
[5.234s] -- Up-to-date symlink: /home/zzq/Desktop/ros2_ws/install/pavo_lidar/share/pavo_lidar/environment/ament_prefix_path.dsv
[5.234s] -- Up-to-date symlink: /home/zzq/Desktop/ros2_ws/install/pavo_lidar/share/pavo_lidar/environment/path.sh
[5.234s] -- Up-to-date symlink: /home/zzq/Desktop/ros2_ws/install/pavo_lidar/share/pavo_lidar/environment/path.dsv
[5.234s] -- Up-to-date symlink: /home/zzq/Desktop/ros2_ws/install/pavo_lidar/share/pavo_lidar/local_setup.bash
[5.234s] -- Up-to-date symlink: /home/zzq/Desktop/ros2_ws/install/pavo_lidar/share/pavo_lidar/local_setup.sh
[5.234s] -- Up-to-date symlink: /home/zzq/Desktop/ros2_ws/install/pavo_lidar/share/pavo_lidar/local_setup.zsh
[5.234s] -- Up-to-date symlink: /home/zzq/Desktop/ros2_ws/install/pavo_lidar/share/pavo_lidar/local_setup.dsv
[5.234s] -- Symlinking: /home/zzq/Desktop/ros2_ws/install/pavo_lidar/share/pavo_lidar/package.dsv
[5.239s] -- Up-to-date symlink: /home/zzq/Desktop/ros2_ws/install/pavo_lidar/share/ament_index/resource_index/packages/pavo_lidar
[5.239s] -- Up-to-date symlink: /home/zzq/Desktop/ros2_ws/install/pavo_lidar/share/pavo_lidar/cmake/ament_cmake_export_libraries-extras.cmake
[5.239s] -- Up-to-date symlink: /home/zzq/Desktop/ros2_ws/install/pavo_lidar/share/pavo_lidar/cmake/pavo_lidarConfig.cmake
[5.239s] -- Up-to-date symlink: /home/zzq/Desktop/ros2_ws/install/pavo_lidar/share/pavo_lidar/cmake/pavo_lidarConfig-version.cmake
[5.239s] -- Up-to-date symlink: /home/zzq/Desktop/ros2_ws/install/pavo_lidar/share/pavo_lidar/package.xml
[5.240s] Invoked command in '/home/zzq/Desktop/ros2_ws/build/pavo_lidar' returned '0': CMAKE_PREFIX_PATH=${CMAKE_PREFIX_PATH}:/home/zzq/Desktop/ros2_ws/install/srv_msg_creating_py:/home/zzq/Desktop/ros2_ws/install/service_client_py:/home/zzq/Desktop/ros2_ws/install/beitong_joy:/home/zzq/Desktop/ros2_ws/install/beginner_py:/home/zzq/Desktop/ros2_ws/install/HTW_imu:/home/zzq/Desktop/ros2_ws/install/Action_turtle:/home/zzq/Desktop/GYH_ws/install/learning_urdf:/home/zzq/Desktop/GYH_ws/install/learning_topic:/home/zzq/Desktop/GYH_ws/install/learning_tf:/home/zzq/Desktop/GYH_ws/install/learning_service:/home/zzq/Desktop/GYH_ws/install/learning_qos:/home/zzq/Desktop/GYH_ws/install/learning_pkg_python:/home/zzq/Desktop/GYH_ws/install/learning_parameter:/home/zzq/Desktop/GYH_ws/install/learning_node:/home/zzq/Desktop/GYH_ws/install/learning_launch:/home/zzq/Desktop/GYH_ws/install/learning_action:/home/zzq/Desktop/GYH_ws/install/learning_gazebo:/home/zzq/Desktop/GYH_ws/install/learning_cv:/opt/ros/humble /usr/bin/cmake --install /home/zzq/Desktop/ros2_ws/build/pavo_lidar
