[0.618s] Invoking command in '/home/zzq/Desktop/ros2_ws/src/beginner_py': PYTHONPATH=/home/zzq/Desktop/ros2_ws/build/beginner_py/prefix_override:/usr/lib/python3/dist-packages/colcon_core/task/python/colcon_distutils_commands:/home/zzq/Desktop/ros2_ws/install/beginner_py/lib/python3.10/site-packages:${PYTHONPATH} /usr/bin/python3 -W ignore:setup.py install is deprecated setup.py egg_info --egg-base ../../build/beginner_py build --build-base /home/zzq/Desktop/ros2_ws/build/beginner_py/build install --record /home/zzq/Desktop/ros2_ws/build/beginner_py/install.log --single-version-externally-managed install_data
[0.745s] running egg_info
[0.746s] writing ../../build/beginner_py/beginner_py.egg-info/PKG-INFO
[0.746s] writing dependency_links to ../../build/beginner_py/beginner_py.egg-info/dependency_links.txt
[0.746s] writing entry points to ../../build/beginner_py/beginner_py.egg-info/entry_points.txt
[0.746s] writing requirements to ../../build/beginner_py/beginner_py.egg-info/requires.txt
[0.746s] writing top-level names to ../../build/beginner_py/beginner_py.egg-info/top_level.txt
[0.747s] reading manifest file '../../build/beginner_py/beginner_py.egg-info/SOURCES.txt'
[0.747s] writing manifest file '../../build/beginner_py/beginner_py.egg-info/SOURCES.txt'
[0.747s] running build
[0.747s] running build_py
[0.747s] running install
[0.747s] running install_lib
[0.748s] running install_data
[0.748s] running install_egg_info
[0.749s] removing '/home/zzq/Desktop/ros2_ws/install/beginner_py/lib/python3.10/site-packages/beginner_py-0.0.0-py3.10.egg-info' (and everything under it)
[0.749s] Copying ../../build/beginner_py/beginner_py.egg-info to /home/zzq/Desktop/ros2_ws/install/beginner_py/lib/python3.10/site-packages/beginner_py-0.0.0-py3.10.egg-info
[0.749s] running install_scripts
[0.760s] Installing listener script to /home/zzq/Desktop/ros2_ws/install/beginner_py/lib/beginner_py
[0.761s] Installing talker script to /home/zzq/Desktop/ros2_ws/install/beginner_py/lib/beginner_py
[0.761s] Installing talkercv2 script to /home/zzq/Desktop/ros2_ws/install/beginner_py/lib/beginner_py
[0.761s] Installing talkerpc2 script to /home/zzq/Desktop/ros2_ws/install/beginner_py/lib/beginner_py
[0.761s] writing list of installed files to '/home/zzq/Desktop/ros2_ws/build/beginner_py/install.log'
[0.773s] Invoked command in '/home/zzq/Desktop/ros2_ws/src/beginner_py' returned '0': PYTHONPATH=/home/zzq/Desktop/ros2_ws/build/beginner_py/prefix_override:/usr/lib/python3/dist-packages/colcon_core/task/python/colcon_distutils_commands:/home/zzq/Desktop/ros2_ws/install/beginner_py/lib/python3.10/site-packages:${PYTHONPATH} /usr/bin/python3 -W ignore:setup.py install is deprecated setup.py egg_info --egg-base ../../build/beginner_py build --build-base /home/zzq/Desktop/ros2_ws/build/beginner_py/build install --record /home/zzq/Desktop/ros2_ws/build/beginner_py/install.log --single-version-externally-managed install_data
