running develop
/usr/lib/python3/dist-packages/setuptools/command/easy_install.py:158: EasyInstallDeprecationWarning: easy_install command is deprecated. Use build and pip and other standards-based tools.
  warnings.warn(
Removing /home/zzq/Desktop/ros2_ws/install/beginner_py/lib/python3.10/site-packages/beginner-py.egg-link (link to .)
running egg_info
writing ../../build/beginner_py/beginner_py.egg-info/PKG-INFO
writing dependency_links to ../../build/beginner_py/beginner_py.egg-info/dependency_links.txt
writing entry points to ../../build/beginner_py/beginner_py.egg-info/entry_points.txt
writing requirements to ../../build/beginner_py/beginner_py.egg-info/requires.txt
writing top-level names to ../../build/beginner_py/beginner_py.egg-info/top_level.txt
reading manifest file '../../build/beginner_py/beginner_py.egg-info/SOURCES.txt'
writing manifest file '../../build/beginner_py/beginner_py.egg-info/SOURCES.txt'
running build
running build_py
running install
running install_lib
creating /home/zzq/Desktop/ros2_ws/install/beginner_py/lib/python3.10/site-packages/beginner_py
copying /home/zzq/Desktop/ros2_ws/build/beginner_py/build/lib/beginner_py/sub.py -> /home/zzq/Desktop/ros2_ws/install/beginner_py/lib/python3.10/site-packages/beginner_py
copying /home/zzq/Desktop/ros2_ws/build/beginner_py/build/lib/beginner_py/pub.py -> /home/zzq/Desktop/ros2_ws/install/beginner_py/lib/python3.10/site-packages/beginner_py
copying /home/zzq/Desktop/ros2_ws/build/beginner_py/build/lib/beginner_py/__init__.py -> /home/zzq/Desktop/ros2_ws/install/beginner_py/lib/python3.10/site-packages/beginner_py
copying /home/zzq/Desktop/ros2_ws/build/beginner_py/build/lib/beginner_py/pub_cv_image.py -> /home/zzq/Desktop/ros2_ws/install/beginner_py/lib/python3.10/site-packages/beginner_py
copying /home/zzq/Desktop/ros2_ws/build/beginner_py/build/lib/beginner_py/pub_pointcloud.py -> /home/zzq/Desktop/ros2_ws/install/beginner_py/lib/python3.10/site-packages/beginner_py
byte-compiling /home/zzq/Desktop/ros2_ws/install/beginner_py/lib/python3.10/site-packages/beginner_py/sub.py to sub.cpython-310.pyc
byte-compiling /home/zzq/Desktop/ros2_ws/install/beginner_py/lib/python3.10/site-packages/beginner_py/pub.py to pub.cpython-310.pyc
byte-compiling /home/zzq/Desktop/ros2_ws/install/beginner_py/lib/python3.10/site-packages/beginner_py/__init__.py to __init__.cpython-310.pyc
byte-compiling /home/zzq/Desktop/ros2_ws/install/beginner_py/lib/python3.10/site-packages/beginner_py/pub_cv_image.py to pub_cv_image.cpython-310.pyc
byte-compiling /home/zzq/Desktop/ros2_ws/install/beginner_py/lib/python3.10/site-packages/beginner_py/pub_pointcloud.py to pub_pointcloud.cpython-310.pyc
running install_data
copying resource/beginner_py -> /home/zzq/Desktop/ros2_ws/install/beginner_py/share/ament_index/resource_index/packages
copying package.xml -> /home/zzq/Desktop/ros2_ws/install/beginner_py/share/beginner_py
running install_egg_info
Copying ../../build/beginner_py/beginner_py.egg-info to /home/zzq/Desktop/ros2_ws/install/beginner_py/lib/python3.10/site-packages/beginner_py-0.0.0-py3.10.egg-info
running install_scripts
Installing listener script to /home/zzq/Desktop/ros2_ws/install/beginner_py/lib/beginner_py
Installing talker script to /home/zzq/Desktop/ros2_ws/install/beginner_py/lib/beginner_py
Installing talkercv2 script to /home/zzq/Desktop/ros2_ws/install/beginner_py/lib/beginner_py
Installing talkerpc2 script to /home/zzq/Desktop/ros2_ws/install/beginner_py/lib/beginner_py
writing list of installed files to '/home/zzq/Desktop/ros2_ws/build/beginner_py/install.log'
