[0.006s] Invoking command in '/home/zzq/Desktop/ros2_ws/build/pavo_lidar': CMAKE_PREFIX_PATH=${CMAKE_PREFIX_PATH}:/home/zzq/Desktop/ros2_ws/install/srv_msg_creating_py:/home/zzq/Desktop/ros2_ws/install/service_client_py:/home/zzq/Desktop/ros2_ws/install/beitong_joy:/home/zzq/Desktop/ros2_ws/install/beginner_py:/home/zzq/Desktop/ros2_ws/install/HTW_imu:/home/zzq/Desktop/ros2_ws/install/Action_turtle:/home/zzq/Desktop/GYH_ws/install/learning_urdf:/home/zzq/Desktop/GYH_ws/install/learning_topic:/home/zzq/Desktop/GYH_ws/install/learning_tf:/home/zzq/Desktop/GYH_ws/install/learning_service:/home/zzq/Desktop/GYH_ws/install/learning_qos:/home/zzq/Desktop/GYH_ws/install/learning_pkg_python:/home/zzq/Desktop/GYH_ws/install/learning_parameter:/home/zzq/Desktop/GYH_ws/install/learning_node:/home/zzq/Desktop/GYH_ws/install/learning_launch:/home/zzq/Desktop/GYH_ws/install/learning_action:/home/zzq/Desktop/GYH_ws/install/learning_gazebo:/home/zzq/Desktop/GYH_ws/install/learning_cv:/opt/ros/humble /usr/bin/cmake --build /home/zzq/Desktop/ros2_ws/build/pavo_lidar -- -j32 -l32
[0.040s] [ 20%] [32mBuilding CXX object CMakeFiles/pavo_pcd_pub.dir/src/pavo_pcd_node.cpp.o[0m
[1.630s] In file included from [01m[K/home/zzq/Desktop/ros2_ws/src/pavo_lidar/./sdk/include/pavo_driver.h:12[m[K,
[1.630s]                  from [01m[K/home/zzq/Desktop/ros2_ws/src/pavo_lidar/src/pavo_pcd_node.cpp:6[m[K:
[1.630s] [01m[K/home/zzq/Desktop/ros2_ws/src/pavo_lidar/./sdk/include/pavo_cmd.h:[m[K In function ‘[01m[Kbool IsValidMotorSpeed(int)[m[K’:
[1.630s] [01m[K/home/zzq/Desktop/ros2_ws/src/pavo_lidar/./sdk/include/pavo_cmd.h:244:26:[m[K [01;35m[Kwarning: [m[Kcomparison of integer expressions of different signedness: ‘[01m[Kint[m[K’ and ‘[01m[Kconst unsigned int[m[K’ [[01;35m[K]8;;https://gcc.gnu.org/onlinedocs/gcc/Warning-Options.html#index-Wsign-compare-Wsign-compare]8;;[m[K]
[1.630s]   244 |                 if([01;35m[Kspeed == VALID_MOTOR_SPEED[i][m[K)
[1.630s]       |                    [01;35m[K~~~~~~^~~~~~~~~~~~~~~~~~~~~~~[m[K
[1.630s] [01m[K/home/zzq/Desktop/ros2_ws/src/pavo_lidar/./sdk/include/pavo_cmd.h:[m[K In function ‘[01m[Kbool IsValidPointCloudMergeCoef(int)[m[K’:
[1.630s] [01m[K/home/zzq/Desktop/ros2_ws/src/pavo_lidar/./sdk/include/pavo_cmd.h:256:25:[m[K [01;35m[Kwarning: [m[Kcomparison of integer expressions of different signedness: ‘[01m[Kint[m[K’ and ‘[01m[Kconst unsigned int[m[K’ [[01;35m[K]8;;https://gcc.gnu.org/onlinedocs/gcc/Warning-Options.html#index-Wsign-compare-Wsign-compare]8;;[m[K]
[1.630s]   256 |                 if([01;35m[Kcoef == VALID_POINT_CLOUD_MERGE_COEF[i][m[K)
[1.630s]       |                    [01;35m[K~~~~~^~~~~~~~~~~~~~~~~~~~~~~~~~~~~~~~~~[m[K
[1.986s] [ 40%] [32m[1mLinking CXX executable pavo_pcd_pub[0m
[2.054s] /usr/bin/ld: CMakeFiles/pavo_pcd_pub.dir/sdk/src/pavo_driver.cpp.o: warning: relocation against `_ZTVN5boost6detail16thread_data_baseE' in read-only section `.text._ZN5boost6detail16thread_data_baseC2Ev[_ZN5boost6detail16thread_data_baseC5Ev]'
[2.059s] /usr/bin/ld: /usr/lib/gcc/x86_64-linux-gnu/11/../../../x86_64-linux-gnu/Scrt1.o: in function `_start':
[2.059s] (.text+0x1b): undefined reference to `main'
[2.060s] /usr/bin/ld: CMakeFiles/pavo_pcd_pub.dir/sdk/src/pavo_driver.cpp.o: in function `boost::detail::thread_data_base::thread_data_base()':
[2.060s] pavo_driver.cpp:(.text._ZN5boost6detail16thread_data_baseC2Ev[_ZN5boost6detail16thread_data_baseC5Ev]+0x24): undefined reference to `vtable for boost::detail::thread_data_base'
[2.060s] /usr/bin/ld: CMakeFiles/pavo_pcd_pub.dir/sdk/src/pavo_driver.cpp.o: in function `boost::detail::interruption_checker::interruption_checker(pthread_mutex_t*, pthread_cond_t*)':
[2.060s] pavo_driver.cpp:(.text._ZN5boost6detail20interruption_checkerC2EP15pthread_mutex_tP14pthread_cond_t[_ZN5boost6detail20interruption_checkerC5EP15pthread_mutex_tP14pthread_cond_t]+0x29): undefined reference to `boost::detail::get_current_thread_data()'
[2.060s] /usr/bin/ld: CMakeFiles/pavo_pcd_pub.dir/sdk/src/pavo_driver.cpp.o: in function `boost::thread::start_thread()':
[2.060s] pavo_driver.cpp:(.text._ZN5boost6thread12start_threadEv[_ZN5boost6thread12start_threadEv]+0x28): undefined reference to `boost::thread::start_thread_noexcept()'
[2.060s] /usr/bin/ld: CMakeFiles/pavo_pcd_pub.dir/sdk/src/pavo_driver.cpp.o: in function `boost::thread::~thread()':
[2.060s] pavo_driver.cpp:(.text._ZN5boost6threadD2Ev[_ZN5boost6threadD5Ev]+0x18): undefined reference to `boost::thread::detach()'
[2.060s] /usr/bin/ld: CMakeFiles/pavo_pcd_pub.dir/sdk/src/pavo_driver.cpp.o: in function `boost::thread::get_id() const':
[2.060s] pavo_driver.cpp:(.text._ZNK5boost6thread6get_idEv[_ZNK5boost6thread6get_idEv]+0x27): undefined reference to `boost::thread::native_handle()'
[2.060s] /usr/bin/ld: CMakeFiles/pavo_pcd_pub.dir/sdk/src/pavo_driver.cpp.o: in function `boost::thread::join()':
[2.060s] pavo_driver.cpp:(.text._ZN5boost6thread4joinEv[_ZN5boost6thread4joinEv]+0x7c): undefined reference to `boost::thread::join_noexcept()'
[2.060s] /usr/bin/ld: CMakeFiles/pavo_pcd_pub.dir/sdk/src/pavo_driver.cpp.o: in function `boost::condition_variable::wait(boost::unique_lock<boost::mutex>&)':
[2.060s] pavo_driver.cpp:(.text._ZN5boost18condition_variable4waitERNS_11unique_lockINS_5mutexEEE[_ZN5boost18condition_variable4waitERNS_11unique_lockINS_5mutexEEE]+0x119): undefined reference to `boost::this_thread::interruption_point()'
[2.060s] /usr/bin/ld: CMakeFiles/pavo_pcd_pub.dir/sdk/src/pavo_driver.cpp.o: in function `boost::condition_variable::do_wait_until(boost::unique_lock<boost::mutex>&, boost::detail::mono_platform_timepoint const&)':
[2.060s] pavo_driver.cpp:(.text._ZN5boost18condition_variable13do_wait_untilERNS_11unique_lockINS_5mutexEEERKNS_6detail23mono_platform_timepointE[_ZN5boost18condition_variable13do_wait_untilERNS_11unique_lockINS_5mutexEEERKNS_6detail23mono_platform_timepointE]+0x133): undefined reference to `boost::this_thread::interruption_point()'
[2.061s] /usr/bin/ld: CMakeFiles/pavo_pcd_pub.dir/sdk/src/pavo_driver.cpp.o: in function `boost::detail::thread_data<boost::_bi::bind_t<unsigned long, boost::_mfi::mf0<unsigned long, boost::asio::io_context>, boost::_bi::list1<boost::_bi::value<boost::asio::io_context*> > > >::~thread_data()':
[2.061s] pavo_driver.cpp:(.text._ZN5boost6detail11thread_dataINS_3_bi6bind_tImNS_4_mfi3mf0ImNS_4asio10io_contextEEENS2_5list1INS2_5valueIPS7_EEEEEEED2Ev[_ZN5boost6detail11thread_dataINS_3_bi6bind_tImNS_4_mfi3mf0ImNS_4asio10io_contextEEENS2_5list1INS2_5valueIPS7_EEEEEEED5Ev]+0x26): undefined reference to `boost::detail::thread_data_base::~thread_data_base()'
[2.061s] /usr/bin/ld: CMakeFiles/pavo_pcd_pub.dir/sdk/src/pavo_driver.cpp.o:(.data.rel.ro._ZTIN5boost6detail11thread_dataINS_3_bi6bind_tImNS_4_mfi3mf0ImNS_4asio10io_contextEEENS2_5list1INS2_5valueIPS7_EEEEEEEE[_ZTIN5boost6detail11thread_dataINS_3_bi6bind_tImNS_4_mfi3mf0ImNS_4asio10io_contextEEENS2_5list1INS2_5valueIPS7_EEEEEEEE]+0x10): undefined reference to `typeinfo for boost::detail::thread_data_base'
[2.065s] /usr/bin/ld: warning: creating DT_TEXTREL in a PIE
[2.066s] collect2: error: ld returned 1 exit status
[2.067s] gmake[2]: *** [CMakeFiles/pavo_pcd_pub.dir/build.make:223：pavo_pcd_pub] 错误 1
[2.068s] gmake[1]: *** [CMakeFiles/Makefile2:137：CMakeFiles/pavo_pcd_pub.dir/all] 错误 2
[2.068s] gmake: *** [Makefile:146：all] 错误 2
[2.070s] Invoked command in '/home/zzq/Desktop/ros2_ws/build/pavo_lidar' returned '2': CMAKE_PREFIX_PATH=${CMAKE_PREFIX_PATH}:/home/zzq/Desktop/ros2_ws/install/srv_msg_creating_py:/home/zzq/Desktop/ros2_ws/install/service_client_py:/home/zzq/Desktop/ros2_ws/install/beitong_joy:/home/zzq/Desktop/ros2_ws/install/beginner_py:/home/zzq/Desktop/ros2_ws/install/HTW_imu:/home/zzq/Desktop/ros2_ws/install/Action_turtle:/home/zzq/Desktop/GYH_ws/install/learning_urdf:/home/zzq/Desktop/GYH_ws/install/learning_topic:/home/zzq/Desktop/GYH_ws/install/learning_tf:/home/zzq/Desktop/GYH_ws/install/learning_service:/home/zzq/Desktop/GYH_ws/install/learning_qos:/home/zzq/Desktop/GYH_ws/install/learning_pkg_python:/home/zzq/Desktop/GYH_ws/install/learning_parameter:/home/zzq/Desktop/GYH_ws/install/learning_node:/home/zzq/Desktop/GYH_ws/install/learning_launch:/home/zzq/Desktop/GYH_ws/install/learning_action:/home/zzq/Desktop/GYH_ws/install/learning_gazebo:/home/zzq/Desktop/GYH_ws/install/learning_cv:/opt/ros/humble /usr/bin/cmake --build /home/zzq/Desktop/ros2_ws/build/pavo_lidar -- -j32 -l32
