[0.970s] Invoking command in '/home/zzq/Desktop/ros2_ws/build/beitong_joy': PYTHONPATH=/home/zzq/Desktop/ros2_ws/build/beitong_joy/prefix_override:/usr/lib/python3/dist-packages/colcon_core/task/python/colcon_distutils_commands:/home/zzq/Desktop/ros2_ws/install/beitong_joy/lib/python3.10/site-packages:${PYTHONPATH} /usr/bin/python3 -W ignore:setup.py install is deprecated setup.py develop --editable --build-directory /home/zzq/Desktop/ros2_ws/build/beitong_joy/build --no-deps symlink_data --force
[1.140s] running develop
[1.140s] /usr/lib/python3/dist-packages/setuptools/command/easy_install.py:158: EasyInstallDeprecationWarning: easy_install command is deprecated. Use build and pip and other standards-based tools.
[1.140s]   warnings.warn(
[1.272s] running egg_info
[1.272s] writing beitong_joy.egg-info/PKG-INFO
[1.272s] writing dependency_links to beitong_joy.egg-info/dependency_links.txt
[1.272s] writing entry points to beitong_joy.egg-info/entry_points.txt
[1.272s] writing requirements to beitong_joy.egg-info/requires.txt
[1.272s] writing top-level names to beitong_joy.egg-info/top_level.txt
[1.273s] reading manifest file 'beitong_joy.egg-info/SOURCES.txt'
[1.274s] writing manifest file 'beitong_joy.egg-info/SOURCES.txt'
[1.275s] running build_ext
[1.275s] Creating /home/zzq/Desktop/ros2_ws/install/beitong_joy/lib/python3.10/site-packages/beitong-joy.egg-link (link to .)
[1.276s] Installing joy_sub_demo script to /home/zzq/Desktop/ros2_ws/install/beitong_joy/lib/beitong_joy
[1.276s] 
[1.276s] Installed /home/zzq/Desktop/ros2_ws/build/beitong_joy
[1.276s] running symlink_data
[1.276s] symbolically linking /home/zzq/Desktop/ros2_ws/build/beitong_joy/resource/beitong_joy -> /home/zzq/Desktop/ros2_ws/install/beitong_joy/share/ament_index/resource_index/packages
[1.276s] symbolically linking /home/zzq/Desktop/ros2_ws/build/beitong_joy/package.xml -> /home/zzq/Desktop/ros2_ws/install/beitong_joy/share/beitong_joy
[1.297s] Invoked command in '/home/zzq/Desktop/ros2_ws/build/beitong_joy' returned '0': PYTHONPATH=/home/zzq/Desktop/ros2_ws/build/beitong_joy/prefix_override:/usr/lib/python3/dist-packages/colcon_core/task/python/colcon_distutils_commands:/home/zzq/Desktop/ros2_ws/install/beitong_joy/lib/python3.10/site-packages:${PYTHONPATH} /usr/bin/python3 -W ignore:setup.py install is deprecated setup.py develop --editable --build-directory /home/zzq/Desktop/ros2_ws/build/beitong_joy/build --no-deps symlink_data --force
