running egg_info
writing ../../build/Action_turtle/Action_turtle.egg-info/PKG-INFO
writing dependency_links to ../../build/Action_turtle/Action_turtle.egg-info/dependency_links.txt
writing entry points to ../../build/Action_turtle/Action_turtle.egg-info/entry_points.txt
writing requirements to ../../build/Action_turtle/Action_turtle.egg-info/requires.txt
writing top-level names to ../../build/Action_turtle/Action_turtle.egg-info/top_level.txt
reading manifest file '../../build/Action_turtle/Action_turtle.egg-info/SOURCES.txt'
writing manifest file '../../build/Action_turtle/Action_turtle.egg-info/SOURCES.txt'
running build
running build_py
copying Action_turtle/Action_turtle_server.py -> /home/zzq/Desktop/ros2_ws/build/Action_turtle/build/lib/Action_turtle
copying Action_turtle/Action_turtle_client.py -> /home/zzq/Desktop/ros2_ws/build/Action_turtle/build/lib/Action_turtle
running install
running install_lib
copying /home/zzq/Desktop/ros2_ws/build/Action_turtle/build/lib/Action_turtle/Action_turtle_server.py -> /home/zzq/Desktop/ros2_ws/install/Action_turtle/lib/python3.10/site-packages/Action_turtle
copying /home/zzq/Desktop/ros2_ws/build/Action_turtle/build/lib/Action_turtle/Action_turtle_client.py -> /home/zzq/Desktop/ros2_ws/install/Action_turtle/lib/python3.10/site-packages/Action_turtle
byte-compiling /home/zzq/Desktop/ros2_ws/install/Action_turtle/lib/python3.10/site-packages/Action_turtle/Action_turtle_server.py to Action_turtle_server.cpython-310.pyc
byte-compiling /home/zzq/Desktop/ros2_ws/install/Action_turtle/lib/python3.10/site-packages/Action_turtle/Action_turtle_client.py to Action_turtle_client.cpython-310.pyc
running install_data
running install_egg_info
removing '/home/zzq/Desktop/ros2_ws/install/Action_turtle/lib/python3.10/site-packages/Action_turtle-0.0.0-py3.10.egg-info' (and everything under it)
Copying ../../build/Action_turtle/Action_turtle.egg-info to /home/zzq/Desktop/ros2_ws/install/Action_turtle/lib/python3.10/site-packages/Action_turtle-0.0.0-py3.10.egg-info
running install_scripts
Installing Action_turtle_client script to /home/zzq/Desktop/ros2_ws/install/Action_turtle/lib/Action_turtle
Installing Action_turtle_server script to /home/zzq/Desktop/ros2_ws/install/Action_turtle/lib/Action_turtle
writing list of installed files to '/home/zzq/Desktop/ros2_ws/build/Action_turtle/install.log'
