[0.007s] Invoking command in '/home/zzq/Desktop/ros2_ws/build/beginner': CMAKE_PREFIX_PATH=${CMAKE_PREFIX_PATH}:/opt/ros/humble /usr/bin/cmake --build /home/zzq/Desktop/ros2_ws/build/beginner -- -j32 -l32
[0.026s] [35m[1mConsolidate compiler generated dependencies of target talker[0m
[0.035s] [100%] Built target talker
[0.133s] Invoked command in '/home/zzq/Desktop/ros2_ws/build/beginner' returned '0': CMAKE_PREFIX_PATH=${CMAKE_PREFIX_PATH}:/opt/ros/humble /usr/bin/cmake --build /home/zzq/Desktop/ros2_ws/build/beginner -- -j32 -l32
[0.149s] Invoking command in '/home/zzq/Desktop/ros2_ws/build/beginner': CMAKE_PREFIX_PATH=${CMAKE_PREFIX_PATH}:/opt/ros/humble /usr/bin/cmake --install /home/zzq/Desktop/ros2_ws/build/beginner
[0.152s] -- Install configuration: ""
[0.152s] -- Up-to-date: /home/zzq/Desktop/ros2_ws/install/beginner/share/ament_index/resource_index/package_run_dependencies/beginner
[0.153s] -- Up-to-date: /home/zzq/Desktop/ros2_ws/install/beginner/share/ament_index/resource_index/parent_prefix_path/beginner
[0.153s] -- Up-to-date: /home/zzq/Desktop/ros2_ws/install/beginner/share/beginner/environment/ament_prefix_path.sh
[0.153s] -- Up-to-date: /home/zzq/Desktop/ros2_ws/install/beginner/share/beginner/environment/ament_prefix_path.dsv
[0.153s] -- Up-to-date: /home/zzq/Desktop/ros2_ws/install/beginner/share/beginner/environment/path.sh
[0.153s] -- Up-to-date: /home/zzq/Desktop/ros2_ws/install/beginner/share/beginner/environment/path.dsv
[0.153s] -- Up-to-date: /home/zzq/Desktop/ros2_ws/install/beginner/share/beginner/local_setup.bash
[0.153s] -- Up-to-date: /home/zzq/Desktop/ros2_ws/install/beginner/share/beginner/local_setup.sh
[0.153s] -- Up-to-date: /home/zzq/Desktop/ros2_ws/install/beginner/share/beginner/local_setup.zsh
[0.153s] -- Up-to-date: /home/zzq/Desktop/ros2_ws/install/beginner/share/beginner/local_setup.dsv
[0.153s] -- Installing: /home/zzq/Desktop/ros2_ws/install/beginner/share/beginner/package.dsv
[0.153s] -- Up-to-date: /home/zzq/Desktop/ros2_ws/install/beginner/share/ament_index/resource_index/packages/beginner
[0.153s] -- Up-to-date: /home/zzq/Desktop/ros2_ws/install/beginner/share/beginner/cmake/beginnerConfig.cmake
[0.153s] -- Up-to-date: /home/zzq/Desktop/ros2_ws/install/beginner/share/beginner/cmake/beginnerConfig-version.cmake
[0.153s] -- Up-to-date: /home/zzq/Desktop/ros2_ws/install/beginner/share/beginner/package.xml
[0.153s] -- Up-to-date: /home/zzq/Desktop/ros2_ws/install/beginner/lib/beginner/talker
[0.154s] Invoked command in '/home/zzq/Desktop/ros2_ws/build/beginner' returned '0': CMAKE_PREFIX_PATH=${CMAKE_PREFIX_PATH}:/opt/ros/humble /usr/bin/cmake --install /home/zzq/Desktop/ros2_ws/build/beginner
