[0.298s] Invoking command in '/home/zzq/Desktop/ros2_ws/build/beginner': CMAKE_PREFIX_PATH=${CMAKE_PREFIX_PATH}:/home/zzq/Desktop/ros2_ws/install/srv_msg_creating_py:/home/zzq/Desktop/ros2_ws/install/service_client_py:/home/zzq/Desktop/ros2_ws/install/beitong_joy:/home/zzq/Desktop/ros2_ws/install/beginner_py:/home/zzq/Desktop/ros2_ws/install/HTW_imu:/home/zzq/Desktop/ros2_ws/install/Action_turtle:/home/zzq/Desktop/GYH_ws/install/learning_urdf:/home/zzq/Desktop/GYH_ws/install/learning_topic:/home/zzq/Desktop/GYH_ws/install/learning_tf:/home/zzq/Desktop/GYH_ws/install/learning_service:/home/zzq/Desktop/GYH_ws/install/learning_qos:/home/zzq/Desktop/GYH_ws/install/learning_pkg_python:/home/zzq/Desktop/GYH_ws/install/learning_parameter:/home/zzq/Desktop/GYH_ws/install/learning_node:/home/zzq/Desktop/GYH_ws/install/learning_launch:/home/zzq/Desktop/GYH_ws/install/learning_action:/home/zzq/Desktop/GYH_ws/install/learning_gazebo:/home/zzq/Desktop/GYH_ws/install/learning_cv:/opt/ros/humble /usr/bin/cmake /home/zzq/Desktop/ros2_ws/src/beginner -DCMAKE_INSTALL_PREFIX=/home/zzq/Desktop/ros2_ws/install/beginner
[0.730s] -- Found ament_cmake: 1.3.9 (/opt/ros/humble/share/ament_cmake/cmake)
[0.730s] -- Override CMake install command with custom implementation using symlinks instead of copying resources
[0.730s] -- Found rclcpp: 16.0.9 (/opt/ros/humble/share/rclcpp/cmake)
[0.730s] -- Found rosidl_generator_c: 3.1.5 (/opt/ros/humble/share/rosidl_generator_c/cmake)
[0.730s] -- Found rosidl_adapter: 3.1.5 (/opt/ros/humble/share/rosidl_adapter/cmake)
[0.730s] -- Found rosidl_generator_cpp: 3.1.5 (/opt/ros/humble/share/rosidl_generator_cpp/cmake)
[0.731s] -- Using all available rosidl_typesupport_c: rosidl_typesupport_fastrtps_c;rosidl_typesupport_introspection_c
[0.731s] -- Using all available rosidl_typesupport_cpp: rosidl_typesupport_fastrtps_cpp;rosidl_typesupport_introspection_cpp
[0.731s] -- Found rmw_implementation_cmake: 6.1.2 (/opt/ros/humble/share/rmw_implementation_cmake/cmake)
[0.731s] -- Found rmw_fastrtps_cpp: 6.2.6 (/opt/ros/humble/share/rmw_fastrtps_cpp/cmake)
[0.731s] -- Using RMW implementation 'rmw_fastrtps_cpp' as default
[0.731s] -- Found geometry_msgs: 4.2.4 (/opt/ros/humble/share/geometry_msgs/cmake)
[0.731s] -- Found ament_lint_auto: 0.12.11 (/opt/ros/humble/share/ament_lint_auto/cmake)
[0.731s] -- Added test 'cppcheck' to perform static code analysis on C / C++ code
[0.731s] -- Configured cppcheck include dirs: 
[0.731s] -- Configured cppcheck exclude dirs and/or files: 
[0.731s] -- Added test 'lint_cmake' to check CMake code style
[0.732s] -- Added test 'uncrustify' to check C / C++ code style
[0.732s] -- Configured uncrustify additional arguments: 
[0.732s] -- Added test 'xmllint' to check XML markup files
[0.732s] -- Configuring done
[0.732s] -- Generating done
[0.732s] -- Build files have been written to: /home/zzq/Desktop/ros2_ws/build/beginner
[0.742s] Invoked command in '/home/zzq/Desktop/ros2_ws/build/beginner' returned '0': CMAKE_PREFIX_PATH=${CMAKE_PREFIX_PATH}:/home/zzq/Desktop/ros2_ws/install/srv_msg_creating_py:/home/zzq/Desktop/ros2_ws/install/service_client_py:/home/zzq/Desktop/ros2_ws/install/beitong_joy:/home/zzq/Desktop/ros2_ws/install/beginner_py:/home/zzq/Desktop/ros2_ws/install/HTW_imu:/home/zzq/Desktop/ros2_ws/install/Action_turtle:/home/zzq/Desktop/GYH_ws/install/learning_urdf:/home/zzq/Desktop/GYH_ws/install/learning_topic:/home/zzq/Desktop/GYH_ws/install/learning_tf:/home/zzq/Desktop/GYH_ws/install/learning_service:/home/zzq/Desktop/GYH_ws/install/learning_qos:/home/zzq/Desktop/GYH_ws/install/learning_pkg_python:/home/zzq/Desktop/GYH_ws/install/learning_parameter:/home/zzq/Desktop/GYH_ws/install/learning_node:/home/zzq/Desktop/GYH_ws/install/learning_launch:/home/zzq/Desktop/GYH_ws/install/learning_action:/home/zzq/Desktop/GYH_ws/install/learning_gazebo:/home/zzq/Desktop/GYH_ws/install/learning_cv:/opt/ros/humble /usr/bin/cmake /home/zzq/Desktop/ros2_ws/src/beginner -DCMAKE_INSTALL_PREFIX=/home/zzq/Desktop/ros2_ws/install/beginner
[0.743s] Invoking command in '/home/zzq/Desktop/ros2_ws/build/beginner': CMAKE_PREFIX_PATH=${CMAKE_PREFIX_PATH}:/home/zzq/Desktop/ros2_ws/install/srv_msg_creating_py:/home/zzq/Desktop/ros2_ws/install/service_client_py:/home/zzq/Desktop/ros2_ws/install/beitong_joy:/home/zzq/Desktop/ros2_ws/install/beginner_py:/home/zzq/Desktop/ros2_ws/install/HTW_imu:/home/zzq/Desktop/ros2_ws/install/Action_turtle:/home/zzq/Desktop/GYH_ws/install/learning_urdf:/home/zzq/Desktop/GYH_ws/install/learning_topic:/home/zzq/Desktop/GYH_ws/install/learning_tf:/home/zzq/Desktop/GYH_ws/install/learning_service:/home/zzq/Desktop/GYH_ws/install/learning_qos:/home/zzq/Desktop/GYH_ws/install/learning_pkg_python:/home/zzq/Desktop/GYH_ws/install/learning_parameter:/home/zzq/Desktop/GYH_ws/install/learning_node:/home/zzq/Desktop/GYH_ws/install/learning_launch:/home/zzq/Desktop/GYH_ws/install/learning_action:/home/zzq/Desktop/GYH_ws/install/learning_gazebo:/home/zzq/Desktop/GYH_ws/install/learning_cv:/opt/ros/humble /usr/bin/cmake --build /home/zzq/Desktop/ros2_ws/build/beginner -- -j32 -l32
[0.760s] [35m[1mConsolidate compiler generated dependencies of target talker[0m
[0.768s] [100%] Built target talker
[0.774s] Invoked command in '/home/zzq/Desktop/ros2_ws/build/beginner' returned '0': CMAKE_PREFIX_PATH=${CMAKE_PREFIX_PATH}:/home/zzq/Desktop/ros2_ws/install/srv_msg_creating_py:/home/zzq/Desktop/ros2_ws/install/service_client_py:/home/zzq/Desktop/ros2_ws/install/beitong_joy:/home/zzq/Desktop/ros2_ws/install/beginner_py:/home/zzq/Desktop/ros2_ws/install/HTW_imu:/home/zzq/Desktop/ros2_ws/install/Action_turtle:/home/zzq/Desktop/GYH_ws/install/learning_urdf:/home/zzq/Desktop/GYH_ws/install/learning_topic:/home/zzq/Desktop/GYH_ws/install/learning_tf:/home/zzq/Desktop/GYH_ws/install/learning_service:/home/zzq/Desktop/GYH_ws/install/learning_qos:/home/zzq/Desktop/GYH_ws/install/learning_pkg_python:/home/zzq/Desktop/GYH_ws/install/learning_parameter:/home/zzq/Desktop/GYH_ws/install/learning_node:/home/zzq/Desktop/GYH_ws/install/learning_launch:/home/zzq/Desktop/GYH_ws/install/learning_action:/home/zzq/Desktop/GYH_ws/install/learning_gazebo:/home/zzq/Desktop/GYH_ws/install/learning_cv:/opt/ros/humble /usr/bin/cmake --build /home/zzq/Desktop/ros2_ws/build/beginner -- -j32 -l32
[0.796s] Invoking command in '/home/zzq/Desktop/ros2_ws/build/beginner': CMAKE_PREFIX_PATH=${CMAKE_PREFIX_PATH}:/home/zzq/Desktop/ros2_ws/install/srv_msg_creating_py:/home/zzq/Desktop/ros2_ws/install/service_client_py:/home/zzq/Desktop/ros2_ws/install/beitong_joy:/home/zzq/Desktop/ros2_ws/install/beginner_py:/home/zzq/Desktop/ros2_ws/install/HTW_imu:/home/zzq/Desktop/ros2_ws/install/Action_turtle:/home/zzq/Desktop/GYH_ws/install/learning_urdf:/home/zzq/Desktop/GYH_ws/install/learning_topic:/home/zzq/Desktop/GYH_ws/install/learning_tf:/home/zzq/Desktop/GYH_ws/install/learning_service:/home/zzq/Desktop/GYH_ws/install/learning_qos:/home/zzq/Desktop/GYH_ws/install/learning_pkg_python:/home/zzq/Desktop/GYH_ws/install/learning_parameter:/home/zzq/Desktop/GYH_ws/install/learning_node:/home/zzq/Desktop/GYH_ws/install/learning_launch:/home/zzq/Desktop/GYH_ws/install/learning_action:/home/zzq/Desktop/GYH_ws/install/learning_gazebo:/home/zzq/Desktop/GYH_ws/install/learning_cv:/opt/ros/humble /usr/bin/cmake --install /home/zzq/Desktop/ros2_ws/build/beginner
[0.801s] -- Install configuration: "RelWithDebInfo"
[0.801s] -- Execute custom install script
[0.801s] -- Symlinking: /home/zzq/Desktop/ros2_ws/install/beginner/share/ament_index/resource_index/package_run_dependencies/beginner
[0.806s] -- Symlinking: /home/zzq/Desktop/ros2_ws/install/beginner/share/ament_index/resource_index/parent_prefix_path/beginner
[0.810s] -- Symlinking: /home/zzq/Desktop/ros2_ws/install/beginner/share/beginner/environment/ament_prefix_path.sh
[0.815s] -- Symlinking: /home/zzq/Desktop/ros2_ws/install/beginner/share/beginner/environment/ament_prefix_path.dsv
[0.819s] -- Symlinking: /home/zzq/Desktop/ros2_ws/install/beginner/share/beginner/environment/path.sh
[0.824s] -- Symlinking: /home/zzq/Desktop/ros2_ws/install/beginner/share/beginner/environment/path.dsv
[0.829s] -- Symlinking: /home/zzq/Desktop/ros2_ws/install/beginner/share/beginner/local_setup.bash
[0.833s] -- Symlinking: /home/zzq/Desktop/ros2_ws/install/beginner/share/beginner/local_setup.sh
[0.837s] -- Symlinking: /home/zzq/Desktop/ros2_ws/install/beginner/share/beginner/local_setup.zsh
[0.842s] -- Symlinking: /home/zzq/Desktop/ros2_ws/install/beginner/share/beginner/local_setup.dsv
[0.846s] -- Symlinking: /home/zzq/Desktop/ros2_ws/install/beginner/share/beginner/package.dsv
[0.851s] -- Symlinking: /home/zzq/Desktop/ros2_ws/install/beginner/share/ament_index/resource_index/packages/beginner
[0.855s] -- Symlinking: /home/zzq/Desktop/ros2_ws/install/beginner/share/beginner/cmake/beginnerConfig.cmake
[0.859s] -- Symlinking: /home/zzq/Desktop/ros2_ws/install/beginner/share/beginner/cmake/beginnerConfig-version.cmake
[0.864s] -- Symlinking: /home/zzq/Desktop/ros2_ws/install/beginner/share/beginner/package.xml
[0.868s] -- Symlinking: /home/zzq/Desktop/ros2_ws/install/beginner/lib/beginner/talker
[0.874s] Invoked command in '/home/zzq/Desktop/ros2_ws/build/beginner' returned '0': CMAKE_PREFIX_PATH=${CMAKE_PREFIX_PATH}:/home/zzq/Desktop/ros2_ws/install/srv_msg_creating_py:/home/zzq/Desktop/ros2_ws/install/service_client_py:/home/zzq/Desktop/ros2_ws/install/beitong_joy:/home/zzq/Desktop/ros2_ws/install/beginner_py:/home/zzq/Desktop/ros2_ws/install/HTW_imu:/home/zzq/Desktop/ros2_ws/install/Action_turtle:/home/zzq/Desktop/GYH_ws/install/learning_urdf:/home/zzq/Desktop/GYH_ws/install/learning_topic:/home/zzq/Desktop/GYH_ws/install/learning_tf:/home/zzq/Desktop/GYH_ws/install/learning_service:/home/zzq/Desktop/GYH_ws/install/learning_qos:/home/zzq/Desktop/GYH_ws/install/learning_pkg_python:/home/zzq/Desktop/GYH_ws/install/learning_parameter:/home/zzq/Desktop/GYH_ws/install/learning_node:/home/zzq/Desktop/GYH_ws/install/learning_launch:/home/zzq/Desktop/GYH_ws/install/learning_action:/home/zzq/Desktop/GYH_ws/install/learning_gazebo:/home/zzq/Desktop/GYH_ws/install/learning_cv:/opt/ros/humble /usr/bin/cmake --install /home/zzq/Desktop/ros2_ws/build/beginner
