[0.630s] Invoking command in '/home/zzq/Desktop/ros2_ws/src/Action_turtle': PYTHONPATH=/home/zzq/Desktop/ros2_ws/build/Action_turtle/prefix_override:/usr/lib/python3/dist-packages/colcon_core/task/python/colcon_distutils_commands:/home/zzq/Desktop/ros2_ws/install/Action_turtle/lib/python3.10/site-packages:${PYTHONPATH} /usr/bin/python3 -W ignore:setup.py install is deprecated setup.py egg_info --egg-base ../../build/Action_turtle build --build-base /home/zzq/Desktop/ros2_ws/build/Action_turtle/build install --record /home/zzq/Desktop/ros2_ws/build/Action_turtle/install.log --single-version-externally-managed install_data
[0.771s] running egg_info
[0.771s] writing ../../build/Action_turtle/Action_turtle.egg-info/PKG-INFO
[0.771s] writing dependency_links to ../../build/Action_turtle/Action_turtle.egg-info/dependency_links.txt
[0.772s] writing entry points to ../../build/Action_turtle/Action_turtle.egg-info/entry_points.txt
[0.772s] writing requirements to ../../build/Action_turtle/Action_turtle.egg-info/requires.txt
[0.772s] writing top-level names to ../../build/Action_turtle/Action_turtle.egg-info/top_level.txt
[0.773s] reading manifest file '../../build/Action_turtle/Action_turtle.egg-info/SOURCES.txt'
[0.773s] writing manifest file '../../build/Action_turtle/Action_turtle.egg-info/SOURCES.txt'
[0.773s] running build
[0.773s] running build_py
[0.773s] copying Action_turtle/Action_turtle_client.py -> /home/zzq/Desktop/ros2_ws/build/Action_turtle/build/lib/Action_turtle
[0.774s] running install
[0.774s] running install_lib
[0.774s] copying /home/zzq/Desktop/ros2_ws/build/Action_turtle/build/lib/Action_turtle/Action_turtle_client.py -> /home/zzq/Desktop/ros2_ws/install/Action_turtle/lib/python3.10/site-packages/Action_turtle
[0.775s] byte-compiling /home/zzq/Desktop/ros2_ws/install/Action_turtle/lib/python3.10/site-packages/Action_turtle/Action_turtle_client.py to Action_turtle_client.cpython-310.pyc
[0.775s] running install_data
[0.775s] running install_egg_info
[0.776s] removing '/home/zzq/Desktop/ros2_ws/install/Action_turtle/lib/python3.10/site-packages/Action_turtle-0.0.0-py3.10.egg-info' (and everything under it)
[0.776s] Copying ../../build/Action_turtle/Action_turtle.egg-info to /home/zzq/Desktop/ros2_ws/install/Action_turtle/lib/python3.10/site-packages/Action_turtle-0.0.0-py3.10.egg-info
[0.777s] running install_scripts
[0.789s] Installing Action_turtle_client script to /home/zzq/Desktop/ros2_ws/install/Action_turtle/lib/Action_turtle
[0.789s] Installing Action_turtle_server script to /home/zzq/Desktop/ros2_ws/install/Action_turtle/lib/Action_turtle
[0.789s] writing list of installed files to '/home/zzq/Desktop/ros2_ws/build/Action_turtle/install.log'
[0.806s] Invoked command in '/home/zzq/Desktop/ros2_ws/src/Action_turtle' returned '0': PYTHONPATH=/home/zzq/Desktop/ros2_ws/build/Action_turtle/prefix_override:/usr/lib/python3/dist-packages/colcon_core/task/python/colcon_distutils_commands:/home/zzq/Desktop/ros2_ws/install/Action_turtle/lib/python3.10/site-packages:${PYTHONPATH} /usr/bin/python3 -W ignore:setup.py install is deprecated setup.py egg_info --egg-base ../../build/Action_turtle build --build-base /home/zzq/Desktop/ros2_ws/build/Action_turtle/build install --record /home/zzq/Desktop/ros2_ws/build/Action_turtle/install.log --single-version-externally-managed install_data
