[0.810s] Invoking command in '/home/zzq/Desktop/ros2_ws/src/HWT_imu': PYTHONPATH=/home/zzq/Desktop/ros2_ws/build/HTW_imu/prefix_override:/usr/lib/python3/dist-packages/colcon_core/task/python/colcon_distutils_commands:/home/zzq/Desktop/ros2_ws/install/HTW_imu/lib/python3.10/site-packages:${PYTHONPATH} /usr/bin/python3 -W ignore:setup.py install is deprecated setup.py egg_info --egg-base ../../build/HTW_imu build --build-base /home/zzq/Desktop/ros2_ws/build/HTW_imu/build install --record /home/zzq/Desktop/ros2_ws/build/HTW_imu/install.log --single-version-externally-managed install_data
[0.969s] running egg_info
[0.969s] writing ../../build/HTW_imu/HTW_imu.egg-info/PKG-INFO
[0.969s] writing dependency_links to ../../build/HTW_imu/HTW_imu.egg-info/dependency_links.txt
[0.969s] writing entry points to ../../build/HTW_imu/HTW_imu.egg-info/entry_points.txt
[0.969s] writing requirements to ../../build/HTW_imu/HTW_imu.egg-info/requires.txt
[0.969s] writing top-level names to ../../build/HTW_imu/HTW_imu.egg-info/top_level.txt
[0.970s] reading manifest file '../../build/HTW_imu/HTW_imu.egg-info/SOURCES.txt'
[0.970s] writing manifest file '../../build/HTW_imu/HTW_imu.egg-info/SOURCES.txt'
[0.970s] running build
[0.970s] running build_py
[0.970s] copying HWT_imu/get_imu_rpy.py -> /home/zzq/Desktop/ros2_ws/build/HTW_imu/build/lib/HWT_imu
[0.970s] running install
[0.971s] running install_lib
[0.971s] copying /home/zzq/Desktop/ros2_ws/build/HTW_imu/build/lib/HWT_imu/get_imu_rpy.py -> /home/zzq/Desktop/ros2_ws/install/HTW_imu/lib/python3.10/site-packages/HWT_imu
[0.971s] byte-compiling /home/zzq/Desktop/ros2_ws/install/HTW_imu/lib/python3.10/site-packages/HWT_imu/get_imu_rpy.py to get_imu_rpy.cpython-310.pyc
[0.972s] running install_data
[0.972s] running install_egg_info
[0.972s]   File "/home/zzq/Desktop/ros2_ws/install/HTW_imu/lib/python3.10/site-packages/HWT_imu/get_imu_rpy.py", line 25
[0.972s]     f'Roll ={roll * 180 / 3.1415926},
[0.972s]     ^
[0.972s] SyntaxError: unterminated string literal (detected at line 25)
[0.972s] 
[0.973s] removing '/home/zzq/Desktop/ros2_ws/install/HTW_imu/lib/python3.10/site-packages/HTW_imu-0.0.0-py3.10.egg-info' (and everything under it)
[0.973s] Copying ../../build/HTW_imu/HTW_imu.egg-info to /home/zzq/Desktop/ros2_ws/install/HTW_imu/lib/python3.10/site-packages/HTW_imu-0.0.0-py3.10.egg-info
[0.973s] running install_scripts
[0.985s] Installing get_imu_rpy script to /home/zzq/Desktop/ros2_ws/install/HTW_imu/lib/HTW_imu
[0.985s] Installing wit_imu_ctrl script to /home/zzq/Desktop/ros2_ws/install/HTW_imu/lib/HTW_imu
[0.985s] Installing wit_modbus_ros script to /home/zzq/Desktop/ros2_ws/install/HTW_imu/lib/HTW_imu
[0.985s] writing list of installed files to '/home/zzq/Desktop/ros2_ws/build/HTW_imu/install.log'
[1.004s] Invoked command in '/home/zzq/Desktop/ros2_ws/src/HWT_imu' returned '0': PYTHONPATH=/home/zzq/Desktop/ros2_ws/build/HTW_imu/prefix_override:/usr/lib/python3/dist-packages/colcon_core/task/python/colcon_distutils_commands:/home/zzq/Desktop/ros2_ws/install/HTW_imu/lib/python3.10/site-packages:${PYTHONPATH} /usr/bin/python3 -W ignore:setup.py install is deprecated setup.py egg_info --egg-base ../../build/HTW_imu build --build-base /home/zzq/Desktop/ros2_ws/build/HTW_imu/build install --record /home/zzq/Desktop/ros2_ws/build/HTW_imu/install.log --single-version-externally-managed install_data
