[0.006s] Invoking command in '/home/zzq/Desktop/ros2_ws/build/pavo_lidar': CMAKE_PREFIX_PATH=${CMAKE_PREFIX_PATH}:/home/zzq/Desktop/ros2_ws/install/srv_msg_creating_py:/home/zzq/Desktop/ros2_ws/install/service_client_py:/home/zzq/Desktop/ros2_ws/install/beitong_joy:/home/zzq/Desktop/ros2_ws/install/beginner_py:/home/zzq/Desktop/ros2_ws/install/HTW_imu:/home/zzq/Desktop/ros2_ws/install/Action_turtle:/home/zzq/Desktop/GYH_ws/install/learning_urdf:/home/zzq/Desktop/GYH_ws/install/learning_topic:/home/zzq/Desktop/GYH_ws/install/learning_tf:/home/zzq/Desktop/GYH_ws/install/learning_service:/home/zzq/Desktop/GYH_ws/install/learning_qos:/home/zzq/Desktop/GYH_ws/install/learning_pkg_python:/home/zzq/Desktop/GYH_ws/install/learning_parameter:/home/zzq/Desktop/GYH_ws/install/learning_node:/home/zzq/Desktop/GYH_ws/install/learning_launch:/home/zzq/Desktop/GYH_ws/install/learning_action:/home/zzq/Desktop/GYH_ws/install/learning_gazebo:/home/zzq/Desktop/GYH_ws/install/learning_cv:/opt/ros/humble /usr/bin/cmake --build /home/zzq/Desktop/ros2_ws/build/pavo_lidar -- -j32 -l32
[0.042s] [ 25%] [32mBuilding CXX object CMakeFiles/pavo_pcd_pub.dir/src/pavo_pcd_node.cpp.o[0m
[1.234s] [ 50%] [32m[1mLinking CXX executable pavo_pcd_pub[0m
[1.292s] [100%] Built target pavo_pcd_pub
[1.298s] Invoked command in '/home/zzq/Desktop/ros2_ws/build/pavo_lidar' returned '0': CMAKE_PREFIX_PATH=${CMAKE_PREFIX_PATH}:/home/zzq/Desktop/ros2_ws/install/srv_msg_creating_py:/home/zzq/Desktop/ros2_ws/install/service_client_py:/home/zzq/Desktop/ros2_ws/install/beitong_joy:/home/zzq/Desktop/ros2_ws/install/beginner_py:/home/zzq/Desktop/ros2_ws/install/HTW_imu:/home/zzq/Desktop/ros2_ws/install/Action_turtle:/home/zzq/Desktop/GYH_ws/install/learning_urdf:/home/zzq/Desktop/GYH_ws/install/learning_topic:/home/zzq/Desktop/GYH_ws/install/learning_tf:/home/zzq/Desktop/GYH_ws/install/learning_service:/home/zzq/Desktop/GYH_ws/install/learning_qos:/home/zzq/Desktop/GYH_ws/install/learning_pkg_python:/home/zzq/Desktop/GYH_ws/install/learning_parameter:/home/zzq/Desktop/GYH_ws/install/learning_node:/home/zzq/Desktop/GYH_ws/install/learning_launch:/home/zzq/Desktop/GYH_ws/install/learning_action:/home/zzq/Desktop/GYH_ws/install/learning_gazebo:/home/zzq/Desktop/GYH_ws/install/learning_cv:/opt/ros/humble /usr/bin/cmake --build /home/zzq/Desktop/ros2_ws/build/pavo_lidar -- -j32 -l32
[1.318s] Invoking command in '/home/zzq/Desktop/ros2_ws/build/pavo_lidar': CMAKE_PREFIX_PATH=${CMAKE_PREFIX_PATH}:/home/zzq/Desktop/ros2_ws/install/srv_msg_creating_py:/home/zzq/Desktop/ros2_ws/install/service_client_py:/home/zzq/Desktop/ros2_ws/install/beitong_joy:/home/zzq/Desktop/ros2_ws/install/beginner_py:/home/zzq/Desktop/ros2_ws/install/HTW_imu:/home/zzq/Desktop/ros2_ws/install/Action_turtle:/home/zzq/Desktop/GYH_ws/install/learning_urdf:/home/zzq/Desktop/GYH_ws/install/learning_topic:/home/zzq/Desktop/GYH_ws/install/learning_tf:/home/zzq/Desktop/GYH_ws/install/learning_service:/home/zzq/Desktop/GYH_ws/install/learning_qos:/home/zzq/Desktop/GYH_ws/install/learning_pkg_python:/home/zzq/Desktop/GYH_ws/install/learning_parameter:/home/zzq/Desktop/GYH_ws/install/learning_node:/home/zzq/Desktop/GYH_ws/install/learning_launch:/home/zzq/Desktop/GYH_ws/install/learning_action:/home/zzq/Desktop/GYH_ws/install/learning_gazebo:/home/zzq/Desktop/GYH_ws/install/learning_cv:/opt/ros/humble /usr/bin/cmake --install /home/zzq/Desktop/ros2_ws/build/pavo_lidar
[1.323s] -- Install configuration: ""
[1.323s] -- Installing: /home/zzq/Desktop/ros2_ws/install/pavo_lidar/lib/pavo_lidar/pavo_pcd_pub
[1.323s] -- Set runtime path of "/home/zzq/Desktop/ros2_ws/install/pavo_lidar/lib/pavo_lidar/pavo_pcd_pub" to ""
[1.323s] -- Installing: /home/zzq/Desktop/ros2_ws/install/pavo_lidar/share/ament_index/resource_index/package_run_dependencies/pavo_lidar
[1.323s] -- Installing: /home/zzq/Desktop/ros2_ws/install/pavo_lidar/share/ament_index/resource_index/parent_prefix_path/pavo_lidar
[1.323s] -- Installing: /home/zzq/Desktop/ros2_ws/install/pavo_lidar/share/pavo_lidar/environment/ament_prefix_path.sh
[1.323s] -- Installing: /home/zzq/Desktop/ros2_ws/install/pavo_lidar/share/pavo_lidar/environment/ament_prefix_path.dsv
[1.323s] -- Installing: /home/zzq/Desktop/ros2_ws/install/pavo_lidar/share/pavo_lidar/environment/path.sh
[1.323s] -- Installing: /home/zzq/Desktop/ros2_ws/install/pavo_lidar/share/pavo_lidar/environment/path.dsv
[1.323s] -- Installing: /home/zzq/Desktop/ros2_ws/install/pavo_lidar/share/pavo_lidar/local_setup.bash
[1.323s] -- Installing: /home/zzq/Desktop/ros2_ws/install/pavo_lidar/share/pavo_lidar/local_setup.sh
[1.323s] -- Installing: /home/zzq/Desktop/ros2_ws/install/pavo_lidar/share/pavo_lidar/local_setup.zsh
[1.324s] -- Installing: /home/zzq/Desktop/ros2_ws/install/pavo_lidar/share/pavo_lidar/local_setup.dsv
[1.324s] -- Up-to-date: /home/zzq/Desktop/ros2_ws/install/pavo_lidar/share/pavo_lidar/package.dsv
[1.324s] -- Installing: /home/zzq/Desktop/ros2_ws/install/pavo_lidar/share/ament_index/resource_index/packages/pavo_lidar
[1.324s] -- Installing: /home/zzq/Desktop/ros2_ws/install/pavo_lidar/share/pavo_lidar/cmake/pavo_lidarConfig.cmake
[1.324s] -- Installing: /home/zzq/Desktop/ros2_ws/install/pavo_lidar/share/pavo_lidar/cmake/pavo_lidarConfig-version.cmake
[1.324s] -- Installing: /home/zzq/Desktop/ros2_ws/install/pavo_lidar/share/pavo_lidar/package.xml
[1.325s] Invoked command in '/home/zzq/Desktop/ros2_ws/build/pavo_lidar' returned '0': CMAKE_PREFIX_PATH=${CMAKE_PREFIX_PATH}:/home/zzq/Desktop/ros2_ws/install/srv_msg_creating_py:/home/zzq/Desktop/ros2_ws/install/service_client_py:/home/zzq/Desktop/ros2_ws/install/beitong_joy:/home/zzq/Desktop/ros2_ws/install/beginner_py:/home/zzq/Desktop/ros2_ws/install/HTW_imu:/home/zzq/Desktop/ros2_ws/install/Action_turtle:/home/zzq/Desktop/GYH_ws/install/learning_urdf:/home/zzq/Desktop/GYH_ws/install/learning_topic:/home/zzq/Desktop/GYH_ws/install/learning_tf:/home/zzq/Desktop/GYH_ws/install/learning_service:/home/zzq/Desktop/GYH_ws/install/learning_qos:/home/zzq/Desktop/GYH_ws/install/learning_pkg_python:/home/zzq/Desktop/GYH_ws/install/learning_parameter:/home/zzq/Desktop/GYH_ws/install/learning_node:/home/zzq/Desktop/GYH_ws/install/learning_launch:/home/zzq/Desktop/GYH_ws/install/learning_action:/home/zzq/Desktop/GYH_ws/install/learning_gazebo:/home/zzq/Desktop/GYH_ws/install/learning_cv:/opt/ros/humble /usr/bin/cmake --install /home/zzq/Desktop/ros2_ws/build/pavo_lidar
