[0.983s] Invoking command in '/home/zzq/Desktop/ros2_ws/build/beginner_py': PYTHONPATH=/home/zzq/Desktop/ros2_ws/build/beginner_py/prefix_override:/usr/lib/python3/dist-packages/colcon_core/task/python/colcon_distutils_commands:/home/zzq/Desktop/ros2_ws/install/beginner_py/lib/python3.10/site-packages:${PYTHONPATH} /usr/bin/python3 -W ignore:setup.py install is deprecated setup.py develop --editable --build-directory /home/zzq/Desktop/ros2_ws/build/beginner_py/build --no-deps symlink_data --force
[1.148s] running develop
[1.148s] /usr/lib/python3/dist-packages/setuptools/command/easy_install.py:158: EasyInstallDeprecationWarning: easy_install command is deprecated. Use build and pip and other standards-based tools.
[1.148s]   warnings.warn(
[1.265s] running egg_info
[1.265s] writing beginner_py.egg-info/PKG-INFO
[1.266s] writing dependency_links to beginner_py.egg-info/dependency_links.txt
[1.266s] writing entry points to beginner_py.egg-info/entry_points.txt
[1.266s] writing requirements to beginner_py.egg-info/requires.txt
[1.266s] writing top-level names to beginner_py.egg-info/top_level.txt
[1.267s] reading manifest file 'beginner_py.egg-info/SOURCES.txt'
[1.267s] writing manifest file 'beginner_py.egg-info/SOURCES.txt'
[1.269s] running build_ext
[1.269s] Creating /home/zzq/Desktop/ros2_ws/install/beginner_py/lib/python3.10/site-packages/beginner-py.egg-link (link to .)
[1.269s] Installing listener script to /home/zzq/Desktop/ros2_ws/install/beginner_py/lib/beginner_py
[1.269s] Installing talker script to /home/zzq/Desktop/ros2_ws/install/beginner_py/lib/beginner_py
[1.269s] Installing talkercv2 script to /home/zzq/Desktop/ros2_ws/install/beginner_py/lib/beginner_py
[1.269s] Installing talkerpc2 script to /home/zzq/Desktop/ros2_ws/install/beginner_py/lib/beginner_py
[1.269s] 
[1.269s] Installed /home/zzq/Desktop/ros2_ws/build/beginner_py
[1.269s] running symlink_data
[1.269s] symbolically linking /home/zzq/Desktop/ros2_ws/build/beginner_py/resource/beginner_py -> /home/zzq/Desktop/ros2_ws/install/beginner_py/share/ament_index/resource_index/packages
[1.269s] symbolically linking /home/zzq/Desktop/ros2_ws/build/beginner_py/package.xml -> /home/zzq/Desktop/ros2_ws/install/beginner_py/share/beginner_py
[1.307s] Invoked command in '/home/zzq/Desktop/ros2_ws/build/beginner_py' returned '0': PYTHONPATH=/home/zzq/Desktop/ros2_ws/build/beginner_py/prefix_override:/usr/lib/python3/dist-packages/colcon_core/task/python/colcon_distutils_commands:/home/zzq/Desktop/ros2_ws/install/beginner_py/lib/python3.10/site-packages:${PYTHONPATH} /usr/bin/python3 -W ignore:setup.py install is deprecated setup.py develop --editable --build-directory /home/zzq/Desktop/ros2_ws/build/beginner_py/build --no-deps symlink_data --force
