[0.301s] Invoking command in '/home/zzq/Desktop/ros2_ws/src/beginner_py': PYTHONPATH=/home/zzq/Desktop/ros2_ws/build/beginner_py/prefix_override:/usr/lib/python3/dist-packages/colcon_core/task/python/colcon_distutils_commands:/home/zzq/Desktop/ros2_ws/install/beginner_py/lib/python3.10/site-packages:${PYTHONPATH} /usr/bin/python3 -W ignore:setup.py install is deprecated setup.py egg_info --egg-base ../../build/beginner_py build --build-base /home/zzq/Desktop/ros2_ws/build/beginner_py/build install --record /home/zzq/Desktop/ros2_ws/build/beginner_py/install.log --single-version-externally-managed install_data
[0.418s] running egg_info
[0.418s] writing ../../build/beginner_py/beginner_py.egg-info/PKG-INFO
[0.418s] writing dependency_links to ../../build/beginner_py/beginner_py.egg-info/dependency_links.txt
[0.418s] writing entry points to ../../build/beginner_py/beginner_py.egg-info/entry_points.txt
[0.418s] writing requirements to ../../build/beginner_py/beginner_py.egg-info/requires.txt
[0.418s] writing top-level names to ../../build/beginner_py/beginner_py.egg-info/top_level.txt
[0.419s] reading manifest file '../../build/beginner_py/beginner_py.egg-info/SOURCES.txt'
[0.419s] writing manifest file '../../build/beginner_py/beginner_py.egg-info/SOURCES.txt'
[0.419s] running build
[0.420s] running build_py
[0.420s] copying beginner_py/sub.py -> /home/zzq/Desktop/ros2_ws/build/beginner_py/build/lib/beginner_py
[0.420s] running install
[0.420s] running install_lib
[0.420s] copying /home/zzq/Desktop/ros2_ws/build/beginner_py/build/lib/beginner_py/sub.py -> /home/zzq/Desktop/ros2_ws/install/beginner_py/lib/python3.10/site-packages/beginner_py
[0.420s] byte-compiling /home/zzq/Desktop/ros2_ws/install/beginner_py/lib/python3.10/site-packages/beginner_py/sub.py to sub.cpython-310.pyc
[0.421s] running install_data
[0.421s] running install_egg_info
[0.421s] removing '/home/zzq/Desktop/ros2_ws/install/beginner_py/lib/python3.10/site-packages/beginner_py-0.0.0-py3.10.egg-info' (and everything under it)
[0.422s] Copying ../../build/beginner_py/beginner_py.egg-info to /home/zzq/Desktop/ros2_ws/install/beginner_py/lib/python3.10/site-packages/beginner_py-0.0.0-py3.10.egg-info
[0.422s] running install_scripts
[0.432s] Installing sub script to /home/zzq/Desktop/ros2_ws/install/beginner_py/lib/beginner_py
[0.432s] writing list of installed files to '/home/zzq/Desktop/ros2_ws/build/beginner_py/install.log'
[0.443s] Invoked command in '/home/zzq/Desktop/ros2_ws/src/beginner_py' returned '0': PYTHONPATH=/home/zzq/Desktop/ros2_ws/build/beginner_py/prefix_override:/usr/lib/python3/dist-packages/colcon_core/task/python/colcon_distutils_commands:/home/zzq/Desktop/ros2_ws/install/beginner_py/lib/python3.10/site-packages:${PYTHONPATH} /usr/bin/python3 -W ignore:setup.py install is deprecated setup.py egg_info --egg-base ../../build/beginner_py build --build-base /home/zzq/Desktop/ros2_ws/build/beginner_py/build install --record /home/zzq/Desktop/ros2_ws/build/beginner_py/install.log --single-version-externally-managed install_data
