running egg_info
writing ../../build/HTW_imu/HTW_imu.egg-info/PKG-INFO
writing dependency_links to ../../build/HTW_imu/HTW_imu.egg-info/dependency_links.txt
writing entry points to ../../build/HTW_imu/HTW_imu.egg-info/entry_points.txt
writing requirements to ../../build/HTW_imu/HTW_imu.egg-info/requires.txt
writing top-level names to ../../build/HTW_imu/HTW_imu.egg-info/top_level.txt
reading manifest file '../../build/HTW_imu/HTW_imu.egg-info/SOURCES.txt'
writing manifest file '../../build/HTW_imu/HTW_imu.egg-info/SOURCES.txt'
running build
running build_py
running install
running install_lib
byte-compiling /home/zzq/Desktop/ros2_ws/install/HTW_imu/lib/python3.10/site-packages/HWT_imu/get_imu_rpy.py to get_imu_rpy.cpython-310.pyc
running install_data
running install_egg_info
removing '/home/zzq/Desktop/ros2_ws/install/HTW_imu/lib/python3.10/site-packages/HTW_imu-0.0.0-py3.10.egg-info' (and everything under it)
Copying ../../build/HTW_imu/HTW_imu.egg-info to /home/zzq/Desktop/ros2_ws/install/HTW_imu/lib/python3.10/site-packages/HTW_imu-0.0.0-py3.10.egg-info
running install_scripts
Installing get_imu_rpy script to /home/zzq/Desktop/ros2_ws/install/HTW_imu/lib/HTW_imu
Installing wit_imu_ctrl script to /home/zzq/Desktop/ros2_ws/install/HTW_imu/lib/HTW_imu
Installing wit_modbus_ros script to /home/zzq/Desktop/ros2_ws/install/HTW_imu/lib/HTW_imu
writing list of installed files to '/home/zzq/Desktop/ros2_ws/build/HTW_imu/install.log'
