[0.842s] Invoking command in '/home/zzq/Desktop/ros2_ws/src/HWT_imu': PYTHONPATH=/home/zzq/Desktop/ros2_ws/build/HTW_imu/prefix_override:/usr/lib/python3/dist-packages/colcon_core/task/python/colcon_distutils_commands:/home/zzq/Desktop/ros2_ws/install/HTW_imu/lib/python3.10/site-packages:${PYTHONPATH} /usr/bin/python3 -W ignore:setup.py install is deprecated setup.py egg_info --egg-base ../../build/HTW_imu build --build-base /home/zzq/Desktop/ros2_ws/build/HTW_imu/build install --record /home/zzq/Desktop/ros2_ws/build/HTW_imu/install.log --single-version-externally-managed install_data
[1.000s] running egg_info
[1.001s] writing ../../build/HTW_imu/HTW_imu.egg-info/PKG-INFO
[1.001s] writing dependency_links to ../../build/HTW_imu/HTW_imu.egg-info/dependency_links.txt
[1.001s] writing entry points to ../../build/HTW_imu/HTW_imu.egg-info/entry_points.txt
[1.001s] writing requirements to ../../build/HTW_imu/HTW_imu.egg-info/requires.txt
[1.001s] writing top-level names to ../../build/HTW_imu/HTW_imu.egg-info/top_level.txt
[1.002s] reading manifest file '../../build/HTW_imu/HTW_imu.egg-info/SOURCES.txt'
[1.003s] writing manifest file '../../build/HTW_imu/HTW_imu.egg-info/SOURCES.txt'
[1.003s] running build
[1.003s] running build_py
[1.003s] running install
[1.003s] running install_lib
[1.004s] byte-compiling /home/zzq/Desktop/ros2_ws/install/HTW_imu/lib/python3.10/site-packages/HWT_imu/get_imu_rpy.py to get_imu_rpy.cpython-310.pyc
[1.004s] running install_data
[1.004s] running install_egg_info
[1.004s]   File "/home/zzq/Desktop/ros2_ws/install/HTW_imu/lib/python3.10/site-packages/HWT_imu/get_imu_rpy.py", line 25
[1.004s]     f'Roll ={roll * 180 / 3.1415926},
[1.004s]     ^
[1.004s] SyntaxError: unterminated string literal (detected at line 25)
[1.004s] 
[1.005s] removing '/home/zzq/Desktop/ros2_ws/install/HTW_imu/lib/python3.10/site-packages/HTW_imu-0.0.0-py3.10.egg-info' (and everything under it)
[1.005s] Copying ../../build/HTW_imu/HTW_imu.egg-info to /home/zzq/Desktop/ros2_ws/install/HTW_imu/lib/python3.10/site-packages/HTW_imu-0.0.0-py3.10.egg-info
[1.005s] running install_scripts
[1.019s] Installing get_imu_rpy script to /home/zzq/Desktop/ros2_ws/install/HTW_imu/lib/HTW_imu
[1.020s] Installing wit_imu_ctrl script to /home/zzq/Desktop/ros2_ws/install/HTW_imu/lib/HTW_imu
[1.020s] Installing wit_modbus_ros script to /home/zzq/Desktop/ros2_ws/install/HTW_imu/lib/HTW_imu
[1.020s] writing list of installed files to '/home/zzq/Desktop/ros2_ws/build/HTW_imu/install.log'
[1.032s] Invoked command in '/home/zzq/Desktop/ros2_ws/src/HWT_imu' returned '0': PYTHONPATH=/home/zzq/Desktop/ros2_ws/build/HTW_imu/prefix_override:/usr/lib/python3/dist-packages/colcon_core/task/python/colcon_distutils_commands:/home/zzq/Desktop/ros2_ws/install/HTW_imu/lib/python3.10/site-packages:${PYTHONPATH} /usr/bin/python3 -W ignore:setup.py install is deprecated setup.py egg_info --egg-base ../../build/HTW_imu build --build-base /home/zzq/Desktop/ros2_ws/build/HTW_imu/build install --record /home/zzq/Desktop/ros2_ws/build/HTW_imu/install.log --single-version-externally-managed install_data
