[0.825s] Invoking command in '/home/zzq/Desktop/ros2_ws/src/HWT_imu': PYTHONPATH=/home/zzq/Desktop/ros2_ws/build/HTW_imu/prefix_override:/usr/lib/python3/dist-packages/colcon_core/task/python/colcon_distutils_commands:/home/zzq/Desktop/ros2_ws/install/HTW_imu/lib/python3.10/site-packages:${PYTHONPATH} /usr/bin/python3 -W ignore:setup.py install is deprecated setup.py egg_info --egg-base ../../build/HTW_imu build --build-base /home/zzq/Desktop/ros2_ws/build/HTW_imu/build install --record /home/zzq/Desktop/ros2_ws/build/HTW_imu/install.log --single-version-externally-managed install_data
[0.966s] running egg_info
[0.966s] writing ../../build/HTW_imu/HTW_imu.egg-info/PKG-INFO
[0.966s] writing dependency_links to ../../build/HTW_imu/HTW_imu.egg-info/dependency_links.txt
[0.967s] writing entry points to ../../build/HTW_imu/HTW_imu.egg-info/entry_points.txt
[0.967s] writing requirements to ../../build/HTW_imu/HTW_imu.egg-info/requires.txt
[0.967s] writing top-level names to ../../build/HTW_imu/HTW_imu.egg-info/top_level.txt
[0.968s] reading manifest file '../../build/HTW_imu/HTW_imu.egg-info/SOURCES.txt'
[0.968s] writing manifest file '../../build/HTW_imu/HTW_imu.egg-info/SOURCES.txt'
[0.968s] running build
[0.968s] running build_py
[0.968s] copying HWT_imu/wit_modbus_ros.py -> /home/zzq/Desktop/ros2_ws/build/HTW_imu/build/lib/HWT_imu
[0.969s] running install
[0.969s] running install_lib
[0.969s] copying /home/zzq/Desktop/ros2_ws/build/HTW_imu/build/lib/HWT_imu/wit_modbus_ros.py -> /home/zzq/Desktop/ros2_ws/install/HTW_imu/lib/python3.10/site-packages/HWT_imu
[0.969s] running install_data
[0.970s] running install_egg_info
[0.971s] removing '/home/zzq/Desktop/ros2_ws/install/HTW_imu/lib/python3.10/site-packages/HTW_imu-0.0.0-py3.10.egg-info' (and everything under it)
[0.971s] Copying ../../build/HTW_imu/HTW_imu.egg-info to /home/zzq/Desktop/ros2_ws/install/HTW_imu/lib/python3.10/site-packages/HTW_imu-0.0.0-py3.10.egg-info
[0.971s] running install_scripts
[0.983s] Installing get_imu_rpy script to /home/zzq/Desktop/ros2_ws/install/HTW_imu/lib/HTW_imu
[0.983s] Installing wit_imu_ctrl script to /home/zzq/Desktop/ros2_ws/install/HTW_imu/lib/HTW_imu
[0.983s] Installing wit_modbus_ros script to /home/zzq/Desktop/ros2_ws/install/HTW_imu/lib/HTW_imu
[0.983s] writing list of installed files to '/home/zzq/Desktop/ros2_ws/build/HTW_imu/install.log'
[1.003s] Invoked command in '/home/zzq/Desktop/ros2_ws/src/HWT_imu' returned '0': PYTHONPATH=/home/zzq/Desktop/ros2_ws/build/HTW_imu/prefix_override:/usr/lib/python3/dist-packages/colcon_core/task/python/colcon_distutils_commands:/home/zzq/Desktop/ros2_ws/install/HTW_imu/lib/python3.10/site-packages:${PYTHONPATH} /usr/bin/python3 -W ignore:setup.py install is deprecated setup.py egg_info --egg-base ../../build/HTW_imu build --build-base /home/zzq/Desktop/ros2_ws/build/HTW_imu/build install --record /home/zzq/Desktop/ros2_ws/build/HTW_imu/install.log --single-version-externally-managed install_data
