[  2%] Built target srv_msg_creating__cpp
[ 12%] Built target srv_msg_creating__rosidl_generator_c
[ 12%] Built target ament_cmake_python_copy_srv_msg_creating
[ 25%] Built target srv_msg_creating__rosidl_typesupport_fastrtps_cpp
[ 40%] Built target srv_msg_creating__rosidl_typesupport_cpp
[ 44%] Built target srv_msg_creating__rosidl_typesupport_introspection_cpp
[ 55%] Built target srv_msg_creating__rosidl_typesupport_fastrtps_c
[ 65%] Built target srv_msg_creating__rosidl_typesupport_introspection_c
[ 76%] Built target srv_msg_creating__rosidl_typesupport_c
[ 76%] Built target srv_msg_creating
[ 78%] Built target srv_msg_creating__py
[ 87%] Built target srv_msg_creating__rosidl_generator_py
[ 91%] Built target srv_msg_creating__rosidl_typesupport_introspection_c__pyext
[ 95%] Built target srv_msg_creating__rosidl_typesupport_fastrtps_c__pyext
[100%] Built target srv_msg_creating__rosidl_typesupport_c__pyext
running egg_info
writing srv_msg_creating.egg-info/PKG-INFO
writing dependency_links to srv_msg_creating.egg-info/dependency_links.txt
writing top-level names to srv_msg_creating.egg-info/top_level.txt
reading manifest file 'srv_msg_creating.egg-info/SOURCES.txt'
writing manifest file 'srv_msg_creating.egg-info/SOURCES.txt'
[100%] Built target ament_cmake_python_build_srv_msg_creating_egg
