[0.057s] DEBUG:colcon:Command line arguments: ['/usr/bin/colcon', 'build']
[0.057s] DEBUG:colcon:Parsed command line arguments: Namespace(log_base=None, log_level=None, verb_name='build', build_base='build', install_base='install', merge_install=False, symlink_install=False, test_result_base=None, continue_on_error=False, executor='parallel', parallel_workers=32, event_handlers=None, ignore_user_meta=False, metas=['./colcon.meta'], base_paths=['.'], packages_ignore=None, packages_ignore_regex=None, paths=None, packages_up_to=None, packages_up_to_regex=None, packages_above=None, packages_above_and_dependencies=None, packages_above_depth=None, packages_select_by_dep=None, packages_skip_by_dep=None, packages_skip_up_to=None, packages_select_build_failed=False, packages_skip_build_finished=False, packages_select_test_failures=False, packages_skip_test_passed=False, packages_select=None, packages_skip=None, packages_select_regex=None, packages_skip_regex=None, packages_start=None, packages_end=None, allow_overriding=[], cmake_args=None, cmake_target=None, cmake_target_skip_unavailable=False, cmake_clean_cache=False, cmake_clean_first=False, cmake_force_configure=False, ament_cmake_args=None, catkin_cmake_args=None, catkin_skip_building_tests=False, verb_parser=<colcon_defaults.argument_parser.defaults.DefaultArgumentsDecorator object at 0x7be8f584a650>, verb_extension=<colcon_core.verb.build.BuildVerb object at 0x7be8f594b190>, main=<bound method BuildVerb.main of <colcon_core.verb.build.BuildVerb object at 0x7be8f594b190>>)
[0.144s] Level 1:colcon.colcon_core.package_discovery:discover_packages(colcon_meta) check parameters
[0.144s] Level 1:colcon.colcon_core.package_discovery:discover_packages(recursive) check parameters
[0.144s] Level 1:colcon.colcon_core.package_discovery:discover_packages(ignore) check parameters
[0.144s] Level 1:colcon.colcon_core.package_discovery:discover_packages(path) check parameters
[0.144s] Level 1:colcon.colcon_core.package_discovery:discover_packages(colcon_meta) discover
[0.144s] Level 1:colcon.colcon_core.package_discovery:discover_packages(recursive) discover
[0.144s] INFO:colcon.colcon_core.package_discovery:Crawling recursively for packages in '/home/zzq/Desktop/ros2_ws'
[0.144s] Level 1:colcon.colcon_core.package_identification:_identify(.) by extensions ['ignore', 'ignore_ament_install']
[0.144s] Level 1:colcon.colcon_core.package_identification:_identify(.) by extension 'ignore'
[0.144s] Level 1:colcon.colcon_core.package_identification:_identify(.) by extension 'ignore_ament_install'
[0.144s] Level 1:colcon.colcon_core.package_identification:_identify(.) by extensions ['colcon_pkg']
[0.144s] Level 1:colcon.colcon_core.package_identification:_identify(.) by extension 'colcon_pkg'
[0.144s] Level 1:colcon.colcon_core.package_identification:_identify(.) by extensions ['colcon_meta']
[0.144s] Level 1:colcon.colcon_core.package_identification:_identify(.) by extension 'colcon_meta'
[0.144s] Level 1:colcon.colcon_core.package_identification:_identify(.) by extensions ['ros']
[0.144s] Level 1:colcon.colcon_core.package_identification:_identify(.) by extension 'ros'
[0.159s] Level 1:colcon.colcon_core.package_identification:_identify(.) by extensions ['cmake', 'python']
[0.159s] Level 1:colcon.colcon_core.package_identification:_identify(.) by extension 'cmake'
[0.159s] Level 1:colcon.colcon_core.package_identification:_identify(.) by extension 'python'
[0.159s] Level 1:colcon.colcon_core.package_identification:_identify(.) by extensions ['python_setup_py']
[0.159s] Level 1:colcon.colcon_core.package_identification:_identify(.) by extension 'python_setup_py'
[0.159s] Level 1:colcon.colcon_core.package_identification:_identify(build) by extensions ['ignore', 'ignore_ament_install']
[0.159s] Level 1:colcon.colcon_core.package_identification:_identify(build) by extension 'ignore'
[0.159s] Level 1:colcon.colcon_core.package_identification:_identify(build) ignored
[0.159s] Level 1:colcon.colcon_core.package_identification:_identify(images) by extensions ['ignore', 'ignore_ament_install']
[0.159s] Level 1:colcon.colcon_core.package_identification:_identify(images) by extension 'ignore'
[0.159s] Level 1:colcon.colcon_core.package_identification:_identify(images) by extension 'ignore_ament_install'
[0.159s] Level 1:colcon.colcon_core.package_identification:_identify(images) by extensions ['colcon_pkg']
[0.159s] Level 1:colcon.colcon_core.package_identification:_identify(images) by extension 'colcon_pkg'
[0.159s] Level 1:colcon.colcon_core.package_identification:_identify(images) by extensions ['colcon_meta']
[0.159s] Level 1:colcon.colcon_core.package_identification:_identify(images) by extension 'colcon_meta'
[0.159s] Level 1:colcon.colcon_core.package_identification:_identify(images) by extensions ['ros']
[0.159s] Level 1:colcon.colcon_core.package_identification:_identify(images) by extension 'ros'
[0.159s] Level 1:colcon.colcon_core.package_identification:_identify(images) by extensions ['cmake', 'python']
[0.159s] Level 1:colcon.colcon_core.package_identification:_identify(images) by extension 'cmake'
[0.159s] Level 1:colcon.colcon_core.package_identification:_identify(images) by extension 'python'
[0.159s] Level 1:colcon.colcon_core.package_identification:_identify(images) by extensions ['python_setup_py']
[0.159s] Level 1:colcon.colcon_core.package_identification:_identify(images) by extension 'python_setup_py'
[0.159s] Level 1:colcon.colcon_core.package_identification:_identify(install) by extensions ['ignore', 'ignore_ament_install']
[0.159s] Level 1:colcon.colcon_core.package_identification:_identify(install) by extension 'ignore'
[0.159s] Level 1:colcon.colcon_core.package_identification:_identify(install) ignored
[0.159s] Level 1:colcon.colcon_core.package_identification:_identify(log) by extensions ['ignore', 'ignore_ament_install']
[0.160s] Level 1:colcon.colcon_core.package_identification:_identify(log) by extension 'ignore'
[0.160s] Level 1:colcon.colcon_core.package_identification:_identify(log) ignored
[0.160s] Level 1:colcon.colcon_core.package_identification:_identify(src) by extensions ['ignore', 'ignore_ament_install']
[0.160s] Level 1:colcon.colcon_core.package_identification:_identify(src) by extension 'ignore'
[0.160s] Level 1:colcon.colcon_core.package_identification:_identify(src) by extension 'ignore_ament_install'
[0.160s] Level 1:colcon.colcon_core.package_identification:_identify(src) by extensions ['colcon_pkg']
[0.160s] Level 1:colcon.colcon_core.package_identification:_identify(src) by extension 'colcon_pkg'
[0.160s] Level 1:colcon.colcon_core.package_identification:_identify(src) by extensions ['colcon_meta']
[0.160s] Level 1:colcon.colcon_core.package_identification:_identify(src) by extension 'colcon_meta'
[0.160s] Level 1:colcon.colcon_core.package_identification:_identify(src) by extensions ['ros']
[0.160s] Level 1:colcon.colcon_core.package_identification:_identify(src) by extension 'ros'
[0.160s] Level 1:colcon.colcon_core.package_identification:_identify(src) by extensions ['cmake', 'python']
[0.160s] Level 1:colcon.colcon_core.package_identification:_identify(src) by extension 'cmake'
[0.160s] Level 1:colcon.colcon_core.package_identification:_identify(src) by extension 'python'
[0.160s] Level 1:colcon.colcon_core.package_identification:_identify(src) by extensions ['python_setup_py']
[0.160s] Level 1:colcon.colcon_core.package_identification:_identify(src) by extension 'python_setup_py'
[0.160s] Level 1:colcon.colcon_core.package_identification:_identify(src/Action_turtle) by extensions ['ignore', 'ignore_ament_install']
[0.160s] Level 1:colcon.colcon_core.package_identification:_identify(src/Action_turtle) by extension 'ignore'
[0.160s] Level 1:colcon.colcon_core.package_identification:_identify(src/Action_turtle) by extension 'ignore_ament_install'
[0.160s] Level 1:colcon.colcon_core.package_identification:_identify(src/Action_turtle) by extensions ['colcon_pkg']
[0.160s] Level 1:colcon.colcon_core.package_identification:_identify(src/Action_turtle) by extension 'colcon_pkg'
[0.160s] Level 1:colcon.colcon_core.package_identification:_identify(src/Action_turtle) by extensions ['colcon_meta']
[0.160s] Level 1:colcon.colcon_core.package_identification:_identify(src/Action_turtle) by extension 'colcon_meta'
[0.160s] Level 1:colcon.colcon_core.package_identification:_identify(src/Action_turtle) by extensions ['ros']
[0.160s] Level 1:colcon.colcon_core.package_identification:_identify(src/Action_turtle) by extension 'ros'
[0.161s] DEBUG:colcon.colcon_core.package_identification:Package 'src/Action_turtle' with type 'ros.ament_python' and name 'Action_turtle'
[0.161s] Level 1:colcon.colcon_core.package_identification:_identify(src/HWT_imu) by extensions ['ignore', 'ignore_ament_install']
[0.161s] Level 1:colcon.colcon_core.package_identification:_identify(src/HWT_imu) by extension 'ignore'
[0.161s] Level 1:colcon.colcon_core.package_identification:_identify(src/HWT_imu) by extension 'ignore_ament_install'
[0.161s] Level 1:colcon.colcon_core.package_identification:_identify(src/HWT_imu) by extensions ['colcon_pkg']
[0.161s] Level 1:colcon.colcon_core.package_identification:_identify(src/HWT_imu) by extension 'colcon_pkg'
[0.161s] Level 1:colcon.colcon_core.package_identification:_identify(src/HWT_imu) by extensions ['colcon_meta']
[0.161s] Level 1:colcon.colcon_core.package_identification:_identify(src/HWT_imu) by extension 'colcon_meta'
[0.161s] Level 1:colcon.colcon_core.package_identification:_identify(src/HWT_imu) by extensions ['ros']
[0.161s] Level 1:colcon.colcon_core.package_identification:_identify(src/HWT_imu) by extension 'ros'
[0.162s] DEBUG:colcon.colcon_core.package_identification:Package 'src/HWT_imu' with type 'ros.ament_python' and name 'HTW_imu'
[0.162s] Level 1:colcon.colcon_core.package_identification:_identify(src/beginner) by extensions ['ignore', 'ignore_ament_install']
[0.162s] Level 1:colcon.colcon_core.package_identification:_identify(src/beginner) by extension 'ignore'
[0.162s] Level 1:colcon.colcon_core.package_identification:_identify(src/beginner) by extension 'ignore_ament_install'
[0.162s] Level 1:colcon.colcon_core.package_identification:_identify(src/beginner) by extensions ['colcon_pkg']
[0.162s] Level 1:colcon.colcon_core.package_identification:_identify(src/beginner) by extension 'colcon_pkg'
[0.162s] Level 1:colcon.colcon_core.package_identification:_identify(src/beginner) by extensions ['colcon_meta']
[0.162s] Level 1:colcon.colcon_core.package_identification:_identify(src/beginner) by extension 'colcon_meta'
[0.162s] Level 1:colcon.colcon_core.package_identification:_identify(src/beginner) by extensions ['ros']
[0.162s] Level 1:colcon.colcon_core.package_identification:_identify(src/beginner) by extension 'ros'
[0.162s] DEBUG:colcon.colcon_core.package_identification:Package 'src/beginner' with type 'ros.ament_cmake' and name 'beginner'
[0.162s] Level 1:colcon.colcon_core.package_identification:_identify(src/beginner_py) by extensions ['ignore', 'ignore_ament_install']
[0.162s] Level 1:colcon.colcon_core.package_identification:_identify(src/beginner_py) by extension 'ignore'
[0.162s] Level 1:colcon.colcon_core.package_identification:_identify(src/beginner_py) by extension 'ignore_ament_install'
[0.162s] Level 1:colcon.colcon_core.package_identification:_identify(src/beginner_py) by extensions ['colcon_pkg']
[0.162s] Level 1:colcon.colcon_core.package_identification:_identify(src/beginner_py) by extension 'colcon_pkg'
[0.162s] Level 1:colcon.colcon_core.package_identification:_identify(src/beginner_py) by extensions ['colcon_meta']
[0.162s] Level 1:colcon.colcon_core.package_identification:_identify(src/beginner_py) by extension 'colcon_meta'
[0.162s] Level 1:colcon.colcon_core.package_identification:_identify(src/beginner_py) by extensions ['ros']
[0.162s] Level 1:colcon.colcon_core.package_identification:_identify(src/beginner_py) by extension 'ros'
[0.162s] DEBUG:colcon.colcon_core.package_identification:Package 'src/beginner_py' with type 'ros.ament_python' and name 'beginner_py'
[0.162s] Level 1:colcon.colcon_core.package_identification:_identify(src/beitong_joy) by extensions ['ignore', 'ignore_ament_install']
[0.162s] Level 1:colcon.colcon_core.package_identification:_identify(src/beitong_joy) by extension 'ignore'
[0.162s] Level 1:colcon.colcon_core.package_identification:_identify(src/beitong_joy) by extension 'ignore_ament_install'
[0.162s] Level 1:colcon.colcon_core.package_identification:_identify(src/beitong_joy) by extensions ['colcon_pkg']
[0.162s] Level 1:colcon.colcon_core.package_identification:_identify(src/beitong_joy) by extension 'colcon_pkg'
[0.163s] Level 1:colcon.colcon_core.package_identification:_identify(src/beitong_joy) by extensions ['colcon_meta']
[0.163s] Level 1:colcon.colcon_core.package_identification:_identify(src/beitong_joy) by extension 'colcon_meta'
[0.163s] Level 1:colcon.colcon_core.package_identification:_identify(src/beitong_joy) by extensions ['ros']
[0.163s] Level 1:colcon.colcon_core.package_identification:_identify(src/beitong_joy) by extension 'ros'
[0.163s] DEBUG:colcon.colcon_core.package_identification:Package 'src/beitong_joy' with type 'ros.ament_python' and name 'beitong_joy'
[0.163s] Level 1:colcon.colcon_core.package_identification:_identify(src/pavo_lidar) by extensions ['ignore', 'ignore_ament_install']
[0.163s] Level 1:colcon.colcon_core.package_identification:_identify(src/pavo_lidar) by extension 'ignore'
[0.163s] Level 1:colcon.colcon_core.package_identification:_identify(src/pavo_lidar) by extension 'ignore_ament_install'
[0.163s] Level 1:colcon.colcon_core.package_identification:_identify(src/pavo_lidar) by extensions ['colcon_pkg']
[0.163s] Level 1:colcon.colcon_core.package_identification:_identify(src/pavo_lidar) by extension 'colcon_pkg'
[0.163s] Level 1:colcon.colcon_core.package_identification:_identify(src/pavo_lidar) by extensions ['colcon_meta']
[0.163s] Level 1:colcon.colcon_core.package_identification:_identify(src/pavo_lidar) by extension 'colcon_meta'
[0.163s] Level 1:colcon.colcon_core.package_identification:_identify(src/pavo_lidar) by extensions ['ros']
[0.163s] Level 1:colcon.colcon_core.package_identification:_identify(src/pavo_lidar) by extension 'ros'
[0.163s] DEBUG:colcon.colcon_core.package_identification:Package 'src/pavo_lidar' with type 'ros.ament_cmake' and name 'pavo_lidar'
[0.163s] Level 1:colcon.colcon_core.package_identification:_identify(src/service_client_py) by extensions ['ignore', 'ignore_ament_install']
[0.163s] Level 1:colcon.colcon_core.package_identification:_identify(src/service_client_py) by extension 'ignore'
[0.163s] Level 1:colcon.colcon_core.package_identification:_identify(src/service_client_py) by extension 'ignore_ament_install'
[0.163s] Level 1:colcon.colcon_core.package_identification:_identify(src/service_client_py) by extensions ['colcon_pkg']
[0.163s] Level 1:colcon.colcon_core.package_identification:_identify(src/service_client_py) by extension 'colcon_pkg'
[0.163s] Level 1:colcon.colcon_core.package_identification:_identify(src/service_client_py) by extensions ['colcon_meta']
[0.163s] Level 1:colcon.colcon_core.package_identification:_identify(src/service_client_py) by extension 'colcon_meta'
[0.163s] Level 1:colcon.colcon_core.package_identification:_identify(src/service_client_py) by extensions ['ros']
[0.163s] Level 1:colcon.colcon_core.package_identification:_identify(src/service_client_py) by extension 'ros'
[0.164s] DEBUG:colcon.colcon_core.package_identification:Package 'src/service_client_py' with type 'ros.ament_python' and name 'service_client_py'
[0.164s] Level 1:colcon.colcon_core.package_identification:_identify(src/srv_msg_creating) by extensions ['ignore', 'ignore_ament_install']
[0.164s] Level 1:colcon.colcon_core.package_identification:_identify(src/srv_msg_creating) by extension 'ignore'
[0.164s] Level 1:colcon.colcon_core.package_identification:_identify(src/srv_msg_creating) by extension 'ignore_ament_install'
[0.164s] Level 1:colcon.colcon_core.package_identification:_identify(src/srv_msg_creating) by extensions ['colcon_pkg']
[0.164s] Level 1:colcon.colcon_core.package_identification:_identify(src/srv_msg_creating) by extension 'colcon_pkg'
[0.164s] Level 1:colcon.colcon_core.package_identification:_identify(src/srv_msg_creating) by extensions ['colcon_meta']
[0.164s] Level 1:colcon.colcon_core.package_identification:_identify(src/srv_msg_creating) by extension 'colcon_meta'
[0.164s] Level 1:colcon.colcon_core.package_identification:_identify(src/srv_msg_creating) by extensions ['ros']
[0.164s] Level 1:colcon.colcon_core.package_identification:_identify(src/srv_msg_creating) by extension 'ros'
[0.164s] DEBUG:colcon.colcon_core.package_identification:Package 'src/srv_msg_creating' with type 'ros.ament_cmake' and name 'srv_msg_creating'
[0.164s] Level 1:colcon.colcon_core.package_discovery:discover_packages(recursive) using defaults
[0.164s] Level 1:colcon.colcon_core.package_discovery:discover_packages(ignore) discover
[0.164s] Level 1:colcon.colcon_core.package_discovery:discover_packages(ignore) using defaults
[0.164s] Level 1:colcon.colcon_core.package_discovery:discover_packages(path) discover
[0.164s] Level 1:colcon.colcon_core.package_discovery:discover_packages(path) using defaults
[0.176s] Level 1:colcon.colcon_core.package_discovery:discover_packages(prefix_path) check parameters
[0.176s] Level 1:colcon.colcon_core.package_discovery:discover_packages(prefix_path) discover
[0.178s] DEBUG:colcon.colcon_installed_package_information.package_discovery:Found 19 installed packages in /home/zzq/Desktop/GYH_ws/install
[0.178s] DEBUG:colcon.colcon_installed_package_information.package_discovery:Found 9 installed packages in /home/zzq/Desktop/ros2_ws/install
[0.179s] DEBUG:colcon.colcon_installed_package_information.package_discovery:Found 317 installed packages in /opt/ros/humble
[0.179s] Level 1:colcon.colcon_core.package_discovery:discover_packages(prefix_path) using defaults
[0.198s] Level 5:colcon.colcon_core.verb:set package 'Action_turtle' build argument 'cmake_args' from command line to 'None'
[0.198s] Level 5:colcon.colcon_core.verb:set package 'Action_turtle' build argument 'cmake_target' from command line to 'None'
[0.198s] Level 5:colcon.colcon_core.verb:set package 'Action_turtle' build argument 'cmake_target_skip_unavailable' from command line to 'False'
[0.198s] Level 5:colcon.colcon_core.verb:set package 'Action_turtle' build argument 'cmake_clean_cache' from command line to 'False'
[0.198s] Level 5:colcon.colcon_core.verb:set package 'Action_turtle' build argument 'cmake_clean_first' from command line to 'False'
[0.198s] Level 5:colcon.colcon_core.verb:set package 'Action_turtle' build argument 'cmake_force_configure' from command line to 'False'
[0.198s] Level 5:colcon.colcon_core.verb:set package 'Action_turtle' build argument 'ament_cmake_args' from command line to 'None'
[0.198s] Level 5:colcon.colcon_core.verb:set package 'Action_turtle' build argument 'catkin_cmake_args' from command line to 'None'
[0.198s] Level 5:colcon.colcon_core.verb:set package 'Action_turtle' build argument 'catkin_skip_building_tests' from command line to 'False'
[0.198s] DEBUG:colcon.colcon_core.verb:Building package 'Action_turtle' with the following arguments: {'ament_cmake_args': None, 'build_base': '/home/zzq/Desktop/ros2_ws/build/Action_turtle', 'catkin_cmake_args': None, 'catkin_skip_building_tests': False, 'cmake_args': None, 'cmake_clean_cache': False, 'cmake_clean_first': False, 'cmake_force_configure': False, 'cmake_target': None, 'cmake_target_skip_unavailable': False, 'install_base': '/home/zzq/Desktop/ros2_ws/install/Action_turtle', 'merge_install': False, 'path': '/home/zzq/Desktop/ros2_ws/src/Action_turtle', 'symlink_install': False, 'test_result_base': None}
[0.199s] Level 5:colcon.colcon_core.verb:set package 'HTW_imu' build argument 'cmake_args' from command line to 'None'
[0.199s] Level 5:colcon.colcon_core.verb:set package 'HTW_imu' build argument 'cmake_target' from command line to 'None'
[0.199s] Level 5:colcon.colcon_core.verb:set package 'HTW_imu' build argument 'cmake_target_skip_unavailable' from command line to 'False'
[0.199s] Level 5:colcon.colcon_core.verb:set package 'HTW_imu' build argument 'cmake_clean_cache' from command line to 'False'
[0.199s] Level 5:colcon.colcon_core.verb:set package 'HTW_imu' build argument 'cmake_clean_first' from command line to 'False'
[0.199s] Level 5:colcon.colcon_core.verb:set package 'HTW_imu' build argument 'cmake_force_configure' from command line to 'False'
[0.199s] Level 5:colcon.colcon_core.verb:set package 'HTW_imu' build argument 'ament_cmake_args' from command line to 'None'
[0.199s] Level 5:colcon.colcon_core.verb:set package 'HTW_imu' build argument 'catkin_cmake_args' from command line to 'None'
[0.199s] Level 5:colcon.colcon_core.verb:set package 'HTW_imu' build argument 'catkin_skip_building_tests' from command line to 'False'
[0.199s] DEBUG:colcon.colcon_core.verb:Building package 'HTW_imu' with the following arguments: {'ament_cmake_args': None, 'build_base': '/home/zzq/Desktop/ros2_ws/build/HTW_imu', 'catkin_cmake_args': None, 'catkin_skip_building_tests': False, 'cmake_args': None, 'cmake_clean_cache': False, 'cmake_clean_first': False, 'cmake_force_configure': False, 'cmake_target': None, 'cmake_target_skip_unavailable': False, 'install_base': '/home/zzq/Desktop/ros2_ws/install/HTW_imu', 'merge_install': False, 'path': '/home/zzq/Desktop/ros2_ws/src/HWT_imu', 'symlink_install': False, 'test_result_base': None}
[0.199s] Level 5:colcon.colcon_core.verb:set package 'beginner' build argument 'cmake_args' from command line to 'None'
[0.199s] Level 5:colcon.colcon_core.verb:set package 'beginner' build argument 'cmake_target' from command line to 'None'
[0.199s] Level 5:colcon.colcon_core.verb:set package 'beginner' build argument 'cmake_target_skip_unavailable' from command line to 'False'
[0.199s] Level 5:colcon.colcon_core.verb:set package 'beginner' build argument 'cmake_clean_cache' from command line to 'False'
[0.199s] Level 5:colcon.colcon_core.verb:set package 'beginner' build argument 'cmake_clean_first' from command line to 'False'
[0.199s] Level 5:colcon.colcon_core.verb:set package 'beginner' build argument 'cmake_force_configure' from command line to 'False'
[0.199s] Level 5:colcon.colcon_core.verb:set package 'beginner' build argument 'ament_cmake_args' from command line to 'None'
[0.199s] Level 5:colcon.colcon_core.verb:set package 'beginner' build argument 'catkin_cmake_args' from command line to 'None'
[0.199s] Level 5:colcon.colcon_core.verb:set package 'beginner' build argument 'catkin_skip_building_tests' from command line to 'False'
[0.199s] DEBUG:colcon.colcon_core.verb:Building package 'beginner' with the following arguments: {'ament_cmake_args': None, 'build_base': '/home/zzq/Desktop/ros2_ws/build/beginner', 'catkin_cmake_args': None, 'catkin_skip_building_tests': False, 'cmake_args': None, 'cmake_clean_cache': False, 'cmake_clean_first': False, 'cmake_force_configure': False, 'cmake_target': None, 'cmake_target_skip_unavailable': False, 'install_base': '/home/zzq/Desktop/ros2_ws/install/beginner', 'merge_install': False, 'path': '/home/zzq/Desktop/ros2_ws/src/beginner', 'symlink_install': False, 'test_result_base': None}
[0.199s] Level 5:colcon.colcon_core.verb:set package 'beginner_py' build argument 'cmake_args' from command line to 'None'
[0.199s] Level 5:colcon.colcon_core.verb:set package 'beginner_py' build argument 'cmake_target' from command line to 'None'
[0.199s] Level 5:colcon.colcon_core.verb:set package 'beginner_py' build argument 'cmake_target_skip_unavailable' from command line to 'False'
[0.199s] Level 5:colcon.colcon_core.verb:set package 'beginner_py' build argument 'cmake_clean_cache' from command line to 'False'
[0.199s] Level 5:colcon.colcon_core.verb:set package 'beginner_py' build argument 'cmake_clean_first' from command line to 'False'
[0.199s] Level 5:colcon.colcon_core.verb:set package 'beginner_py' build argument 'cmake_force_configure' from command line to 'False'
[0.199s] Level 5:colcon.colcon_core.verb:set package 'beginner_py' build argument 'ament_cmake_args' from command line to 'None'
[0.199s] Level 5:colcon.colcon_core.verb:set package 'beginner_py' build argument 'catkin_cmake_args' from command line to 'None'
[0.199s] Level 5:colcon.colcon_core.verb:set package 'beginner_py' build argument 'catkin_skip_building_tests' from command line to 'False'
[0.199s] DEBUG:colcon.colcon_core.verb:Building package 'beginner_py' with the following arguments: {'ament_cmake_args': None, 'build_base': '/home/zzq/Desktop/ros2_ws/build/beginner_py', 'catkin_cmake_args': None, 'catkin_skip_building_tests': False, 'cmake_args': None, 'cmake_clean_cache': False, 'cmake_clean_first': False, 'cmake_force_configure': False, 'cmake_target': None, 'cmake_target_skip_unavailable': False, 'install_base': '/home/zzq/Desktop/ros2_ws/install/beginner_py', 'merge_install': False, 'path': '/home/zzq/Desktop/ros2_ws/src/beginner_py', 'symlink_install': False, 'test_result_base': None}
[0.199s] Level 5:colcon.colcon_core.verb:set package 'beitong_joy' build argument 'cmake_args' from command line to 'None'
[0.199s] Level 5:colcon.colcon_core.verb:set package 'beitong_joy' build argument 'cmake_target' from command line to 'None'
[0.199s] Level 5:colcon.colcon_core.verb:set package 'beitong_joy' build argument 'cmake_target_skip_unavailable' from command line to 'False'
[0.199s] Level 5:colcon.colcon_core.verb:set package 'beitong_joy' build argument 'cmake_clean_cache' from command line to 'False'
[0.199s] Level 5:colcon.colcon_core.verb:set package 'beitong_joy' build argument 'cmake_clean_first' from command line to 'False'
[0.199s] Level 5:colcon.colcon_core.verb:set package 'beitong_joy' build argument 'cmake_force_configure' from command line to 'False'
[0.199s] Level 5:colcon.colcon_core.verb:set package 'beitong_joy' build argument 'ament_cmake_args' from command line to 'None'
[0.199s] Level 5:colcon.colcon_core.verb:set package 'beitong_joy' build argument 'catkin_cmake_args' from command line to 'None'
[0.199s] Level 5:colcon.colcon_core.verb:set package 'beitong_joy' build argument 'catkin_skip_building_tests' from command line to 'False'
[0.199s] DEBUG:colcon.colcon_core.verb:Building package 'beitong_joy' with the following arguments: {'ament_cmake_args': None, 'build_base': '/home/zzq/Desktop/ros2_ws/build/beitong_joy', 'catkin_cmake_args': None, 'catkin_skip_building_tests': False, 'cmake_args': None, 'cmake_clean_cache': False, 'cmake_clean_first': False, 'cmake_force_configure': False, 'cmake_target': None, 'cmake_target_skip_unavailable': False, 'install_base': '/home/zzq/Desktop/ros2_ws/install/beitong_joy', 'merge_install': False, 'path': '/home/zzq/Desktop/ros2_ws/src/beitong_joy', 'symlink_install': False, 'test_result_base': None}
[0.199s] Level 5:colcon.colcon_core.verb:set package 'pavo_lidar' build argument 'cmake_args' from command line to 'None'
[0.199s] Level 5:colcon.colcon_core.verb:set package 'pavo_lidar' build argument 'cmake_target' from command line to 'None'
[0.199s] Level 5:colcon.colcon_core.verb:set package 'pavo_lidar' build argument 'cmake_target_skip_unavailable' from command line to 'False'
[0.199s] Level 5:colcon.colcon_core.verb:set package 'pavo_lidar' build argument 'cmake_clean_cache' from command line to 'False'
[0.200s] Level 5:colcon.colcon_core.verb:set package 'pavo_lidar' build argument 'cmake_clean_first' from command line to 'False'
[0.200s] Level 5:colcon.colcon_core.verb:set package 'pavo_lidar' build argument 'cmake_force_configure' from command line to 'False'
[0.200s] Level 5:colcon.colcon_core.verb:set package 'pavo_lidar' build argument 'ament_cmake_args' from command line to 'None'
[0.200s] Level 5:colcon.colcon_core.verb:set package 'pavo_lidar' build argument 'catkin_cmake_args' from command line to 'None'
[0.200s] Level 5:colcon.colcon_core.verb:set package 'pavo_lidar' build argument 'catkin_skip_building_tests' from command line to 'False'
[0.200s] DEBUG:colcon.colcon_core.verb:Building package 'pavo_lidar' with the following arguments: {'ament_cmake_args': None, 'build_base': '/home/zzq/Desktop/ros2_ws/build/pavo_lidar', 'catkin_cmake_args': None, 'catkin_skip_building_tests': False, 'cmake_args': None, 'cmake_clean_cache': False, 'cmake_clean_first': False, 'cmake_force_configure': False, 'cmake_target': None, 'cmake_target_skip_unavailable': False, 'install_base': '/home/zzq/Desktop/ros2_ws/install/pavo_lidar', 'merge_install': False, 'path': '/home/zzq/Desktop/ros2_ws/src/pavo_lidar', 'symlink_install': False, 'test_result_base': None}
[0.200s] Level 5:colcon.colcon_core.verb:set package 'service_client_py' build argument 'cmake_args' from command line to 'None'
[0.200s] Level 5:colcon.colcon_core.verb:set package 'service_client_py' build argument 'cmake_target' from command line to 'None'
[0.200s] Level 5:colcon.colcon_core.verb:set package 'service_client_py' build argument 'cmake_target_skip_unavailable' from command line to 'False'
[0.200s] Level 5:colcon.colcon_core.verb:set package 'service_client_py' build argument 'cmake_clean_cache' from command line to 'False'
[0.200s] Level 5:colcon.colcon_core.verb:set package 'service_client_py' build argument 'cmake_clean_first' from command line to 'False'
[0.200s] Level 5:colcon.colcon_core.verb:set package 'service_client_py' build argument 'cmake_force_configure' from command line to 'False'
[0.200s] Level 5:colcon.colcon_core.verb:set package 'service_client_py' build argument 'ament_cmake_args' from command line to 'None'
[0.200s] Level 5:colcon.colcon_core.verb:set package 'service_client_py' build argument 'catkin_cmake_args' from command line to 'None'
[0.200s] Level 5:colcon.colcon_core.verb:set package 'service_client_py' build argument 'catkin_skip_building_tests' from command line to 'False'
[0.200s] DEBUG:colcon.colcon_core.verb:Building package 'service_client_py' with the following arguments: {'ament_cmake_args': None, 'build_base': '/home/zzq/Desktop/ros2_ws/build/service_client_py', 'catkin_cmake_args': None, 'catkin_skip_building_tests': False, 'cmake_args': None, 'cmake_clean_cache': False, 'cmake_clean_first': False, 'cmake_force_configure': False, 'cmake_target': None, 'cmake_target_skip_unavailable': False, 'install_base': '/home/zzq/Desktop/ros2_ws/install/service_client_py', 'merge_install': False, 'path': '/home/zzq/Desktop/ros2_ws/src/service_client_py', 'symlink_install': False, 'test_result_base': None}
[0.200s] Level 5:colcon.colcon_core.verb:set package 'srv_msg_creating' build argument 'cmake_args' from command line to 'None'
[0.200s] Level 5:colcon.colcon_core.verb:set package 'srv_msg_creating' build argument 'cmake_target' from command line to 'None'
[0.200s] Level 5:colcon.colcon_core.verb:set package 'srv_msg_creating' build argument 'cmake_target_skip_unavailable' from command line to 'False'
[0.200s] Level 5:colcon.colcon_core.verb:set package 'srv_msg_creating' build argument 'cmake_clean_cache' from command line to 'False'
[0.200s] Level 5:colcon.colcon_core.verb:set package 'srv_msg_creating' build argument 'cmake_clean_first' from command line to 'False'
[0.200s] Level 5:colcon.colcon_core.verb:set package 'srv_msg_creating' build argument 'cmake_force_configure' from command line to 'False'
[0.200s] Level 5:colcon.colcon_core.verb:set package 'srv_msg_creating' build argument 'ament_cmake_args' from command line to 'None'
[0.200s] Level 5:colcon.colcon_core.verb:set package 'srv_msg_creating' build argument 'catkin_cmake_args' from command line to 'None'
[0.200s] Level 5:colcon.colcon_core.verb:set package 'srv_msg_creating' build argument 'catkin_skip_building_tests' from command line to 'False'
[0.200s] DEBUG:colcon.colcon_core.verb:Building package 'srv_msg_creating' with the following arguments: {'ament_cmake_args': None, 'build_base': '/home/zzq/Desktop/ros2_ws/build/srv_msg_creating', 'catkin_cmake_args': None, 'catkin_skip_building_tests': False, 'cmake_args': None, 'cmake_clean_cache': False, 'cmake_clean_first': False, 'cmake_force_configure': False, 'cmake_target': None, 'cmake_target_skip_unavailable': False, 'install_base': '/home/zzq/Desktop/ros2_ws/install/srv_msg_creating', 'merge_install': False, 'path': '/home/zzq/Desktop/ros2_ws/src/srv_msg_creating', 'symlink_install': False, 'test_result_base': None}
[0.200s] INFO:colcon.colcon_core.executor:Executing jobs using 'parallel' executor
[0.201s] DEBUG:colcon.colcon_parallel_executor.executor.parallel:run_until_complete
[0.201s] INFO:colcon.colcon_ros.task.ament_python.build:Building ROS package in '/home/zzq/Desktop/ros2_ws/src/Action_turtle' with build type 'ament_python'
[0.201s] Level 1:colcon.colcon_core.shell:create_environment_hook('Action_turtle', 'ament_prefix_path')
[0.203s] INFO:colcon.colcon_core.plugin_system:Skipping extension 'colcon_core.shell.bat': Not used on non-Windows systems
[0.203s] INFO:colcon.colcon_core.shell:Creating environment hook '/home/zzq/Desktop/ros2_ws/install/Action_turtle/share/Action_turtle/hook/ament_prefix_path.ps1'
[0.203s] INFO:colcon.colcon_core.shell:Creating environment descriptor '/home/zzq/Desktop/ros2_ws/install/Action_turtle/share/Action_turtle/hook/ament_prefix_path.dsv'
[0.204s] INFO:colcon.colcon_core.shell:Creating environment hook '/home/zzq/Desktop/ros2_ws/install/Action_turtle/share/Action_turtle/hook/ament_prefix_path.sh'
[0.204s] INFO:colcon.colcon_core.shell:Skip shell extension 'powershell' for command environment: Not usable outside of PowerShell
[0.204s] DEBUG:colcon.colcon_core.shell:Skip shell extension 'dsv' for command environment
[0.206s] INFO:colcon.colcon_ros.task.ament_python.build:Building ROS package in '/home/zzq/Desktop/ros2_ws/src/HWT_imu' with build type 'ament_python'
[0.206s] Level 1:colcon.colcon_core.shell:create_environment_hook('HTW_imu', 'ament_prefix_path')
[0.207s] INFO:colcon.colcon_core.shell:Creating environment hook '/home/zzq/Desktop/ros2_ws/install/HTW_imu/share/HTW_imu/hook/ament_prefix_path.ps1'
[0.207s] INFO:colcon.colcon_core.shell:Creating environment descriptor '/home/zzq/Desktop/ros2_ws/install/HTW_imu/share/HTW_imu/hook/ament_prefix_path.dsv'
[0.207s] INFO:colcon.colcon_core.shell:Creating environment hook '/home/zzq/Desktop/ros2_ws/install/HTW_imu/share/HTW_imu/hook/ament_prefix_path.sh'
[0.207s] INFO:colcon.colcon_core.shell:Skip shell extension 'powershell' for command environment: Not usable outside of PowerShell
[0.207s] DEBUG:colcon.colcon_core.shell:Skip shell extension 'dsv' for command environment
[0.209s] INFO:colcon.colcon_ros.task.ament_cmake.build:Building ROS package in '/home/zzq/Desktop/ros2_ws/src/beginner' with build type 'ament_cmake'
[0.209s] INFO:colcon.colcon_cmake.task.cmake.build:Building CMake package in '/home/zzq/Desktop/ros2_ws/src/beginner'
[0.209s] INFO:colcon.colcon_core.shell:Skip shell extension 'powershell' for command environment: Not usable outside of PowerShell
[0.209s] DEBUG:colcon.colcon_core.shell:Skip shell extension 'dsv' for command environment
[0.211s] INFO:colcon.colcon_ros.task.ament_python.build:Building ROS package in '/home/zzq/Desktop/ros2_ws/src/beginner_py' with build type 'ament_python'
[0.211s] Level 1:colcon.colcon_core.shell:create_environment_hook('beginner_py', 'ament_prefix_path')
[0.211s] INFO:colcon.colcon_core.shell:Creating environment hook '/home/zzq/Desktop/ros2_ws/install/beginner_py/share/beginner_py/hook/ament_prefix_path.ps1'
[0.212s] INFO:colcon.colcon_core.shell:Creating environment descriptor '/home/zzq/Desktop/ros2_ws/install/beginner_py/share/beginner_py/hook/ament_prefix_path.dsv'
[0.212s] INFO:colcon.colcon_core.shell:Creating environment hook '/home/zzq/Desktop/ros2_ws/install/beginner_py/share/beginner_py/hook/ament_prefix_path.sh'
[0.212s] INFO:colcon.colcon_core.shell:Skip shell extension 'powershell' for command environment: Not usable outside of PowerShell
[0.212s] DEBUG:colcon.colcon_core.shell:Skip shell extension 'dsv' for command environment
[0.214s] INFO:colcon.colcon_ros.task.ament_python.build:Building ROS package in '/home/zzq/Desktop/ros2_ws/src/beitong_joy' with build type 'ament_python'
[0.214s] Level 1:colcon.colcon_core.shell:create_environment_hook('beitong_joy', 'ament_prefix_path')
[0.214s] INFO:colcon.colcon_core.shell:Creating environment hook '/home/zzq/Desktop/ros2_ws/install/beitong_joy/share/beitong_joy/hook/ament_prefix_path.ps1'
[0.214s] INFO:colcon.colcon_core.shell:Creating environment descriptor '/home/zzq/Desktop/ros2_ws/install/beitong_joy/share/beitong_joy/hook/ament_prefix_path.dsv'
[0.215s] INFO:colcon.colcon_core.shell:Creating environment hook '/home/zzq/Desktop/ros2_ws/install/beitong_joy/share/beitong_joy/hook/ament_prefix_path.sh'
[0.215s] INFO:colcon.colcon_core.shell:Skip shell extension 'powershell' for command environment: Not usable outside of PowerShell
[0.215s] DEBUG:colcon.colcon_core.shell:Skip shell extension 'dsv' for command environment
[0.217s] INFO:colcon.colcon_ros.task.ament_cmake.build:Building ROS package in '/home/zzq/Desktop/ros2_ws/src/pavo_lidar' with build type 'ament_cmake'
[0.217s] INFO:colcon.colcon_cmake.task.cmake.build:Building CMake package in '/home/zzq/Desktop/ros2_ws/src/pavo_lidar'
[0.217s] INFO:colcon.colcon_core.shell:Skip shell extension 'powershell' for command environment: Not usable outside of PowerShell
[0.217s] DEBUG:colcon.colcon_core.shell:Skip shell extension 'dsv' for command environment
[0.219s] INFO:colcon.colcon_ros.task.ament_python.build:Building ROS package in '/home/zzq/Desktop/ros2_ws/src/service_client_py' with build type 'ament_python'
[0.219s] Level 1:colcon.colcon_core.shell:create_environment_hook('service_client_py', 'ament_prefix_path')
[0.219s] INFO:colcon.colcon_core.shell:Creating environment hook '/home/zzq/Desktop/ros2_ws/install/service_client_py/share/service_client_py/hook/ament_prefix_path.ps1'
[0.219s] INFO:colcon.colcon_core.shell:Creating environment descriptor '/home/zzq/Desktop/ros2_ws/install/service_client_py/share/service_client_py/hook/ament_prefix_path.dsv'
[0.219s] INFO:colcon.colcon_core.shell:Creating environment hook '/home/zzq/Desktop/ros2_ws/install/service_client_py/share/service_client_py/hook/ament_prefix_path.sh'
[0.219s] INFO:colcon.colcon_core.shell:Skip shell extension 'powershell' for command environment: Not usable outside of PowerShell
[0.219s] DEBUG:colcon.colcon_core.shell:Skip shell extension 'dsv' for command environment
[0.221s] INFO:colcon.colcon_ros.task.ament_cmake.build:Building ROS package in '/home/zzq/Desktop/ros2_ws/src/srv_msg_creating' with build type 'ament_cmake'
[0.221s] INFO:colcon.colcon_cmake.task.cmake.build:Building CMake package in '/home/zzq/Desktop/ros2_ws/src/srv_msg_creating'
[0.221s] INFO:colcon.colcon_core.shell:Skip shell extension 'powershell' for command environment: Not usable outside of PowerShell
[0.221s] DEBUG:colcon.colcon_core.shell:Skip shell extension 'dsv' for command environment
[0.365s] INFO:colcon.colcon_core.task.python.build:Building Python package in '/home/zzq/Desktop/ros2_ws/src/Action_turtle'
[0.365s] INFO:colcon.colcon_core.shell:Skip shell extension 'powershell' for command environment: Not usable outside of PowerShell
[0.365s] DEBUG:colcon.colcon_core.shell:Skip shell extension 'dsv' for command environment
[0.502s] INFO:colcon.colcon_core.task.python.build:Building Python package in '/home/zzq/Desktop/ros2_ws/src/HWT_imu'
[0.502s] INFO:colcon.colcon_core.shell:Skip shell extension 'powershell' for command environment: Not usable outside of PowerShell
[0.502s] DEBUG:colcon.colcon_core.shell:Skip shell extension 'dsv' for command environment
[0.507s] DEBUG:colcon.colcon_core.event_handler.log_command:Invoking command in '/home/zzq/Desktop/ros2_ws/build/beginner': CMAKE_PREFIX_PATH=${CMAKE_PREFIX_PATH}:/home/zzq/Desktop/ros2_ws/install/srv_msg_creating_py:/home/zzq/Desktop/ros2_ws/install/service_client_py:/home/zzq/Desktop/ros2_ws/install/beitong_joy:/home/zzq/Desktop/ros2_ws/install/beginner_py:/home/zzq/Desktop/ros2_ws/install/HTW_imu:/home/zzq/Desktop/ros2_ws/install/Action_turtle:/home/zzq/Desktop/GYH_ws/install/learning_urdf:/home/zzq/Desktop/GYH_ws/install/learning_topic:/home/zzq/Desktop/GYH_ws/install/learning_tf:/home/zzq/Desktop/GYH_ws/install/learning_service:/home/zzq/Desktop/GYH_ws/install/learning_qos:/home/zzq/Desktop/GYH_ws/install/learning_pkg_python:/home/zzq/Desktop/GYH_ws/install/learning_parameter:/home/zzq/Desktop/GYH_ws/install/learning_node:/home/zzq/Desktop/GYH_ws/install/learning_launch:/home/zzq/Desktop/GYH_ws/install/learning_action:/home/zzq/Desktop/GYH_ws/install/learning_gazebo:/home/zzq/Desktop/GYH_ws/install/learning_cv:/opt/ros/humble /usr/bin/cmake /home/zzq/Desktop/ros2_ws/src/beginner -DCMAKE_INSTALL_PREFIX=/home/zzq/Desktop/ros2_ws/install/beginner
[0.644s] INFO:colcon.colcon_core.task.python.build:Building Python package in '/home/zzq/Desktop/ros2_ws/src/beginner_py'
[0.645s] INFO:colcon.colcon_core.shell:Skip shell extension 'powershell' for command environment: Not usable outside of PowerShell
[0.645s] DEBUG:colcon.colcon_core.shell:Skip shell extension 'dsv' for command environment
[0.787s] INFO:colcon.colcon_core.task.python.build:Building Python package in '/home/zzq/Desktop/ros2_ws/src/beitong_joy'
[0.787s] INFO:colcon.colcon_core.shell:Skip shell extension 'powershell' for command environment: Not usable outside of PowerShell
[0.787s] DEBUG:colcon.colcon_core.shell:Skip shell extension 'dsv' for command environment
[0.792s] DEBUG:colcon.colcon_core.event_handler.log_command:Invoking command in '/home/zzq/Desktop/ros2_ws/build/pavo_lidar': CMAKE_PREFIX_PATH=${CMAKE_PREFIX_PATH}:/home/zzq/Desktop/ros2_ws/install/srv_msg_creating_py:/home/zzq/Desktop/ros2_ws/install/service_client_py:/home/zzq/Desktop/ros2_ws/install/beitong_joy:/home/zzq/Desktop/ros2_ws/install/beginner_py:/home/zzq/Desktop/ros2_ws/install/HTW_imu:/home/zzq/Desktop/ros2_ws/install/Action_turtle:/home/zzq/Desktop/GYH_ws/install/learning_urdf:/home/zzq/Desktop/GYH_ws/install/learning_topic:/home/zzq/Desktop/GYH_ws/install/learning_tf:/home/zzq/Desktop/GYH_ws/install/learning_service:/home/zzq/Desktop/GYH_ws/install/learning_qos:/home/zzq/Desktop/GYH_ws/install/learning_pkg_python:/home/zzq/Desktop/GYH_ws/install/learning_parameter:/home/zzq/Desktop/GYH_ws/install/learning_node:/home/zzq/Desktop/GYH_ws/install/learning_launch:/home/zzq/Desktop/GYH_ws/install/learning_action:/home/zzq/Desktop/GYH_ws/install/learning_gazebo:/home/zzq/Desktop/GYH_ws/install/learning_cv:/opt/ros/humble /usr/bin/cmake --build /home/zzq/Desktop/ros2_ws/build/pavo_lidar -- -j32 -l32
[0.935s] INFO:colcon.colcon_core.task.python.build:Building Python package in '/home/zzq/Desktop/ros2_ws/src/service_client_py'
[0.935s] INFO:colcon.colcon_core.shell:Skip shell extension 'powershell' for command environment: Not usable outside of PowerShell
[0.935s] DEBUG:colcon.colcon_core.shell:Skip shell extension 'dsv' for command environment
[0.942s] DEBUG:colcon.colcon_core.event_handler.log_command:Invoking command in '/home/zzq/Desktop/ros2_ws/build/srv_msg_creating': CMAKE_PREFIX_PATH=${CMAKE_PREFIX_PATH}:/home/zzq/Desktop/ros2_ws/install/srv_msg_creating_py:/home/zzq/Desktop/ros2_ws/install/service_client_py:/home/zzq/Desktop/ros2_ws/install/beitong_joy:/home/zzq/Desktop/ros2_ws/install/beginner_py:/home/zzq/Desktop/ros2_ws/install/HTW_imu:/home/zzq/Desktop/ros2_ws/install/Action_turtle:/home/zzq/Desktop/GYH_ws/install/learning_urdf:/home/zzq/Desktop/GYH_ws/install/learning_topic:/home/zzq/Desktop/GYH_ws/install/learning_tf:/home/zzq/Desktop/GYH_ws/install/learning_service:/home/zzq/Desktop/GYH_ws/install/learning_qos:/home/zzq/Desktop/GYH_ws/install/learning_pkg_python:/home/zzq/Desktop/GYH_ws/install/learning_parameter:/home/zzq/Desktop/GYH_ws/install/learning_node:/home/zzq/Desktop/GYH_ws/install/learning_launch:/home/zzq/Desktop/GYH_ws/install/learning_action:/home/zzq/Desktop/GYH_ws/install/learning_gazebo:/home/zzq/Desktop/GYH_ws/install/learning_cv:/opt/ros/humble /usr/bin/cmake /home/zzq/Desktop/ros2_ws/src/srv_msg_creating -DCMAKE_INSTALL_PREFIX=/home/zzq/Desktop/ros2_ws/install/srv_msg_creating
[0.952s] DEBUG:colcon.colcon_core.event_handler.log_command:Invoked command in '/home/zzq/Desktop/ros2_ws/build/beginner' returned '0': CMAKE_PREFIX_PATH=${CMAKE_PREFIX_PATH}:/home/zzq/Desktop/ros2_ws/install/srv_msg_creating_py:/home/zzq/Desktop/ros2_ws/install/service_client_py:/home/zzq/Desktop/ros2_ws/install/beitong_joy:/home/zzq/Desktop/ros2_ws/install/beginner_py:/home/zzq/Desktop/ros2_ws/install/HTW_imu:/home/zzq/Desktop/ros2_ws/install/Action_turtle:/home/zzq/Desktop/GYH_ws/install/learning_urdf:/home/zzq/Desktop/GYH_ws/install/learning_topic:/home/zzq/Desktop/GYH_ws/install/learning_tf:/home/zzq/Desktop/GYH_ws/install/learning_service:/home/zzq/Desktop/GYH_ws/install/learning_qos:/home/zzq/Desktop/GYH_ws/install/learning_pkg_python:/home/zzq/Desktop/GYH_ws/install/learning_parameter:/home/zzq/Desktop/GYH_ws/install/learning_node:/home/zzq/Desktop/GYH_ws/install/learning_launch:/home/zzq/Desktop/GYH_ws/install/learning_action:/home/zzq/Desktop/GYH_ws/install/learning_gazebo:/home/zzq/Desktop/GYH_ws/install/learning_cv:/opt/ros/humble /usr/bin/cmake /home/zzq/Desktop/ros2_ws/src/beginner -DCMAKE_INSTALL_PREFIX=/home/zzq/Desktop/ros2_ws/install/beginner
[0.952s] DEBUG:colcon.colcon_core.event_handler.log_command:Invoking command in '/home/zzq/Desktop/ros2_ws/build/beginner': CMAKE_PREFIX_PATH=${CMAKE_PREFIX_PATH}:/home/zzq/Desktop/ros2_ws/install/srv_msg_creating_py:/home/zzq/Desktop/ros2_ws/install/service_client_py:/home/zzq/Desktop/ros2_ws/install/beitong_joy:/home/zzq/Desktop/ros2_ws/install/beginner_py:/home/zzq/Desktop/ros2_ws/install/HTW_imu:/home/zzq/Desktop/ros2_ws/install/Action_turtle:/home/zzq/Desktop/GYH_ws/install/learning_urdf:/home/zzq/Desktop/GYH_ws/install/learning_topic:/home/zzq/Desktop/GYH_ws/install/learning_tf:/home/zzq/Desktop/GYH_ws/install/learning_service:/home/zzq/Desktop/GYH_ws/install/learning_qos:/home/zzq/Desktop/GYH_ws/install/learning_pkg_python:/home/zzq/Desktop/GYH_ws/install/learning_parameter:/home/zzq/Desktop/GYH_ws/install/learning_node:/home/zzq/Desktop/GYH_ws/install/learning_launch:/home/zzq/Desktop/GYH_ws/install/learning_action:/home/zzq/Desktop/GYH_ws/install/learning_gazebo:/home/zzq/Desktop/GYH_ws/install/learning_cv:/opt/ros/humble /usr/bin/cmake --build /home/zzq/Desktop/ros2_ws/build/beginner -- -j32 -l32
[0.984s] DEBUG:colcon.colcon_core.event_handler.log_command:Invoked command in '/home/zzq/Desktop/ros2_ws/build/beginner' returned '0': CMAKE_PREFIX_PATH=${CMAKE_PREFIX_PATH}:/home/zzq/Desktop/ros2_ws/install/srv_msg_creating_py:/home/zzq/Desktop/ros2_ws/install/service_client_py:/home/zzq/Desktop/ros2_ws/install/beitong_joy:/home/zzq/Desktop/ros2_ws/install/beginner_py:/home/zzq/Desktop/ros2_ws/install/HTW_imu:/home/zzq/Desktop/ros2_ws/install/Action_turtle:/home/zzq/Desktop/GYH_ws/install/learning_urdf:/home/zzq/Desktop/GYH_ws/install/learning_topic:/home/zzq/Desktop/GYH_ws/install/learning_tf:/home/zzq/Desktop/GYH_ws/install/learning_service:/home/zzq/Desktop/GYH_ws/install/learning_qos:/home/zzq/Desktop/GYH_ws/install/learning_pkg_python:/home/zzq/Desktop/GYH_ws/install/learning_parameter:/home/zzq/Desktop/GYH_ws/install/learning_node:/home/zzq/Desktop/GYH_ws/install/learning_launch:/home/zzq/Desktop/GYH_ws/install/learning_action:/home/zzq/Desktop/GYH_ws/install/learning_gazebo:/home/zzq/Desktop/GYH_ws/install/learning_cv:/opt/ros/humble /usr/bin/cmake --build /home/zzq/Desktop/ros2_ws/build/beginner -- -j32 -l32
[1.006s] DEBUG:colcon.colcon_core.event_handler.log_command:Invoking command in '/home/zzq/Desktop/ros2_ws/build/beginner': CMAKE_PREFIX_PATH=${CMAKE_PREFIX_PATH}:/home/zzq/Desktop/ros2_ws/install/srv_msg_creating_py:/home/zzq/Desktop/ros2_ws/install/service_client_py:/home/zzq/Desktop/ros2_ws/install/beitong_joy:/home/zzq/Desktop/ros2_ws/install/beginner_py:/home/zzq/Desktop/ros2_ws/install/HTW_imu:/home/zzq/Desktop/ros2_ws/install/Action_turtle:/home/zzq/Desktop/GYH_ws/install/learning_urdf:/home/zzq/Desktop/GYH_ws/install/learning_topic:/home/zzq/Desktop/GYH_ws/install/learning_tf:/home/zzq/Desktop/GYH_ws/install/learning_service:/home/zzq/Desktop/GYH_ws/install/learning_qos:/home/zzq/Desktop/GYH_ws/install/learning_pkg_python:/home/zzq/Desktop/GYH_ws/install/learning_parameter:/home/zzq/Desktop/GYH_ws/install/learning_node:/home/zzq/Desktop/GYH_ws/install/learning_launch:/home/zzq/Desktop/GYH_ws/install/learning_action:/home/zzq/Desktop/GYH_ws/install/learning_gazebo:/home/zzq/Desktop/GYH_ws/install/learning_cv:/opt/ros/humble /usr/bin/cmake --install /home/zzq/Desktop/ros2_ws/build/beginner
[1.083s] Level 1:colcon.colcon_core.environment:create_environment_scripts_only(beginner)
[1.083s] DEBUG:colcon.colcon_core.event_handler.log_command:Invoked command in '/home/zzq/Desktop/ros2_ws/build/beginner' returned '0': CMAKE_PREFIX_PATH=${CMAKE_PREFIX_PATH}:/home/zzq/Desktop/ros2_ws/install/srv_msg_creating_py:/home/zzq/Desktop/ros2_ws/install/service_client_py:/home/zzq/Desktop/ros2_ws/install/beitong_joy:/home/zzq/Desktop/ros2_ws/install/beginner_py:/home/zzq/Desktop/ros2_ws/install/HTW_imu:/home/zzq/Desktop/ros2_ws/install/Action_turtle:/home/zzq/Desktop/GYH_ws/install/learning_urdf:/home/zzq/Desktop/GYH_ws/install/learning_topic:/home/zzq/Desktop/GYH_ws/install/learning_tf:/home/zzq/Desktop/GYH_ws/install/learning_service:/home/zzq/Desktop/GYH_ws/install/learning_qos:/home/zzq/Desktop/GYH_ws/install/learning_pkg_python:/home/zzq/Desktop/GYH_ws/install/learning_parameter:/home/zzq/Desktop/GYH_ws/install/learning_node:/home/zzq/Desktop/GYH_ws/install/learning_launch:/home/zzq/Desktop/GYH_ws/install/learning_action:/home/zzq/Desktop/GYH_ws/install/learning_gazebo:/home/zzq/Desktop/GYH_ws/install/learning_cv:/opt/ros/humble /usr/bin/cmake --install /home/zzq/Desktop/ros2_ws/build/beginner
[1.087s] Level 1:colcon.colcon_core.environment:checking '/home/zzq/Desktop/ros2_ws/install/beginner' for CMake module files
[1.087s] Level 1:colcon.colcon_core.environment:checking '/home/zzq/Desktop/ros2_ws/install/beginner' for CMake config files
[1.087s] Level 1:colcon.colcon_core.shell:create_environment_hook('beginner', 'cmake_prefix_path')
[1.087s] INFO:colcon.colcon_core.shell:Creating environment hook '/home/zzq/Desktop/ros2_ws/install/beginner/share/beginner/hook/cmake_prefix_path.ps1'
[1.087s] INFO:colcon.colcon_core.shell:Creating environment descriptor '/home/zzq/Desktop/ros2_ws/install/beginner/share/beginner/hook/cmake_prefix_path.dsv'
[1.087s] INFO:colcon.colcon_core.shell:Creating environment hook '/home/zzq/Desktop/ros2_ws/install/beginner/share/beginner/hook/cmake_prefix_path.sh'
[1.088s] Level 1:colcon.colcon_core.environment:checking '/home/zzq/Desktop/ros2_ws/install/beginner/lib'
[1.088s] Level 1:colcon.colcon_core.environment:checking '/home/zzq/Desktop/ros2_ws/install/beginner/bin'
[1.088s] Level 1:colcon.colcon_core.environment:checking '/home/zzq/Desktop/ros2_ws/install/beginner/lib/pkgconfig/beginner.pc'
[1.088s] Level 1:colcon.colcon_core.environment:checking '/home/zzq/Desktop/ros2_ws/install/beginner/lib/python3.10/site-packages'
[1.088s] Level 1:colcon.colcon_core.environment:checking '/home/zzq/Desktop/ros2_ws/install/beginner/bin'
[1.088s] INFO:colcon.colcon_core.shell:Creating package script '/home/zzq/Desktop/ros2_ws/install/beginner/share/beginner/package.ps1'
[1.089s] INFO:colcon.colcon_core.shell:Creating package descriptor '/home/zzq/Desktop/ros2_ws/install/beginner/share/beginner/package.dsv'
[1.089s] INFO:colcon.colcon_core.shell:Creating package script '/home/zzq/Desktop/ros2_ws/install/beginner/share/beginner/package.sh'
[1.090s] INFO:colcon.colcon_core.shell:Creating package script '/home/zzq/Desktop/ros2_ws/install/beginner/share/beginner/package.bash'
[1.090s] INFO:colcon.colcon_core.shell:Creating package script '/home/zzq/Desktop/ros2_ws/install/beginner/share/beginner/package.zsh'
[1.090s] Level 1:colcon.colcon_core.environment:create_file_with_runtime_dependencies(/home/zzq/Desktop/ros2_ws/install/beginner/share/colcon-core/packages/beginner)
[1.103s] Level 1:colcon.colcon_core.environment:create_environment_scripts_only(beginner)
[1.104s] Level 1:colcon.colcon_core.environment:checking '/home/zzq/Desktop/ros2_ws/install/beginner' for CMake module files
[1.104s] Level 1:colcon.colcon_core.environment:checking '/home/zzq/Desktop/ros2_ws/install/beginner' for CMake config files
[1.104s] Level 1:colcon.colcon_core.shell:create_environment_hook('beginner', 'cmake_prefix_path')
[1.104s] INFO:colcon.colcon_core.shell:Creating environment hook '/home/zzq/Desktop/ros2_ws/install/beginner/share/beginner/hook/cmake_prefix_path.ps1'
[1.104s] INFO:colcon.colcon_core.shell:Creating environment descriptor '/home/zzq/Desktop/ros2_ws/install/beginner/share/beginner/hook/cmake_prefix_path.dsv'
[1.105s] INFO:colcon.colcon_core.shell:Creating environment hook '/home/zzq/Desktop/ros2_ws/install/beginner/share/beginner/hook/cmake_prefix_path.sh'
[1.105s] Level 1:colcon.colcon_core.environment:checking '/home/zzq/Desktop/ros2_ws/install/beginner/lib'
[1.105s] Level 1:colcon.colcon_core.environment:checking '/home/zzq/Desktop/ros2_ws/install/beginner/bin'
[1.105s] Level 1:colcon.colcon_core.environment:checking '/home/zzq/Desktop/ros2_ws/install/beginner/lib/pkgconfig/beginner.pc'
[1.105s] Level 1:colcon.colcon_core.environment:checking '/home/zzq/Desktop/ros2_ws/install/beginner/lib/python3.10/site-packages'
[1.105s] Level 1:colcon.colcon_core.environment:checking '/home/zzq/Desktop/ros2_ws/install/beginner/bin'
[1.105s] INFO:colcon.colcon_core.shell:Creating package script '/home/zzq/Desktop/ros2_ws/install/beginner/share/beginner/package.ps1'
[1.105s] INFO:colcon.colcon_core.shell:Creating package descriptor '/home/zzq/Desktop/ros2_ws/install/beginner/share/beginner/package.dsv'
[1.106s] INFO:colcon.colcon_core.shell:Creating package script '/home/zzq/Desktop/ros2_ws/install/beginner/share/beginner/package.sh'
[1.106s] INFO:colcon.colcon_core.shell:Creating package script '/home/zzq/Desktop/ros2_ws/install/beginner/share/beginner/package.bash'
[1.106s] INFO:colcon.colcon_core.shell:Creating package script '/home/zzq/Desktop/ros2_ws/install/beginner/share/beginner/package.zsh'
[1.106s] Level 1:colcon.colcon_core.environment:create_file_with_runtime_dependencies(/home/zzq/Desktop/ros2_ws/install/beginner/share/colcon-core/packages/beginner)
[1.191s] DEBUG:colcon.colcon_core.event_handler.log_command:Invoking command in '/home/zzq/Desktop/ros2_ws/build/beitong_joy': PYTHONPATH=/home/zzq/Desktop/ros2_ws/build/beitong_joy/prefix_override:/usr/lib/python3/dist-packages/colcon_core/task/python/colcon_distutils_commands:/home/zzq/Desktop/ros2_ws/install/beitong_joy/lib/python3.10/site-packages:${PYTHONPATH} /usr/bin/python3 -W ignore:setup.py install is deprecated setup.py develop --uninstall --editable --build-directory /home/zzq/Desktop/ros2_ws/build/beitong_joy/build
[1.193s] DEBUG:colcon.colcon_core.event_handler.log_command:Invoking command in '/home/zzq/Desktop/ros2_ws/build/Action_turtle': PYTHONPATH=/home/zzq/Desktop/ros2_ws/build/Action_turtle/prefix_override:/usr/lib/python3/dist-packages/colcon_core/task/python/colcon_distutils_commands:/home/zzq/Desktop/ros2_ws/install/Action_turtle/lib/python3.10/site-packages:${PYTHONPATH} /usr/bin/python3 -W ignore:setup.py install is deprecated setup.py develop --uninstall --editable --build-directory /home/zzq/Desktop/ros2_ws/build/Action_turtle/build
[1.193s] DEBUG:colcon.colcon_core.event_handler.log_command:Invoking command in '/home/zzq/Desktop/ros2_ws/build/HTW_imu': PYTHONPATH=/home/zzq/Desktop/ros2_ws/build/HTW_imu/prefix_override:/usr/lib/python3/dist-packages/colcon_core/task/python/colcon_distutils_commands:/home/zzq/Desktop/ros2_ws/install/HTW_imu/lib/python3.10/site-packages:${PYTHONPATH} /usr/bin/python3 -W ignore:setup.py install is deprecated setup.py develop --uninstall --editable --build-directory /home/zzq/Desktop/ros2_ws/build/HTW_imu/build
[1.194s] DEBUG:colcon.colcon_core.event_handler.log_command:Invoking command in '/home/zzq/Desktop/ros2_ws/build/service_client_py': PYTHONPATH=/home/zzq/Desktop/ros2_ws/build/service_client_py/prefix_override:/usr/lib/python3/dist-packages/colcon_core/task/python/colcon_distutils_commands:/home/zzq/Desktop/ros2_ws/install/service_client_py/lib/python3.10/site-packages:${PYTHONPATH} /usr/bin/python3 -W ignore:setup.py install is deprecated setup.py develop --uninstall --editable --build-directory /home/zzq/Desktop/ros2_ws/build/service_client_py/build
[1.213s] DEBUG:colcon.colcon_core.event_handler.log_command:Invoking command in '/home/zzq/Desktop/ros2_ws/build/beginner_py': PYTHONPATH=/home/zzq/Desktop/ros2_ws/build/beginner_py/prefix_override:/usr/lib/python3/dist-packages/colcon_core/task/python/colcon_distutils_commands:/home/zzq/Desktop/ros2_ws/install/beginner_py/lib/python3.10/site-packages:${PYTHONPATH} /usr/bin/python3 -W ignore:setup.py install is deprecated setup.py develop --uninstall --editable --build-directory /home/zzq/Desktop/ros2_ws/build/beginner_py/build
[1.485s] DEBUG:colcon.colcon_core.event_handler.log_command:Invoked command in '/home/zzq/Desktop/ros2_ws/build/Action_turtle' returned '0': PYTHONPATH=/home/zzq/Desktop/ros2_ws/build/Action_turtle/prefix_override:/usr/lib/python3/dist-packages/colcon_core/task/python/colcon_distutils_commands:/home/zzq/Desktop/ros2_ws/install/Action_turtle/lib/python3.10/site-packages:${PYTHONPATH} /usr/bin/python3 -W ignore:setup.py install is deprecated setup.py develop --uninstall --editable --build-directory /home/zzq/Desktop/ros2_ws/build/Action_turtle/build
[1.486s] DEBUG:colcon.colcon_core.event_handler.log_command:Invoking command in '/home/zzq/Desktop/ros2_ws/src/Action_turtle': PYTHONPATH=/home/zzq/Desktop/ros2_ws/build/Action_turtle/prefix_override:/usr/lib/python3/dist-packages/colcon_core/task/python/colcon_distutils_commands:/home/zzq/Desktop/ros2_ws/install/Action_turtle/lib/python3.10/site-packages:${PYTHONPATH} /usr/bin/python3 -W ignore:setup.py install is deprecated setup.py egg_info --egg-base ../../build/Action_turtle build --build-base /home/zzq/Desktop/ros2_ws/build/Action_turtle/build install --record /home/zzq/Desktop/ros2_ws/build/Action_turtle/install.log --single-version-externally-managed install_data --force
[1.488s] DEBUG:colcon.colcon_core.event_handler.log_command:Invoked command in '/home/zzq/Desktop/ros2_ws/build/beitong_joy' returned '0': PYTHONPATH=/home/zzq/Desktop/ros2_ws/build/beitong_joy/prefix_override:/usr/lib/python3/dist-packages/colcon_core/task/python/colcon_distutils_commands:/home/zzq/Desktop/ros2_ws/install/beitong_joy/lib/python3.10/site-packages:${PYTHONPATH} /usr/bin/python3 -W ignore:setup.py install is deprecated setup.py develop --uninstall --editable --build-directory /home/zzq/Desktop/ros2_ws/build/beitong_joy/build
[1.489s] DEBUG:colcon.colcon_core.event_handler.log_command:Invoking command in '/home/zzq/Desktop/ros2_ws/src/beitong_joy': PYTHONPATH=/home/zzq/Desktop/ros2_ws/build/beitong_joy/prefix_override:/usr/lib/python3/dist-packages/colcon_core/task/python/colcon_distutils_commands:/home/zzq/Desktop/ros2_ws/install/beitong_joy/lib/python3.10/site-packages:${PYTHONPATH} /usr/bin/python3 -W ignore:setup.py install is deprecated setup.py egg_info --egg-base ../../build/beitong_joy build --build-base /home/zzq/Desktop/ros2_ws/build/beitong_joy/build install --record /home/zzq/Desktop/ros2_ws/build/beitong_joy/install.log --single-version-externally-managed install_data --force
[1.489s] DEBUG:colcon.colcon_core.event_handler.log_command:Invoked command in '/home/zzq/Desktop/ros2_ws/build/service_client_py' returned '0': PYTHONPATH=/home/zzq/Desktop/ros2_ws/build/service_client_py/prefix_override:/usr/lib/python3/dist-packages/colcon_core/task/python/colcon_distutils_commands:/home/zzq/Desktop/ros2_ws/install/service_client_py/lib/python3.10/site-packages:${PYTHONPATH} /usr/bin/python3 -W ignore:setup.py install is deprecated setup.py develop --uninstall --editable --build-directory /home/zzq/Desktop/ros2_ws/build/service_client_py/build
[1.490s] DEBUG:colcon.colcon_core.event_handler.log_command:Invoking command in '/home/zzq/Desktop/ros2_ws/src/service_client_py': PYTHONPATH=/home/zzq/Desktop/ros2_ws/build/service_client_py/prefix_override:/usr/lib/python3/dist-packages/colcon_core/task/python/colcon_distutils_commands:/home/zzq/Desktop/ros2_ws/install/service_client_py/lib/python3.10/site-packages:${PYTHONPATH} /usr/bin/python3 -W ignore:setup.py install is deprecated setup.py egg_info --egg-base ../../build/service_client_py build --build-base /home/zzq/Desktop/ros2_ws/build/service_client_py/build install --record /home/zzq/Desktop/ros2_ws/build/service_client_py/install.log --single-version-externally-managed install_data --force
[1.504s] DEBUG:colcon.colcon_core.event_handler.log_command:Invoked command in '/home/zzq/Desktop/ros2_ws/build/HTW_imu' returned '0': PYTHONPATH=/home/zzq/Desktop/ros2_ws/build/HTW_imu/prefix_override:/usr/lib/python3/dist-packages/colcon_core/task/python/colcon_distutils_commands:/home/zzq/Desktop/ros2_ws/install/HTW_imu/lib/python3.10/site-packages:${PYTHONPATH} /usr/bin/python3 -W ignore:setup.py install is deprecated setup.py develop --uninstall --editable --build-directory /home/zzq/Desktop/ros2_ws/build/HTW_imu/build
[1.505s] DEBUG:colcon.colcon_core.event_handler.log_command:Invoking command in '/home/zzq/Desktop/ros2_ws/src/HWT_imu': PYTHONPATH=/home/zzq/Desktop/ros2_ws/build/HTW_imu/prefix_override:/usr/lib/python3/dist-packages/colcon_core/task/python/colcon_distutils_commands:/home/zzq/Desktop/ros2_ws/install/HTW_imu/lib/python3.10/site-packages:${PYTHONPATH} /usr/bin/python3 -W ignore:setup.py install is deprecated setup.py egg_info --egg-base ../../build/HTW_imu build --build-base /home/zzq/Desktop/ros2_ws/build/HTW_imu/build install --record /home/zzq/Desktop/ros2_ws/build/HTW_imu/install.log --single-version-externally-managed install_data --force
[1.577s] DEBUG:colcon.colcon_core.event_handler.log_command:Invoked command in '/home/zzq/Desktop/ros2_ws/build/beginner_py' returned '0': PYTHONPATH=/home/zzq/Desktop/ros2_ws/build/beginner_py/prefix_override:/usr/lib/python3/dist-packages/colcon_core/task/python/colcon_distutils_commands:/home/zzq/Desktop/ros2_ws/install/beginner_py/lib/python3.10/site-packages:${PYTHONPATH} /usr/bin/python3 -W ignore:setup.py install is deprecated setup.py develop --uninstall --editable --build-directory /home/zzq/Desktop/ros2_ws/build/beginner_py/build
[1.578s] DEBUG:colcon.colcon_core.event_handler.log_command:Invoking command in '/home/zzq/Desktop/ros2_ws/src/beginner_py': PYTHONPATH=/home/zzq/Desktop/ros2_ws/build/beginner_py/prefix_override:/usr/lib/python3/dist-packages/colcon_core/task/python/colcon_distutils_commands:/home/zzq/Desktop/ros2_ws/install/beginner_py/lib/python3.10/site-packages:${PYTHONPATH} /usr/bin/python3 -W ignore:setup.py install is deprecated setup.py egg_info --egg-base ../../build/beginner_py build --build-base /home/zzq/Desktop/ros2_ws/build/beginner_py/build install --record /home/zzq/Desktop/ros2_ws/build/beginner_py/install.log --single-version-externally-managed install_data --force
[1.675s] Level 1:colcon.colcon_core.environment:checking '/home/zzq/Desktop/ros2_ws/install/Action_turtle' for CMake module files
[1.676s] DEBUG:colcon.colcon_core.event_handler.log_command:Invoked command in '/home/zzq/Desktop/ros2_ws/src/Action_turtle' returned '0': PYTHONPATH=/home/zzq/Desktop/ros2_ws/build/Action_turtle/prefix_override:/usr/lib/python3/dist-packages/colcon_core/task/python/colcon_distutils_commands:/home/zzq/Desktop/ros2_ws/install/Action_turtle/lib/python3.10/site-packages:${PYTHONPATH} /usr/bin/python3 -W ignore:setup.py install is deprecated setup.py egg_info --egg-base ../../build/Action_turtle build --build-base /home/zzq/Desktop/ros2_ws/build/Action_turtle/build install --record /home/zzq/Desktop/ros2_ws/build/Action_turtle/install.log --single-version-externally-managed install_data --force
[1.676s] Level 1:colcon.colcon_core.environment:checking '/home/zzq/Desktop/ros2_ws/install/Action_turtle' for CMake config files
[1.677s] Level 1:colcon.colcon_core.environment:checking '/home/zzq/Desktop/ros2_ws/install/Action_turtle/lib'
[1.677s] Level 1:colcon.colcon_core.environment:checking '/home/zzq/Desktop/ros2_ws/install/Action_turtle/bin'
[1.677s] Level 1:colcon.colcon_core.environment:checking '/home/zzq/Desktop/ros2_ws/install/Action_turtle/lib/pkgconfig/Action_turtle.pc'
[1.677s] Level 1:colcon.colcon_core.environment:checking '/home/zzq/Desktop/ros2_ws/install/Action_turtle/lib/python3.10/site-packages'
[1.677s] Level 1:colcon.colcon_core.shell:create_environment_hook('Action_turtle', 'pythonpath')
[1.677s] INFO:colcon.colcon_core.shell:Creating environment hook '/home/zzq/Desktop/ros2_ws/install/Action_turtle/share/Action_turtle/hook/pythonpath.ps1'
[1.678s] INFO:colcon.colcon_core.shell:Creating environment descriptor '/home/zzq/Desktop/ros2_ws/install/Action_turtle/share/Action_turtle/hook/pythonpath.dsv'
[1.678s] INFO:colcon.colcon_core.shell:Creating environment hook '/home/zzq/Desktop/ros2_ws/install/Action_turtle/share/Action_turtle/hook/pythonpath.sh'
[1.678s] Level 1:colcon.colcon_core.environment:checking '/home/zzq/Desktop/ros2_ws/install/Action_turtle/bin'
[1.679s] Level 1:colcon.colcon_core.environment:create_environment_scripts_only(Action_turtle)
[1.679s] INFO:colcon.colcon_core.shell:Creating package script '/home/zzq/Desktop/ros2_ws/install/Action_turtle/share/Action_turtle/package.ps1'
[1.679s] INFO:colcon.colcon_core.shell:Creating package descriptor '/home/zzq/Desktop/ros2_ws/install/Action_turtle/share/Action_turtle/package.dsv'
[1.680s] INFO:colcon.colcon_core.shell:Creating package script '/home/zzq/Desktop/ros2_ws/install/Action_turtle/share/Action_turtle/package.sh'
[1.680s] INFO:colcon.colcon_core.shell:Creating package script '/home/zzq/Desktop/ros2_ws/install/Action_turtle/share/Action_turtle/package.bash'
[1.681s] INFO:colcon.colcon_core.shell:Creating package script '/home/zzq/Desktop/ros2_ws/install/Action_turtle/share/Action_turtle/package.zsh'
[1.681s] Level 1:colcon.colcon_core.environment:create_file_with_runtime_dependencies(/home/zzq/Desktop/ros2_ws/install/Action_turtle/share/colcon-core/packages/Action_turtle)
[1.682s] Level 1:colcon.colcon_core.environment:checking '/home/zzq/Desktop/ros2_ws/install/service_client_py' for CMake module files
[1.683s] DEBUG:colcon.colcon_core.event_handler.log_command:Invoked command in '/home/zzq/Desktop/ros2_ws/src/service_client_py' returned '0': PYTHONPATH=/home/zzq/Desktop/ros2_ws/build/service_client_py/prefix_override:/usr/lib/python3/dist-packages/colcon_core/task/python/colcon_distutils_commands:/home/zzq/Desktop/ros2_ws/install/service_client_py/lib/python3.10/site-packages:${PYTHONPATH} /usr/bin/python3 -W ignore:setup.py install is deprecated setup.py egg_info --egg-base ../../build/service_client_py build --build-base /home/zzq/Desktop/ros2_ws/build/service_client_py/build install --record /home/zzq/Desktop/ros2_ws/build/service_client_py/install.log --single-version-externally-managed install_data --force
[1.683s] Level 1:colcon.colcon_core.environment:checking '/home/zzq/Desktop/ros2_ws/install/service_client_py' for CMake config files
[1.684s] Level 1:colcon.colcon_core.environment:checking '/home/zzq/Desktop/ros2_ws/install/service_client_py/lib'
[1.684s] Level 1:colcon.colcon_core.environment:checking '/home/zzq/Desktop/ros2_ws/install/service_client_py/bin'
[1.684s] Level 1:colcon.colcon_core.environment:checking '/home/zzq/Desktop/ros2_ws/install/service_client_py/lib/pkgconfig/service_client_py.pc'
[1.684s] Level 1:colcon.colcon_core.environment:checking '/home/zzq/Desktop/ros2_ws/install/service_client_py/lib/python3.10/site-packages'
[1.684s] Level 1:colcon.colcon_core.shell:create_environment_hook('service_client_py', 'pythonpath')
[1.684s] INFO:colcon.colcon_core.shell:Creating environment hook '/home/zzq/Desktop/ros2_ws/install/service_client_py/share/service_client_py/hook/pythonpath.ps1'
[1.685s] INFO:colcon.colcon_core.shell:Creating environment descriptor '/home/zzq/Desktop/ros2_ws/install/service_client_py/share/service_client_py/hook/pythonpath.dsv'
[1.685s] INFO:colcon.colcon_core.shell:Creating environment hook '/home/zzq/Desktop/ros2_ws/install/service_client_py/share/service_client_py/hook/pythonpath.sh'
[1.686s] Level 1:colcon.colcon_core.environment:checking '/home/zzq/Desktop/ros2_ws/install/service_client_py/bin'
[1.686s] Level 1:colcon.colcon_core.environment:create_environment_scripts_only(service_client_py)
[1.686s] INFO:colcon.colcon_core.shell:Creating package script '/home/zzq/Desktop/ros2_ws/install/service_client_py/share/service_client_py/package.ps1'
[1.686s] INFO:colcon.colcon_core.shell:Creating package descriptor '/home/zzq/Desktop/ros2_ws/install/service_client_py/share/service_client_py/package.dsv'
[1.686s] INFO:colcon.colcon_core.shell:Creating package script '/home/zzq/Desktop/ros2_ws/install/service_client_py/share/service_client_py/package.sh'
[1.686s] INFO:colcon.colcon_core.shell:Creating package script '/home/zzq/Desktop/ros2_ws/install/service_client_py/share/service_client_py/package.bash'
[1.686s] INFO:colcon.colcon_core.shell:Creating package script '/home/zzq/Desktop/ros2_ws/install/service_client_py/share/service_client_py/package.zsh'
[1.687s] Level 1:colcon.colcon_core.environment:create_file_with_runtime_dependencies(/home/zzq/Desktop/ros2_ws/install/service_client_py/share/colcon-core/packages/service_client_py)
[1.692s] Level 1:colcon.colcon_core.environment:checking '/home/zzq/Desktop/ros2_ws/install/beitong_joy' for CMake module files
[1.692s] DEBUG:colcon.colcon_core.event_handler.log_command:Invoked command in '/home/zzq/Desktop/ros2_ws/src/beitong_joy' returned '0': PYTHONPATH=/home/zzq/Desktop/ros2_ws/build/beitong_joy/prefix_override:/usr/lib/python3/dist-packages/colcon_core/task/python/colcon_distutils_commands:/home/zzq/Desktop/ros2_ws/install/beitong_joy/lib/python3.10/site-packages:${PYTHONPATH} /usr/bin/python3 -W ignore:setup.py install is deprecated setup.py egg_info --egg-base ../../build/beitong_joy build --build-base /home/zzq/Desktop/ros2_ws/build/beitong_joy/build install --record /home/zzq/Desktop/ros2_ws/build/beitong_joy/install.log --single-version-externally-managed install_data --force
[1.693s] Level 1:colcon.colcon_core.environment:checking '/home/zzq/Desktop/ros2_ws/install/beitong_joy' for CMake config files
[1.693s] Level 1:colcon.colcon_core.environment:checking '/home/zzq/Desktop/ros2_ws/install/beitong_joy/lib'
[1.693s] Level 1:colcon.colcon_core.environment:checking '/home/zzq/Desktop/ros2_ws/install/beitong_joy/bin'
[1.693s] Level 1:colcon.colcon_core.environment:checking '/home/zzq/Desktop/ros2_ws/install/beitong_joy/lib/pkgconfig/beitong_joy.pc'
[1.693s] Level 1:colcon.colcon_core.environment:checking '/home/zzq/Desktop/ros2_ws/install/beitong_joy/lib/python3.10/site-packages'
[1.693s] Level 1:colcon.colcon_core.shell:create_environment_hook('beitong_joy', 'pythonpath')
[1.693s] INFO:colcon.colcon_core.shell:Creating environment hook '/home/zzq/Desktop/ros2_ws/install/beitong_joy/share/beitong_joy/hook/pythonpath.ps1'
[1.693s] INFO:colcon.colcon_core.shell:Creating environment descriptor '/home/zzq/Desktop/ros2_ws/install/beitong_joy/share/beitong_joy/hook/pythonpath.dsv'
[1.694s] INFO:colcon.colcon_core.shell:Creating environment hook '/home/zzq/Desktop/ros2_ws/install/beitong_joy/share/beitong_joy/hook/pythonpath.sh'
[1.694s] Level 1:colcon.colcon_core.environment:checking '/home/zzq/Desktop/ros2_ws/install/beitong_joy/bin'
[1.694s] Level 1:colcon.colcon_core.environment:create_environment_scripts_only(beitong_joy)
[1.694s] INFO:colcon.colcon_core.shell:Creating package script '/home/zzq/Desktop/ros2_ws/install/beitong_joy/share/beitong_joy/package.ps1'
[1.694s] INFO:colcon.colcon_core.shell:Creating package descriptor '/home/zzq/Desktop/ros2_ws/install/beitong_joy/share/beitong_joy/package.dsv'
[1.694s] INFO:colcon.colcon_core.shell:Creating package script '/home/zzq/Desktop/ros2_ws/install/beitong_joy/share/beitong_joy/package.sh'
[1.695s] INFO:colcon.colcon_core.shell:Creating package script '/home/zzq/Desktop/ros2_ws/install/beitong_joy/share/beitong_joy/package.bash'
[1.695s] INFO:colcon.colcon_core.shell:Creating package script '/home/zzq/Desktop/ros2_ws/install/beitong_joy/share/beitong_joy/package.zsh'
[1.695s] Level 1:colcon.colcon_core.environment:create_file_with_runtime_dependencies(/home/zzq/Desktop/ros2_ws/install/beitong_joy/share/colcon-core/packages/beitong_joy)
[1.696s] Level 1:colcon.colcon_core.environment:checking '/home/zzq/Desktop/ros2_ws/install/HTW_imu' for CMake module files
[1.696s] DEBUG:colcon.colcon_core.event_handler.log_command:Invoked command in '/home/zzq/Desktop/ros2_ws/src/HWT_imu' returned '0': PYTHONPATH=/home/zzq/Desktop/ros2_ws/build/HTW_imu/prefix_override:/usr/lib/python3/dist-packages/colcon_core/task/python/colcon_distutils_commands:/home/zzq/Desktop/ros2_ws/install/HTW_imu/lib/python3.10/site-packages:${PYTHONPATH} /usr/bin/python3 -W ignore:setup.py install is deprecated setup.py egg_info --egg-base ../../build/HTW_imu build --build-base /home/zzq/Desktop/ros2_ws/build/HTW_imu/build install --record /home/zzq/Desktop/ros2_ws/build/HTW_imu/install.log --single-version-externally-managed install_data --force
[1.697s] Level 1:colcon.colcon_core.environment:checking '/home/zzq/Desktop/ros2_ws/install/HTW_imu' for CMake config files
[1.697s] Level 1:colcon.colcon_core.environment:checking '/home/zzq/Desktop/ros2_ws/install/HTW_imu/lib'
[1.697s] Level 1:colcon.colcon_core.environment:checking '/home/zzq/Desktop/ros2_ws/install/HTW_imu/bin'
[1.697s] Level 1:colcon.colcon_core.environment:checking '/home/zzq/Desktop/ros2_ws/install/HTW_imu/lib/pkgconfig/HTW_imu.pc'
[1.697s] Level 1:colcon.colcon_core.environment:checking '/home/zzq/Desktop/ros2_ws/install/HTW_imu/lib/python3.10/site-packages'
[1.697s] Level 1:colcon.colcon_core.shell:create_environment_hook('HTW_imu', 'pythonpath')
[1.697s] INFO:colcon.colcon_core.shell:Creating environment hook '/home/zzq/Desktop/ros2_ws/install/HTW_imu/share/HTW_imu/hook/pythonpath.ps1'
[1.697s] INFO:colcon.colcon_core.shell:Creating environment descriptor '/home/zzq/Desktop/ros2_ws/install/HTW_imu/share/HTW_imu/hook/pythonpath.dsv'
[1.697s] INFO:colcon.colcon_core.shell:Creating environment hook '/home/zzq/Desktop/ros2_ws/install/HTW_imu/share/HTW_imu/hook/pythonpath.sh'
[1.698s] Level 1:colcon.colcon_core.environment:checking '/home/zzq/Desktop/ros2_ws/install/HTW_imu/bin'
[1.698s] Level 1:colcon.colcon_core.environment:create_environment_scripts_only(HTW_imu)
[1.698s] INFO:colcon.colcon_core.shell:Creating package script '/home/zzq/Desktop/ros2_ws/install/HTW_imu/share/HTW_imu/package.ps1'
[1.698s] INFO:colcon.colcon_core.shell:Creating package descriptor '/home/zzq/Desktop/ros2_ws/install/HTW_imu/share/HTW_imu/package.dsv'
[1.698s] INFO:colcon.colcon_core.shell:Creating package script '/home/zzq/Desktop/ros2_ws/install/HTW_imu/share/HTW_imu/package.sh'
[1.698s] INFO:colcon.colcon_core.shell:Creating package script '/home/zzq/Desktop/ros2_ws/install/HTW_imu/share/HTW_imu/package.bash'
[1.698s] INFO:colcon.colcon_core.shell:Creating package script '/home/zzq/Desktop/ros2_ws/install/HTW_imu/share/HTW_imu/package.zsh'
[1.699s] Level 1:colcon.colcon_core.environment:create_file_with_runtime_dependencies(/home/zzq/Desktop/ros2_ws/install/HTW_imu/share/colcon-core/packages/HTW_imu)
[1.755s] DEBUG:colcon.colcon_core.event_handler.log_command:Invoked command in '/home/zzq/Desktop/ros2_ws/build/srv_msg_creating' returned '0': CMAKE_PREFIX_PATH=${CMAKE_PREFIX_PATH}:/home/zzq/Desktop/ros2_ws/install/srv_msg_creating_py:/home/zzq/Desktop/ros2_ws/install/service_client_py:/home/zzq/Desktop/ros2_ws/install/beitong_joy:/home/zzq/Desktop/ros2_ws/install/beginner_py:/home/zzq/Desktop/ros2_ws/install/HTW_imu:/home/zzq/Desktop/ros2_ws/install/Action_turtle:/home/zzq/Desktop/GYH_ws/install/learning_urdf:/home/zzq/Desktop/GYH_ws/install/learning_topic:/home/zzq/Desktop/GYH_ws/install/learning_tf:/home/zzq/Desktop/GYH_ws/install/learning_service:/home/zzq/Desktop/GYH_ws/install/learning_qos:/home/zzq/Desktop/GYH_ws/install/learning_pkg_python:/home/zzq/Desktop/GYH_ws/install/learning_parameter:/home/zzq/Desktop/GYH_ws/install/learning_node:/home/zzq/Desktop/GYH_ws/install/learning_launch:/home/zzq/Desktop/GYH_ws/install/learning_action:/home/zzq/Desktop/GYH_ws/install/learning_gazebo:/home/zzq/Desktop/GYH_ws/install/learning_cv:/opt/ros/humble /usr/bin/cmake /home/zzq/Desktop/ros2_ws/src/srv_msg_creating -DCMAKE_INSTALL_PREFIX=/home/zzq/Desktop/ros2_ws/install/srv_msg_creating
[1.756s] DEBUG:colcon.colcon_core.event_handler.log_command:Invoking command in '/home/zzq/Desktop/ros2_ws/build/srv_msg_creating': CMAKE_PREFIX_PATH=${CMAKE_PREFIX_PATH}:/home/zzq/Desktop/ros2_ws/install/srv_msg_creating_py:/home/zzq/Desktop/ros2_ws/install/service_client_py:/home/zzq/Desktop/ros2_ws/install/beitong_joy:/home/zzq/Desktop/ros2_ws/install/beginner_py:/home/zzq/Desktop/ros2_ws/install/HTW_imu:/home/zzq/Desktop/ros2_ws/install/Action_turtle:/home/zzq/Desktop/GYH_ws/install/learning_urdf:/home/zzq/Desktop/GYH_ws/install/learning_topic:/home/zzq/Desktop/GYH_ws/install/learning_tf:/home/zzq/Desktop/GYH_ws/install/learning_service:/home/zzq/Desktop/GYH_ws/install/learning_qos:/home/zzq/Desktop/GYH_ws/install/learning_pkg_python:/home/zzq/Desktop/GYH_ws/install/learning_parameter:/home/zzq/Desktop/GYH_ws/install/learning_node:/home/zzq/Desktop/GYH_ws/install/learning_launch:/home/zzq/Desktop/GYH_ws/install/learning_action:/home/zzq/Desktop/GYH_ws/install/learning_gazebo:/home/zzq/Desktop/GYH_ws/install/learning_cv:/opt/ros/humble /usr/bin/cmake --build /home/zzq/Desktop/ros2_ws/build/srv_msg_creating -- -j32 -l32
[1.785s] DEBUG:colcon.colcon_core.event_handler.log_command:Invoked command in '/home/zzq/Desktop/ros2_ws/build/srv_msg_creating' returned '2': CMAKE_PREFIX_PATH=${CMAKE_PREFIX_PATH}:/home/zzq/Desktop/ros2_ws/install/srv_msg_creating_py:/home/zzq/Desktop/ros2_ws/install/service_client_py:/home/zzq/Desktop/ros2_ws/install/beitong_joy:/home/zzq/Desktop/ros2_ws/install/beginner_py:/home/zzq/Desktop/ros2_ws/install/HTW_imu:/home/zzq/Desktop/ros2_ws/install/Action_turtle:/home/zzq/Desktop/GYH_ws/install/learning_urdf:/home/zzq/Desktop/GYH_ws/install/learning_topic:/home/zzq/Desktop/GYH_ws/install/learning_tf:/home/zzq/Desktop/GYH_ws/install/learning_service:/home/zzq/Desktop/GYH_ws/install/learning_qos:/home/zzq/Desktop/GYH_ws/install/learning_pkg_python:/home/zzq/Desktop/GYH_ws/install/learning_parameter:/home/zzq/Desktop/GYH_ws/install/learning_node:/home/zzq/Desktop/GYH_ws/install/learning_launch:/home/zzq/Desktop/GYH_ws/install/learning_action:/home/zzq/Desktop/GYH_ws/install/learning_gazebo:/home/zzq/Desktop/GYH_ws/install/learning_cv:/opt/ros/humble /usr/bin/cmake --build /home/zzq/Desktop/ros2_ws/build/srv_msg_creating -- -j32 -l32
[1.790s] Level 1:colcon.colcon_core.environment:checking '/home/zzq/Desktop/ros2_ws/install/beginner_py' for CMake module files
[1.790s] DEBUG:colcon.colcon_core.event_handler.log_command:Invoked command in '/home/zzq/Desktop/ros2_ws/src/beginner_py' returned '0': PYTHONPATH=/home/zzq/Desktop/ros2_ws/build/beginner_py/prefix_override:/usr/lib/python3/dist-packages/colcon_core/task/python/colcon_distutils_commands:/home/zzq/Desktop/ros2_ws/install/beginner_py/lib/python3.10/site-packages:${PYTHONPATH} /usr/bin/python3 -W ignore:setup.py install is deprecated setup.py egg_info --egg-base ../../build/beginner_py build --build-base /home/zzq/Desktop/ros2_ws/build/beginner_py/build install --record /home/zzq/Desktop/ros2_ws/build/beginner_py/install.log --single-version-externally-managed install_data --force
[1.790s] Level 1:colcon.colcon_core.environment:checking '/home/zzq/Desktop/ros2_ws/install/beginner_py' for CMake config files
[1.791s] Level 1:colcon.colcon_core.environment:checking '/home/zzq/Desktop/ros2_ws/install/beginner_py/lib'
[1.791s] Level 1:colcon.colcon_core.environment:checking '/home/zzq/Desktop/ros2_ws/install/beginner_py/bin'
[1.791s] Level 1:colcon.colcon_core.environment:checking '/home/zzq/Desktop/ros2_ws/install/beginner_py/lib/pkgconfig/beginner_py.pc'
[1.791s] Level 1:colcon.colcon_core.environment:checking '/home/zzq/Desktop/ros2_ws/install/beginner_py/lib/python3.10/site-packages'
[1.791s] Level 1:colcon.colcon_core.shell:create_environment_hook('beginner_py', 'pythonpath')
[1.791s] INFO:colcon.colcon_core.shell:Creating environment hook '/home/zzq/Desktop/ros2_ws/install/beginner_py/share/beginner_py/hook/pythonpath.ps1'
[1.792s] INFO:colcon.colcon_core.shell:Creating environment descriptor '/home/zzq/Desktop/ros2_ws/install/beginner_py/share/beginner_py/hook/pythonpath.dsv'
[1.792s] INFO:colcon.colcon_core.shell:Creating environment hook '/home/zzq/Desktop/ros2_ws/install/beginner_py/share/beginner_py/hook/pythonpath.sh'
[1.792s] Level 1:colcon.colcon_core.environment:checking '/home/zzq/Desktop/ros2_ws/install/beginner_py/bin'
[1.792s] Level 1:colcon.colcon_core.environment:create_environment_scripts_only(beginner_py)
[1.792s] INFO:colcon.colcon_core.shell:Creating package script '/home/zzq/Desktop/ros2_ws/install/beginner_py/share/beginner_py/package.ps1'
[1.793s] INFO:colcon.colcon_core.shell:Creating package descriptor '/home/zzq/Desktop/ros2_ws/install/beginner_py/share/beginner_py/package.dsv'
[1.793s] INFO:colcon.colcon_core.shell:Creating package script '/home/zzq/Desktop/ros2_ws/install/beginner_py/share/beginner_py/package.sh'
[1.793s] INFO:colcon.colcon_core.shell:Creating package script '/home/zzq/Desktop/ros2_ws/install/beginner_py/share/beginner_py/package.bash'
[1.793s] INFO:colcon.colcon_core.shell:Creating package script '/home/zzq/Desktop/ros2_ws/install/beginner_py/share/beginner_py/package.zsh'
[1.794s] Level 1:colcon.colcon_core.environment:create_file_with_runtime_dependencies(/home/zzq/Desktop/ros2_ws/install/beginner_py/share/colcon-core/packages/beginner_py)
[1.836s] Level 1:colcon.colcon_core.environment:create_environment_scripts_only(srv_msg_creating)
[1.836s] Level 1:colcon.colcon_core.environment:checking '/home/zzq/Desktop/ros2_ws/install/srv_msg_creating' for CMake module files
[1.837s] Level 1:colcon.colcon_core.environment:checking '/home/zzq/Desktop/ros2_ws/install/srv_msg_creating' for CMake config files
[1.837s] Level 1:colcon.colcon_core.shell:create_environment_hook('srv_msg_creating', 'cmake_prefix_path')
[1.837s] INFO:colcon.colcon_core.shell:Creating environment hook '/home/zzq/Desktop/ros2_ws/install/srv_msg_creating/share/srv_msg_creating/hook/cmake_prefix_path.ps1'
[1.837s] INFO:colcon.colcon_core.shell:Creating environment descriptor '/home/zzq/Desktop/ros2_ws/install/srv_msg_creating/share/srv_msg_creating/hook/cmake_prefix_path.dsv'
[1.837s] INFO:colcon.colcon_core.shell:Creating environment hook '/home/zzq/Desktop/ros2_ws/install/srv_msg_creating/share/srv_msg_creating/hook/cmake_prefix_path.sh'
[1.838s] Level 1:colcon.colcon_core.environment:checking '/home/zzq/Desktop/ros2_ws/install/srv_msg_creating/lib'
[1.838s] Level 1:colcon.colcon_core.shell:create_environment_hook('srv_msg_creating', 'ld_library_path_lib')
[1.838s] INFO:colcon.colcon_core.shell:Creating environment hook '/home/zzq/Desktop/ros2_ws/install/srv_msg_creating/share/srv_msg_creating/hook/ld_library_path_lib.ps1'
[1.838s] INFO:colcon.colcon_core.shell:Creating environment descriptor '/home/zzq/Desktop/ros2_ws/install/srv_msg_creating/share/srv_msg_creating/hook/ld_library_path_lib.dsv'
[1.838s] INFO:colcon.colcon_core.shell:Creating environment hook '/home/zzq/Desktop/ros2_ws/install/srv_msg_creating/share/srv_msg_creating/hook/ld_library_path_lib.sh'
[1.838s] Level 1:colcon.colcon_core.environment:checking '/home/zzq/Desktop/ros2_ws/install/srv_msg_creating/bin'
[1.838s] Level 1:colcon.colcon_core.environment:checking '/home/zzq/Desktop/ros2_ws/install/srv_msg_creating/lib/pkgconfig/srv_msg_creating.pc'
[1.838s] Level 1:colcon.colcon_core.environment:checking '/home/zzq/Desktop/ros2_ws/install/srv_msg_creating/lib/python3.10/site-packages'
[1.838s] Level 1:colcon.colcon_core.environment:checking '/home/zzq/Desktop/ros2_ws/install/srv_msg_creating/bin'
[1.838s] INFO:colcon.colcon_core.shell:Creating package script '/home/zzq/Desktop/ros2_ws/install/srv_msg_creating/share/srv_msg_creating/package.ps1'
[1.839s] INFO:colcon.colcon_core.shell:Creating package descriptor '/home/zzq/Desktop/ros2_ws/install/srv_msg_creating/share/srv_msg_creating/package.dsv'
[1.839s] INFO:colcon.colcon_core.shell:Creating package script '/home/zzq/Desktop/ros2_ws/install/srv_msg_creating/share/srv_msg_creating/package.sh'
[1.839s] INFO:colcon.colcon_core.shell:Creating package script '/home/zzq/Desktop/ros2_ws/install/srv_msg_creating/share/srv_msg_creating/package.bash'
[1.839s] INFO:colcon.colcon_core.shell:Creating package script '/home/zzq/Desktop/ros2_ws/install/srv_msg_creating/share/srv_msg_creating/package.zsh'
[1.839s] Level 1:colcon.colcon_core.environment:create_file_with_runtime_dependencies(/home/zzq/Desktop/ros2_ws/install/srv_msg_creating/share/colcon-core/packages/srv_msg_creating)
[5.781s] DEBUG:colcon.colcon_parallel_executor.executor.parallel:closing loop
[5.781s] DEBUG:colcon.colcon_parallel_executor.executor.parallel:loop closed
[5.781s] DEBUG:colcon.colcon_parallel_executor.executor.parallel:run_until_complete finished with '2'
[5.781s] DEBUG:colcon.colcon_core.event_reactor:joining thread
[5.787s] INFO:colcon.colcon_core.plugin_system:Skipping extension 'colcon_notification.desktop_notification.terminal_notifier': Not used on non-Darwin systems
[5.787s] INFO:colcon.colcon_core.plugin_system:Skipping extension 'colcon_notification.desktop_notification.win32': Not used on non-Windows systems
[5.787s] INFO:colcon.colcon_notification.desktop_notification:Sending desktop notification using 'notify2'
[5.797s] DEBUG:colcon.colcon_core.event_reactor:joined thread
[5.797s] INFO:colcon.colcon_core.shell:Creating prefix script '/home/zzq/Desktop/ros2_ws/install/local_setup.ps1'
[5.797s] INFO:colcon.colcon_core.shell:Creating prefix util module '/home/zzq/Desktop/ros2_ws/install/_local_setup_util_ps1.py'
[5.798s] INFO:colcon.colcon_core.shell:Creating prefix chain script '/home/zzq/Desktop/ros2_ws/install/setup.ps1'
[5.799s] INFO:colcon.colcon_core.shell:Creating prefix script '/home/zzq/Desktop/ros2_ws/install/local_setup.sh'
[5.799s] INFO:colcon.colcon_core.shell:Creating prefix util module '/home/zzq/Desktop/ros2_ws/install/_local_setup_util_sh.py'
[5.799s] INFO:colcon.colcon_core.shell:Creating prefix chain script '/home/zzq/Desktop/ros2_ws/install/setup.sh'
[5.800s] INFO:colcon.colcon_core.shell:Creating prefix script '/home/zzq/Desktop/ros2_ws/install/local_setup.bash'
[5.801s] INFO:colcon.colcon_core.shell:Creating prefix chain script '/home/zzq/Desktop/ros2_ws/install/setup.bash'
[5.801s] INFO:colcon.colcon_core.shell:Creating prefix script '/home/zzq/Desktop/ros2_ws/install/local_setup.zsh'
[5.802s] INFO:colcon.colcon_core.shell:Creating prefix chain script '/home/zzq/Desktop/ros2_ws/install/setup.zsh'
