running develop
/usr/lib/python3/dist-packages/setuptools/command/easy_install.py:158: EasyInstallDeprecationWarning: easy_install command is deprecated. Use build and pip and other standards-based tools.
  warnings.warn(
Removing /home/zzq/Desktop/ros2_ws/install/Action_turtle/lib/python3.10/site-packages/Action-turtle.egg-link (link to .)
running egg_info
writing ../../build/Action_turtle/Action_turtle.egg-info/PKG-INFO
writing dependency_links to ../../build/Action_turtle/Action_turtle.egg-info/dependency_links.txt
writing entry points to ../../build/Action_turtle/Action_turtle.egg-info/entry_points.txt
writing requirements to ../../build/Action_turtle/Action_turtle.egg-info/requires.txt
writing top-level names to ../../build/Action_turtle/Action_turtle.egg-info/top_level.txt
reading manifest file '../../build/Action_turtle/Action_turtle.egg-info/SOURCES.txt'
writing manifest file '../../build/Action_turtle/Action_turtle.egg-info/SOURCES.txt'
running build
running build_py
running install
running install_lib
copying /home/zzq/Desktop/ros2_ws/build/Action_turtle/build/lib/Action_turtle/__init__.py -> /home/zzq/Desktop/ros2_ws/install/Action_turtle/lib/python3.10/site-packages/Action_turtle
copying /home/zzq/Desktop/ros2_ws/build/Action_turtle/build/lib/Action_turtle/Action_turtle_server.py -> /home/zzq/Desktop/ros2_ws/install/Action_turtle/lib/python3.10/site-packages/Action_turtle
copying /home/zzq/Desktop/ros2_ws/build/Action_turtle/build/lib/Action_turtle/Action_turtle_client.py -> /home/zzq/Desktop/ros2_ws/install/Action_turtle/lib/python3.10/site-packages/Action_turtle
byte-compiling /home/zzq/Desktop/ros2_ws/install/Action_turtle/lib/python3.10/site-packages/Action_turtle/__init__.py to __init__.cpython-310.pyc
byte-compiling /home/zzq/Desktop/ros2_ws/install/Action_turtle/lib/python3.10/site-packages/Action_turtle/Action_turtle_server.py to Action_turtle_server.cpython-310.pyc
byte-compiling /home/zzq/Desktop/ros2_ws/install/Action_turtle/lib/python3.10/site-packages/Action_turtle/Action_turtle_client.py to Action_turtle_client.cpython-310.pyc
running install_data
copying resource/Action_turtle -> /home/zzq/Desktop/ros2_ws/install/Action_turtle/share/ament_index/resource_index/packages
copying package.xml -> /home/zzq/Desktop/ros2_ws/install/Action_turtle/share/Action_turtle
running install_egg_info
Copying ../../build/Action_turtle/Action_turtle.egg-info to /home/zzq/Desktop/ros2_ws/install/Action_turtle/lib/python3.10/site-packages/Action_turtle-0.0.0-py3.10.egg-info
running install_scripts
Installing Action_turtle_client script to /home/zzq/Desktop/ros2_ws/install/Action_turtle/lib/Action_turtle
Installing Action_turtle_server script to /home/zzq/Desktop/ros2_ws/install/Action_turtle/lib/Action_turtle
writing list of installed files to '/home/zzq/Desktop/ros2_ws/build/Action_turtle/install.log'
