[0.991s] Invoking command in '/home/zzq/Desktop/ros2_ws/build/Action_turtle': PYTHONPATH=/home/zzq/Desktop/ros2_ws/build/Action_turtle/prefix_override:/usr/lib/python3/dist-packages/colcon_core/task/python/colcon_distutils_commands:/home/zzq/Desktop/ros2_ws/install/Action_turtle/lib/python3.10/site-packages:${PYTHONPATH} /usr/bin/python3 -W ignore:setup.py install is deprecated setup.py develop --uninstall --editable --build-directory /home/zzq/Desktop/ros2_ws/build/Action_turtle/build
[1.154s] running develop
[1.155s] /usr/lib/python3/dist-packages/setuptools/command/easy_install.py:158: EasyInstallDeprecationWarning: easy_install command is deprecated. Use build and pip and other standards-based tools.
[1.155s]   warnings.warn(
[1.267s] Removing /home/zzq/Desktop/ros2_ws/install/Action_turtle/lib/python3.10/site-packages/Action-turtle.egg-link (link to .)
[1.284s] Invoked command in '/home/zzq/Desktop/ros2_ws/build/Action_turtle' returned '0': PYTHONPATH=/home/zzq/Desktop/ros2_ws/build/Action_turtle/prefix_override:/usr/lib/python3/dist-packages/colcon_core/task/python/colcon_distutils_commands:/home/zzq/Desktop/ros2_ws/install/Action_turtle/lib/python3.10/site-packages:${PYTHONPATH} /usr/bin/python3 -W ignore:setup.py install is deprecated setup.py develop --uninstall --editable --build-directory /home/zzq/Desktop/ros2_ws/build/Action_turtle/build
[1.284s] Invoking command in '/home/zzq/Desktop/ros2_ws/src/Action_turtle': PYTHONPATH=/home/zzq/Desktop/ros2_ws/build/Action_turtle/prefix_override:/usr/lib/python3/dist-packages/colcon_core/task/python/colcon_distutils_commands:/home/zzq/Desktop/ros2_ws/install/Action_turtle/lib/python3.10/site-packages:${PYTHONPATH} /usr/bin/python3 -W ignore:setup.py install is deprecated setup.py egg_info --egg-base ../../build/Action_turtle build --build-base /home/zzq/Desktop/ros2_ws/build/Action_turtle/build install --record /home/zzq/Desktop/ros2_ws/build/Action_turtle/install.log --single-version-externally-managed install_data --force
[1.442s] running egg_info
[1.442s] writing ../../build/Action_turtle/Action_turtle.egg-info/PKG-INFO
[1.442s] writing dependency_links to ../../build/Action_turtle/Action_turtle.egg-info/dependency_links.txt
[1.442s] writing entry points to ../../build/Action_turtle/Action_turtle.egg-info/entry_points.txt
[1.443s] writing requirements to ../../build/Action_turtle/Action_turtle.egg-info/requires.txt
[1.443s] writing top-level names to ../../build/Action_turtle/Action_turtle.egg-info/top_level.txt
[1.443s] reading manifest file '../../build/Action_turtle/Action_turtle.egg-info/SOURCES.txt'
[1.444s] writing manifest file '../../build/Action_turtle/Action_turtle.egg-info/SOURCES.txt'
[1.444s] running build
[1.444s] running build_py
[1.444s] running install
[1.445s] running install_lib
[1.445s] copying /home/zzq/Desktop/ros2_ws/build/Action_turtle/build/lib/Action_turtle/__init__.py -> /home/zzq/Desktop/ros2_ws/install/Action_turtle/lib/python3.10/site-packages/Action_turtle
[1.445s] copying /home/zzq/Desktop/ros2_ws/build/Action_turtle/build/lib/Action_turtle/Action_turtle_server.py -> /home/zzq/Desktop/ros2_ws/install/Action_turtle/lib/python3.10/site-packages/Action_turtle
[1.445s] copying /home/zzq/Desktop/ros2_ws/build/Action_turtle/build/lib/Action_turtle/Action_turtle_client.py -> /home/zzq/Desktop/ros2_ws/install/Action_turtle/lib/python3.10/site-packages/Action_turtle
[1.445s] byte-compiling /home/zzq/Desktop/ros2_ws/install/Action_turtle/lib/python3.10/site-packages/Action_turtle/__init__.py to __init__.cpython-310.pyc
[1.446s] byte-compiling /home/zzq/Desktop/ros2_ws/install/Action_turtle/lib/python3.10/site-packages/Action_turtle/Action_turtle_server.py to Action_turtle_server.cpython-310.pyc
[1.446s] byte-compiling /home/zzq/Desktop/ros2_ws/install/Action_turtle/lib/python3.10/site-packages/Action_turtle/Action_turtle_client.py to Action_turtle_client.cpython-310.pyc
[1.446s] running install_data
[1.446s] copying resource/Action_turtle -> /home/zzq/Desktop/ros2_ws/install/Action_turtle/share/ament_index/resource_index/packages
[1.446s] copying package.xml -> /home/zzq/Desktop/ros2_ws/install/Action_turtle/share/Action_turtle
[1.446s] running install_egg_info
[1.447s] Copying ../../build/Action_turtle/Action_turtle.egg-info to /home/zzq/Desktop/ros2_ws/install/Action_turtle/lib/python3.10/site-packages/Action_turtle-0.0.0-py3.10.egg-info
[1.448s] running install_scripts
[1.462s] Installing Action_turtle_client script to /home/zzq/Desktop/ros2_ws/install/Action_turtle/lib/Action_turtle
[1.462s] Installing Action_turtle_server script to /home/zzq/Desktop/ros2_ws/install/Action_turtle/lib/Action_turtle
[1.462s] writing list of installed files to '/home/zzq/Desktop/ros2_ws/build/Action_turtle/install.log'
[1.475s] Invoked command in '/home/zzq/Desktop/ros2_ws/src/Action_turtle' returned '0': PYTHONPATH=/home/zzq/Desktop/ros2_ws/build/Action_turtle/prefix_override:/usr/lib/python3/dist-packages/colcon_core/task/python/colcon_distutils_commands:/home/zzq/Desktop/ros2_ws/install/Action_turtle/lib/python3.10/site-packages:${PYTHONPATH} /usr/bin/python3 -W ignore:setup.py install is deprecated setup.py egg_info --egg-base ../../build/Action_turtle build --build-base /home/zzq/Desktop/ros2_ws/build/Action_turtle/build install --record /home/zzq/Desktop/ros2_ws/build/Action_turtle/install.log --single-version-externally-managed install_data --force
