[35m[1mConsolidate compiler generated dependencies of target srv_msg_creating__rosidl_generator_c[0m
[  2%] Built target srv_msg_creating__cpp
[ 12%] Built target srv_msg_creating__rosidl_generator_c
[35m[1mConsolidate compiler generated dependencies of target srv_msg_creating__rosidl_typesupport_introspection_cpp[0m
[35m[1mConsolidate compiler generated dependencies of target srv_msg_creating__rosidl_typesupport_fastrtps_c[0m
[35m[1mConsolidate compiler generated dependencies of target srv_msg_creating__rosidl_typesupport_cpp[0m
[35m[1mConsolidate compiler generated dependencies of target srv_msg_creating__rosidl_typesupport_fastrtps_cpp[0m
[35m[1mConsolidate compiler generated dependencies of target srv_msg_creating__rosidl_typesupport_introspection_c[0m
[35m[1mConsolidate compiler generated dependencies of target srv_msg_creating__rosidl_typesupport_c[0m
[ 12%] Built target ament_cmake_python_copy_srv_msg_creating
[ 23%] Built target srv_msg_creating__rosidl_typesupport_introspection_cpp
[ 34%] Built target srv_msg_creating__rosidl_typesupport_introspection_c
[ 44%] Built target srv_msg_creating__rosidl_typesupport_fastrtps_c
[ 63%] Built target srv_msg_creating__rosidl_typesupport_fastrtps_cpp
[ 65%] Built target srv_msg_creating__rosidl_typesupport_cpp
[ 76%] Built target srv_msg_creating__rosidl_typesupport_c
[ 76%] Built target srv_msg_creating
[ 78%] Built target srv_msg_creating__py
[35m[1mConsolidate compiler generated dependencies of target srv_msg_creating__rosidl_generator_py[0m
[ 87%] Built target srv_msg_creating__rosidl_generator_py
[35m[1mConsolidate compiler generated dependencies of target srv_msg_creating__rosidl_typesupport_fastrtps_c__pyext[0m
[35m[1mConsolidate compiler generated dependencies of target srv_msg_creating__rosidl_typesupport_introspection_c__pyext[0m
[35m[1mConsolidate compiler generated dependencies of target srv_msg_creating__rosidl_typesupport_c__pyext[0m
[ 95%] Built target srv_msg_creating__rosidl_typesupport_fastrtps_c__pyext
[ 95%] Built target srv_msg_creating__rosidl_typesupport_introspection_c__pyext
[100%] Built target srv_msg_creating__rosidl_typesupport_c__pyext
running egg_info
writing srv_msg_creating.egg-info/PKG-INFO
writing dependency_links to srv_msg_creating.egg-info/dependency_links.txt
writing top-level names to srv_msg_creating.egg-info/top_level.txt
reading manifest file 'srv_msg_creating.egg-info/SOURCES.txt'
writing manifest file 'srv_msg_creating.egg-info/SOURCES.txt'
[100%] Built target ament_cmake_python_build_srv_msg_creating_egg
-- Install configuration: ""
-- Installing: /home/zzq/Desktop/ros2_ws/install/srv_msg_creating/share/ament_index/resource_index/rosidl_interfaces/srv_msg_creating
-- Up-to-date: /home/zzq/Desktop/ros2_ws/install/srv_msg_creating/include/srv_msg_creating/srv_msg_creating
-- Up-to-date: /home/zzq/Desktop/ros2_ws/install/srv_msg_creating/include/srv_msg_creating/srv_msg_creating/action
-- Installing: /home/zzq/Desktop/ros2_ws/install/srv_msg_creating/include/srv_msg_creating/srv_msg_creating/action/move_circle.h
-- Up-to-date: /home/zzq/Desktop/ros2_ws/install/srv_msg_creating/include/srv_msg_creating/srv_msg_creating/action/detail
-- Installing: /home/zzq/Desktop/ros2_ws/install/srv_msg_creating/include/srv_msg_creating/srv_msg_creating/action/detail/move_circle__functions.h
-- Installing: /home/zzq/Desktop/ros2_ws/install/srv_msg_creating/include/srv_msg_creating/srv_msg_creating/action/detail/move_circle__functions.c
-- Installing: /home/zzq/Desktop/ros2_ws/install/srv_msg_creating/include/srv_msg_creating/srv_msg_creating/action/detail/move_circle__struct.h
-- Installing: /home/zzq/Desktop/ros2_ws/install/srv_msg_creating/include/srv_msg_creating/srv_msg_creating/action/detail/move_circle__type_support.h
-- Up-to-date: /home/zzq/Desktop/ros2_ws/install/srv_msg_creating/include/srv_msg_creating/srv_msg_creating/msg
-- Installing: /home/zzq/Desktop/ros2_ws/install/srv_msg_creating/include/srv_msg_creating/srv_msg_creating/msg/rosidl_generator_c__visibility_control.h
-- Installing: /home/zzq/Desktop/ros2_ws/install/srv_msg_creating/include/srv_msg_creating/srv_msg_creating/msg/num.h
-- Up-to-date: /home/zzq/Desktop/ros2_ws/install/srv_msg_creating/include/srv_msg_creating/srv_msg_creating/msg/detail
-- Installing: /home/zzq/Desktop/ros2_ws/install/srv_msg_creating/include/srv_msg_creating/srv_msg_creating/msg/detail/num__type_support.h
-- Installing: /home/zzq/Desktop/ros2_ws/install/srv_msg_creating/include/srv_msg_creating/srv_msg_creating/msg/detail/num__struct.h
-- Installing: /home/zzq/Desktop/ros2_ws/install/srv_msg_creating/include/srv_msg_creating/srv_msg_creating/msg/detail/num__functions.h
-- Installing: /home/zzq/Desktop/ros2_ws/install/srv_msg_creating/include/srv_msg_creating/srv_msg_creating/msg/detail/num__functions.c
-- Up-to-date: /home/zzq/Desktop/ros2_ws/install/srv_msg_creating/include/srv_msg_creating/srv_msg_creating/srv
-- Installing: /home/zzq/Desktop/ros2_ws/install/srv_msg_creating/include/srv_msg_creating/srv_msg_creating/srv/add_three_ints.h
-- Up-to-date: /home/zzq/Desktop/ros2_ws/install/srv_msg_creating/include/srv_msg_creating/srv_msg_creating/srv/detail
-- Installing: /home/zzq/Desktop/ros2_ws/install/srv_msg_creating/include/srv_msg_creating/srv_msg_creating/srv/detail/add_three_ints__functions.h
-- Installing: /home/zzq/Desktop/ros2_ws/install/srv_msg_creating/include/srv_msg_creating/srv_msg_creating/srv/detail/add_three_ints__functions.c
-- Installing: /home/zzq/Desktop/ros2_ws/install/srv_msg_creating/include/srv_msg_creating/srv_msg_creating/srv/detail/add_three_ints__struct.h
-- Installing: /home/zzq/Desktop/ros2_ws/install/srv_msg_creating/include/srv_msg_creating/srv_msg_creating/srv/detail/add_three_ints__type_support.h
-- Up-to-date: /home/zzq/Desktop/ros2_ws/install/srv_msg_creating/share/srv_msg_creating/environment/library_path.sh
-- Installing: /home/zzq/Desktop/ros2_ws/install/srv_msg_creating/share/srv_msg_creating/environment/library_path.dsv
-- Installing: /home/zzq/Desktop/ros2_ws/install/srv_msg_creating/lib/libsrv_msg_creating__rosidl_generator_c.so
-- Set runtime path of "/home/zzq/Desktop/ros2_ws/install/srv_msg_creating/lib/libsrv_msg_creating__rosidl_generator_c.so" to ""
-- Up-to-date: /home/zzq/Desktop/ros2_ws/install/srv_msg_creating/include/srv_msg_creating/srv_msg_creating
-- Up-to-date: /home/zzq/Desktop/ros2_ws/install/srv_msg_creating/include/srv_msg_creating/srv_msg_creating/action
-- Up-to-date: /home/zzq/Desktop/ros2_ws/install/srv_msg_creating/include/srv_msg_creating/srv_msg_creating/action/detail
-- Installing: /home/zzq/Desktop/ros2_ws/install/srv_msg_creating/include/srv_msg_creating/srv_msg_creating/action/detail/move_circle__rosidl_typesupport_fastrtps_c.h
-- Up-to-date: /home/zzq/Desktop/ros2_ws/install/srv_msg_creating/include/srv_msg_creating/srv_msg_creating/msg
-- Installing: /home/zzq/Desktop/ros2_ws/install/srv_msg_creating/include/srv_msg_creating/srv_msg_creating/msg/rosidl_typesupport_fastrtps_c__visibility_control.h
-- Up-to-date: /home/zzq/Desktop/ros2_ws/install/srv_msg_creating/include/srv_msg_creating/srv_msg_creating/msg/detail
-- Installing: /home/zzq/Desktop/ros2_ws/install/srv_msg_creating/include/srv_msg_creating/srv_msg_creating/msg/detail/num__rosidl_typesupport_fastrtps_c.h
-- Up-to-date: /home/zzq/Desktop/ros2_ws/install/srv_msg_creating/include/srv_msg_creating/srv_msg_creating/srv
-- Up-to-date: /home/zzq/Desktop/ros2_ws/install/srv_msg_creating/include/srv_msg_creating/srv_msg_creating/srv/detail
-- Installing: /home/zzq/Desktop/ros2_ws/install/srv_msg_creating/include/srv_msg_creating/srv_msg_creating/srv/detail/add_three_ints__rosidl_typesupport_fastrtps_c.h
-- Installing: /home/zzq/Desktop/ros2_ws/install/srv_msg_creating/lib/libsrv_msg_creating__rosidl_typesupport_fastrtps_c.so
-- Set runtime path of "/home/zzq/Desktop/ros2_ws/install/srv_msg_creating/lib/libsrv_msg_creating__rosidl_typesupport_fastrtps_c.so" to ""
-- Up-to-date: /home/zzq/Desktop/ros2_ws/install/srv_msg_creating/include/srv_msg_creating/srv_msg_creating
-- Up-to-date: /home/zzq/Desktop/ros2_ws/install/srv_msg_creating/include/srv_msg_creating/srv_msg_creating/action
-- Up-to-date: /home/zzq/Desktop/ros2_ws/install/srv_msg_creating/include/srv_msg_creating/srv_msg_creating/action/detail
-- Installing: /home/zzq/Desktop/ros2_ws/install/srv_msg_creating/include/srv_msg_creating/srv_msg_creating/action/detail/move_circle__type_support.c
-- Installing: /home/zzq/Desktop/ros2_ws/install/srv_msg_creating/include/srv_msg_creating/srv_msg_creating/action/detail/move_circle__rosidl_typesupport_introspection_c.h
-- Up-to-date: /home/zzq/Desktop/ros2_ws/install/srv_msg_creating/include/srv_msg_creating/srv_msg_creating/msg
-- Installing: /home/zzq/Desktop/ros2_ws/install/srv_msg_creating/include/srv_msg_creating/srv_msg_creating/msg/rosidl_typesupport_introspection_c__visibility_control.h
-- Up-to-date: /home/zzq/Desktop/ros2_ws/install/srv_msg_creating/include/srv_msg_creating/srv_msg_creating/msg/detail
-- Installing: /home/zzq/Desktop/ros2_ws/install/srv_msg_creating/include/srv_msg_creating/srv_msg_creating/msg/detail/num__type_support.c
-- Installing: /home/zzq/Desktop/ros2_ws/install/srv_msg_creating/include/srv_msg_creating/srv_msg_creating/msg/detail/num__rosidl_typesupport_introspection_c.h
-- Up-to-date: /home/zzq/Desktop/ros2_ws/install/srv_msg_creating/include/srv_msg_creating/srv_msg_creating/srv
-- Up-to-date: /home/zzq/Desktop/ros2_ws/install/srv_msg_creating/include/srv_msg_creating/srv_msg_creating/srv/detail
-- Installing: /home/zzq/Desktop/ros2_ws/install/srv_msg_creating/include/srv_msg_creating/srv_msg_creating/srv/detail/add_three_ints__type_support.c
-- Installing: /home/zzq/Desktop/ros2_ws/install/srv_msg_creating/include/srv_msg_creating/srv_msg_creating/srv/detail/add_three_ints__rosidl_typesupport_introspection_c.h
-- Installing: /home/zzq/Desktop/ros2_ws/install/srv_msg_creating/lib/libsrv_msg_creating__rosidl_typesupport_introspection_c.so
-- Set runtime path of "/home/zzq/Desktop/ros2_ws/install/srv_msg_creating/lib/libsrv_msg_creating__rosidl_typesupport_introspection_c.so" to ""
-- Installing: /home/zzq/Desktop/ros2_ws/install/srv_msg_creating/lib/libsrv_msg_creating__rosidl_typesupport_c.so
-- Set runtime path of "/home/zzq/Desktop/ros2_ws/install/srv_msg_creating/lib/libsrv_msg_creating__rosidl_typesupport_c.so" to ""
-- Up-to-date: /home/zzq/Desktop/ros2_ws/install/srv_msg_creating/include/srv_msg_creating/srv_msg_creating
-- Up-to-date: /home/zzq/Desktop/ros2_ws/install/srv_msg_creating/include/srv_msg_creating/srv_msg_creating/action
-- Up-to-date: /home/zzq/Desktop/ros2_ws/install/srv_msg_creating/include/srv_msg_creating/srv_msg_creating/action/detail
-- Installing: /home/zzq/Desktop/ros2_ws/install/srv_msg_creating/include/srv_msg_creating/srv_msg_creating/action/detail/move_circle__traits.hpp
-- Installing: /home/zzq/Desktop/ros2_ws/install/srv_msg_creating/include/srv_msg_creating/srv_msg_creating/action/detail/move_circle__builder.hpp
-- Installing: /home/zzq/Desktop/ros2_ws/install/srv_msg_creating/include/srv_msg_creating/srv_msg_creating/action/detail/move_circle__struct.hpp
-- Installing: /home/zzq/Desktop/ros2_ws/install/srv_msg_creating/include/srv_msg_creating/srv_msg_creating/action/move_circle.hpp
-- Up-to-date: /home/zzq/Desktop/ros2_ws/install/srv_msg_creating/include/srv_msg_creating/srv_msg_creating/msg
-- Up-to-date: /home/zzq/Desktop/ros2_ws/install/srv_msg_creating/include/srv_msg_creating/srv_msg_creating/msg/detail
-- Installing: /home/zzq/Desktop/ros2_ws/install/srv_msg_creating/include/srv_msg_creating/srv_msg_creating/msg/detail/num__traits.hpp
-- Installing: /home/zzq/Desktop/ros2_ws/install/srv_msg_creating/include/srv_msg_creating/srv_msg_creating/msg/detail/num__builder.hpp
-- Installing: /home/zzq/Desktop/ros2_ws/install/srv_msg_creating/include/srv_msg_creating/srv_msg_creating/msg/detail/num__struct.hpp
-- Installing: /home/zzq/Desktop/ros2_ws/install/srv_msg_creating/include/srv_msg_creating/srv_msg_creating/msg/num.hpp
-- Up-to-date: /home/zzq/Desktop/ros2_ws/install/srv_msg_creating/include/srv_msg_creating/srv_msg_creating/srv
-- Up-to-date: /home/zzq/Desktop/ros2_ws/install/srv_msg_creating/include/srv_msg_creating/srv_msg_creating/srv/detail
-- Installing: /home/zzq/Desktop/ros2_ws/install/srv_msg_creating/include/srv_msg_creating/srv_msg_creating/srv/detail/add_three_ints__traits.hpp
-- Installing: /home/zzq/Desktop/ros2_ws/install/srv_msg_creating/include/srv_msg_creating/srv_msg_creating/srv/detail/add_three_ints__struct.hpp
-- Installing: /home/zzq/Desktop/ros2_ws/install/srv_msg_creating/include/srv_msg_creating/srv_msg_creating/srv/detail/add_three_ints__builder.hpp
-- Installing: /home/zzq/Desktop/ros2_ws/install/srv_msg_creating/include/srv_msg_creating/srv_msg_creating/srv/add_three_ints.hpp
-- Up-to-date: /home/zzq/Desktop/ros2_ws/install/srv_msg_creating/include/srv_msg_creating/srv_msg_creating
-- Up-to-date: /home/zzq/Desktop/ros2_ws/install/srv_msg_creating/include/srv_msg_creating/srv_msg_creating/action
-- Up-to-date: /home/zzq/Desktop/ros2_ws/install/srv_msg_creating/include/srv_msg_creating/srv_msg_creating/action/detail
-- Up-to-date: /home/zzq/Desktop/ros2_ws/install/srv_msg_creating/include/srv_msg_creating/srv_msg_creating/action/detail/dds_fastrtps
-- Installing: /home/zzq/Desktop/ros2_ws/install/srv_msg_creating/include/srv_msg_creating/srv_msg_creating/action/detail/move_circle__rosidl_typesupport_fastrtps_cpp.hpp
-- Up-to-date: /home/zzq/Desktop/ros2_ws/install/srv_msg_creating/include/srv_msg_creating/srv_msg_creating/msg
-- Installing: /home/zzq/Desktop/ros2_ws/install/srv_msg_creating/include/srv_msg_creating/srv_msg_creating/msg/rosidl_typesupport_fastrtps_cpp__visibility_control.h
-- Up-to-date: /home/zzq/Desktop/ros2_ws/install/srv_msg_creating/include/srv_msg_creating/srv_msg_creating/msg/detail
-- Up-to-date: /home/zzq/Desktop/ros2_ws/install/srv_msg_creating/include/srv_msg_creating/srv_msg_creating/msg/detail/dds_fastrtps
-- Installing: /home/zzq/Desktop/ros2_ws/install/srv_msg_creating/include/srv_msg_creating/srv_msg_creating/msg/detail/num__rosidl_typesupport_fastrtps_cpp.hpp
-- Up-to-date: /home/zzq/Desktop/ros2_ws/install/srv_msg_creating/include/srv_msg_creating/srv_msg_creating/srv
-- Up-to-date: /home/zzq/Desktop/ros2_ws/install/srv_msg_creating/include/srv_msg_creating/srv_msg_creating/srv/detail
-- Up-to-date: /home/zzq/Desktop/ros2_ws/install/srv_msg_creating/include/srv_msg_creating/srv_msg_creating/srv/detail/dds_fastrtps
-- Installing: /home/zzq/Desktop/ros2_ws/install/srv_msg_creating/include/srv_msg_creating/srv_msg_creating/srv/detail/add_three_ints__rosidl_typesupport_fastrtps_cpp.hpp
-- Installing: /home/zzq/Desktop/ros2_ws/install/srv_msg_creating/lib/libsrv_msg_creating__rosidl_typesupport_fastrtps_cpp.so
-- Set runtime path of "/home/zzq/Desktop/ros2_ws/install/srv_msg_creating/lib/libsrv_msg_creating__rosidl_typesupport_fastrtps_cpp.so" to ""
-- Up-to-date: /home/zzq/Desktop/ros2_ws/install/srv_msg_creating/include/srv_msg_creating/srv_msg_creating
-- Up-to-date: /home/zzq/Desktop/ros2_ws/install/srv_msg_creating/include/srv_msg_creating/srv_msg_creating/action
-- Up-to-date: /home/zzq/Desktop/ros2_ws/install/srv_msg_creating/include/srv_msg_creating/srv_msg_creating/action/detail
-- Installing: /home/zzq/Desktop/ros2_ws/install/srv_msg_creating/include/srv_msg_creating/srv_msg_creating/action/detail/move_circle__rosidl_typesupport_introspection_cpp.hpp
-- Installing: /home/zzq/Desktop/ros2_ws/install/srv_msg_creating/include/srv_msg_creating/srv_msg_creating/action/detail/move_circle__type_support.cpp
-- Up-to-date: /home/zzq/Desktop/ros2_ws/install/srv_msg_creating/include/srv_msg_creating/srv_msg_creating/msg
-- Up-to-date: /home/zzq/Desktop/ros2_ws/install/srv_msg_creating/include/srv_msg_creating/srv_msg_creating/msg/detail
-- Installing: /home/zzq/Desktop/ros2_ws/install/srv_msg_creating/include/srv_msg_creating/srv_msg_creating/msg/detail/num__type_support.cpp
-- Installing: /home/zzq/Desktop/ros2_ws/install/srv_msg_creating/include/srv_msg_creating/srv_msg_creating/msg/detail/num__rosidl_typesupport_introspection_cpp.hpp
-- Up-to-date: /home/zzq/Desktop/ros2_ws/install/srv_msg_creating/include/srv_msg_creating/srv_msg_creating/srv
-- Up-to-date: /home/zzq/Desktop/ros2_ws/install/srv_msg_creating/include/srv_msg_creating/srv_msg_creating/srv/detail
-- Installing: /home/zzq/Desktop/ros2_ws/install/srv_msg_creating/include/srv_msg_creating/srv_msg_creating/srv/detail/add_three_ints__rosidl_typesupport_introspection_cpp.hpp
-- Installing: /home/zzq/Desktop/ros2_ws/install/srv_msg_creating/include/srv_msg_creating/srv_msg_creating/srv/detail/add_three_ints__type_support.cpp
-- Installing: /home/zzq/Desktop/ros2_ws/install/srv_msg_creating/lib/libsrv_msg_creating__rosidl_typesupport_introspection_cpp.so
-- Set runtime path of "/home/zzq/Desktop/ros2_ws/install/srv_msg_creating/lib/libsrv_msg_creating__rosidl_typesupport_introspection_cpp.so" to ""
-- Installing: /home/zzq/Desktop/ros2_ws/install/srv_msg_creating/lib/libsrv_msg_creating__rosidl_typesupport_cpp.so
-- Set runtime path of "/home/zzq/Desktop/ros2_ws/install/srv_msg_creating/lib/libsrv_msg_creating__rosidl_typesupport_cpp.so" to ""
-- Installing: /home/zzq/Desktop/ros2_ws/install/srv_msg_creating/share/srv_msg_creating/environment/pythonpath.sh
-- Installing: /home/zzq/Desktop/ros2_ws/install/srv_msg_creating/share/srv_msg_creating/environment/pythonpath.dsv
-- Up-to-date: /home/zzq/Desktop/ros2_ws/install/srv_msg_creating/local/lib/python3.10/dist-packages/srv_msg_creating-0.0.0-py3.10.egg-info
-- Installing: /home/zzq/Desktop/ros2_ws/install/srv_msg_creating/local/lib/python3.10/dist-packages/srv_msg_creating-0.0.0-py3.10.egg-info/dependency_links.txt
-- Installing: /home/zzq/Desktop/ros2_ws/install/srv_msg_creating/local/lib/python3.10/dist-packages/srv_msg_creating-0.0.0-py3.10.egg-info/top_level.txt
-- Installing: /home/zzq/Desktop/ros2_ws/install/srv_msg_creating/local/lib/python3.10/dist-packages/srv_msg_creating-0.0.0-py3.10.egg-info/PKG-INFO
-- Installing: /home/zzq/Desktop/ros2_ws/install/srv_msg_creating/local/lib/python3.10/dist-packages/srv_msg_creating-0.0.0-py3.10.egg-info/SOURCES.txt
-- Up-to-date: /home/zzq/Desktop/ros2_ws/install/srv_msg_creating/local/lib/python3.10/dist-packages/srv_msg_creating
-- Installing: /home/zzq/Desktop/ros2_ws/install/srv_msg_creating/local/lib/python3.10/dist-packages/srv_msg_creating/srv_msg_creating_s__rosidl_typesupport_c.cpython-310-x86_64-linux-gnu.so
-- Installing: /home/zzq/Desktop/ros2_ws/install/srv_msg_creating/local/lib/python3.10/dist-packages/srv_msg_creating/_srv_msg_creating_s.ep.rosidl_typesupport_c.c
-- Up-to-date: /home/zzq/Desktop/ros2_ws/install/srv_msg_creating/local/lib/python3.10/dist-packages/srv_msg_creating/action
-- Installing: /home/zzq/Desktop/ros2_ws/install/srv_msg_creating/local/lib/python3.10/dist-packages/srv_msg_creating/action/__init__.py
-- Installing: /home/zzq/Desktop/ros2_ws/install/srv_msg_creating/local/lib/python3.10/dist-packages/srv_msg_creating/action/_move_circle.py
-- Installing: /home/zzq/Desktop/ros2_ws/install/srv_msg_creating/local/lib/python3.10/dist-packages/srv_msg_creating/action/_move_circle_s.c
-- Installing: /home/zzq/Desktop/ros2_ws/install/srv_msg_creating/local/lib/python3.10/dist-packages/srv_msg_creating/_srv_msg_creating_s.ep.rosidl_typesupport_fastrtps_c.c
-- Up-to-date: /home/zzq/Desktop/ros2_ws/install/srv_msg_creating/local/lib/python3.10/dist-packages/srv_msg_creating/msg
-- Installing: /home/zzq/Desktop/ros2_ws/install/srv_msg_creating/local/lib/python3.10/dist-packages/srv_msg_creating/msg/__init__.py
-- Installing: /home/zzq/Desktop/ros2_ws/install/srv_msg_creating/local/lib/python3.10/dist-packages/srv_msg_creating/msg/_num.py
-- Installing: /home/zzq/Desktop/ros2_ws/install/srv_msg_creating/local/lib/python3.10/dist-packages/srv_msg_creating/msg/_num_s.c
-- Up-to-date: /home/zzq/Desktop/ros2_ws/install/srv_msg_creating/local/lib/python3.10/dist-packages/srv_msg_creating/srv
-- Installing: /home/zzq/Desktop/ros2_ws/install/srv_msg_creating/local/lib/python3.10/dist-packages/srv_msg_creating/srv/_add_three_ints_s.c
-- Installing: /home/zzq/Desktop/ros2_ws/install/srv_msg_creating/local/lib/python3.10/dist-packages/srv_msg_creating/srv/_add_three_ints.py
-- Installing: /home/zzq/Desktop/ros2_ws/install/srv_msg_creating/local/lib/python3.10/dist-packages/srv_msg_creating/srv/__init__.py
-- Installing: /home/zzq/Desktop/ros2_ws/install/srv_msg_creating/local/lib/python3.10/dist-packages/srv_msg_creating/__init__.py
-- Installing: /home/zzq/Desktop/ros2_ws/install/srv_msg_creating/local/lib/python3.10/dist-packages/srv_msg_creating/srv_msg_creating_s__rosidl_typesupport_introspection_c.cpython-310-x86_64-linux-gnu.so
-- Installing: /home/zzq/Desktop/ros2_ws/install/srv_msg_creating/local/lib/python3.10/dist-packages/srv_msg_creating/_srv_msg_creating_s.ep.rosidl_typesupport_introspection_c.c
-- Installing: /home/zzq/Desktop/ros2_ws/install/srv_msg_creating/local/lib/python3.10/dist-packages/srv_msg_creating/libsrv_msg_creating__rosidl_generator_py.so
-- Installing: /home/zzq/Desktop/ros2_ws/install/srv_msg_creating/local/lib/python3.10/dist-packages/srv_msg_creating/srv_msg_creating_s__rosidl_typesupport_fastrtps_c.cpython-310-x86_64-linux-gnu.so
Listing '/home/zzq/Desktop/ros2_ws/install/srv_msg_creating/local/lib/python3.10/dist-packages/srv_msg_creating'...
Compiling '/home/zzq/Desktop/ros2_ws/install/srv_msg_creating/local/lib/python3.10/dist-packages/srv_msg_creating/__init__.py'...
Listing '/home/zzq/Desktop/ros2_ws/install/srv_msg_creating/local/lib/python3.10/dist-packages/srv_msg_creating/action'...
Compiling '/home/zzq/Desktop/ros2_ws/install/srv_msg_creating/local/lib/python3.10/dist-packages/srv_msg_creating/action/__init__.py'...
Compiling '/home/zzq/Desktop/ros2_ws/install/srv_msg_creating/local/lib/python3.10/dist-packages/srv_msg_creating/action/_move_circle.py'...
Listing '/home/zzq/Desktop/ros2_ws/install/srv_msg_creating/local/lib/python3.10/dist-packages/srv_msg_creating/msg'...
Compiling '/home/zzq/Desktop/ros2_ws/install/srv_msg_creating/local/lib/python3.10/dist-packages/srv_msg_creating/msg/__init__.py'...
Compiling '/home/zzq/Desktop/ros2_ws/install/srv_msg_creating/local/lib/python3.10/dist-packages/srv_msg_creating/msg/_num.py'...
Listing '/home/zzq/Desktop/ros2_ws/install/srv_msg_creating/local/lib/python3.10/dist-packages/srv_msg_creating/srv'...
Compiling '/home/zzq/Desktop/ros2_ws/install/srv_msg_creating/local/lib/python3.10/dist-packages/srv_msg_creating/srv/__init__.py'...
Compiling '/home/zzq/Desktop/ros2_ws/install/srv_msg_creating/local/lib/python3.10/dist-packages/srv_msg_creating/srv/_add_three_ints.py'...
-- Installing: /home/zzq/Desktop/ros2_ws/install/srv_msg_creating/local/lib/python3.10/dist-packages/srv_msg_creating/srv_msg_creating_s__rosidl_typesupport_fastrtps_c.cpython-310-x86_64-linux-gnu.so
-- Set runtime path of "/home/zzq/Desktop/ros2_ws/install/srv_msg_creating/local/lib/python3.10/dist-packages/srv_msg_creating/srv_msg_creating_s__rosidl_typesupport_fastrtps_c.cpython-310-x86_64-linux-gnu.so" to ""
-- Installing: /home/zzq/Desktop/ros2_ws/install/srv_msg_creating/local/lib/python3.10/dist-packages/srv_msg_creating/srv_msg_creating_s__rosidl_typesupport_introspection_c.cpython-310-x86_64-linux-gnu.so
-- Set runtime path of "/home/zzq/Desktop/ros2_ws/install/srv_msg_creating/local/lib/python3.10/dist-packages/srv_msg_creating/srv_msg_creating_s__rosidl_typesupport_introspection_c.cpython-310-x86_64-linux-gnu.so" to ""
-- Installing: /home/zzq/Desktop/ros2_ws/install/srv_msg_creating/local/lib/python3.10/dist-packages/srv_msg_creating/srv_msg_creating_s__rosidl_typesupport_c.cpython-310-x86_64-linux-gnu.so
-- Set runtime path of "/home/zzq/Desktop/ros2_ws/install/srv_msg_creating/local/lib/python3.10/dist-packages/srv_msg_creating/srv_msg_creating_s__rosidl_typesupport_c.cpython-310-x86_64-linux-gnu.so" to ""
-- Installing: /home/zzq/Desktop/ros2_ws/install/srv_msg_creating/lib/libsrv_msg_creating__rosidl_generator_py.so
-- Set runtime path of "/home/zzq/Desktop/ros2_ws/install/srv_msg_creating/lib/libsrv_msg_creating__rosidl_generator_py.so" to ""
-- Installing: /home/zzq/Desktop/ros2_ws/install/srv_msg_creating/share/srv_msg_creating/msg/Num.idl
-- Installing: /home/zzq/Desktop/ros2_ws/install/srv_msg_creating/share/srv_msg_creating/srv/AddThreeInts.idl
-- Installing: /home/zzq/Desktop/ros2_ws/install/srv_msg_creating/share/srv_msg_creating/action/MoveCircle.idl
-- Installing: /home/zzq/Desktop/ros2_ws/install/srv_msg_creating/share/srv_msg_creating/msg/Num.msg
-- Installing: /home/zzq/Desktop/ros2_ws/install/srv_msg_creating/share/srv_msg_creating/srv/AddThreeInts.srv
-- Installing: /home/zzq/Desktop/ros2_ws/install/srv_msg_creating/share/srv_msg_creating/srv/AddThreeInts_Request.msg
-- Installing: /home/zzq/Desktop/ros2_ws/install/srv_msg_creating/share/srv_msg_creating/srv/AddThreeInts_Response.msg
-- Up-to-date: /home/zzq/Desktop/ros2_ws/install/srv_msg_creating/share/srv_msg_creating/action/MoveCircle.action
-- Installing: /home/zzq/Desktop/ros2_ws/install/srv_msg_creating/share/ament_index/resource_index/package_run_dependencies/srv_msg_creating
-- Installing: /home/zzq/Desktop/ros2_ws/install/srv_msg_creating/share/ament_index/resource_index/parent_prefix_path/srv_msg_creating
-- Up-to-date: /home/zzq/Desktop/ros2_ws/install/srv_msg_creating/share/srv_msg_creating/environment/ament_prefix_path.sh
-- Installing: /home/zzq/Desktop/ros2_ws/install/srv_msg_creating/share/srv_msg_creating/environment/ament_prefix_path.dsv
-- Up-to-date: /home/zzq/Desktop/ros2_ws/install/srv_msg_creating/share/srv_msg_creating/environment/path.sh
-- Installing: /home/zzq/Desktop/ros2_ws/install/srv_msg_creating/share/srv_msg_creating/environment/path.dsv
-- Installing: /home/zzq/Desktop/ros2_ws/install/srv_msg_creating/share/srv_msg_creating/local_setup.bash
-- Installing: /home/zzq/Desktop/ros2_ws/install/srv_msg_creating/share/srv_msg_creating/local_setup.sh
-- Installing: /home/zzq/Desktop/ros2_ws/install/srv_msg_creating/share/srv_msg_creating/local_setup.zsh
-- Installing: /home/zzq/Desktop/ros2_ws/install/srv_msg_creating/share/srv_msg_creating/local_setup.dsv
-- Installing: /home/zzq/Desktop/ros2_ws/install/srv_msg_creating/share/srv_msg_creating/package.dsv
-- Installing: /home/zzq/Desktop/ros2_ws/install/srv_msg_creating/share/ament_index/resource_index/packages/srv_msg_creating
-- Installing: /home/zzq/Desktop/ros2_ws/install/srv_msg_creating/share/srv_msg_creating/cmake/export_srv_msg_creating__rosidl_generator_cExport.cmake
-- Installing: /home/zzq/Desktop/ros2_ws/install/srv_msg_creating/share/srv_msg_creating/cmake/export_srv_msg_creating__rosidl_generator_cExport-noconfig.cmake
-- Installing: /home/zzq/Desktop/ros2_ws/install/srv_msg_creating/share/srv_msg_creating/cmake/export_srv_msg_creating__rosidl_typesupport_fastrtps_cExport.cmake
-- Installing: /home/zzq/Desktop/ros2_ws/install/srv_msg_creating/share/srv_msg_creating/cmake/export_srv_msg_creating__rosidl_typesupport_fastrtps_cExport-noconfig.cmake
-- Installing: /home/zzq/Desktop/ros2_ws/install/srv_msg_creating/share/srv_msg_creating/cmake/srv_msg_creating__rosidl_typesupport_introspection_cExport.cmake
-- Installing: /home/zzq/Desktop/ros2_ws/install/srv_msg_creating/share/srv_msg_creating/cmake/srv_msg_creating__rosidl_typesupport_introspection_cExport-noconfig.cmake
-- Installing: /home/zzq/Desktop/ros2_ws/install/srv_msg_creating/share/srv_msg_creating/cmake/srv_msg_creating__rosidl_typesupport_cExport.cmake
-- Installing: /home/zzq/Desktop/ros2_ws/install/srv_msg_creating/share/srv_msg_creating/cmake/srv_msg_creating__rosidl_typesupport_cExport-noconfig.cmake
-- Installing: /home/zzq/Desktop/ros2_ws/install/srv_msg_creating/share/srv_msg_creating/cmake/export_srv_msg_creating__rosidl_generator_cppExport.cmake
-- Installing: /home/zzq/Desktop/ros2_ws/install/srv_msg_creating/share/srv_msg_creating/cmake/export_srv_msg_creating__rosidl_typesupport_fastrtps_cppExport.cmake
-- Installing: /home/zzq/Desktop/ros2_ws/install/srv_msg_creating/share/srv_msg_creating/cmake/export_srv_msg_creating__rosidl_typesupport_fastrtps_cppExport-noconfig.cmake
-- Installing: /home/zzq/Desktop/ros2_ws/install/srv_msg_creating/share/srv_msg_creating/cmake/srv_msg_creating__rosidl_typesupport_introspection_cppExport.cmake
-- Installing: /home/zzq/Desktop/ros2_ws/install/srv_msg_creating/share/srv_msg_creating/cmake/srv_msg_creating__rosidl_typesupport_introspection_cppExport-noconfig.cmake
-- Installing: /home/zzq/Desktop/ros2_ws/install/srv_msg_creating/share/srv_msg_creating/cmake/srv_msg_creating__rosidl_typesupport_cppExport.cmake
-- Installing: /home/zzq/Desktop/ros2_ws/install/srv_msg_creating/share/srv_msg_creating/cmake/srv_msg_creating__rosidl_typesupport_cppExport-noconfig.cmake
-- Installing: /home/zzq/Desktop/ros2_ws/install/srv_msg_creating/share/srv_msg_creating/cmake/export_srv_msg_creating__rosidl_generator_pyExport.cmake
-- Installing: /home/zzq/Desktop/ros2_ws/install/srv_msg_creating/share/srv_msg_creating/cmake/export_srv_msg_creating__rosidl_generator_pyExport-noconfig.cmake
-- Installing: /home/zzq/Desktop/ros2_ws/install/srv_msg_creating/share/srv_msg_creating/cmake/rosidl_cmake-extras.cmake
-- Installing: /home/zzq/Desktop/ros2_ws/install/srv_msg_creating/share/srv_msg_creating/cmake/ament_cmake_export_dependencies-extras.cmake
-- Installing: /home/zzq/Desktop/ros2_ws/install/srv_msg_creating/share/srv_msg_creating/cmake/ament_cmake_export_include_directories-extras.cmake
-- Installing: /home/zzq/Desktop/ros2_ws/install/srv_msg_creating/share/srv_msg_creating/cmake/ament_cmake_export_libraries-extras.cmake
-- Installing: /home/zzq/Desktop/ros2_ws/install/srv_msg_creating/share/srv_msg_creating/cmake/ament_cmake_export_targets-extras.cmake
-- Installing: /home/zzq/Desktop/ros2_ws/install/srv_msg_creating/share/srv_msg_creating/cmake/rosidl_cmake_export_typesupport_targets-extras.cmake
-- Installing: /home/zzq/Desktop/ros2_ws/install/srv_msg_creating/share/srv_msg_creating/cmake/rosidl_cmake_export_typesupport_libraries-extras.cmake
-- Installing: /home/zzq/Desktop/ros2_ws/install/srv_msg_creating/share/srv_msg_creating/cmake/srv_msg_creatingConfig.cmake
-- Installing: /home/zzq/Desktop/ros2_ws/install/srv_msg_creating/share/srv_msg_creating/cmake/srv_msg_creatingConfig-version.cmake
-- Up-to-date: /home/zzq/Desktop/ros2_ws/install/srv_msg_creating/share/srv_msg_creating/package.xml
