[0.008s] Invoking command in '/home/zzq/Desktop/ros2_ws/build/beginner': CMAKE_PREFIX_PATH=${CMAKE_PREFIX_PATH}:/home/zzq/Desktop/ros2_ws/install/beginner_py:/opt/ros/humble /usr/bin/cmake --build /home/zzq/Desktop/ros2_ws/build/beginner -- -j32 -l32
[0.021s] -- Found ament_cmake: 1.3.9 (/opt/ros/humble/share/ament_cmake/cmake)
[0.085s] -- Found rclcpp: 16.0.9 (/opt/ros/humble/share/rclcpp/cmake)
[0.098s] -- Found rosidl_generator_c: 3.1.5 (/opt/ros/humble/share/rosidl_generator_c/cmake)
[0.099s] -- Found rosidl_adapter: 3.1.5 (/opt/ros/humble/share/rosidl_adapter/cmake)
[0.102s] -- Found rosidl_generator_cpp: 3.1.5 (/opt/ros/humble/share/rosidl_generator_cpp/cmake)
[0.107s] -- Using all available rosidl_typesupport_c: rosidl_typesupport_fastrtps_c;rosidl_typesupport_introspection_c
[0.115s] -- Using all available rosidl_typesupport_cpp: rosidl_typesupport_fastrtps_cpp;rosidl_typesupport_introspection_cpp
[0.146s] -- Found rmw_implementation_cmake: 6.1.2 (/opt/ros/humble/share/rmw_implementation_cmake/cmake)
[0.147s] -- Found rmw_fastrtps_cpp: 6.2.6 (/opt/ros/humble/share/rmw_fastrtps_cpp/cmake)
[0.200s] -- Using RMW implementation 'rmw_fastrtps_cpp' as default
[0.277s] -- Found geometry_msgs: 4.2.4 (/opt/ros/humble/share/geometry_msgs/cmake)
[0.297s] -- Found ament_lint_auto: 0.12.11 (/opt/ros/humble/share/ament_lint_auto/cmake)
[0.341s] -- Added test 'cppcheck' to perform static code analysis on C / C++ code
[0.341s] -- Configured cppcheck include dirs: 
[0.341s] -- Configured cppcheck exclude dirs and/or files: 
[0.341s] -- Added test 'lint_cmake' to check CMake code style
[0.341s] -- Added test 'uncrustify' to check C / C++ code style
[0.341s] -- Configured uncrustify additional arguments: 
[0.341s] -- Added test 'xmllint' to check XML markup files
[0.342s] -- Configuring done
[0.346s] -- Generating done
[0.347s] -- Build files have been written to: /home/zzq/Desktop/ros2_ws/build/beginner
[0.359s] [35m[1mConsolidate compiler generated dependencies of target talker[0m
[0.368s] [100%] Built target talker
[0.374s] Invoked command in '/home/zzq/Desktop/ros2_ws/build/beginner' returned '0': CMAKE_PREFIX_PATH=${CMAKE_PREFIX_PATH}:/home/zzq/Desktop/ros2_ws/install/beginner_py:/opt/ros/humble /usr/bin/cmake --build /home/zzq/Desktop/ros2_ws/build/beginner -- -j32 -l32
[0.390s] Invoking command in '/home/zzq/Desktop/ros2_ws/build/beginner': CMAKE_PREFIX_PATH=${CMAKE_PREFIX_PATH}:/home/zzq/Desktop/ros2_ws/install/beginner_py:/opt/ros/humble /usr/bin/cmake --install /home/zzq/Desktop/ros2_ws/build/beginner
[0.394s] -- Install configuration: ""
[0.394s] -- Up-to-date: /home/zzq/Desktop/ros2_ws/install/beginner/share/ament_index/resource_index/package_run_dependencies/beginner
[0.394s] -- Installing: /home/zzq/Desktop/ros2_ws/install/beginner/share/ament_index/resource_index/parent_prefix_path/beginner
[0.394s] -- Up-to-date: /home/zzq/Desktop/ros2_ws/install/beginner/share/beginner/environment/ament_prefix_path.sh
[0.394s] -- Installing: /home/zzq/Desktop/ros2_ws/install/beginner/share/beginner/environment/ament_prefix_path.dsv
[0.394s] -- Up-to-date: /home/zzq/Desktop/ros2_ws/install/beginner/share/beginner/environment/path.sh
[0.394s] -- Installing: /home/zzq/Desktop/ros2_ws/install/beginner/share/beginner/environment/path.dsv
[0.394s] -- Up-to-date: /home/zzq/Desktop/ros2_ws/install/beginner/share/beginner/local_setup.bash
[0.394s] -- Up-to-date: /home/zzq/Desktop/ros2_ws/install/beginner/share/beginner/local_setup.sh
[0.394s] -- Up-to-date: /home/zzq/Desktop/ros2_ws/install/beginner/share/beginner/local_setup.zsh
[0.394s] -- Installing: /home/zzq/Desktop/ros2_ws/install/beginner/share/beginner/local_setup.dsv
[0.394s] -- Installing: /home/zzq/Desktop/ros2_ws/install/beginner/share/beginner/package.dsv
[0.394s] -- Up-to-date: /home/zzq/Desktop/ros2_ws/install/beginner/share/ament_index/resource_index/packages/beginner
[0.394s] -- Up-to-date: /home/zzq/Desktop/ros2_ws/install/beginner/share/beginner/cmake/beginnerConfig.cmake
[0.394s] -- Up-to-date: /home/zzq/Desktop/ros2_ws/install/beginner/share/beginner/cmake/beginnerConfig-version.cmake
[0.394s] -- Up-to-date: /home/zzq/Desktop/ros2_ws/install/beginner/share/beginner/package.xml
[0.394s] -- Up-to-date: /home/zzq/Desktop/ros2_ws/install/beginner/lib/beginner/talker
[0.395s] Invoked command in '/home/zzq/Desktop/ros2_ws/build/beginner' returned '0': CMAKE_PREFIX_PATH=${CMAKE_PREFIX_PATH}:/home/zzq/Desktop/ros2_ws/install/beginner_py:/opt/ros/humble /usr/bin/cmake --install /home/zzq/Desktop/ros2_ws/build/beginner
