/home/zzq/Desktop/ros2_ws/install/HTW_imu/lib/python3.10/site-packages/HWT_imu/convert.py
/home/zzq/Desktop/ros2_ws/install/HTW_imu/lib/python3.10/site-packages/HWT_imu/wit_imu_ctrl.py
/home/zzq/Desktop/ros2_ws/install/HTW_imu/lib/python3.10/site-packages/HWT_imu/wit_modbus_ros.py
/home/zzq/Desktop/ros2_ws/install/HTW_imu/lib/python3.10/site-packages/HWT_imu/__init__.py
/home/zzq/Desktop/ros2_ws/install/HTW_imu/lib/python3.10/site-packages/HWT_imu/get_imu_rpy.py
/home/zzq/Desktop/ros2_ws/install/HTW_imu/lib/python3.10/site-packages/HWT_imu/__pycache__/convert.cpython-310.pyc
/home/zzq/Desktop/ros2_ws/install/HTW_imu/lib/python3.10/site-packages/HWT_imu/__pycache__/wit_imu_ctrl.cpython-310.pyc
/home/zzq/Desktop/ros2_ws/install/HTW_imu/lib/python3.10/site-packages/HWT_imu/__pycache__/wit_modbus_ros.cpython-310.pyc
/home/zzq/Desktop/ros2_ws/install/HTW_imu/lib/python3.10/site-packages/HWT_imu/__pycache__/__init__.cpython-310.pyc
/home/zzq/Desktop/ros2_ws/install/HTW_imu/lib/python3.10/site-packages/HWT_imu/__pycache__/get_imu_rpy.cpython-310.pyc
/home/zzq/Desktop/ros2_ws/install/HTW_imu/share/ament_index/resource_index/packages/HTW_imu
/home/zzq/Desktop/ros2_ws/install/HTW_imu/share/HTW_imu/package.xml
/home/zzq/Desktop/ros2_ws/install/HTW_imu/lib/python3.10/site-packages/HTW_imu-0.0.0-py3.10.egg-info/dependency_links.txt
/home/zzq/Desktop/ros2_ws/install/HTW_imu/lib/python3.10/site-packages/HTW_imu-0.0.0-py3.10.egg-info/zip-safe
/home/zzq/Desktop/ros2_ws/install/HTW_imu/lib/python3.10/site-packages/HTW_imu-0.0.0-py3.10.egg-info/requires.txt
/home/zzq/Desktop/ros2_ws/install/HTW_imu/lib/python3.10/site-packages/HTW_imu-0.0.0-py3.10.egg-info/top_level.txt
/home/zzq/Desktop/ros2_ws/install/HTW_imu/lib/python3.10/site-packages/HTW_imu-0.0.0-py3.10.egg-info/PKG-INFO
/home/zzq/Desktop/ros2_ws/install/HTW_imu/lib/python3.10/site-packages/HTW_imu-0.0.0-py3.10.egg-info/SOURCES.txt
/home/zzq/Desktop/ros2_ws/install/HTW_imu/lib/python3.10/site-packages/HTW_imu-0.0.0-py3.10.egg-info/entry_points.txt
/home/zzq/Desktop/ros2_ws/install/HTW_imu/lib/HTW_imu/get_imu_rpy
/home/zzq/Desktop/ros2_ws/install/HTW_imu/lib/HTW_imu/wit_imu_ctrl
/home/zzq/Desktop/ros2_ws/install/HTW_imu/lib/HTW_imu/wit_modbus_ros
