[0.723s] Invoking command in '/home/zzq/Desktop/ros2_ws/build/srv_msg_creating': CMAKE_PREFIX_PATH=${CMAKE_PREFIX_PATH}:/home/zzq/Desktop/ros2_ws/install/srv_msg_creating_py:/home/zzq/Desktop/ros2_ws/install/service_client_py:/home/zzq/Desktop/ros2_ws/install/beitong_joy:/home/zzq/Desktop/ros2_ws/install/beginner_py:/home/zzq/Desktop/ros2_ws/install/HTW_imu:/home/zzq/Desktop/ros2_ws/install/Action_turtle:/home/zzq/Desktop/GYH_ws/install/learning_urdf:/home/zzq/Desktop/GYH_ws/install/learning_topic:/home/zzq/Desktop/GYH_ws/install/learning_tf:/home/zzq/Desktop/GYH_ws/install/learning_service:/home/zzq/Desktop/GYH_ws/install/learning_qos:/home/zzq/Desktop/GYH_ws/install/learning_pkg_python:/home/zzq/Desktop/GYH_ws/install/learning_parameter:/home/zzq/Desktop/GYH_ws/install/learning_node:/home/zzq/Desktop/GYH_ws/install/learning_launch:/home/zzq/Desktop/GYH_ws/install/learning_action:/home/zzq/Desktop/GYH_ws/install/learning_gazebo:/home/zzq/Desktop/GYH_ws/install/learning_cv:/opt/ros/humble /usr/bin/cmake --build /home/zzq/Desktop/ros2_ws/build/srv_msg_creating -- -j32 -l32
[0.755s] [  2%] Built target srv_msg_creating__cpp
[0.756s] [ 12%] Built target srv_msg_creating__rosidl_generator_c
[0.763s] [ 12%] Built target ament_cmake_python_copy_srv_msg_creating
[0.770s] [ 23%] Built target srv_msg_creating__rosidl_typesupport_cpp
[0.770s] [ 34%] Built target srv_msg_creating__rosidl_typesupport_fastrtps_cpp
[0.773s] [ 44%] Built target srv_msg_creating__rosidl_typesupport_c
[0.773s] [ 55%] Built target srv_msg_creating__rosidl_typesupport_introspection_c
[0.774s] [ 65%] Built target srv_msg_creating__rosidl_typesupport_fastrtps_c
[0.775s] [ 76%] Built target srv_msg_creating__rosidl_typesupport_introspection_cpp
[0.787s] [ 76%] Built target srv_msg_creating
[0.800s] [ 78%] Built target srv_msg_creating__py
[0.815s] [ 87%] Built target srv_msg_creating__rosidl_generator_py
[0.829s] [ 91%] Built target srv_msg_creating__rosidl_typesupport_fastrtps_c__pyext
[0.833s] [ 95%] Built target srv_msg_creating__rosidl_typesupport_introspection_c__pyext
[0.833s] [100%] Built target srv_msg_creating__rosidl_typesupport_c__pyext
[0.917s] running egg_info
[0.917s] writing srv_msg_creating.egg-info/PKG-INFO
[0.918s] writing dependency_links to srv_msg_creating.egg-info/dependency_links.txt
[0.918s] writing top-level names to srv_msg_creating.egg-info/top_level.txt
[0.919s] reading manifest file 'srv_msg_creating.egg-info/SOURCES.txt'
[0.919s] writing manifest file 'srv_msg_creating.egg-info/SOURCES.txt'
[0.934s] [100%] Built target ament_cmake_python_build_srv_msg_creating_egg
