[0.624s] Invoking command in '/home/zzq/Desktop/ros2_ws/src/srv_msg_creating_py': PYTHONPATH=/home/zzq/Desktop/ros2_ws/build/srv_msg_creating_py/prefix_override:/usr/lib/python3/dist-packages/colcon_core/task/python/colcon_distutils_commands:/home/zzq/Desktop/ros2_ws/install/srv_msg_creating_py/lib/python3.10/site-packages:${PYTHONPATH} /usr/bin/python3 -W ignore:setup.py install is deprecated setup.py egg_info --egg-base ../../build/srv_msg_creating_py build --build-base /home/zzq/Desktop/ros2_ws/build/srv_msg_creating_py/build install --record /home/zzq/Desktop/ros2_ws/build/srv_msg_creating_py/install.log --single-version-externally-managed install_data
[0.749s] running egg_info
[0.749s] writing ../../build/srv_msg_creating_py/srv_msg_creating_py.egg-info/PKG-INFO
[0.749s] writing dependency_links to ../../build/srv_msg_creating_py/srv_msg_creating_py.egg-info/dependency_links.txt
[0.749s] writing entry points to ../../build/srv_msg_creating_py/srv_msg_creating_py.egg-info/entry_points.txt
[0.749s] writing requirements to ../../build/srv_msg_creating_py/srv_msg_creating_py.egg-info/requires.txt
[0.749s] writing top-level names to ../../build/srv_msg_creating_py/srv_msg_creating_py.egg-info/top_level.txt
[0.750s] reading manifest file '../../build/srv_msg_creating_py/srv_msg_creating_py.egg-info/SOURCES.txt'
[0.750s] writing manifest file '../../build/srv_msg_creating_py/srv_msg_creating_py.egg-info/SOURCES.txt'
[0.751s] running build
[0.751s] running build_py
[0.751s] running install
[0.751s] running install_lib
[0.751s] running install_data
[0.752s] copying package.xml -> /home/zzq/Desktop/ros2_ws/install/srv_msg_creating_py/share/srv_msg_creating_py
[0.752s] running install_egg_info
[0.753s] removing '/home/zzq/Desktop/ros2_ws/install/srv_msg_creating_py/lib/python3.10/site-packages/srv_msg_creating_py-0.0.0-py3.10.egg-info' (and everything under it)
[0.753s] Copying ../../build/srv_msg_creating_py/srv_msg_creating_py.egg-info to /home/zzq/Desktop/ros2_ws/install/srv_msg_creating_py/lib/python3.10/site-packages/srv_msg_creating_py-0.0.0-py3.10.egg-info
[0.753s] running install_scripts
[0.763s] writing list of installed files to '/home/zzq/Desktop/ros2_ws/build/srv_msg_creating_py/install.log'
[0.774s] Invoked command in '/home/zzq/Desktop/ros2_ws/src/srv_msg_creating_py' returned '0': PYTHONPATH=/home/zzq/Desktop/ros2_ws/build/srv_msg_creating_py/prefix_override:/usr/lib/python3/dist-packages/colcon_core/task/python/colcon_distutils_commands:/home/zzq/Desktop/ros2_ws/install/srv_msg_creating_py/lib/python3.10/site-packages:${PYTHONPATH} /usr/bin/python3 -W ignore:setup.py install is deprecated setup.py egg_info --egg-base ../../build/srv_msg_creating_py build --build-base /home/zzq/Desktop/ros2_ws/build/srv_msg_creating_py/build install --record /home/zzq/Desktop/ros2_ws/build/srv_msg_creating_py/install.log --single-version-externally-managed install_data
