/home/zzq/Desktop/ros2_ws/install/beginner_py/lib/python3.10/site-packages/beginner_py/sub.py
/home/zzq/Desktop/ros2_ws/install/beginner_py/lib/python3.10/site-packages/beginner_py/pub.py
/home/zzq/Desktop/ros2_ws/install/beginner_py/lib/python3.10/site-packages/beginner_py/__init__.py
/home/zzq/Desktop/ros2_ws/install/beginner_py/lib/python3.10/site-packages/beginner_py/pub_cv_image.py
/home/zzq/Desktop/ros2_ws/install/beginner_py/lib/python3.10/site-packages/beginner_py/pub_pointcloud.py
/home/zzq/Desktop/ros2_ws/install/beginner_py/lib/python3.10/site-packages/beginner_py/__pycache__/sub.cpython-310.pyc
/home/zzq/Desktop/ros2_ws/install/beginner_py/lib/python3.10/site-packages/beginner_py/__pycache__/pub.cpython-310.pyc
/home/zzq/Desktop/ros2_ws/install/beginner_py/lib/python3.10/site-packages/beginner_py/__pycache__/__init__.cpython-310.pyc
/home/zzq/Desktop/ros2_ws/install/beginner_py/lib/python3.10/site-packages/beginner_py/__pycache__/pub_cv_image.cpython-310.pyc
/home/zzq/Desktop/ros2_ws/install/beginner_py/lib/python3.10/site-packages/beginner_py/__pycache__/pub_pointcloud.cpython-310.pyc
/home/zzq/Desktop/ros2_ws/install/beginner_py/share/ament_index/resource_index/packages/beginner_py
/home/zzq/Desktop/ros2_ws/install/beginner_py/share/beginner_py/package.xml
/home/zzq/Desktop/ros2_ws/install/beginner_py/lib/python3.10/site-packages/beginner_py-0.0.0-py3.10.egg-info/dependency_links.txt
/home/zzq/Desktop/ros2_ws/install/beginner_py/lib/python3.10/site-packages/beginner_py-0.0.0-py3.10.egg-info/zip-safe
/home/zzq/Desktop/ros2_ws/install/beginner_py/lib/python3.10/site-packages/beginner_py-0.0.0-py3.10.egg-info/requires.txt
/home/zzq/Desktop/ros2_ws/install/beginner_py/lib/python3.10/site-packages/beginner_py-0.0.0-py3.10.egg-info/top_level.txt
/home/zzq/Desktop/ros2_ws/install/beginner_py/lib/python3.10/site-packages/beginner_py-0.0.0-py3.10.egg-info/PKG-INFO
/home/zzq/Desktop/ros2_ws/install/beginner_py/lib/python3.10/site-packages/beginner_py-0.0.0-py3.10.egg-info/SOURCES.txt
/home/zzq/Desktop/ros2_ws/install/beginner_py/lib/python3.10/site-packages/beginner_py-0.0.0-py3.10.egg-info/entry_points.txt
/home/zzq/Desktop/ros2_ws/install/beginner_py/lib/beginner_py/listener
/home/zzq/Desktop/ros2_ws/install/beginner_py/lib/beginner_py/talker
/home/zzq/Desktop/ros2_ws/install/beginner_py/lib/beginner_py/talkercv2
/home/zzq/Desktop/ros2_ws/install/beginner_py/lib/beginner_py/talkerpc2
