[0.716s] Invoking command in '/home/zzq/Desktop/ros2_ws/build/srv_msg_creating': CMAKE_PREFIX_PATH=${CMAKE_PREFIX_PATH}:/home/zzq/Desktop/ros2_ws/install/srv_msg_creating_py:/home/zzq/Desktop/ros2_ws/install/service_client_py:/home/zzq/Desktop/ros2_ws/install/beitong_joy:/home/zzq/Desktop/ros2_ws/install/beginner_py:/home/zzq/Desktop/ros2_ws/install/HTW_imu:/home/zzq/Desktop/ros2_ws/install/Action_turtle:/home/zzq/Desktop/GYH_ws/install/learning_urdf:/home/zzq/Desktop/GYH_ws/install/learning_topic:/home/zzq/Desktop/GYH_ws/install/learning_tf:/home/zzq/Desktop/GYH_ws/install/learning_service:/home/zzq/Desktop/GYH_ws/install/learning_qos:/home/zzq/Desktop/GYH_ws/install/learning_pkg_python:/home/zzq/Desktop/GYH_ws/install/learning_parameter:/home/zzq/Desktop/GYH_ws/install/learning_node:/home/zzq/Desktop/GYH_ws/install/learning_launch:/home/zzq/Desktop/GYH_ws/install/learning_action:/home/zzq/Desktop/GYH_ws/install/learning_gazebo:/home/zzq/Desktop/GYH_ws/install/learning_cv:/opt/ros/humble /usr/bin/cmake --build /home/zzq/Desktop/ros2_ws/build/srv_msg_creating -- -j32 -l32
[0.738s] [  2%] Built target srv_msg_creating__cpp
[0.739s] [ 12%] Built target srv_msg_creating__rosidl_generator_c
[0.745s] [ 12%] Built target ament_cmake_python_copy_srv_msg_creating
[0.752s] [ 23%] Built target srv_msg_creating__rosidl_typesupport_fastrtps_cpp
[0.752s] [ 34%] Built target srv_msg_creating__rosidl_typesupport_cpp
[0.755s] [ 44%] Built target srv_msg_creating__rosidl_typesupport_introspection_cpp
[0.757s] [ 55%] Built target srv_msg_creating__rosidl_typesupport_fastrtps_c
[0.759s] [ 65%] Built target srv_msg_creating__rosidl_typesupport_c
[0.759s] [ 76%] Built target srv_msg_creating__rosidl_typesupport_introspection_c
[0.771s] [ 76%] Built target srv_msg_creating
[0.781s] [ 78%] Built target srv_msg_creating__py
[0.792s] [ 87%] Built target srv_msg_creating__rosidl_generator_py
[0.804s] [ 91%] Built target srv_msg_creating__rosidl_typesupport_fastrtps_c__pyext
[0.804s] [ 95%] Built target srv_msg_creating__rosidl_typesupport_c__pyext
[0.807s] [100%] Built target srv_msg_creating__rosidl_typesupport_introspection_c__pyext
[0.932s] running egg_info
[0.932s] writing srv_msg_creating.egg-info/PKG-INFO
[0.932s] writing dependency_links to srv_msg_creating.egg-info/dependency_links.txt
[0.932s] writing top-level names to srv_msg_creating.egg-info/top_level.txt
[0.932s] reading manifest file 'srv_msg_creating.egg-info/SOURCES.txt'
[0.932s] writing manifest file 'srv_msg_creating.egg-info/SOURCES.txt'
[0.948s] [100%] Built target ament_cmake_python_build_srv_msg_creating_egg
[0.955s] Invoked command in '/home/zzq/Desktop/ros2_ws/build/srv_msg_creating' returned '0': CMAKE_PREFIX_PATH=${CMAKE_PREFIX_PATH}:/home/zzq/Desktop/ros2_ws/install/srv_msg_creating_py:/home/zzq/Desktop/ros2_ws/install/service_client_py:/home/zzq/Desktop/ros2_ws/install/beitong_joy:/home/zzq/Desktop/ros2_ws/install/beginner_py:/home/zzq/Desktop/ros2_ws/install/HTW_imu:/home/zzq/Desktop/ros2_ws/install/Action_turtle:/home/zzq/Desktop/GYH_ws/install/learning_urdf:/home/zzq/Desktop/GYH_ws/install/learning_topic:/home/zzq/Desktop/GYH_ws/install/learning_tf:/home/zzq/Desktop/GYH_ws/install/learning_service:/home/zzq/Desktop/GYH_ws/install/learning_qos:/home/zzq/Desktop/GYH_ws/install/learning_pkg_python:/home/zzq/Desktop/GYH_ws/install/learning_parameter:/home/zzq/Desktop/GYH_ws/install/learning_node:/home/zzq/Desktop/GYH_ws/install/learning_launch:/home/zzq/Desktop/GYH_ws/install/learning_action:/home/zzq/Desktop/GYH_ws/install/learning_gazebo:/home/zzq/Desktop/GYH_ws/install/learning_cv:/opt/ros/humble /usr/bin/cmake --build /home/zzq/Desktop/ros2_ws/build/srv_msg_creating -- -j32 -l32
[1.003s] Invoking command in '/home/zzq/Desktop/ros2_ws/build/srv_msg_creating': CMAKE_PREFIX_PATH=${CMAKE_PREFIX_PATH}:/home/zzq/Desktop/ros2_ws/install/srv_msg_creating_py:/home/zzq/Desktop/ros2_ws/install/service_client_py:/home/zzq/Desktop/ros2_ws/install/beitong_joy:/home/zzq/Desktop/ros2_ws/install/beginner_py:/home/zzq/Desktop/ros2_ws/install/HTW_imu:/home/zzq/Desktop/ros2_ws/install/Action_turtle:/home/zzq/Desktop/GYH_ws/install/learning_urdf:/home/zzq/Desktop/GYH_ws/install/learning_topic:/home/zzq/Desktop/GYH_ws/install/learning_tf:/home/zzq/Desktop/GYH_ws/install/learning_service:/home/zzq/Desktop/GYH_ws/install/learning_qos:/home/zzq/Desktop/GYH_ws/install/learning_pkg_python:/home/zzq/Desktop/GYH_ws/install/learning_parameter:/home/zzq/Desktop/GYH_ws/install/learning_node:/home/zzq/Desktop/GYH_ws/install/learning_launch:/home/zzq/Desktop/GYH_ws/install/learning_action:/home/zzq/Desktop/GYH_ws/install/learning_gazebo:/home/zzq/Desktop/GYH_ws/install/learning_cv:/opt/ros/humble /usr/bin/cmake --install /home/zzq/Desktop/ros2_ws/build/srv_msg_creating
[1.008s] -- Install configuration: ""
[1.008s] -- Up-to-date: /home/zzq/Desktop/ros2_ws/install/srv_msg_creating/share/ament_index/resource_index/rosidl_interfaces/srv_msg_creating
[1.008s] -- Up-to-date: /home/zzq/Desktop/ros2_ws/install/srv_msg_creating/include/srv_msg_creating/srv_msg_creating
[1.009s] -- Up-to-date: /home/zzq/Desktop/ros2_ws/install/srv_msg_creating/include/srv_msg_creating/srv_msg_creating/action
[1.009s] -- Up-to-date: /home/zzq/Desktop/ros2_ws/install/srv_msg_creating/include/srv_msg_creating/srv_msg_creating/action/move_circle.h
[1.009s] -- Up-to-date: /home/zzq/Desktop/ros2_ws/install/srv_msg_creating/include/srv_msg_creating/srv_msg_creating/action/detail
[1.009s] -- Up-to-date: /home/zzq/Desktop/ros2_ws/install/srv_msg_creating/include/srv_msg_creating/srv_msg_creating/action/detail/move_circle__functions.h
[1.009s] -- Up-to-date: /home/zzq/Desktop/ros2_ws/install/srv_msg_creating/include/srv_msg_creating/srv_msg_creating/action/detail/move_circle__functions.c
[1.009s] -- Up-to-date: /home/zzq/Desktop/ros2_ws/install/srv_msg_creating/include/srv_msg_creating/srv_msg_creating/action/detail/move_circle__struct.h
[1.009s] -- Up-to-date: /home/zzq/Desktop/ros2_ws/install/srv_msg_creating/include/srv_msg_creating/srv_msg_creating/action/detail/move_circle__type_support.h
[1.010s] -- Up-to-date: /home/zzq/Desktop/ros2_ws/install/srv_msg_creating/include/srv_msg_creating/srv_msg_creating/msg
[1.010s] -- Up-to-date: /home/zzq/Desktop/ros2_ws/install/srv_msg_creating/include/srv_msg_creating/srv_msg_creating/msg/rosidl_generator_c__visibility_control.h
[1.010s] -- Up-to-date: /home/zzq/Desktop/ros2_ws/install/srv_msg_creating/include/srv_msg_creating/srv_msg_creating/msg/num.h
[1.010s] -- Up-to-date: /home/zzq/Desktop/ros2_ws/install/srv_msg_creating/include/srv_msg_creating/srv_msg_creating/msg/detail
[1.010s] -- Up-to-date: /home/zzq/Desktop/ros2_ws/install/srv_msg_creating/include/srv_msg_creating/srv_msg_creating/msg/detail/num__type_support.h
[1.010s] -- Up-to-date: /home/zzq/Desktop/ros2_ws/install/srv_msg_creating/include/srv_msg_creating/srv_msg_creating/msg/detail/num__struct.h
[1.010s] -- Up-to-date: /home/zzq/Desktop/ros2_ws/install/srv_msg_creating/include/srv_msg_creating/srv_msg_creating/msg/detail/num__functions.h
[1.010s] -- Up-to-date: /home/zzq/Desktop/ros2_ws/install/srv_msg_creating/include/srv_msg_creating/srv_msg_creating/msg/detail/num__functions.c
[1.010s] -- Up-to-date: /home/zzq/Desktop/ros2_ws/install/srv_msg_creating/include/srv_msg_creating/srv_msg_creating/srv
[1.010s] -- Up-to-date: /home/zzq/Desktop/ros2_ws/install/srv_msg_creating/include/srv_msg_creating/srv_msg_creating/srv/add_three_ints.h
[1.010s] -- Up-to-date: /home/zzq/Desktop/ros2_ws/install/srv_msg_creating/include/srv_msg_creating/srv_msg_creating/srv/detail
[1.010s] -- Up-to-date: /home/zzq/Desktop/ros2_ws/install/srv_msg_creating/include/srv_msg_creating/srv_msg_creating/srv/detail/add_three_ints__functions.h
[1.010s] -- Up-to-date: /home/zzq/Desktop/ros2_ws/install/srv_msg_creating/include/srv_msg_creating/srv_msg_creating/srv/detail/add_three_ints__functions.c
[1.010s] -- Up-to-date: /home/zzq/Desktop/ros2_ws/install/srv_msg_creating/include/srv_msg_creating/srv_msg_creating/srv/detail/add_three_ints__struct.h
[1.011s] -- Up-to-date: /home/zzq/Desktop/ros2_ws/install/srv_msg_creating/include/srv_msg_creating/srv_msg_creating/srv/detail/add_three_ints__type_support.h
[1.011s] -- Up-to-date: /home/zzq/Desktop/ros2_ws/install/srv_msg_creating/share/srv_msg_creating/environment/library_path.sh
[1.011s] -- Up-to-date: /home/zzq/Desktop/ros2_ws/install/srv_msg_creating/share/srv_msg_creating/environment/library_path.dsv
[1.011s] -- Up-to-date: /home/zzq/Desktop/ros2_ws/install/srv_msg_creating/lib/libsrv_msg_creating__rosidl_generator_c.so
[1.011s] -- Up-to-date: /home/zzq/Desktop/ros2_ws/install/srv_msg_creating/include/srv_msg_creating/srv_msg_creating
[1.011s] -- Up-to-date: /home/zzq/Desktop/ros2_ws/install/srv_msg_creating/include/srv_msg_creating/srv_msg_creating/action
[1.011s] -- Up-to-date: /home/zzq/Desktop/ros2_ws/install/srv_msg_creating/include/srv_msg_creating/srv_msg_creating/action/detail
[1.011s] -- Up-to-date: /home/zzq/Desktop/ros2_ws/install/srv_msg_creating/include/srv_msg_creating/srv_msg_creating/action/detail/move_circle__rosidl_typesupport_fastrtps_c.h
[1.011s] -- Up-to-date: /home/zzq/Desktop/ros2_ws/install/srv_msg_creating/include/srv_msg_creating/srv_msg_creating/msg
[1.011s] -- Up-to-date: /home/zzq/Desktop/ros2_ws/install/srv_msg_creating/include/srv_msg_creating/srv_msg_creating/msg/rosidl_typesupport_fastrtps_c__visibility_control.h
[1.011s] -- Up-to-date: /home/zzq/Desktop/ros2_ws/install/srv_msg_creating/include/srv_msg_creating/srv_msg_creating/msg/detail
[1.011s] -- Up-to-date: /home/zzq/Desktop/ros2_ws/install/srv_msg_creating/include/srv_msg_creating/srv_msg_creating/msg/detail/num__rosidl_typesupport_fastrtps_c.h
[1.011s] -- Up-to-date: /home/zzq/Desktop/ros2_ws/install/srv_msg_creating/include/srv_msg_creating/srv_msg_creating/srv
[1.011s] -- Up-to-date: /home/zzq/Desktop/ros2_ws/install/srv_msg_creating/include/srv_msg_creating/srv_msg_creating/srv/detail
[1.012s] -- Up-to-date: /home/zzq/Desktop/ros2_ws/install/srv_msg_creating/include/srv_msg_creating/srv_msg_creating/srv/detail/add_three_ints__rosidl_typesupport_fastrtps_c.h
[1.012s] -- Up-to-date: /home/zzq/Desktop/ros2_ws/install/srv_msg_creating/lib/libsrv_msg_creating__rosidl_typesupport_fastrtps_c.so
[1.012s] -- Up-to-date: /home/zzq/Desktop/ros2_ws/install/srv_msg_creating/include/srv_msg_creating/srv_msg_creating
[1.012s] -- Up-to-date: /home/zzq/Desktop/ros2_ws/install/srv_msg_creating/include/srv_msg_creating/srv_msg_creating/action
[1.012s] -- Up-to-date: /home/zzq/Desktop/ros2_ws/install/srv_msg_creating/include/srv_msg_creating/srv_msg_creating/action/detail
[1.012s] -- Up-to-date: /home/zzq/Desktop/ros2_ws/install/srv_msg_creating/include/srv_msg_creating/srv_msg_creating/action/detail/move_circle__type_support.c
[1.012s] -- Up-to-date: /home/zzq/Desktop/ros2_ws/install/srv_msg_creating/include/srv_msg_creating/srv_msg_creating/action/detail/move_circle__rosidl_typesupport_introspection_c.h
[1.012s] -- Up-to-date: /home/zzq/Desktop/ros2_ws/install/srv_msg_creating/include/srv_msg_creating/srv_msg_creating/msg
[1.012s] -- Up-to-date: /home/zzq/Desktop/ros2_ws/install/srv_msg_creating/include/srv_msg_creating/srv_msg_creating/msg/rosidl_typesupport_introspection_c__visibility_control.h
[1.012s] -- Up-to-date: /home/zzq/Desktop/ros2_ws/install/srv_msg_creating/include/srv_msg_creating/srv_msg_creating/msg/detail
[1.012s] -- Up-to-date: /home/zzq/Desktop/ros2_ws/install/srv_msg_creating/include/srv_msg_creating/srv_msg_creating/msg/detail/num__type_support.c
[1.012s] -- Up-to-date: /home/zzq/Desktop/ros2_ws/install/srv_msg_creating/include/srv_msg_creating/srv_msg_creating/msg/detail/num__rosidl_typesupport_introspection_c.h
[1.012s] -- Up-to-date: /home/zzq/Desktop/ros2_ws/install/srv_msg_creating/include/srv_msg_creating/srv_msg_creating/srv
[1.012s] -- Up-to-date: /home/zzq/Desktop/ros2_ws/install/srv_msg_creating/include/srv_msg_creating/srv_msg_creating/srv/detail
[1.012s] -- Up-to-date: /home/zzq/Desktop/ros2_ws/install/srv_msg_creating/include/srv_msg_creating/srv_msg_creating/srv/detail/add_three_ints__type_support.c
[1.012s] -- Up-to-date: /home/zzq/Desktop/ros2_ws/install/srv_msg_creating/include/srv_msg_creating/srv_msg_creating/srv/detail/add_three_ints__rosidl_typesupport_introspection_c.h
[1.012s] -- Up-to-date: /home/zzq/Desktop/ros2_ws/install/srv_msg_creating/lib/libsrv_msg_creating__rosidl_typesupport_introspection_c.so
[1.013s] -- Up-to-date: /home/zzq/Desktop/ros2_ws/install/srv_msg_creating/lib/libsrv_msg_creating__rosidl_typesupport_c.so
[1.013s] -- Up-to-date: /home/zzq/Desktop/ros2_ws/install/srv_msg_creating/include/srv_msg_creating/srv_msg_creating
[1.013s] -- Up-to-date: /home/zzq/Desktop/ros2_ws/install/srv_msg_creating/include/srv_msg_creating/srv_msg_creating/action
[1.013s] -- Up-to-date: /home/zzq/Desktop/ros2_ws/install/srv_msg_creating/include/srv_msg_creating/srv_msg_creating/action/detail
[1.013s] -- Up-to-date: /home/zzq/Desktop/ros2_ws/install/srv_msg_creating/include/srv_msg_creating/srv_msg_creating/action/detail/move_circle__traits.hpp
[1.013s] -- Up-to-date: /home/zzq/Desktop/ros2_ws/install/srv_msg_creating/include/srv_msg_creating/srv_msg_creating/action/detail/move_circle__builder.hpp
[1.013s] -- Up-to-date: /home/zzq/Desktop/ros2_ws/install/srv_msg_creating/include/srv_msg_creating/srv_msg_creating/action/detail/move_circle__struct.hpp
[1.013s] -- Up-to-date: /home/zzq/Desktop/ros2_ws/install/srv_msg_creating/include/srv_msg_creating/srv_msg_creating/action/move_circle.hpp
[1.013s] -- Up-to-date: /home/zzq/Desktop/ros2_ws/install/srv_msg_creating/include/srv_msg_creating/srv_msg_creating/msg
[1.013s] -- Up-to-date: /home/zzq/Desktop/ros2_ws/install/srv_msg_creating/include/srv_msg_creating/srv_msg_creating/msg/detail
[1.013s] -- Up-to-date: /home/zzq/Desktop/ros2_ws/install/srv_msg_creating/include/srv_msg_creating/srv_msg_creating/msg/detail/num__traits.hpp
[1.013s] -- Up-to-date: /home/zzq/Desktop/ros2_ws/install/srv_msg_creating/include/srv_msg_creating/srv_msg_creating/msg/detail/num__builder.hpp
[1.013s] -- Up-to-date: /home/zzq/Desktop/ros2_ws/install/srv_msg_creating/include/srv_msg_creating/srv_msg_creating/msg/detail/num__struct.hpp
[1.013s] -- Up-to-date: /home/zzq/Desktop/ros2_ws/install/srv_msg_creating/include/srv_msg_creating/srv_msg_creating/msg/num.hpp
[1.013s] -- Up-to-date: /home/zzq/Desktop/ros2_ws/install/srv_msg_creating/include/srv_msg_creating/srv_msg_creating/srv
[1.013s] -- Up-to-date: /home/zzq/Desktop/ros2_ws/install/srv_msg_creating/include/srv_msg_creating/srv_msg_creating/srv/detail
[1.013s] -- Up-to-date: /home/zzq/Desktop/ros2_ws/install/srv_msg_creating/include/srv_msg_creating/srv_msg_creating/srv/detail/add_three_ints__traits.hpp
[1.013s] -- Up-to-date: /home/zzq/Desktop/ros2_ws/install/srv_msg_creating/include/srv_msg_creating/srv_msg_creating/srv/detail/add_three_ints__struct.hpp
[1.014s] -- Up-to-date: /home/zzq/Desktop/ros2_ws/install/srv_msg_creating/include/srv_msg_creating/srv_msg_creating/srv/detail/add_three_ints__builder.hpp
[1.014s] -- Up-to-date: /home/zzq/Desktop/ros2_ws/install/srv_msg_creating/include/srv_msg_creating/srv_msg_creating/srv/add_three_ints.hpp
[1.014s] -- Up-to-date: /home/zzq/Desktop/ros2_ws/install/srv_msg_creating/include/srv_msg_creating/srv_msg_creating
[1.014s] -- Up-to-date: /home/zzq/Desktop/ros2_ws/install/srv_msg_creating/include/srv_msg_creating/srv_msg_creating/action
[1.014s] -- Up-to-date: /home/zzq/Desktop/ros2_ws/install/srv_msg_creating/include/srv_msg_creating/srv_msg_creating/action/detail
[1.014s] -- Up-to-date: /home/zzq/Desktop/ros2_ws/install/srv_msg_creating/include/srv_msg_creating/srv_msg_creating/action/detail/dds_fastrtps
[1.014s] -- Up-to-date: /home/zzq/Desktop/ros2_ws/install/srv_msg_creating/include/srv_msg_creating/srv_msg_creating/action/detail/move_circle__rosidl_typesupport_fastrtps_cpp.hpp
[1.014s] -- Up-to-date: /home/zzq/Desktop/ros2_ws/install/srv_msg_creating/include/srv_msg_creating/srv_msg_creating/msg
[1.014s] -- Up-to-date: /home/zzq/Desktop/ros2_ws/install/srv_msg_creating/include/srv_msg_creating/srv_msg_creating/msg/rosidl_typesupport_fastrtps_cpp__visibility_control.h
[1.014s] -- Up-to-date: /home/zzq/Desktop/ros2_ws/install/srv_msg_creating/include/srv_msg_creating/srv_msg_creating/msg/detail
[1.014s] -- Up-to-date: /home/zzq/Desktop/ros2_ws/install/srv_msg_creating/include/srv_msg_creating/srv_msg_creating/msg/detail/dds_fastrtps
[1.014s] -- Up-to-date: /home/zzq/Desktop/ros2_ws/install/srv_msg_creating/include/srv_msg_creating/srv_msg_creating/msg/detail/num__rosidl_typesupport_fastrtps_cpp.hpp
[1.014s] -- Up-to-date: /home/zzq/Desktop/ros2_ws/install/srv_msg_creating/include/srv_msg_creating/srv_msg_creating/srv
[1.014s] -- Up-to-date: /home/zzq/Desktop/ros2_ws/install/srv_msg_creating/include/srv_msg_creating/srv_msg_creating/srv/detail
[1.014s] -- Up-to-date: /home/zzq/Desktop/ros2_ws/install/srv_msg_creating/include/srv_msg_creating/srv_msg_creating/srv/detail/dds_fastrtps
[1.014s] -- Up-to-date: /home/zzq/Desktop/ros2_ws/install/srv_msg_creating/include/srv_msg_creating/srv_msg_creating/srv/detail/add_three_ints__rosidl_typesupport_fastrtps_cpp.hpp
[1.014s] -- Up-to-date: /home/zzq/Desktop/ros2_ws/install/srv_msg_creating/lib/libsrv_msg_creating__rosidl_typesupport_fastrtps_cpp.so
[1.015s] -- Up-to-date: /home/zzq/Desktop/ros2_ws/install/srv_msg_creating/include/srv_msg_creating/srv_msg_creating
[1.015s] -- Up-to-date: /home/zzq/Desktop/ros2_ws/install/srv_msg_creating/include/srv_msg_creating/srv_msg_creating/action
[1.015s] -- Up-to-date: /home/zzq/Desktop/ros2_ws/install/srv_msg_creating/include/srv_msg_creating/srv_msg_creating/action/detail
[1.015s] -- Up-to-date: /home/zzq/Desktop/ros2_ws/install/srv_msg_creating/include/srv_msg_creating/srv_msg_creating/action/detail/move_circle__rosidl_typesupport_introspection_cpp.hpp
[1.015s] -- Up-to-date: /home/zzq/Desktop/ros2_ws/install/srv_msg_creating/include/srv_msg_creating/srv_msg_creating/action/detail/move_circle__type_support.cpp
[1.015s] -- Up-to-date: /home/zzq/Desktop/ros2_ws/install/srv_msg_creating/include/srv_msg_creating/srv_msg_creating/msg
[1.015s] -- Up-to-date: /home/zzq/Desktop/ros2_ws/install/srv_msg_creating/include/srv_msg_creating/srv_msg_creating/msg/detail
[1.015s] -- Up-to-date: /home/zzq/Desktop/ros2_ws/install/srv_msg_creating/include/srv_msg_creating/srv_msg_creating/msg/detail/num__type_support.cpp
[1.015s] -- Up-to-date: /home/zzq/Desktop/ros2_ws/install/srv_msg_creating/include/srv_msg_creating/srv_msg_creating/msg/detail/num__rosidl_typesupport_introspection_cpp.hpp
[1.015s] -- Up-to-date: /home/zzq/Desktop/ros2_ws/install/srv_msg_creating/include/srv_msg_creating/srv_msg_creating/srv
[1.015s] -- Up-to-date: /home/zzq/Desktop/ros2_ws/install/srv_msg_creating/include/srv_msg_creating/srv_msg_creating/srv/detail
[1.015s] -- Up-to-date: /home/zzq/Desktop/ros2_ws/install/srv_msg_creating/include/srv_msg_creating/srv_msg_creating/srv/detail/add_three_ints__rosidl_typesupport_introspection_cpp.hpp
[1.015s] -- Up-to-date: /home/zzq/Desktop/ros2_ws/install/srv_msg_creating/include/srv_msg_creating/srv_msg_creating/srv/detail/add_three_ints__type_support.cpp
[1.015s] -- Up-to-date: /home/zzq/Desktop/ros2_ws/install/srv_msg_creating/lib/libsrv_msg_creating__rosidl_typesupport_introspection_cpp.so
[1.015s] -- Up-to-date: /home/zzq/Desktop/ros2_ws/install/srv_msg_creating/lib/libsrv_msg_creating__rosidl_typesupport_cpp.so
[1.015s] -- Up-to-date: /home/zzq/Desktop/ros2_ws/install/srv_msg_creating/share/srv_msg_creating/environment/pythonpath.sh
[1.015s] -- Up-to-date: /home/zzq/Desktop/ros2_ws/install/srv_msg_creating/share/srv_msg_creating/environment/pythonpath.dsv
[1.015s] -- Up-to-date: /home/zzq/Desktop/ros2_ws/install/srv_msg_creating/local/lib/python3.10/dist-packages/srv_msg_creating-0.0.0-py3.10.egg-info
[1.016s] -- Installing: /home/zzq/Desktop/ros2_ws/install/srv_msg_creating/local/lib/python3.10/dist-packages/srv_msg_creating-0.0.0-py3.10.egg-info/dependency_links.txt
[1.016s] -- Installing: /home/zzq/Desktop/ros2_ws/install/srv_msg_creating/local/lib/python3.10/dist-packages/srv_msg_creating-0.0.0-py3.10.egg-info/top_level.txt
[1.016s] -- Installing: /home/zzq/Desktop/ros2_ws/install/srv_msg_creating/local/lib/python3.10/dist-packages/srv_msg_creating-0.0.0-py3.10.egg-info/PKG-INFO
[1.016s] -- Installing: /home/zzq/Desktop/ros2_ws/install/srv_msg_creating/local/lib/python3.10/dist-packages/srv_msg_creating-0.0.0-py3.10.egg-info/SOURCES.txt
[1.016s] -- Up-to-date: /home/zzq/Desktop/ros2_ws/install/srv_msg_creating/local/lib/python3.10/dist-packages/srv_msg_creating
[1.016s] -- Up-to-date: /home/zzq/Desktop/ros2_ws/install/srv_msg_creating/local/lib/python3.10/dist-packages/srv_msg_creating/srv_msg_creating_s__rosidl_typesupport_c.cpython-310-x86_64-linux-gnu.so
[1.016s] -- Up-to-date: /home/zzq/Desktop/ros2_ws/install/srv_msg_creating/local/lib/python3.10/dist-packages/srv_msg_creating/_srv_msg_creating_s.ep.rosidl_typesupport_c.c
[1.016s] -- Up-to-date: /home/zzq/Desktop/ros2_ws/install/srv_msg_creating/local/lib/python3.10/dist-packages/srv_msg_creating/action
[1.016s] -- Up-to-date: /home/zzq/Desktop/ros2_ws/install/srv_msg_creating/local/lib/python3.10/dist-packages/srv_msg_creating/action/__init__.py
[1.016s] -- Up-to-date: /home/zzq/Desktop/ros2_ws/install/srv_msg_creating/local/lib/python3.10/dist-packages/srv_msg_creating/action/_move_circle.py
[1.016s] -- Up-to-date: /home/zzq/Desktop/ros2_ws/install/srv_msg_creating/local/lib/python3.10/dist-packages/srv_msg_creating/action/_move_circle_s.c
[1.016s] -- Up-to-date: /home/zzq/Desktop/ros2_ws/install/srv_msg_creating/local/lib/python3.10/dist-packages/srv_msg_creating/_srv_msg_creating_s.ep.rosidl_typesupport_fastrtps_c.c
[1.016s] -- Up-to-date: /home/zzq/Desktop/ros2_ws/install/srv_msg_creating/local/lib/python3.10/dist-packages/srv_msg_creating/msg
[1.016s] -- Up-to-date: /home/zzq/Desktop/ros2_ws/install/srv_msg_creating/local/lib/python3.10/dist-packages/srv_msg_creating/msg/__init__.py
[1.016s] -- Up-to-date: /home/zzq/Desktop/ros2_ws/install/srv_msg_creating/local/lib/python3.10/dist-packages/srv_msg_creating/msg/_num.py
[1.016s] -- Up-to-date: /home/zzq/Desktop/ros2_ws/install/srv_msg_creating/local/lib/python3.10/dist-packages/srv_msg_creating/msg/_num_s.c
[1.016s] -- Up-to-date: /home/zzq/Desktop/ros2_ws/install/srv_msg_creating/local/lib/python3.10/dist-packages/srv_msg_creating/srv
[1.017s] -- Up-to-date: /home/zzq/Desktop/ros2_ws/install/srv_msg_creating/local/lib/python3.10/dist-packages/srv_msg_creating/srv/_add_three_ints_s.c
[1.017s] -- Up-to-date: /home/zzq/Desktop/ros2_ws/install/srv_msg_creating/local/lib/python3.10/dist-packages/srv_msg_creating/srv/_add_three_ints.py
[1.017s] -- Up-to-date: /home/zzq/Desktop/ros2_ws/install/srv_msg_creating/local/lib/python3.10/dist-packages/srv_msg_creating/srv/__init__.py
[1.017s] -- Up-to-date: /home/zzq/Desktop/ros2_ws/install/srv_msg_creating/local/lib/python3.10/dist-packages/srv_msg_creating/__init__.py
[1.017s] -- Up-to-date: /home/zzq/Desktop/ros2_ws/install/srv_msg_creating/local/lib/python3.10/dist-packages/srv_msg_creating/srv_msg_creating_s__rosidl_typesupport_introspection_c.cpython-310-x86_64-linux-gnu.so
[1.017s] -- Up-to-date: /home/zzq/Desktop/ros2_ws/install/srv_msg_creating/local/lib/python3.10/dist-packages/srv_msg_creating/_srv_msg_creating_s.ep.rosidl_typesupport_introspection_c.c
[1.017s] -- Up-to-date: /home/zzq/Desktop/ros2_ws/install/srv_msg_creating/local/lib/python3.10/dist-packages/srv_msg_creating/libsrv_msg_creating__rosidl_generator_py.so
[1.017s] -- Up-to-date: /home/zzq/Desktop/ros2_ws/install/srv_msg_creating/local/lib/python3.10/dist-packages/srv_msg_creating/srv_msg_creating_s__rosidl_typesupport_fastrtps_c.cpython-310-x86_64-linux-gnu.so
[1.034s] Listing '/home/zzq/Desktop/ros2_ws/install/srv_msg_creating/local/lib/python3.10/dist-packages/srv_msg_creating'...
[1.034s] Listing '/home/zzq/Desktop/ros2_ws/install/srv_msg_creating/local/lib/python3.10/dist-packages/srv_msg_creating/action'...
[1.035s] Listing '/home/zzq/Desktop/ros2_ws/install/srv_msg_creating/local/lib/python3.10/dist-packages/srv_msg_creating/msg'...
[1.035s] Listing '/home/zzq/Desktop/ros2_ws/install/srv_msg_creating/local/lib/python3.10/dist-packages/srv_msg_creating/srv'...
[1.037s] -- Up-to-date: /home/zzq/Desktop/ros2_ws/install/srv_msg_creating/local/lib/python3.10/dist-packages/srv_msg_creating/srv_msg_creating_s__rosidl_typesupport_fastrtps_c.cpython-310-x86_64-linux-gnu.so
[1.037s] -- Up-to-date: /home/zzq/Desktop/ros2_ws/install/srv_msg_creating/local/lib/python3.10/dist-packages/srv_msg_creating/srv_msg_creating_s__rosidl_typesupport_introspection_c.cpython-310-x86_64-linux-gnu.so
[1.037s] -- Up-to-date: /home/zzq/Desktop/ros2_ws/install/srv_msg_creating/local/lib/python3.10/dist-packages/srv_msg_creating/srv_msg_creating_s__rosidl_typesupport_c.cpython-310-x86_64-linux-gnu.so
[1.037s] -- Up-to-date: /home/zzq/Desktop/ros2_ws/install/srv_msg_creating/lib/libsrv_msg_creating__rosidl_generator_py.so
[1.037s] -- Up-to-date: /home/zzq/Desktop/ros2_ws/install/srv_msg_creating/share/srv_msg_creating/msg/Num.idl
[1.038s] -- Up-to-date: /home/zzq/Desktop/ros2_ws/install/srv_msg_creating/share/srv_msg_creating/srv/AddThreeInts.idl
[1.038s] -- Up-to-date: /home/zzq/Desktop/ros2_ws/install/srv_msg_creating/share/srv_msg_creating/action/MoveCircle.idl
[1.038s] -- Up-to-date: /home/zzq/Desktop/ros2_ws/install/srv_msg_creating/share/srv_msg_creating/msg/Num.msg
[1.038s] -- Up-to-date: /home/zzq/Desktop/ros2_ws/install/srv_msg_creating/share/srv_msg_creating/srv/AddThreeInts.srv
[1.038s] -- Up-to-date: /home/zzq/Desktop/ros2_ws/install/srv_msg_creating/share/srv_msg_creating/srv/AddThreeInts_Request.msg
[1.038s] -- Up-to-date: /home/zzq/Desktop/ros2_ws/install/srv_msg_creating/share/srv_msg_creating/srv/AddThreeInts_Response.msg
[1.038s] -- Up-to-date: /home/zzq/Desktop/ros2_ws/install/srv_msg_creating/share/srv_msg_creating/action/MoveCircle.action
[1.038s] -- Up-to-date: /home/zzq/Desktop/ros2_ws/install/srv_msg_creating/share/ament_index/resource_index/package_run_dependencies/srv_msg_creating
[1.038s] -- Up-to-date: /home/zzq/Desktop/ros2_ws/install/srv_msg_creating/share/ament_index/resource_index/parent_prefix_path/srv_msg_creating
[1.038s] -- Up-to-date: /home/zzq/Desktop/ros2_ws/install/srv_msg_creating/share/srv_msg_creating/environment/ament_prefix_path.sh
[1.038s] -- Up-to-date: /home/zzq/Desktop/ros2_ws/install/srv_msg_creating/share/srv_msg_creating/environment/ament_prefix_path.dsv
[1.038s] -- Up-to-date: /home/zzq/Desktop/ros2_ws/install/srv_msg_creating/share/srv_msg_creating/environment/path.sh
[1.038s] -- Up-to-date: /home/zzq/Desktop/ros2_ws/install/srv_msg_creating/share/srv_msg_creating/environment/path.dsv
[1.038s] -- Up-to-date: /home/zzq/Desktop/ros2_ws/install/srv_msg_creating/share/srv_msg_creating/local_setup.bash
[1.039s] -- Up-to-date: /home/zzq/Desktop/ros2_ws/install/srv_msg_creating/share/srv_msg_creating/local_setup.sh
[1.039s] -- Up-to-date: /home/zzq/Desktop/ros2_ws/install/srv_msg_creating/share/srv_msg_creating/local_setup.zsh
[1.039s] -- Up-to-date: /home/zzq/Desktop/ros2_ws/install/srv_msg_creating/share/srv_msg_creating/local_setup.dsv
[1.039s] -- Installing: /home/zzq/Desktop/ros2_ws/install/srv_msg_creating/share/srv_msg_creating/package.dsv
[1.039s] -- Up-to-date: /home/zzq/Desktop/ros2_ws/install/srv_msg_creating/share/ament_index/resource_index/packages/srv_msg_creating
[1.039s] -- Up-to-date: /home/zzq/Desktop/ros2_ws/install/srv_msg_creating/share/srv_msg_creating/cmake/export_srv_msg_creating__rosidl_generator_cExport.cmake
[1.039s] -- Up-to-date: /home/zzq/Desktop/ros2_ws/install/srv_msg_creating/share/srv_msg_creating/cmake/export_srv_msg_creating__rosidl_generator_cExport-noconfig.cmake
[1.039s] -- Up-to-date: /home/zzq/Desktop/ros2_ws/install/srv_msg_creating/share/srv_msg_creating/cmake/export_srv_msg_creating__rosidl_typesupport_fastrtps_cExport.cmake
[1.039s] -- Up-to-date: /home/zzq/Desktop/ros2_ws/install/srv_msg_creating/share/srv_msg_creating/cmake/export_srv_msg_creating__rosidl_typesupport_fastrtps_cExport-noconfig.cmake
[1.039s] -- Up-to-date: /home/zzq/Desktop/ros2_ws/install/srv_msg_creating/share/srv_msg_creating/cmake/srv_msg_creating__rosidl_typesupport_introspection_cExport.cmake
[1.039s] -- Up-to-date: /home/zzq/Desktop/ros2_ws/install/srv_msg_creating/share/srv_msg_creating/cmake/srv_msg_creating__rosidl_typesupport_introspection_cExport-noconfig.cmake
[1.039s] -- Up-to-date: /home/zzq/Desktop/ros2_ws/install/srv_msg_creating/share/srv_msg_creating/cmake/srv_msg_creating__rosidl_typesupport_cExport.cmake
[1.040s] -- Up-to-date: /home/zzq/Desktop/ros2_ws/install/srv_msg_creating/share/srv_msg_creating/cmake/srv_msg_creating__rosidl_typesupport_cExport-noconfig.cmake
[1.040s] -- Up-to-date: /home/zzq/Desktop/ros2_ws/install/srv_msg_creating/share/srv_msg_creating/cmake/export_srv_msg_creating__rosidl_generator_cppExport.cmake
[1.040s] -- Up-to-date: /home/zzq/Desktop/ros2_ws/install/srv_msg_creating/share/srv_msg_creating/cmake/export_srv_msg_creating__rosidl_typesupport_fastrtps_cppExport.cmake
[1.041s] -- Up-to-date: /home/zzq/Desktop/ros2_ws/install/srv_msg_creating/share/srv_msg_creating/cmake/export_srv_msg_creating__rosidl_typesupport_fastrtps_cppExport-noconfig.cmake
[1.041s] -- Up-to-date: /home/zzq/Desktop/ros2_ws/install/srv_msg_creating/share/srv_msg_creating/cmake/srv_msg_creating__rosidl_typesupport_introspection_cppExport.cmake
[1.041s] -- Up-to-date: /home/zzq/Desktop/ros2_ws/install/srv_msg_creating/share/srv_msg_creating/cmake/srv_msg_creating__rosidl_typesupport_introspection_cppExport-noconfig.cmake
[1.041s] -- Up-to-date: /home/zzq/Desktop/ros2_ws/install/srv_msg_creating/share/srv_msg_creating/cmake/srv_msg_creating__rosidl_typesupport_cppExport.cmake
[1.041s] -- Up-to-date: /home/zzq/Desktop/ros2_ws/install/srv_msg_creating/share/srv_msg_creating/cmake/srv_msg_creating__rosidl_typesupport_cppExport-noconfig.cmake
[1.041s] -- Up-to-date: /home/zzq/Desktop/ros2_ws/install/srv_msg_creating/share/srv_msg_creating/cmake/export_srv_msg_creating__rosidl_generator_pyExport.cmake
[1.041s] -- Up-to-date: /home/zzq/Desktop/ros2_ws/install/srv_msg_creating/share/srv_msg_creating/cmake/export_srv_msg_creating__rosidl_generator_pyExport-noconfig.cmake
[1.041s] -- Up-to-date: /home/zzq/Desktop/ros2_ws/install/srv_msg_creating/share/srv_msg_creating/cmake/rosidl_cmake-extras.cmake
[1.041s] -- Up-to-date: /home/zzq/Desktop/ros2_ws/install/srv_msg_creating/share/srv_msg_creating/cmake/ament_cmake_export_dependencies-extras.cmake
[1.042s] -- Up-to-date: /home/zzq/Desktop/ros2_ws/install/srv_msg_creating/share/srv_msg_creating/cmake/ament_cmake_export_include_directories-extras.cmake
[1.042s] -- Up-to-date: /home/zzq/Desktop/ros2_ws/install/srv_msg_creating/share/srv_msg_creating/cmake/ament_cmake_export_libraries-extras.cmake
[1.042s] -- Up-to-date: /home/zzq/Desktop/ros2_ws/install/srv_msg_creating/share/srv_msg_creating/cmake/ament_cmake_export_targets-extras.cmake
[1.042s] -- Up-to-date: /home/zzq/Desktop/ros2_ws/install/srv_msg_creating/share/srv_msg_creating/cmake/rosidl_cmake_export_typesupport_targets-extras.cmake
[1.042s] -- Up-to-date: /home/zzq/Desktop/ros2_ws/install/srv_msg_creating/share/srv_msg_creating/cmake/rosidl_cmake_export_typesupport_libraries-extras.cmake
[1.042s] -- Up-to-date: /home/zzq/Desktop/ros2_ws/install/srv_msg_creating/share/srv_msg_creating/cmake/srv_msg_creatingConfig.cmake
[1.042s] -- Up-to-date: /home/zzq/Desktop/ros2_ws/install/srv_msg_creating/share/srv_msg_creating/cmake/srv_msg_creatingConfig-version.cmake
[1.042s] -- Up-to-date: /home/zzq/Desktop/ros2_ws/install/srv_msg_creating/share/srv_msg_creating/package.xml
[1.042s] Invoked command in '/home/zzq/Desktop/ros2_ws/build/srv_msg_creating' returned '0': CMAKE_PREFIX_PATH=${CMAKE_PREFIX_PATH}:/home/zzq/Desktop/ros2_ws/install/srv_msg_creating_py:/home/zzq/Desktop/ros2_ws/install/service_client_py:/home/zzq/Desktop/ros2_ws/install/beitong_joy:/home/zzq/Desktop/ros2_ws/install/beginner_py:/home/zzq/Desktop/ros2_ws/install/HTW_imu:/home/zzq/Desktop/ros2_ws/install/Action_turtle:/home/zzq/Desktop/GYH_ws/install/learning_urdf:/home/zzq/Desktop/GYH_ws/install/learning_topic:/home/zzq/Desktop/GYH_ws/install/learning_tf:/home/zzq/Desktop/GYH_ws/install/learning_service:/home/zzq/Desktop/GYH_ws/install/learning_qos:/home/zzq/Desktop/GYH_ws/install/learning_pkg_python:/home/zzq/Desktop/GYH_ws/install/learning_parameter:/home/zzq/Desktop/GYH_ws/install/learning_node:/home/zzq/Desktop/GYH_ws/install/learning_launch:/home/zzq/Desktop/GYH_ws/install/learning_action:/home/zzq/Desktop/GYH_ws/install/learning_gazebo:/home/zzq/Desktop/GYH_ws/install/learning_cv:/opt/ros/humble /usr/bin/cmake --install /home/zzq/Desktop/ros2_ws/build/srv_msg_creating
