[0.153s] Invoking command in '/home/zzq/Desktop/ros2_ws/build/beginner': CMAKE_PREFIX_PATH=${CMAKE_PREFIX_PATH}:/home/zzq/Desktop/ros2_ws/install/Action_turtle:/home/zzq/Desktop/ros2_ws/install/srv_msg_creating_py:/home/zzq/Desktop/ros2_ws/install/service_client_py:/home/zzq/Desktop/ros2_ws/install/beginner_py:/home/zzq/Desktop/GYH_ws/install/learning_urdf:/home/zzq/Desktop/GYH_ws/install/learning_topic:/home/zzq/Desktop/GYH_ws/install/learning_tf:/home/zzq/Desktop/GYH_ws/install/learning_service:/home/zzq/Desktop/GYH_ws/install/learning_qos:/home/zzq/Desktop/GYH_ws/install/learning_pkg_python:/home/zzq/Desktop/GYH_ws/install/learning_parameter:/home/zzq/Desktop/GYH_ws/install/learning_node:/home/zzq/Desktop/GYH_ws/install/learning_launch:/home/zzq/Desktop/GYH_ws/install/learning_action:/home/zzq/Desktop/GYH_ws/install/learning_gazebo:/home/zzq/Desktop/GYH_ws/install/learning_cv:/opt/ros/humble /usr/bin/cmake --build /home/zzq/Desktop/ros2_ws/build/beginner -- -j32 -l32
[0.435s] [100%] Built target talker
[0.440s] Invoked command in '/home/zzq/Desktop/ros2_ws/build/beginner' returned '0': CMAKE_PREFIX_PATH=${CMAKE_PREFIX_PATH}:/home/zzq/Desktop/ros2_ws/install/Action_turtle:/home/zzq/Desktop/ros2_ws/install/srv_msg_creating_py:/home/zzq/Desktop/ros2_ws/install/service_client_py:/home/zzq/Desktop/ros2_ws/install/beginner_py:/home/zzq/Desktop/GYH_ws/install/learning_urdf:/home/zzq/Desktop/GYH_ws/install/learning_topic:/home/zzq/Desktop/GYH_ws/install/learning_tf:/home/zzq/Desktop/GYH_ws/install/learning_service:/home/zzq/Desktop/GYH_ws/install/learning_qos:/home/zzq/Desktop/GYH_ws/install/learning_pkg_python:/home/zzq/Desktop/GYH_ws/install/learning_parameter:/home/zzq/Desktop/GYH_ws/install/learning_node:/home/zzq/Desktop/GYH_ws/install/learning_launch:/home/zzq/Desktop/GYH_ws/install/learning_action:/home/zzq/Desktop/GYH_ws/install/learning_gazebo:/home/zzq/Desktop/GYH_ws/install/learning_cv:/opt/ros/humble /usr/bin/cmake --build /home/zzq/Desktop/ros2_ws/build/beginner -- -j32 -l32
[0.456s] Invoking command in '/home/zzq/Desktop/ros2_ws/build/beginner': CMAKE_PREFIX_PATH=${CMAKE_PREFIX_PATH}:/home/zzq/Desktop/ros2_ws/install/Action_turtle:/home/zzq/Desktop/ros2_ws/install/srv_msg_creating_py:/home/zzq/Desktop/ros2_ws/install/service_client_py:/home/zzq/Desktop/ros2_ws/install/beginner_py:/home/zzq/Desktop/GYH_ws/install/learning_urdf:/home/zzq/Desktop/GYH_ws/install/learning_topic:/home/zzq/Desktop/GYH_ws/install/learning_tf:/home/zzq/Desktop/GYH_ws/install/learning_service:/home/zzq/Desktop/GYH_ws/install/learning_qos:/home/zzq/Desktop/GYH_ws/install/learning_pkg_python:/home/zzq/Desktop/GYH_ws/install/learning_parameter:/home/zzq/Desktop/GYH_ws/install/learning_node:/home/zzq/Desktop/GYH_ws/install/learning_launch:/home/zzq/Desktop/GYH_ws/install/learning_action:/home/zzq/Desktop/GYH_ws/install/learning_gazebo:/home/zzq/Desktop/GYH_ws/install/learning_cv:/opt/ros/humble /usr/bin/cmake --install /home/zzq/Desktop/ros2_ws/build/beginner
[0.459s] -- Install configuration: ""
[0.459s] -- Up-to-date: /home/zzq/Desktop/ros2_ws/install/beginner/share/ament_index/resource_index/package_run_dependencies/beginner
[0.459s] -- Up-to-date: /home/zzq/Desktop/ros2_ws/install/beginner/share/ament_index/resource_index/parent_prefix_path/beginner
[0.459s] -- Up-to-date: /home/zzq/Desktop/ros2_ws/install/beginner/share/beginner/environment/ament_prefix_path.sh
[0.459s] -- Up-to-date: /home/zzq/Desktop/ros2_ws/install/beginner/share/beginner/environment/ament_prefix_path.dsv
[0.459s] -- Up-to-date: /home/zzq/Desktop/ros2_ws/install/beginner/share/beginner/environment/path.sh
[0.459s] -- Up-to-date: /home/zzq/Desktop/ros2_ws/install/beginner/share/beginner/environment/path.dsv
[0.459s] -- Up-to-date: /home/zzq/Desktop/ros2_ws/install/beginner/share/beginner/local_setup.bash
[0.459s] -- Up-to-date: /home/zzq/Desktop/ros2_ws/install/beginner/share/beginner/local_setup.sh
[0.459s] -- Up-to-date: /home/zzq/Desktop/ros2_ws/install/beginner/share/beginner/local_setup.zsh
[0.459s] -- Up-to-date: /home/zzq/Desktop/ros2_ws/install/beginner/share/beginner/local_setup.dsv
[0.459s] -- Installing: /home/zzq/Desktop/ros2_ws/install/beginner/share/beginner/package.dsv
[0.459s] -- Up-to-date: /home/zzq/Desktop/ros2_ws/install/beginner/share/ament_index/resource_index/packages/beginner
[0.459s] -- Up-to-date: /home/zzq/Desktop/ros2_ws/install/beginner/share/beginner/cmake/beginnerConfig.cmake
[0.459s] -- Up-to-date: /home/zzq/Desktop/ros2_ws/install/beginner/share/beginner/cmake/beginnerConfig-version.cmake
[0.459s] -- Up-to-date: /home/zzq/Desktop/ros2_ws/install/beginner/share/beginner/package.xml
[0.459s] -- Up-to-date: /home/zzq/Desktop/ros2_ws/install/beginner/lib/beginner/talker
[0.461s] Invoked command in '/home/zzq/Desktop/ros2_ws/build/beginner' returned '0': CMAKE_PREFIX_PATH=${CMAKE_PREFIX_PATH}:/home/zzq/Desktop/ros2_ws/install/Action_turtle:/home/zzq/Desktop/ros2_ws/install/srv_msg_creating_py:/home/zzq/Desktop/ros2_ws/install/service_client_py:/home/zzq/Desktop/ros2_ws/install/beginner_py:/home/zzq/Desktop/GYH_ws/install/learning_urdf:/home/zzq/Desktop/GYH_ws/install/learning_topic:/home/zzq/Desktop/GYH_ws/install/learning_tf:/home/zzq/Desktop/GYH_ws/install/learning_service:/home/zzq/Desktop/GYH_ws/install/learning_qos:/home/zzq/Desktop/GYH_ws/install/learning_pkg_python:/home/zzq/Desktop/GYH_ws/install/learning_parameter:/home/zzq/Desktop/GYH_ws/install/learning_node:/home/zzq/Desktop/GYH_ws/install/learning_launch:/home/zzq/Desktop/GYH_ws/install/learning_action:/home/zzq/Desktop/GYH_ws/install/learning_gazebo:/home/zzq/Desktop/GYH_ws/install/learning_cv:/opt/ros/humble /usr/bin/cmake --install /home/zzq/Desktop/ros2_ws/build/beginner
